ARM GAS  /tmp/cc42neXL.s 			page 1


   1              		.syntax unified
   2              		.cpu cortex-m0
   3              		.fpu softvfp
   4              		.eabi_attribute 20, 1
   5              		.eabi_attribute 21, 1
   6              		.eabi_attribute 23, 3
   7              		.eabi_attribute 24, 1
   8              		.eabi_attribute 25, 1
   9              		.eabi_attribute 26, 1
  10              		.eabi_attribute 30, 2
  11              		.eabi_attribute 34, 0
  12              		.eabi_attribute 18, 4
  13              		.thumb
  14              		.syntax unified
  15              		.file	"board.c"
  16              		.text
  17              	.Ltext0:
  18              		.section	.gnu.lto_.profile.e74f388927b3988c,"",%progbits
  19 0000 789C6361 		.ascii	"x\234ca`d`a`\000\222|\314\000\000\211\000\034"
  19      60646061 
  19      6000927C 
  19      CC000089 
  19      001C
  20              		.text
  21              		.section	.gnu.lto_.icf.e74f388927b3988c,"",%progbits
  22 0000 789C6361 		.ascii	"x\234ca`d\000\001\021\006\004`f\230?\363\3201.\306\365"
  22      60640001 
  22      11060460 
  22      66983FF3 
  22      D0312EC6 
  23 0015 331FB430 		.ascii	"3\037\26401]zq\261\231\223\001\000[\360\010\257"
  23      315D7A71 
  23      B1999301 
  23      005BF008 
  23      AF
  24              		.text
  25              		.section	.gnu.lto_.jmpfuncs.e74f388927b3988c,"",%progbits
  26 0000 789C6361 		.ascii	"x\234ca`d\000\001N\006\004`\002\021 a\000\001\177\000"
  26      60640001 
  26      4E060460 
  26      02112061 
  26      00017F00 
  27 0014 12       		.ascii	"\022"
  28              		.text
  29              		.section	.gnu.lto_.inline.e74f388927b3988c,"",%progbits
  30 0000 789C6361 		.ascii	"x\234ca`d\000\001m\006\004`b``\341a\004Q\014l\013\344"
  30      60640001 
  30      6D060460 
  30      626060E1 
  30      6104510C 
  31 0017 41140323 		.ascii	"A\024\003#\027\210``fB\025f\000\000-\221\001\350"
  31      17886060 
  31      66421566 
  31      00002D91 
  31      01E8
  32              		.text
  33              		.section	.gnu.lto_.pureconst.e74f388927b3988c,"",%progbits
ARM GAS  /tmp/cc42neXL.s 			page 2


  34 0000 789C6361 		.ascii	"x\234ca`d`e```b\220`d\000\000\000\315\000&"
  34      60646065 
  34      60606062 
  34      90606400 
  34      0000CD00 
  35              		.text
  36              		.section	.gnu.lto___early_init.e74f388927b3988c,"",%progbits
  37 0000 789C6361 		.ascii	"x\234ca`d\000\201U@\314\005\304\322@\314\310\314\300"
  37      60640081 
  37      5540CC05 
  37      C4D240CC 
  37      C8CCC0
  38 0013 C834E11C 		.ascii	"\3104\341\034\003C#\007\023##\210\321\300\301\310P\317"
  38      03432307 
  38      13232388 
  38      D1C0C1C8 
  38      50CF
  39 0025 C458CFF8 		.ascii	"\304X\317\370\225\351/\023\343\241\366g;\2314\2277\000"
  39      95E92F13 
  39      E3A1F667 
  39      3B993497 
  39      3700
  40 0037 C183A7CF 		.ascii	"\301\203\247\317\014\032V\034`lef`\370\317\0046\211"
  40      0C1A561C 
  40      606C6566 
  40      60F8CF04 
  40      3689
  41 0049 817139A3 		.ascii	"\201q9\243&\003P\331\243\215\377\246\362\262\265\200"
  41      260350D9 
  41      A38DFFA6 
  41      F2B2B580 
  42 0059 94294024 		.ascii	"\224)@$\031W0\262\201\254[\037t\240\341\377\377\346"
  42      195730B2 
  42      81AC5B1F 
  42      74A0E1FF 
  42      FFE6
  43 006b 8686CF06 		.ascii	"\206\206\317\006\363\224\201:?\000%A\326|db\002\321"
  43      F394813A 
  43      3F002541 
  43      D67C6462 
  43      02D1
  44 007d CC2F189B 		.ascii	"\314/\030\233\017\354>\306\010R\0162h\347\3167\267\331"
  44      0FEC3EC6 
  44      08520E32 
  44      68E7CE37 
  44      B7D9
  45 008f EBFF3674 		.ascii	"\353\3776t44\010\26423\376g\002\232\301\270\222\261"
  45      343408B4 
  45      3233FE67 
  45      029AC1B8 
  45      92B1
  46 00a1 9EA19599 		.ascii	"\236\241\225\231\211\341\025c\323\201\275n`\245 \360"
  46      89E11563 
  46      D381BD6E 
  46      60A520F0 
  47 00b1 01280934 		.ascii	"\001(\0114\002h GR~bQ\212^2\003\000S\315A\243"
  47      02682047 
ARM GAS  /tmp/cc42neXL.s 			page 3


  47      527E6251 
  47      8A5E3203 
  47      0053CD41 
  48              		.text
  49              		.section	.gnu.lto_boardInit.e74f388927b3988c,"",%progbits
  50 0000 789C6361 		.ascii	"x\234ca`d\000\201j \346\002bi fdf`d\232p\216\201\241"
  50      60640081 
  50      6A20E602 
  50      62692066 
  50      64666064 
  51 0019 91838991 		.ascii	"\221\203\211\221\021\304h\340`d\250gb\254g\374\312\364"
  51      11C468E0 
  51      6064A867 
  51      62AC67FC 
  51      CAF4
  52 002b 9789F150 		.ascii	"\227\211\361P\373\263\235L\232\313\033\200\340A\353"
  52      FBB39D4C 
  52      9ACB1B80 
  52      E041EB
  53 003a 37838615 		.ascii	"7\203\206\025\007\030[\231\031\030\3763\201Mb`\\\316"
  53      07185B99 
  53      1918FE33 
  53      814D6260 
  53      5CCE
  54 004c A8C90054 		.ascii	"\250\311\000T\366h\343\277\251\274l- e\012\020I\306"
  54      F668E3BF 
  54      A9BC6C2D 
  54      20650A10 
  54      49C6
  55 005e 158C6C20 		.ascii	"\025\214l \353\326\007\035h\370\377\277\271\241\341"
  55      EBD6071D 
  55      68F8FFBF 
  55      B9A1E1
  56 006d AEC14D65 		.ascii	"\256\301Me\240\304\007 \006Y\363\221\211\011D3\277b"
  56      A0C40720 
  56      0659F391 
  56      89094433 
  56      BF62
  57 007f 64022905 		.ascii	"d\002)\005\233\366\201\211\021$\006T\301\221\224\237"
  57      9BF68189 
  57      11240654 
  57      C191949F 
  58 008f 5894A297 		.ascii	"X\224\242\227\314\000\000\220o/\224"
  58      CC000090 
  58      6F2F94
  59              		.text
  60              		.section	.gnu.lto_pal_default_config.e74f388927b3988c,"",%progbits
  61 0000 789CAD91 		.ascii	"x\234\255\221\275J\003A\024F\347\336\331d\023I\314\013"
  61      BD4A0341 
  61      1446E7DE 
  61      D9641349 
  61      CC0B
  62 0012 F8205BFA 		.ascii	"\370 [\372,>\201\2170h\026\266Q\264\320B%\310\206\250"
  62      2C3E818F 
  62      306816B6 
  62      51B4D042 
  62      25C886A8 
ARM GAS  /tmp/cc42neXL.s 			page 4


  63 0026 3B313FAE 		.ascii	";1?\256&\020\301b\321\302\306BI\354\304>(h\020$\212"
  63      2610C162 
  63      D1C2C642 
  63      49ECC43E 
  63      28681024 
  64 003b B3CE78B3 		.ascii	"\263\316x\263\3024VN1\337\314)\356w\230q\0300\263\\"
  64      C234564E 
  64      31DFCC29 
  64      EE779871 
  64      1830B35C 
  65 004f 64B31363 		.ascii	"d\263\023c_\010\235\247\301\264\374\206>\327P_\033\037"
  65      5F089DA7 
  65      C1B4FC86 
  65      3ED7505F 
  65      1B1F
  66 0061 9F2F9CAE 		.ascii	"\237/\234\256i\3125\270k7\002\207\300H\216dN\243\372"
  66      69CA35B8 
  66      6B370287 
  66      C0488E64 
  66      4EA3FA
  67 0074 E431297A 		.ascii	"\3441)z}\021\354\213e\237\203B\006\207\260\240\020("
  67      7D11EC8B 
  67      659F8342 
  67      0687B0A0 
  67      1028
  68 0086 90824364 		.ascii	"\220\202Cd\302\201#\0239\202y\023\354\237f\304ao)3\273"
  68      C2812313 
  68      39827913 
  68      EC9F66C4 
  68      616F2933 
  69 009b FD31DB8C 		.ascii	"\3751\333\214\007\021\020\022\242\244\301e\255V\305"
  69      07111012 
  69      A2A4C165 
  69      AD56C5
  70 00aa 0C143468 		.ascii	"\014\0244h\275\212g\327\356m[\275-\352=\376\243w{\272"
  70      BD8A67D7 
  70      EE6D5BBD 
  70      2DEA3DFE 
  70      A3777BBA 
  71 00be 7B304F43 		.ascii	"{0OC\303+\021\200F{k\033\3533\324U\346\331\356/\352"
  71      C32B1180 
  71      467B6B1B 
  71      EB33D455 
  71      E6D9EE2F 
  72 00d3 49252B1E 		.ascii	"I%+\036\312\274F\017\327Q\363\367i\323\264\242\321\326"
  72      CABC460F 
  72      D751F3F7 
  72      69D3B4A2 
  72      D1D6
  73 00e5 FB6A5822 		.ascii	"\373jX\"$\223\225!\232\3778\037W\313\266\340\231%xJ"
  73      24939521 
  73      9AFF381F 
  73      57CBB6E0 
  73      9925784A 
  74 00f9 8231099E 		.ascii	"\2021\011\236\220`\327\022\274\031Ov\034\232\261\350"
  74      9060D712 
  74      BC194F76 
ARM GAS  /tmp/cc42neXL.s 			page 5


  74      1C9AB1E8 
  75 0109 7354E842 		.ascii	"sT\350B\017<\205\005\350\230(B\323\304\034H\360\030"
  75      0F3C8505 
  75      E8982842 
  75      D3C41C48 
  75      F018
  76 011b F4F5F60D 		.ascii	"\364\365\366\015O\204\265\346"
  76      4F84B5E6 
  77              		.text
  78              		.section	.gnu.lto_.symbol_nodes.e74f388927b3988c,"",%progbits
  79 0000 789C6361 		.ascii	"x\234ca`d\360`\000\002\246-\214\365\014\014\023\316"
  79      6064F060 
  79      0002A62D 
  79      8CF50C0C 
  79      13CE
  80 0012 313000A9 		.ascii	"10\000\251]\015\212@\221\255\214\365\214(\"\254\233"
  80      5D0D8A40 
  80      91AD8CF5 
  80      8C2822AC 
  80      9B
  81 0023 19191A85 		.ascii	"\031\031\032\205\200\212\031\2671\3263\201\245\030\030"
  81      808A19B7 
  81      31D63381 
  81      A51818
  82 0032 1A1A1418 		.ascii	"\032\032\024\030\030\230\201p\311\203\177\214\014\000"
  82      18988170 
  82      C9837F8C 
  82      0C00
  83 0040 733910B8 		.ascii	"s9\020\270"
  84              		.text
  85              		.section	.gnu.lto_.refs.e74f388927b3988c,"",%progbits
  86 0000 789C6361 		.ascii	"x\234ca`\004B \000\000\0009\000\007"
  86      60044220 
  86      00000039 
  86      0007
  87              		.text
  88              		.section	.gnu.lto_.decls.e74f388927b3988c,"",%progbits
  89 0000 789C9556 		.ascii	"x\234\225V}LSW\024\177\347\335RK\251@dY\374\203d\314"
  89      7D4C5357 
  89      147FE7DD 
  89      524BA940 
  89      6459FC83 
  90 0016 D4C8B2C8 		.ascii	"\324\310\262\310\033h\226\3759\207\321\231\270I\246"
  90      1B6896FD 
  90      3987D199 
  90      B849A6
  91 0025 F3DFA6D0 		.ascii	"\363\337\246\320*\315J\333\264e\323\354\217=V\206\316"
  91      2ACD4ADB 
  91      B465D3EC 
  91      8F3D5686 
  91      CE
  92 0036 0D055D8C 		.ascii	"\015\005]\2148\347\374\312\360\223VQ\2470\265\316\251"
  92      38E7FCCA 
  92      F0935651 
  92      A730B5CE 
  92      A9
  93 0047 C840A0F5 		.ascii	"\310@\240\365\013\371\352\024\230\333P\301o6?v\356\275"
ARM GAS  /tmp/cc42neXL.s 			page 6


  93      0BF9EA14 
  93      98DB50C1 
  93      6F363F76 
  93      EEBD
  94 0059 AF7D50C1 		.ascii	"\257}P\301e7\234\367\356\271\367w~\347w\317\271m\321"
  94      65379CF7 
  94      EEB9F777 
  94      7EE777CF 
  94      B96DD1
  95 006c 0820D0B1 		.ascii	"\010 \320\261A'\010_\343\364\006\316\237\341\320\340"
  95      4127085F 
  95      E3F406CE 
  95      9FE1D0E0 
  96 007c 7BB1A00E 		.ascii	"{\261\240\016\202\266\017\315\217\266\037\215F\365\011"
  96      82B60FCD 
  96      8FB61F8D 
  96      46F509
  97 008b A3C73E05 		.ascii	"\243\307>\005G\343\372\321\366*\353\242\262\267_x~\370"
  97      47E3FAD1 
  97      F62AEBA2 
  97      B2B75F78 
  97      7EF8
  98 009d 15AE682E 		.ascii	"\025\256h.P\326\342G\237\302=\015\3552Z/Z\022Z\013Z"
  98      50D6E247 
  98      9FC23D0D 
  98      ED325A2F 
  98      5A125A0B 
  99 00b2 08AD192D 		.ascii	"\010\255\031-\214\326\204v\001\255\025\255\003\255\023"
  99      8CD68476 
  99      01AD15AD 
  99      03AD13
 100 00c1 AD0BAD7B 		.ascii	"\255\013\255{\014N:\236\210\260\273\362b\035\351\200"
 100      0C4E3A9E 
 100      88B0BBF2 
 100      621DE980 
 101 00d1 76409D90 		.ascii	"v@\235\220\312U\000\177\0023\201\033sq\"\262\247\240"
 101      CA55007F 
 101      0233811B 
 101      737122B2 
 101      A7A0
 102 00e3 2E411448 		.ascii	".A\024H\237\370\020AY\023bd\354O\211g\365e\203\221\250"
 102      9FF81041 
 102      59136264 
 102      EC4F8967 
 102      F5658391 
 103 00f8 ECA00441 		.ascii	"\354\240\004AL\001\333\026\370~\214\225\277D5`\004\037"
 103      4C01DB16 
 103      F87E8C95 
 103      BF443560 
 103      041F
 104 010a 97ABD0A9 		.ascii	"\227\253\320\251\232cg\202\350\241\207n\2569\237BD\240"
 104      9A636782 
 104      E8A1876E 
 104      AE399F42 
 104      44A0
 105 011c F39EE19D 		.ascii	"\363\236\341\235s\262\366\3128*dY|E\255L[i`\023\271"
 105      73B2F6CA 
ARM GAS  /tmp/cc42neXL.s 			page 7


 105      382A6459 
 105      7C45AD4C 
 105      5B696013 
 106 0131 27C2243D 		.ascii	"'\302$=hhL\363\306\353\311\350\276\244\207\014t\237"
 106      68684CF3 
 106      C6EBC9E8 
 106      BEA4870C 
 106      749F
 107 0143 9CFB76A3 		.ascii	"\234\373v\2438y=\213\363\311\031\032X\3742\354\201t"
 107      38793D8B 
 107      F3C9191A 
 107      58FC32EC 
 107      8174
 108 0155 D80DE998 		.ascii	"\330\015\351\230h/L\306g\276\2063m=Y\273I3e\213\274"
 108      682F4CC6 
 108      67BE8633 
 108      6D3D59BB 
 108      4933658B 
 109 016a 25204786 		.ascii	"% G\206\006\014\353}r\003\206eP\024\354\004\002\273"
 109      060CEB7D 
 109      72038665 
 109      5014EC04 
 109      02BB
 110 017c 208BAAC3 		.ascii	" \213\252\303)}UC\007\312\336\007S0\262\251\277\353"
 110      297D5543 
 110      07CADE07 
 110      5330B2A9 
 110      BFEB
 111 018e 53F22AD3 		.ascii	"S\362*\3239p\274\361/\035\222\004\002r0p\326 W\224\310"
 111      3970BCF1 
 111      2F1D9204 
 111      02723070 
 111      D6205794 
 112 01a3 F2DB8CA2 		.ascii	"\362\333\214\242F\245\250\031I\341g\024\362\215\372"
 112      46A5A819 
 112      49E16714 
 112      F28DFA
 113 01b2 CE14F23A 		.ascii	"\316\024\362:\3438\354\257\275;\0219\"\262\034\031>"
 113      E338ECAF 
 113      BD3B1139 
 113      22B21C19 
 113      3E
 114 01c3 F649C9F6 		.ascii	"\366I\311\366\262`\0050\265\020PI\002\214\004'\373\031"
 114      B2600530 
 114      B5105049 
 114      028C0427 
 114      FB19
 115 01d5 41C3A99A 		.ascii	"A\303\251\232\007I\304\301\010\236\375\321\276=\221"
 115      0749C4C1 
 115      089EFDD1 
 115      BE3D91
 116 01e4 D76490FA 		.ascii	"\327d\220\372e\325W\313\011/\212<\001\375p\377\326R"
 116      65D557CB 
 116      092F8A3C 
 116      01FD70FF 
 116      D652
 117 01f6 03DF6FA5 		.ascii	"\003\337o\245\373G\216\335\314\341n:zu]C\301$\216\216"
ARM GAS  /tmp/cc42neXL.s 			page 8


 117      FB478EDD 
 117      CCE16E3A 
 117      7A755D43 
 117      C1248E8E 
 118 020a 00FA3BFB 		.ascii	"\000\372;\3737\255V\320o\241{\250\371Hw\002)\001\226"
 118      37AD56D0 
 118      6FA17BA8 
 118      F9487702 
 118      290196
 119 021d E956695F 		.ascii	"\351Vi_$\211\357MF74\330\364\235\342\246\242\333\371"
 119      2489EF4D 
 119      463734D8 
 119      F49DE2A6 
 119      A2DBF9
 120 0230 65D9662D 		.ascii	"e\331f-Y\311\241]\015\273\366P\021\323\364@\357A\012"
 120      59C9A15D 
 120      0DBBF650 
 120      11D3F440 
 120      EF410A
 121 0243 2EF9078E 		.ascii	".\371\007\216\016O\344K\024\021Zsg\307\004R\316\340"
 121      0E4FE44B 
 121      14115A73 
 121      67C70452 
 121      CEE0
 122 0255 E299F2DA 		.ascii	"\342\231\362\332\003I\220\251\377\201\366.2\3248\273"
 122      034990A9 
 122      FF81F62E 
 122      32D438BB 
 123 0265 7205361E 		.ascii	"r\0056\036N\202\036N\250E\230\246\307\347JY\376\234"
 123      4E821E4E 
 123      A84598A6 
 123      C7E74A59 
 123      FE9C
 124 0277 B6775243 		.ascii	"\266wRC\262\020\353.\004!\223\022S \034\307\305c\270"
 124      B210EB2E 
 124      04219312 
 124      53201CC7 
 124      C563B8
 125 028a 884976ED 		.ascii	"\210Iv\355\250\334\246%\315<I\325\301\335\017\365\261"
 125      A8DCA625 
 125      CD3C49D5 
 125      C1DD0FF5 
 125      B1
 126 029b 245DAB67 		.ascii	"$]\253g\342\015K\205_0\307\317j\016L9n\222Sc'\271V\327"
 126      E20D4B85 
 126      5F30C7CF 
 126      6A0E4C39 
 126      6E925363 
 127 02b3 59221299 		.ascii	"Y\"\022\231_\335\215\365\367\032\023xQt\350\336^w\272"
 127      5FDD8DF5 
 127      F71A1378 
 127      5174E8DE 
 127      5E77BA
 128 02c6 5924A57C 		.ascii	"Y$\245|\257\377\212\257JKVq\247\342I\273\254%k\271S"
 128      AFFF8AAF 
 128      4A4B5671 
 128      A7E249BB 
ARM GAS  /tmp/cc42neXL.s 			page 9


 128      AC256BB9 
 129 02db 7EFBD156 		.ascii	"~\373\321V\015\251\342N\273\357\341\245\211\344{\346"
 129      0DA9E24E 
 129      BBEFE1A5 
 129      89E47BE6 
 130 02eb 24D60C7F 		.ascii	"$\326\014\177\325k\000\2431\315h\3144\032\215\333\250"
 130      D56B00A3 
 130      31CD68CC 
 130      341A8DDB 
 130      A8
 131 02fc B04855F8 		.ascii	"\260HU\370\263u\325er\205\231\251?\215\352\317C\232"
 131      B375D565 
 131      728599A9 
 131      3F8DEACF 
 131      439A
 132 030e AAB39EDD 		.ascii	"\252\263\236\335\367l|\010\014\037|\320b\210\202\033"
 132      F76C7C08 
 132      0C1F7CD0 
 132      6288821B 
 133 031e E2C16754 		.ascii	"\342\301gTp\245\362\211\223\301+\300\217\0108\314\366"
 133      70A5F289 
 133      93C12BC0 
 133      8F0838CC 
 133      F6
 134 032f 281CCF0C 		.ascii	"(\034\317\014mx\374\0260B\010\255\031-\214\326\204v"
 134      6D78FC16 
 134      304208AD 
 134      192D8CD6 
 134      8476
 135 0341 01AD158C 		.ascii	"\001\255\025\214\354~\362|\335j\276\306\370|R\234\266"
 135      EC7EF27C 
 135      DD6ABEC6 
 135      F87C529C 
 135      B6
 136 0352 F5A118F6 		.ascii	"\365\241\030\366\327xl\235\252\2155-\330\201\304\262"
 136      D7786C9D 
 136      AA8D352D 
 136      D881C4B2 
 137 0362 8E8204A5 		.ascii	"\216\202\004\245aj\322\273-\351Ur\260\2240\252sc\246"
 137      616AD2BB 
 137      2DE95572 
 137      B09430AA 
 137      7363A6
 138 0375 DD036ADE 		.ascii	"\335\003j\336\277U\215g\307\256\311H\364ZU\345Oc\227"
 138      BF558D67 
 138      C7AEC948 
 138      F45A55E5 
 138      4F6397
 139 0388 9BA3B17D 		.ascii	"\233\243\261}'\236\226\266jI\007k\237\350\3331T\251"
 139      279E96B6 
 139      6A49076B 
 139      9FE8DB31 
 139      54A9
 140 039a 83CC342E 		.ascii	"\203\3144.\277*\004T\376e\214\276\250^9z\232q\212\017"
 140      BF2A0454 
 140      FE658CBE 
 140      A85E397A 
ARM GAS  /tmp/cc42neXL.s 			page 10


 140      9A718A0F 
 141 03ae 97B0E6FF 		.ascii	"\227\260\346\377\247\376\364sx\347\322\212$r\213\337"
 141      A7FEF473 
 141      78E7D28A 
 141      24728BDF 
 142 03be 25FFE36F 		.ascii	"%\377\343o\252\265\344>w\302\017[W\350\311c\346h\207"
 142      AAB5E43E 
 142      77C20F5B 
 142      57E8C963 
 142      E66887
 143 03d1 FFDCEC4B 		.ascii	"\377\334\354K\306\213\205W+s\033S\327\026J/a\005\244"
 143      C68B8557 
 143      2B731B53 
 143      D7164A2F 
 143      6105A4
 144 03e4 FADA515F 		.ascii	"\372\332Q_\017\276cJF\365\015\321W>\240\005\241\320"
 144      0FBE634A 
 144      46F50DD1 
 144      573EA005 
 144      A1D0
 145 03f6 2BF1D0BA 		.ascii	"+\361\320\272\321\345C\360`\014|4\036|\004\342\2107"
 145      D1E543F0 
 145      600C7C34 
 145      1E7C04E2 
 145      8837
 146 0408 2C8C62AF 		.ascii	",\214b\257\306c\017\215 \036U\257\203\210\250e\233="
 146      C6630F8D 
 146      201E55AF 
 146      8388A865 
 146      9B3D
 147 041a 4AB12258 		.ascii	"J\261\"X\254\016,L'Z\027Z\267R \336\210\372\020\273"
 147      AC0E2C4C 
 147      275A175A 
 147      B75220DE 
 147      88FA10BB 
 148 042e 473DA3EF 		.ascii	"G=\243\357\021\226\350\344\360\300\027)\304GX\363n\334"
 148      1196E8E4 
 148      F0C01729 
 148      C44758F3 
 148      6EDC
 149 0440 2E3FA836 		.ascii	".?\2506\357~\2305\357:&\370Mm^\317\363\315\213\212\201"
 149      EF7E9835 
 149      EF3A26F8 
 149      4D6D5ECF 
 149      F3CD8B8A 
 150 0455 6BA8E1BF 		.ascii	"k\250\341\277\364`\316\226\316\336\301\2244\205\"8."
 150      F460CE96 
 150      CEDEC194 
 150      34852238 
 150      2E
 151 0466 85305EFC 		.ascii	"\2050^\374\323p[I\362\324\355r\000\177D\206\036\315"
 151      D3705B49 
 151      F2D4ED72 
 151      007F4486 
 151      1ECD
 152 0478 5B2BCBEF 		.ascii	"[+\313\357B/\306\034\340*G\024\207\256,\302\377\026"
 152      422FC61C 
ARM GAS  /tmp/cc42neXL.s 			page 11


 152      E02A4714 
 152      87AE2CC2 
 152      FF16
 153 048a FA602AC6 		.ascii	"\372`*\306\375\323\347\377\335`X\245~\325\261\037\035"
 153      FDD3E7FF 
 153      DD6058A5 
 153      7ED5B11F 
 153      1D
 154 049b F507B31F 		.ascii	"\365\007\263\037\014\321S\342T0\230LV\263\333\276\334"
 154      0CD153E2 
 154      5430984C 
 154      56B3DBBE 
 154      DC
 155 04ac 6473D8BC 		.ascii	"ds\330\274\272\271\357\177\230\221\233\235-\350\362"
 155      BAB9EF7F 
 155      98919B9D 
 155      2DE8F2
 156 04bb 9D66B725 		.ascii	"\235f\267%\253@Hd\223y\270\227\352\361\026\315\3101"
 156      AB404864 
 156      9379B897 
 156      EAF116CD 
 156      C831
 157 04cd 15D89D05 		.ascii	"\025\330\235\005\0371pv\226\224[h\313\267-X(9=R\241"
 157      1F317076 
 157      96945B68 
 157      CBB72D58 
 157      28393D52 
 158 04e2 D92EB99C 		.ascii	"\331.\271\234n\257GZ\270\350\275\0319\3749\347\215e"
 158      6EAF475A 
 158      B8E8BD19 
 158      39FC39E7 
 158      8D65
 159 04f4 CBE88EC9 		.ascii	"\313\350\216\311n\267d\025\012\223\\8\265X\227\230\213"
 159      6EB76415 
 159      0A935C38 
 159      B5589798 
 159      8B
 160 0505 ED5E5381 		.ascii	"\355^S\201\323\261\304\266T\233\227;\333\3545k\314K"
 160      D3B1C4B6 
 160      549B973B 
 160      DBEC356B 
 160      CC4B
 161 0517 DC76BDC9 		.ascii	"\334v\275\311Tlsx1\211w\246T\354qKfw\321t\207\323a\235"
 161      546C7378 
 161      318977A6 
 161      54EC714B 
 161      6677D174 
 162 052f 6E35E7DB 		.ascii	"n5\347\333$\233\243\300^l\261JE\346\202B\233\303*\305"
 162      249BA3C0 
 162      5E6CB14A 
 162      45E68242 
 162      9BC32AC5 
 163 0543 98BCCB5D 		.ascii	"\230\274\313]V\017\322\353\242\321\257\275 \332\263"
 163      560FD2EB 
 163      A2D1AFBD 
 163      20DAB3
 164 0552 DC23993C 		.ascii	"\334#\231<^\013B1\2048-\356\004W\261\313\342\236\340"
ARM GAS  /tmp/cc42neXL.s 			page 12


 164      5E0B4231 
 164      84382DEE 
 164      0457B1CB 
 164      E29EE0
 165 0565 F4B8AC56 		.ascii	"\364\270\254V\213[\353\244t\356\204\"\247\305\352\246"
 165      8B5BEBA4 
 165      74EE8422 
 165      A7C5EAA6 
 166 0575 B20ADF7C 		.ascii	"\262\012\337|\3419\347\317\237-\315\315\233\267\340"
 166      E139E7CF 
 166      9F2DCDCD 
 166      9BB7E0
 167 0584 E31C7650 		.ascii	"\343\034vP\227zX^\257\245.\233\323\344\261z\213]&\257"
 167      977A585E 
 167      AFA52E9B 
 167      D3E4B17A 
 167      8B5D26AF 
 168 0598 36EF1D7A 		.ascii	"6\357\035zXm\336,\376\232C_\211y\263\346\347\262Z\374"
 168      586DDE2C 
 168      FE9A435F 
 168      8979B3E6 
 168      E7B25AFC 
 169 05ac 0B107503 		.ascii	"\013\020u\003>"
 169      3E
 170              		.text
 171              		.section	.gnu.lto_.symtab.e74f388927b3988c,"",%progbits
 172 0000 5F5F6561 		.ascii	"__early_init\000"
 172      726C795F 
 172      696E6974 
 172      00
 173 000d 00       		.ascii	"\000"
 174 000e 00       		.ascii	"\000"
 175 000f 00       		.ascii	"\000"
 176 0010 00000000 		.ascii	"\000\000\000\000\000\000\000\000"
 176      00000000 
 177 0018 AD000000 		.ascii	"\255\000\000\000"
 178 001c 626F6172 		.ascii	"boardInit\000"
 178      64496E69 
 178      7400
 179 0026 00       		.ascii	"\000"
 180 0027 00       		.ascii	"\000"
 181 0028 00       		.ascii	"\000"
 182 0029 00000000 		.ascii	"\000\000\000\000\000\000\000\000"
 182      00000000 
 183 0031 AF000000 		.ascii	"\257\000\000\000"
 184 0035 70616C5F 		.ascii	"pal_default_config\000"
 184      64656661 
 184      756C745F 
 184      636F6E66 
 184      696700
 185 0048 00       		.ascii	"\000"
 186 0049 00       		.ascii	"\000"
 187 004a 00       		.ascii	"\000"
 188 004b 00000000 		.ascii	"\000\000\000\000\000\000\000\000"
 188      00000000 
 189 0053 E5000000 		.ascii	"\345\000\000\000"
 190 0057 73746D33 		.ascii	"stm32_clock_init\000"
ARM GAS  /tmp/cc42neXL.s 			page 13


 190      325F636C 
 190      6F636B5F 
 190      696E6974 
 190      00
 191 0068 00       		.ascii	"\000"
 192 0069 02       		.ascii	"\002"
 193 006a 00       		.ascii	"\000"
 194 006b 00000000 		.ascii	"\000\000\000\000\000\000\000\000"
 194      00000000 
 195 0073 B1000000 		.ascii	"\261\000\000\000"
 196              		.text
 197              		.section	.gnu.lto_.opts,"",%progbits
 198 0000 272D666D 		.ascii	"'-fmath-errno' '-fsigned-zeros' '-ftrapping-math' '"
 198      6174682D 
 198      6572726E 
 198      6F272027 
 198      2D667369 
 199 0033 2D666E6F 		.ascii	"-fno-trapv' '-fno-openmp' '-fno-openacc' '-mcpu=cor"
 199      2D747261 
 199      70762720 
 199      272D666E 
 199      6F2D6F70 
 200 0066 7465782D 		.ascii	"tex-m0' '-mno-thumb-interwork' '-mthumb' '-ggdb' '-"
 200      6D302720 
 200      272D6D6E 
 200      6F2D7468 
 200      756D622D 
 201 0099 4F322720 		.ascii	"O2' '-Werror' '-fomit-frame-pointer' '-falign-funct"
 201      272D5765 
 201      72726F72 
 201      2720272D 
 201      666F6D69 
 202 00cc 696F6E73 		.ascii	"ions=16' '-ffunction-sections' '-fdata-sections' '-"
 202      3D313627 
 202      20272D66 
 202      66756E63 
 202      74696F6E 
 203 00ff 666E6F2D 		.ascii	"fno-common' '-flto'\000"
 203      636F6D6D 
 203      6F6E2720 
 203      272D666C 
 203      746F2700 
 204              		.text
 205              		.comm	__gnu_lto_v1,1,1
 206              		.comm	__gnu_lto_slim,1,1
 207              		.ident	"GCC: (GNU Tools for ARM Embedded Processors) 5.4.1 20160609 (release) [ARM/embedded-5-bran
ARM GAS  /tmp/cc42neXL.s 			page 14


DEFINED SYMBOLS
                            *ABS*:0000000000000000 board.c
                            *COM*:0000000000000001 __gnu_lto_v1
                            *COM*:0000000000000001 __gnu_lto_slim

NO UNDEFINED SYMBOLS
