ARM GAS  /tmp/cczBoqpA.s 			page 1


   1              		.syntax unified
   2              		.cpu cortex-m0
   3              		.fpu softvfp
   4              		.eabi_attribute 20, 1
   5              		.eabi_attribute 21, 1
   6              		.eabi_attribute 23, 3
   7              		.eabi_attribute 24, 1
   8              		.eabi_attribute 25, 1
   9              		.eabi_attribute 26, 1
  10              		.eabi_attribute 30, 2
  11              		.eabi_attribute 34, 0
  12              		.eabi_attribute 18, 4
  13              		.thumb
  14              		.syntax unified
  15              		.file	"chcore_v6m.c"
  16              		.text
  17              	.Ltext0:
  18              		.section	.gnu.lto_.profile.2e391226bd601d3,"",%progbits
  19 0000 789C6361 		.ascii	"x\234ca`d`a`\000\222J\342\000\000\305\000D"
  19      60646061 
  19      6000924A 
  19      E20000C5 
  19      0044
  20              		.text
  21              		.section	.gnu.lto_.icf.2e391226bd601d3,"",%progbits
  22 0000 789C6361 		.ascii	"x\234ca`d\000\001^\006\004`b8\265d\337On\306\023\007"
  22      60640001 
  22      5E060460 
  22      6238B564 
  22      DF4F6EC6 
  23 0016 E6173300 		.ascii	"\346\0273\000\000)\255\005\340"
  23      0029AD05 
  23      E0
  24              		.text
  25              		.section	.gnu.lto_.jmpfuncs.2e391226bd601d3,"",%progbits
  26 0000 789C6361 		.ascii	"x\234ca`d\000\001n\006\004`\002bF \250g`\000\000\003"
  26      60640001 
  26      6E060460 
  26      02624620 
  26      A8676000 
  27 0016 5E0096   		.ascii	"^\000\226"
  28              		.text
  29              		.section	.gnu.lto_.inline.2e391226bd601d3,"",%progbits
  30 0000 789C6361 		.ascii	"x\234ca`d\000\201x\006\004`b`\340\344`d`\342y\020\313"
  30      60640081 
  30      78060460 
  30      6260E0E4 
  30      606460E2 
  31 0017 C0B6409E 		.ascii	"\300\266@\236\011$\306\310 $\302\310\314\240\220\375"
  31      0924C6C8 
  31      2024C2C8 
  31      CCA090FD 
  32 0027 9789B1AD 		.ascii	"\227\211\261\255\253\365\010\353\027\246Vf\006\306\217"
  32      ABF508EB 
  32      17A65666 
  32      06C68F
  33 0036 FFFFFFE7 		.ascii	"\377\377\377\347g\\\316(\303\300\240\220\005\245\201"
ARM GAS  /tmp/cczBoqpA.s 			page 2


  33      675CCE28 
  33      C3C0A090 
  33      05A581
  34 0045 06B20075 		.ascii	"\006\262\000u\200u\262,\220\027`\020[U\305\0026\227"
  34      8075B22C 
  34      90176010 
  34      5B55C502 
  34      3697
  35 0057 1B2C0100 		.ascii	"\033,\001\000\220\330\021="
  35      90D8113D 
  36              		.text
  37              		.section	.gnu.lto_.pureconst.2e391226bd601d3,"",%progbits
  38 0000 789C6361 		.ascii	"x\234ca`d`g```b\330\305\310\270\213\021\000\005\321"
  38      60646067 
  38      60606062 
  38      D8C5C8B8 
  38      8B110005 
  39 0015 0186     		.ascii	"\001\206"
  40              		.text
  41              		.section	.gnu.lto_NMI_Handler.2e391226bd601d3,"",%progbits
  42 0000 789C9552 		.ascii	"x\234\225R\317KTQ\024\276\347\3357\317\227\216\266\212"
  42      CF4B5451 
  42      14BEE7DD 
  42      37CF978E 
  42      B68A
  43 0012 1609CD2C 		.ascii	"\026\011\315,\\\010\342\253\026\356Z\204mZ\014\206\363"
  43      5C08E2AB 
  43      16EE5A84 
  43      6D5A0C86 
  43      F3
  44 0023 0748BDA6 		.ascii	"\007H\275\246\034r\234af\014\333\344st\022\015\304("
  44      1C729C61 
  44      660CDBE4 
  44      7374120D 
  44      C428
  45 0035 45C51852 		.ascii	"E\305\030RD\263\374\235\345\217\262Q\313\220Tha\020"
  45      44B3FC9D 
  45      E58FB251 
  45      CB905468 
  45      6110
  46 0047 48D8F80B 		.ascii	"H\330\370\013\022D\245\2402\265s\356\014\241\243\233"
  46      1244A5A0 
  46      32B573EE 
  46      0CA1A39B 
  47 0057 1ECC7B73 		.ascii	"\036\314{s\317\371\316w\277\363\235#3`\364lq\306\226"
  47      CFF9CE77 
  47      BFF39D23 
  47      3360F46C 
  47      71C696
  48 006a F17B0A7F 		.ascii	"\361{\012\177\300\031H5\263\214\225\252\022\000\375"
  48      C0194835 
  48      B38C95AA 
  48      1200FD
  49 0079 31546025 		.ascii	"1T`%\022\224\300\017iG\202\361\212\225!)\275\315\300"
  49      1294C00F 
  49      694782F1 
  49      8A952129 
ARM GAS  /tmp/cczBoqpA.s 			page 3


  49      BDCDC0
  50 008c 67A135C4 		.ascii	"g\2415\304\215\3660\004\261|O\022L\014\332 \235!\354"
  50      8DF63004 
  50      B17C4F12 
  50      4C0CDA20 
  50      9D21EC
  51 009f 63794F13 		.ascii	"cyO\023\377.\0059\200\214\307\315\231\306\305\024:J"
  51      FF2E0539 
  51      808CC7CD 
  51      99C6C514 
  51      3A4A
  52 00b1 60C163D5 		.ascii	"`\301c\325\324R\363q~\026\010\271\276;_eNk1\214\200"
  52      D452F371 
  52      7E1608B9 
  52      BE3B5F65 
  52      4E6B318C 
  53 00c6 117E3079 		.ascii	"\021~0y\262\301\010\227[\202\234C\007p$\205'\220\012"
  53      B2C10897 
  53      5B829C43 
  53      07702485 
  53      27900A
  54 00d9 ED902AC8 		.ascii	"\355\220*\310\021\035\351\335\255MV\312\351z\013<\205"
  54      111DE9DD 
  54      AD4D56CA 
  54      E97A0B3C 
  54      85
  55 00ea B4E8C5F0 		.ascii	"\264\350\305\360\014\024lE\242\010\202V\356\275\033"
  55      0C146C45 
  55      A2088256 
  55      EEBD1B
  56 00f9 4DE05982 		.ascii	"M\340Y\202>\334:\360\011\242\364\013\333C':\373\014"
  56      3EDC3AF0 
  56      09A2F40B 
  56      DB43273A 
  56      FB0C
  57 010b A3F26290 		.ascii	"\243\362b\220\313\320y\230\037\272 \255;7l\354\355\225"
  57      CBD07998 
  57      1FBA20AD 
  57      3B376CEC 
  57      ED95
  58 011d 6173A707 		.ascii	"as\247\007\353W\325\004\264\003Ie\3616\261 7)\002\306"
  58      EB57D504 
  58      B4034965 
  58      F136B120 
  58      372902C6 
  59 0131 D8065E4C 		.ascii	"\330\006^L\366lJ\022}\371*\224F\266\277\326\362\203"
  59      F66C4A12 
  59      7DF92A94 
  59      46B6BFD6 
  59      F283
  60 0143 22C31FDE 		.ascii	"\"\303\037\336\216\201\"\004\356Ip\250\003b\202n\004"
  60      8E812204 
  60      EE4970A8 
  60      0362826E 
  60      04
  61 0154 30E82118 		.ascii	"0\350!\030c\036\204\324U\327\205d\353\235\220Q\217N"
  61      631E84D4 
ARM GAS  /tmp/cczBoqpA.s 			page 4


  61      55D78564 
  61      EB9D9051 
  61      8F4E
  62 0166 2854B413 		.ascii	"(T\264\023\011.\036\223\361F\350\005\2530b2\322?\254"
  62      092E1E93 
  62      F146E805 
  62      AB306232 
  62      D23FAC
  63 0179 6004FA40 		.ascii	"`\004\372@.\343D\320\0172\213@`\201D\020\033\221S\206"
  63      2EE344D0 
  63      0F328B40 
  63      60814410 
  63      1B915386 
  64 018d 62AD9105 		.ascii	"b\255\221\005E\230$\244\257@`\253\342\217D\2012\316"
  64      459824A4 
  64      AF4060AB 
  64      E28F4481 
  64      32CE
  65 019f A31871A2 		.ascii	"\243\030q\242&1\202\200\262\246\273\353\365)Q\004\362"
  65      26318280 
  65      B2A6BBEB 
  65      F5295104 
  65      F2
  66 01b0 F3FD3304 		.ascii	"\363\3753\004\260\300s\264\354@\221\034e\235lP\242E"
  66      B0C073B4 
  66      EC40911C 
  66      659D6C50 
  66      A245
  67 01c2 260AC510 		.ascii	"&\012\305\020X\374~m\351\221\312\003 ,X[\332\234H\212"
  67      58FC7E6D 
  67      E991CA03 
  67      202C585B 
  67      DA9C488A 
  68 01d6 8D7CFBB3 		.ascii	"\215|\373\263\331\250)Ui\"\003GL\344\005q\233\330*\004"
  68      D9A82955 
  68      69220347 
  68      4CE40571 
  68      9BD82A04 
  69 01ea 22DBBD75 		.ascii	"\"\333\275u\361\346VN\003!b\366J\361\3662x)\254\035"
  69      F1E6564E 
  69      032162F6 
  69      4AF1F632 
  69      7829AC1D 
  70 01fe A4ED0076 		.ascii	"\244\355\000v\0370\337\034\352\373\231h\015A\324\334"
  70      1F30DF1C 
  70      EAFB9968 
  70      0D41D4DC 
  71 020e 042AE95C 		.ascii	"\004*\351\\\0341Ta\356P\314\334\371\306\341\207\211"
  71      1C315461 
  71      EE50CCDC 
  71      F9C6E187 
  71      89
  72 021f 64EE3099 		.ascii	"d\3560\231k\302\314\210X\343\226\336\300\264\331\332"
  72      6BC2CC88 
  72      58E396DE 
  72      C0B4D9DA 
  73 022f 0CFB2633 		.ascii	"\014\373&3[\035xl\026\305\257\250\030^\303\277\266\205"
ARM GAS  /tmp/cczBoqpA.s 			page 5


  73      5B1D786C 
  73      16C5AFA8 
  73      185EC3BF 
  73      B685
  74 0241 34467BF1 		.ascii	"4F{\361{3^\371\324\014\304T\3638\325\341\241\272\016"
  74      7B335EF9 
  74      D40CC454 
  74      F338D5E1 
  74      A1BA0E
  75 0254 5A85514A 		.ascii	"Z\205QJ\312qI\343\227\306\340\015eL\207\233\015\213"
  75      CA7149E3 
  75      97C6E00D 
  75      654C879B 
  75      0D8B
  76 0266 66C7C49B 		.ascii	"f\307\304\233\315Q\263\355\243\023\313f\353\227\230"
  76      CD51B3ED 
  76      A313CB66 
  76      EB9798
  77 0275 5E954AB6 		.ascii	"^\225J\266\272\372\346\222\204\336q\241w\002\365~\303"
  77      BAFAE692 
  77      84DE71A1 
  77      7702F57E 
  77      C3
  78 0286 0D09AEAA 		.ascii	"\015\011\256\252\244G\270\276\201\233\212+\215\240\314"
  78      A447B8BE 
  78      819B8A2B 
  78      8DA0CC
  79 0295 4C2D3BDF 		.ascii	"L-;\337y\325\231c\327\334>Mw\273\\\356B\315\343\366"
  79      79D59963 
  79      D7DC3E4D 
  79      77BB5CEE 
  79      42CDE3F6 
  80 02a9 FA7DDA85 		.ascii	"\372}\332\205\\[\266\255X\323\363u\267\327\221w+\313"
  80      5C5BB6AD 
  80      58D3F375 
  80      B7D79177 
  80      2BCB
  81 02bb 95A93359 		.ascii	"\225\2513Y\367\027{\024\257\303WT\340?wT\251\243\330"
  81      F7177B14 
  81      AFC35754 
  81      E03F7754 
  81      A9A3D8
  82 02ce AF65DBEC 		.ascii	"\257e\333\354\227\354\232\263P/(\272\346\320t\227\317"
  82      97EC9AB3 
  82      502F28BA 
  82      E6D07497 
  82      CF
  83 02df E9CBBBA1 		.ascii	"\351\313\273\241\353\231\371,\331\226k\267\244\235\311"
  83      EB99F92C 
  83      D9966BB7 
  83      A49DC9
  84 02ee B0787C9E 		.ascii	"\260x|\236D\306\317{Y\212\337\355\311\271~\331\353\326"
  84      44C6CF7B 
  84      598ADFED 
  84      C9B97ED9 
  84      EBD6
  85 0300 EDFE2BFA 		.ascii	"\355\376+\372\315d\233=\227\222\031\210Jd\222\227q\237"
ARM GAS  /tmp/cczBoqpA.s 			page 6


  85      CD649B3D 
  85      97921988 
  85      4A649297 
  85      719F
  86 0312 E7FF34E6 		.ascii	"\347\3774\3463U\367\370\234\016\213\223%\270\034.\267"
  86      3355F7F8 
  86      9C0E8B93 
  86      25B81C2E 
  86      B7
  87 0323 F736FB0B 		.ascii	"\3676\373\013\003v\226\177"
  87      0376967F 
  88              		.text
  89              		.section	.gnu.lto__port_irq_epilogue.2e391226bd601d3,"",%progbits
  90 0000 789C9554 		.ascii	"x\234\225TMLTW\024\276\347\335\367\336\014\303\237\273"
  90      4D4C5457 
  90      14BEE7DD 
  90      F7DE0CC3 
  90      9FBB
  91 0012 6E48332C 		.ascii	"nH3,\210!\261<\245\215\246\013\026\015\2536\231\250"
  91      8821B13C 
  91      A58DA60B 
  91      160DAB36 
  91      99A8
  92 0024 B0E8D2D4 		.ascii	"\260\350\322\324qZ&\005g2\203\015\256x\3140C\213\211"
  92      715A2605 
  92      6732830D 
  92      AE78CC30 
  92      438B89
  93 0037 42520815 		.ascii	"BR\010\025\315\004\010\001K\345\267\264\005\221\016"
  93      CD040801 
  93      4BE5B7B4 
  93      05910E
  94 0046 FFB52888 		.ascii	"\377\265(\210P\323Db`\370\251\251\306\010\221\332\330"
  94      50D34462 
  94      60F8A9A9 
  94      C60891DA 
  94      D8
  95 0057 C0F49CFB 		.ascii	"\300\364\234\373^\253\214\264\211\223\314}\367\236\277"
  95      5EAB8CB4 
  95      8993CC7D 
  95      F79EBF
  96 0066 EFDCEFDC 		.ascii	"\357\334\357\334sd\006\214~\331*c\017\360\353\300?X"
  96      7364068C 
  96      7ED92A63 
  96      0FF0EBC0 
  96      3F58
  97 0078 18483533 		.ascii	"\030H53\214UX%\2117\3461\335\246n\355cz\012\227\344"
  97      8C555825 
  97      8937E631 
  97      DDA66EED 
  97      637A0A97 
  98 008d A137F1A4 		.ascii	"\2417\361\244,hx\222A5\214\224\1776*\000mt+\260r\211"
  98      2C687892 
  98      41358C94 
  98      7F362A00 
  98      6D742BB0 
  99 00a3 CB8A0AE5 		.ascii	"\313\212\012\345\260%mK0Z\265> e\267\351\370[\232xv"
ARM GAS  /tmp/cczBoqpA.s 			page 7


  99      B0256D4B 
  99      305AB53E 
  99      2065B7E9 
  99      F85B9A78 
 100 00b8 506F8F42 		.ascii	"Po\217B\2103\026\227\0046\2036\310F\253\271\312\356"
 100      88331697 
 100      04368336 
 100      C846ABB9 
 100      CAEE
 101 00ca 4BFCA914 		.ascii	"K\374\251\024\342\0002\0367n]\\I\243\243\004v<\336\357"
 101      E200321E 
 101      376E5D5C 
 101      49A3A304 
 101      763CDEEF 
 102 00de DC1952F9 		.ascii	"\334\031R\371!`\270o\374\265j\377\376V]\017\350z\235"
 102      2160B86F 
 102      FCB56AFF 
 102      FE565D0F 
 102      E87A9D
 103 00f1 4B4F0A71 		.ascii	"KO\012q\016_\003\307pp\0052\240\0352\030\212\030t\300"
 103      0E5F03C7 
 103      70700532 
 103      A01D3218 
 103      8A1874C0 
 104 0105 7EB28EF5 		.ascii	"~\262\216\365\354\324\245\252\225\204n70\341\033P\361"
 104      ECD4A5AA 
 104      95846E37 
 104      30E11B50 
 104      F1
 105 0116 DE945AF5 		.ascii	"\336\224Z\365\215\325\346t\376\216\010\373xg\261:%\253"
 105      8DD5E674 
 105      FE8E08FB 
 105      7867B13A 
 105      25AB
 106 0128 85E246E7 		.ascii	"\205\342F\347\2472\276\322\243\225\366\020\227\341\352"
 106      A732BED2 
 106      A395F610 
 106      97E1EA
 107 0137 EED822E5 		.ascii	"\356\330\"\345N\310B\217\365s\023\303\026\376\256\360"
 107      4EC8428F 
 107      F57313C3 
 107      16FEAEF0 
 108 0147 8EB6F6DF 		.ascii	"\216\266\366\337\005\303{\2516\374\341\235\326\260^"
 108      05C37BA9 
 108      36FCE19D 
 108      D6B05E
 109 0156 33620D71 		.ascii	"3b\015q\005\272\366\360\357\206\254\256\202\250\036"
 109      05BAF6F0 
 109      EF86ACAE 
 109      82A81E
 110 0165 8F079192 		.ascii	"\217\007\221\222#\313_\264\325A\232\004\224\262\"\202"
 110      23CB5FB4 
 110      D5419A04 
 110      94B22282 
 111 0175 AB62B5E0 		.ascii	"\253b\265\340ET\253\260N\306\255\205\261'\230?\221\274"
 111      4554ABB0 
 111      4EC6AD85 
ARM GAS  /tmp/cczBoqpA.s 			page 8


 111      B127983F 
 111      91BC
 112 0187 2149F4E5 		.ascii	"!I\364\345\313Py/\330rA\245+\0059\335(\\\035\032W\210"
 112      CB50792F 
 112      D87241A5 
 112      2B0539DD 
 112      285C1D1A 
 113 019d 372B6CC4 		.ascii	"7+l\304\343\361t\350117$\316\032\363\370oP\021\253\235"
 113      E3F174E8 
 113      31313724 
 113      CE1AF3F8 
 113      6F5011AB 
 114 01b2 9C3A94C0 		.ascii	"\234:\224\300\014\301\011bX\002g\321\351\255\343\014"
 114      0CC10962 
 114      580267D1 
 114      E9ADE30C 
 115 01c2 7A418D4B 		.ascii	"zA\215K\220\250\352\272\320\000\207\031\364\221RJP\352"
 115      90A8EABA 
 115      D0008719 
 115      F491524A 
 115      50EA
 116 01d4 FD1A836F 		.ascii	"\375\032\203oI\303_\251\002\364\023\016|'V\326\014\250"
 116      49C35FA9 
 116      02F4130E 
 116      7C2756D6 
 116      0CA8
 117 01e6 6F1F1E5B 		.ascii	"o\037\036[K\311\354\200\210\336\200\244'\221\313fg\357"
 117      4BC9EC80 
 117      88DE80A4 
 117      2791CB66 
 117      67EF
 118 01f8 2FC9325E 		.ascii	"/\3112^\030\276\207L\\\177\000\231Q\3665\341E)!\221"
 118      18BE874C 
 118      5C7F0099 
 118      51F635E1 
 118      45292191 
 119 020c 73CF9A50 		.ascii	"s\317\232Pid)'\302\021}\014\006\004\330 \256X\372>\202"
 119      69642927 
 119      C2117D0C 
 119      0604D820 
 119      AE58FA3E 
 120 0221 AC3F5F1F 		.ascii	"\254?_\037\2213GLH\033\271m\307B+I\002\362\032A\242"
 120      9133474C 
 120      481BB96D 
 120      C7422B49 
 120      02F21A41 
 121 0236 6432D637 		.ascii	"d2\3267\250\242\004\206@\016r+j\256#R\014\002X\344\305"
 121      A8A20486 
 121      400E722B 
 121      6AAE2352 
 121      0C0258E4 
 122 024b 5C8A47E1 		.ascii	"\\\212G\341IC\262\211\277n\313\224\205\200d\353\020"
 122      4943B289 
 122      BF6ECB94 
 122      858064EB 
 122      10
 123 025c D8AC5A00 		.ascii	"\330\254Z\000\022\004\271b\330HB\335I.\012\032\004/"
ARM GAS  /tmp/cczBoqpA.s 			page 9


 123      1204B962 
 123      D84842DD 
 123      492E0A1A 
 123      042F
 124 026e 85EF4672 		.ascii	"\205\357Fr\015\0132B\304\371\345\361z\305\350\203%Q"
 124      0D0B3242 
 124      C4F9E5F1 
 124      7AC5E883 
 124      2551
 125 0280 C0612CE0 		.ascii	"\300a,\340.G\325\210\3748b3\034-$2-0\300\324\303\325"
 125      2E47D588 
 125      FC386233 
 125      1C2D2432 
 125      2D30C0D4 
 126 0296 CB563E01 		.ascii	"\313V>\001\242\\\017W7\306\222\315G}\275\212\233\217"
 126      A25C0F57 
 126      37C692CD 
 126      477DBD8A 
 126      9B8F
 127 02a8 5A811FF7 		.ascii	"Z\201\037\367x\224Q\012nA\216\003\261\332\360zn\342"
 127      7894510A 
 127      6E418E03 
 127      B1DAF07A 
 127      6EE2
 128 02ba 3BD8394E 		.ascii	";\3309N\026&\313\312\253E\035\021\014\217Ro\001[ \206"
 128      1626CBCA 
 128      AB451D11 
 128      0C8F526F 
 128      015B2086 
 129 02ce 9B23BD7F 		.ascii	"\233#\275\177\3322c&\303\311\344ru\345\232n\025\014"
 129      DA326326 
 129      C3C9E472 
 129      75E59A6E 
 129      150C
 130 02e0 8F990C2F 		.ascii	"\217\231\014/^\034\374\322F\014\217\023\303\370\306"
 130      5E1CFCD2 
 130      460C8F13 
 130      C3F8C6
 131 02ef 61420C80 		.ascii	"aB\014\200\226\236\300\315\224\314\265\227\3133s>\320"
 131      969EC0CD 
 131      94CCB597 
 131      CB33733E 
 131      D0
 132 0300 94229C27 		.ascii	"\224\"\234'\305\213\230\022\2450\230\211\232\214?\355"
 132      C58B9812 
 132      A5309889 
 132      9A8C3FED 
 133 0310 1E0F2826 		.ascii	"\036\017(&\023\253m\233uID\245lP\211\242\205\331\271"
 133      13AB6D9B 
 133      754944A5 
 133      6C5089A2 
 133      85D9B9
 134 0323 E9E4085C 		.ascii	"\351\344\010\\\256\240\244\337\306\246JA\326\341'\242"
 134      AEA0A4DF 
 134      C6A64A41 
 134      D6E127A2 
 135 0333 00B58F9A 		.ascii	"\000\265\217\232z\033U\355-\232(7 \002;bB\301\317\240"
ARM GAS  /tmp/cczBoqpA.s 			page 10


 135      7A1B55ED 
 135      2D9A2837 
 135      20023B62 
 135      42C1CFA0 
 136 0347 D17C5A7B 		.ascii	"\321|Z{>\233d4\026\272Za\032}\036@0\332`V!\031m\006"
 136      3E9B6434 
 136      16BA5A61 
 136      1A7D1E40 
 136      30DA6056 
 137 035f 061EDDB3 		.ascii	"\006\036\335\263\224o\353\237\353\372\276\020O\215K"
 137      946FEB9F 
 137      EBFABE10 
 137      4F8D4B
 138 036e C4C84D28 		.ascii	"\304\310M(G\2344&z\365\344\013\343\372\320\350\254\205"
 138      479C3426 
 138      7AF5E40B 
 138      E3FAD0E8 
 138      AC85
 139 0380 025A90B0 		.ascii	"\002Z\220\260[\377v\251\314\236\274\301\361\"\317\253"
 139      5BFF76A9 
 139      CC9EBCC1 
 139      F122CFAB 
 140 0390 FE683F66 		.ascii	"\376h?f^dW\326G\376'\353\031\2215\015u\230\025Y\277"
 140      5E6457D6 
 140      47FE27EB 
 140      1991350D 
 140      75981559 
 141 03a5 94917E36 		.ascii	"\224\221~6\304\323\343\0221|\033S\",\205ud\031X\367"
 141      C4D3E312 
 141      317C1B53 
 141      222C8575 
 141      641958F7 
 142 03b9 AFBC36D6 		.ascii	"\257\2746\326\334\013\254;\377\201E\3752ob\251b`\375"
 142      DC0BAC3B 
 142      FF8145FD 
 142      326F62A9 
 142      6260FD
 143 03cc 0E81E8FC 		.ascii	"\016\201\350\374\007\306\240a4\317\200\304\310sN\216"
 143      07C6A061 
 143      34CF80C4 
 143      C8734E8E 
 144 03dc 965FE43E 		.ascii	"\226_\344>\351>Z\250y\374\232\323SR\3429\255y=\276R"
 144      E93E5AA8 
 144      79FC9AD3 
 144      5352E239 
 144      AD793DBE 
 145 03f1 BFF65E81 		.ascii	"\277\366^\201#\337Q\2469\213\234\036\237\353\304g\207"
 145      23DF51A6 
 145      398B9C1E 
 145      9FEBC467 
 145      87
 146 0402 4B729C4C 		.ascii	"Kr\234L*\366\311\316\3222\257\352s\371\317\024\227\346"
 146      2AF6C9CE 
 146      D232AFEA 
 146      73F9CF14 
 146      97E6
 147 0414 EEE5ED2A 		.ascii	"\356\345\355*+\325\362\035\205\357\027j\356\323\316"
ARM GAS  /tmp/cczBoqpA.s 			page 11


 147      2BD5F21D 
 147      85EF176A 
 147      EED3CE
 148 0423 E233A75C 		.ascii	"\3423\247\\\232\263\304\357\366\237\370\304\351\314"
 148      9AB3C4EF 
 148      F69FF8C4 
 148      E9CC
 149 0431 297A3DC0 		.ascii	")z=\300\"fuz\375\356Sv7\263\224\270J<\276\263,\325Q"
 149      2266757A 
 149      FDEE5376 
 149      37B394B8 
 149      4A3CBEB3 
 150 0448 5068CF3A 		.ascii	"Ph\317:x\300\356\365{m\214\347\371XZ\251\307{\364\343"
 150      78C0EEF5 
 150      7B6D8CE7 
 150      F9585AA9 
 150      C77BF4E3 
 151 045c 633E8FB3 		.ascii	"c>\217\263\260\364#\347\247\251\216\302\002R\036@+\033"
 151      B0F423E7 
 151      A7A98EC2 
 151      02521E40 
 151      2B1B
 152 046e 937C8CFB 		.ascii	"\223|\214\373\275\354o\011\257eg"
 152      BDEC6F09 
 152      AF6567
 153              		.text
 154              		.section	.gnu.lto_.symbol_nodes.2e391226bd601d3,"",%progbits
 155 0000 789C6361 		.ascii	"x\234ca`dHd\000\002\246\251\214\365\014\014\023\316"
 155      60644864 
 155      0002A6A9 
 155      8CF50C0C 
 155      13CE
 156 0012 313000A9 		.ascii	"10\000\251]\015\212@\221i\214\365\214(\"\2143\030\353"
 156      5D0D8A40 
 156      91698CF5 
 156      8C28228C 
 156      3318EB
 157 0025 99C0220C 		.ascii	"\231\300\"\014\014\015\013\024\200\0023\031\353\231"
 157      0C0D0B14 
 157      80023319 
 157      EB99
 158 0033 5104A633 		.ascii	"Q\004\2463\326\263\300\004\032\200\002\314\214,\014"
 158      D6B3C004 
 158      1A8002CC 
 158      8C2C0C
 159 0042 4F8E9F97 		.ascii	"O\216\237\227a\000\000j\322\026\263"
 159      6100006A 
 159      D216B3
 160              		.text
 161              		.section	.gnu.lto_.refs.2e391226bd601d3,"",%progbits
 162 0000 789C6361 		.ascii	"x\234ca`d\340d```bdb\022db\026b\000\000\001\227\000"
 162      6064E064 
 162      60606062 
 162      64621264 
 162      62166200 
 163 0018 3E       		.ascii	">"
 164              		.text
ARM GAS  /tmp/cczBoqpA.s 			page 12


 165              		.section	.gnu.lto_.decls.2e391226bd601d3,"",%progbits
 166 0000 789C9556 		.ascii	"x\234\225V}LT\331\025\177\347\275\001\207\371\000\202"
 166      7D4C54D9 
 166      157FE7BD 
 166      0187F900 
 166      82
 167 0011 B4B10969 		.ascii	"\264\261\011i\250!\221n\262\214\310\246\351\037m\322"
 167      A821916E 
 167      B28CC8A6 
 167      E91F6DD2 
 168 0021 D6C65DFF 		.ascii	"\326\306]\377pk\226\325d\377z\031\207\321\231\3540\203"
 168      706B96D5 
 168      64FF7A19 
 168      87D199EC 
 168      3083
 169 0033 33431793 		.ascii	"3C\027\223\246}\010\202\312\252\260F\020\012\212\250"
 169      A67D0882 
 169      CAAAB046 
 169      100A8AA8 
 170 0043 A028C2F2 		.ascii	"\240(\302\362\241\"]\035a\021\\V\027AP\\-\260\200\354"
 170      A1225D1D 
 170      61115C56 
 170      1741505C 
 170      2DB080EC 
 171 0057 2A225FCB 		.ascii	"*\"_\313\207\212\366\334{\337\314\033Xh\332\2279o\336"
 171      878AF6DC 
 171      7BDFCC1B 
 171      5868DA97 
 171      396FDE
 172 006a BDEF9CDF 		.ascii	"\275\357\234\337\371\235s\317;\367\2528\340\310\025"
 172      F99D73CF 
 172      3BF7AA38 
 172      E0C815
 173 0079 A8E7B814 		.ascii	"\250\347\270\024\236\343\242p\370\006/\001\347\266\242"
 173      9EE3A270 
 173      F8062F01 
 173      E7B6A2
 174 0088 90B75B38 		.ascii	"\220\267[8v\005\240T\240\324\242\\D\271\214\342\341"
 174      7605A054 
 174      A0D4A25C 
 174      44B98CE2 
 174      E1
 175 0099 7E7A119D 		.ascii	"~z\021\235 \331>\014%\034\245\007\245\037e\015\312S"
 175      20D93E0C 
 175      251CA507 
 175      A51F650D 
 175      CA53
 176 00ab 94519449 		.ascii	"\224Q\224IY?P\266\231E\231GyC\374\242c\025\374\024\233"
 176      593F50B6 
 176      99459947 
 176      7943FCA2 
 176      6315FC14 
 177 00c0 F80E5D84 		.ascii	"\370\016]\204]\265\010\277A\346<\351\347\253\235\360"
 177      5DB508BF 
 177      41E63CE9 
 177      E7AB9DF0 
 178 00d0 47BC6BC4 		.ascii	"G\274k\304\037\376c\250\334\035\224\2732W\202\253\306"
ARM GAS  /tmp/cczBoqpA.s 			page 13


 178      1FFE63A8 
 178      DC1D94BB 
 178      325782AB 
 178      C6
 179 00e1 790D8A1E 		.ascii	"y\015\212\036\024.\036\277X\027_\363<\224\347t]\021"
 179      142E1EBF 
 179      58175FF3 
 179      3C94E774 
 179      5D11
 180 00f3 BE851E40 		.ascii	"\276\205\036@<\010\245\263\000\354\016T8&t\210\017<"
 180      3C08A5B3 
 180      00EC0E54 
 180      38267488 
 180      0F3C
 181 0105 BD73CA14 		.ascii	"\275s\312\024x\025\311\035o<\310s\234\017\214\376d{"
 181      7815C91D 
 181      6F3CC873 
 181      9C0F8CFE 
 181      647B
 182 0117 BA36F4A2 		.ascii	"\2726\364\242 \012:\310F\340c@_s\354\275\017\225\375"
 182      200A3AC8 
 182      46E06340 
 182      5F73ECBD 
 182      0F95FD
 183 012a F18A811F 		.ascii	"\361\212\201\037\036\243+\303)\234}1\2017\350\347\215"
 183      1EA32BC3 
 183      299C7D31 
 183      8137E8E7 
 183      8D
 184 013b 03C77881 		.ascii	"\003\307x\201\007\362\334;wfC\314y\011\257lI\342\177"
 184      07F2DC3B 
 184      776643CC 
 184      7909AF6C 
 184      49E27F
 185 014e A964E64E 		.ascii	"\251d\346NzU\2410\305C\230\006T8\034\277U0\020\214\303"
 185      7A55A130 
 185      C5439806 
 185      54381CBF 
 185      5530108C 
 186 0163 700D44E2 		.ascii	"p\015D\342p\376\346?\013\370U\271\324.M\212T\301\326"
 186      70FEE63F 
 186      0BF855B9 
 186      D42E4D8A 
 186      54C1D6
 187 0176 9FC33988 		.ascii	"\237\3039\210\200r\210@G\347a\025\336\267\251\030\322"
 187      80728840 
 187      47E76115 
 187      DEB7A918 
 187      D2
 188 0187 8BDAF1B7 		.ascii	"\213\332\361\267V\027K\305UR_\357T\\\276\344IG+\236"
 188      56174BC5 
 188      55525FEF 
 188      545CBEE4 
 188      49472B9E 
 189 019b 28C11910 		.ascii	"(\301\031\020\340,\304\020r\370H\376\312\340[d]\001"
 189      E02CC410 
 189      72F848FE 
ARM GAS  /tmp/cczBoqpA.s 			page 14


 189      CAE05B64 
 189      5D01
 190 01ad AB09B7B1 		.ascii	"\253\011\267\261\311\026\255\260\201\362<\376p\274b"
 190      C916ADB0 
 190      81F23CFE 
 190      70BC62
 191 01bc 85F01179 		.ascii	"\205\360\021y\346\207sJk4\240\213\336/I\273\211\373"
 191      E687734A 
 191      6B34A08B 
 191      DE2F49BB 
 191      89FB
 192 01ce B0D6607F 		.ascii	"\260\326`\177\377\3609D\303\026\235\014\\J8\366\035"
 192      FFF03944 
 192      C3169D0C 
 192      5C4A38F6 
 192      1D
 193 01df 69D93E9E 		.ascii	"i\331>\236F\274V\201\016*\025\257[t\214\343\241\007"
 193      46BC5681 
 193      0E2A15AF 
 193      5B748CE3 
 193      A107
 194 01f1 ADFBD42A 		.ascii	"\255\373\324*R\004D\001\231\343\334PWk\221\260l\214"
 194      52044401 
 194      99E3DC50 
 194      576B91B0 
 194      6C8C
 195 0203 3534C66A 		.ascii	"54\306j\220\203,:q{B\355\215r687MjE\273H\242\006\027"
 195      90832C3A 
 195      717B42ED 
 195      8D723638 
 195      374D6A45 
 196 021c 147F17FC 		.ascii	"\024\177\027\374\243\254\245Q>\273U]\035\"\034\000\032"
 196      A3ACA551 
 196      3EBB555D 
 196      1D221C00 
 196      1A
 197 022d 6669FEAB 		.ascii	"fi\376\253\253Z\204\351C\316ym\177K?\231\341\311\006"
 197      AB5A84E9 
 197      43CE796D 
 197      7F4B3F99 
 197      E1C906
 198 0240 9A50A853 		.ascii	"\232P\250SP\352(\012>\\\244\010\375}\247'\264B\007C"
 198      50EA280A 
 198      3E5CA408 
 198      FD7DA727 
 198      B4420743 
 199 0254 18BFE779 		.ascii	"\030\277\347y\251g\010\236\251N\035\232S\353K\212\365"
 199      A967089E 
 199      A94E1D9A 
 199      53EB4B8A 
 199      F5
 200 0265 25AFF565 		.ascii	"%\257\365ej]|t\372\207@\3411\263\276\325\334yt\205 "
 200      6A5D7C74 
 200      FA8740E1 
 200      31B3BED5 
 200      DC797485 
 201 027a D1DA500D 		.ascii	"\321\332P\015^\250\355\026 (\0020h\210\316$\331\036"
ARM GAS  /tmp/cczBoqpA.s 			page 15


 201      5EA8ED16 
 201      20280230 
 201      6888CE24 
 201      D91E
 202 028c DB5D1CB9 		.ascii	"\333]\034\271\223\203\270\010X\213\211\276\212\211n"
 202      9383B808 
 202      588B89BE 
 202      8A896E
 203 029b 00FCFCE0 		.ascii	"\000\374\374\340_\250\362\005\346\245@R\323\231\002"
 203      5FA8F205 
 203      E6A54052 
 203      D39902
 204 02aa 69AF2485 		.ascii	"i\257$\205\322\307Roqqd\010Wd\357,m\235\243\003\236"
 204      D2C7526F 
 204      71716408 
 204      5764EF2C 
 204      6D9DA303 
 205 02bf 00FF1C13 		.ascii	"\000\377\034\023\025%\311\327\026\024R\311\345\243\035"
 205      1525C9D7 
 205      161452C9 
 205      E5A31D
 206 02ce 72687D85 		.ascii	"rh}\205\237\231\363\322\212\337#\032P\257\304V\357\215"
 206      9F99F3D2 
 206      8ADF231A 
 206      50AFC456 
 206      EF8D
 207 02e0 CD43631B 		.ascii	"\315Cc\033M\037\352\323\262\"^\205\303\324\272\223\207"
 207      4D1FEAD3 
 207      B2225E85 
 207      C3D4BA93 
 207      87
 208 02f1 74C21956 		.ascii	"t\302\031V\371\271y\345\367\203\204\0126\350\030\373"
 208      F9B979E5 
 208      F783840A 
 208      36E818FB 
 209 0301 BA48560C 		.ascii	"\272HV\014\305\341\323\302\007\017tB\025{W\3232\336"
 209      C5E1D3C2 
 209      070F7442 
 209      157B57D3 
 209      32DE
 210 0313 12245C62 		.ascii	"\022$\\b\203\202\206\251\257\002\230\242\032\207=\355"
 210      838286A9 
 210      AF0298A2 
 210      1A873DED 
 211 0323 5559C142 		.ascii	"UY\301B\003{\227q\262iN/\\e\2033Oz_\011\302u6xY\337"
 211      037B9771 
 211      B2694E2F 
 211      5C658333 
 211      4F7A5F09 
 212 033d 2CA9852F 		.ascii	",\251\205/\331\240\254\245\247%Dha\003\357w\025\306"
 212      D9A0ACA5 
 212      A7254468 
 212      6103EF77 
 212      15C6
 213 034f BEAB0BDF 		.ascii	"\276\253\013\337_+\324\260\317L\342\347yMV\366T\273"
 213      5F2BD4B0 
 213      CF4CE2E7 
ARM GAS  /tmp/cczBoqpA.s 			page 16


 213      794D56F6 
 213      54BB
 214 0361 0AA25646 		.ascii	"\012\242VF\341\025\215RB\026\001+\343\357\237\235\316"
 214      E1158D52 
 214      4216012B 
 214      E3EF9F9D 
 214      CE
 215 0372 90B28DB4 		.ascii	"\220\262\215\264Zo`\370\355\260R\251\377/i\356b\361"
 215      5A6F60F8 
 215      EDB052A9 
 215      FF2F69EE 
 215      62F1
 216 0384 C6E5C8C9 		.ascii	"\306\345\310\311\227\300\315\301mT\270E\024\276\226"
 216      97C0CDC1 
 216      6D54B845 
 216      14BE96
 217 0393 2D3069D0 		.ascii	"-0i\320\205k\330\001Q\320\215\322\211r\037\345\033\224"
 217      856BD801 
 217      51D08DD2 
 217      89721FE5 
 217      1B94
 218 03a5 7B287751 		.ascii	"{(wQ\356@\024\315(\365\354\311\276\255\363\272m\\\354"
 218      EE4014CD 
 218      28F5ECC9 
 218      BEADF3BA 
 218      6D5CEC
 219 03b8 F63A757B 		.ascii	"\366:u{\216\334e\355\2116\237v\333bm\203\217#\323\235"
 219      8EDC65ED 
 219      89369F76 
 219      DB626D83 
 219      8F23D39D 
 220 03cc 56746F2E 		.ascii	"Vto.\326m\201E\312\257\025\345\246\245iPeZz\236\361"
 220      D66D8145 
 220      CAAF15E5 
 220      A6A56950 
 220      655A7A9E 
 221 03e1 2C9D8465 		.ascii	",\235\204e\211J\234\\&J<?\266\205\223\206$P\250\257"
 221      894A9C5C 
 221      264A3C3F 
 221      B6859386 
 221      2450A8AF 
 222 03f5 96E4E81F 		.ascii	"\226\344\350\037\320+\305o\363\322Y\367\327\236U\264"
 222      D02BC56F 
 222      F3D259F7 
 222      D79E55B4 
 223 0405 5B970E89 		.ascii	"[\227\016\211i\343\2727\035\314\372P\347\337\317\374"
 223      69E3BA37 
 223      1DCCFA50 
 223      E7DFCFFC 
 224 0415 9539DC9F 		.ascii	"\2259\334\237t\264\252\361\037\225\037\265\236=GZ\363"
 224      74B4AAF1 
 224      1F951FB5 
 224      9E3D475A 
 224      F3
 225 0426 1A0D90CE 		.ascii	"\032\015\220\316\037\202S\225#\365sz6E\313\371\320\304"
 225      1F825395 
 225      23F5737A 
ARM GAS  /tmp/cczBoqpA.s 			page 17


 225      3645CBF9 
 225      D0C4
 226 0438 A9154227 		.ascii	"\251\025B'-1\376\306\201\232j-DkX'\234\357\376sN&\351"
 226      2D31FEC6 
 226      819A6A2D 
 226      446B5827 
 226      9CEFFE73 
 227 044f 84FF060D 		.ascii	"\204\377\006\015<T\276\2345\032\274\357U\030p\012\327"
 227      3C54BE9C 
 227      351ABCEF 
 227      5518700A 
 227      D7
 228 0460 47582208 		.ascii	"GX\"\010L\024\261oE\300\003\234D'gO\345\224\004\012"
 228      4C14B16F 
 228      45C0039C 
 228      4427674F 
 228      E594040A 
 229 0474 8705EA24 		.ascii	"\207\005\352$\277\266|F\343s2W\360\316y\362\375\367"
 229      BFB67C46 
 229      E3733257 
 229      F0CE79F2 
 229      FDF7
 230 0486 A38F5EC5 		.ascii	"\243\217^\305\007\272\\\326I\337\022N\210=:j~3\343\011"
 230      07BA5CD6 
 230      49DF124E 
 230      883D3A6A 
 230      7E33E309 
 231 049a 61DF087E 		.ascii	"a\337\010~\023\2207\326\336\241\321\354\225{\006I\026"
 231      139037D6 
 231      DEA1D1EC 
 231      957B0649 
 231      16
 232 04ab BE507235 		.ascii	"\276Pr5@\234\340\322\301w\214f\343DU\231\216Y\013~-"
 232      409CE0D2 
 232      C1778C66 
 232      E3445599 
 232      8E590B7E 
 233 04c0 219CB584 		.ascii	"!\234\265\204\256\331/^\350\204\0334\010U\315\356\336"
 233      AED92F5E 
 233      E8841B34 
 233      0855CDEE 
 233      DE
 234 04d1 13C110CD 		.ascii	"\023\301\020\315\032\236\306\257q=\3018\036+\215\213"
 234      1A9EC6AF 
 234      713DC138 
 234      1E2B8D8B 
 235 04e1 76B7B17F 		.ascii	"v\267\261\177\220i\332\361\310?\215j\254D\012\\\345"
 235      9069DAF1 
 235      C83F8D6A 
 235      AC440A5C 
 235      E5
 236 04f2 6B8FC318 		.ascii	"k\217\303\030\322\023\312\346\007\004\374\236\321)9"
 236      D213CAE6 
 236      0704FC9E 
 236      D12939
 237 0501 32DB0F61 		.ascii	"2\333\017a\3312\366\037\200b\017\341\373A\312\376)\204"
 237      D932F61F 
ARM GAS  /tmp/cczBoqpA.s 			page 18


 237      80620FE1 
 237      FB41CAFE 
 237      2984
 238 0513 7963A003 		.ascii	"yc\240\003\264\250+\352>\246]>\336\021o\274k#\374;Y"
 238      B4A82BEA 
 238      3EA65D3E 
 238      DE116FBC 
 238      6B23FC3B 
 239 0528 38EB64F7 		.ascii	"8\353d\367gzg\364\262;\217\327\3353`\331\341`\224\272"
 239      677A67F4 
 239      B23B8FD7 
 239      DD3360D9 
 239      E16094BA 
 240 053c 1B61EE46 		.ascii	"\033a\356F\251\273\301\227\025W\344\216\024H\016\013"
 240      A9BBC197 
 240      1557E48E 
 240      14480E0B 
 241 054c 0333DFA9 		.ascii	"\0033\337\251\227\367>\346\365\376\234\2057\265\177"
 241      97F73EE6 
 241      F5FE9C85 
 241      37B57F
 242 055b CF8C7C6C 		.ascii	"\317\214|lXA\272\340\343\302\203:\306\346\267\244C\026"
 242      5841BAE0 
 242      E3C2833A 
 242      C6E6B7A4 
 242      4316
 243 056d E73ED72E 		.ascii	"\347>\327.\016~\002\301\306)\330$e3\306\330LR6\335\017"
 243      0E7E02C1 
 243      C629D824 
 243      6533C6D8 
 243      4C5236DD 
 244 0582 3B8E0609 		.ascii	";\216\006\011mt}\240\274\342XU\260\320\305\006Y\215"
 244      6D747DA0 
 244      BCE25855 
 244      B0D0C506 
 244      598D
 245 0594 4D8581B8 		.ascii	"M\205\201\270e\303\217tap\246!\365b\210\377^B\252Oa"
 245      65C38F74 
 245      6170A621 
 245      F56288FF 
 245      5E42AA4F 
 246 05a9 3AB3602F 		.ascii	":\263`/)*i\317\321\340^\342\301\375:\357\370\326\216"
 246      292A69CF 
 246      D1E05EE2 
 246      C1FD3AEF 
 246      F8D68E
 247 05bc 4A6CA7A9 		.ascii	"Jl\247\251\022n(D\017\246\2745\013\323\240\"#e\323\236"
 247      126E2844 
 247      0FA6BC35 
 247      0BD3A022 
 247      2365D39E 
 248 05d0 A51BCB48 		.ascii	"\245\033\313H\351\275P!W\265\014\221\314\221S\335<="
 248      E9BD5021 
 248      57B50C91 
 248      CC9153DD 
 248      3C3D
 249 05e2 4D100AEC 		.ascii	"M\020\012\3544\321\323]\022\267\354a\342\025\345\366"
ARM GAS  /tmp/cczBoqpA.s 			page 19


 249      34D1D35D 
 249      12B7EC61 
 249      E215E5F6 
 250 05f2 D27B9838 		.ascii	"\322{\2308\222\366lH&\3479\322\366;vd:\241!j0\347\243"
 250      92F66C48 
 250      26E739D2 
 250      F63B7664 
 250      3AA1216A 
 251 0609 F602A9CD 		.ascii	"\366\002\251\315\371S\233\247\324n\016V4\006\013\305"
 251      F9539BA7 
 251      D46E0E56 
 251      34060BC5 
 252 0619 8C5B47CE 		.ascii	"\214[G\316t\253/\314\254\017o\234\226\303dG\212\327"
 252      74AB2FCC 
 252      AC0F6F9C 
 252      96C36447 
 252      8AD7
 253 062b CAA7F9DA 		.ascii	"\312\247\371\332\037\350\015\005\352;>|X/\3241\240\253"
 253      1FE80D05 
 253      EA3B3E7C 
 253      582FD431 
 253      A0AB
 254 063d 7BF24B55 		.ascii	"{\362KU2\245\331{:9Y\004D\342} \370\250\200\244\362"
 254      32A5D97B 
 254      3A395904 
 254      44E27D20 
 254      F8A880A4 
 255 0652 04A4ACFF 		.ascii	"\004\244\254\377 v\242\353\313e\352\360\305\246\372"
 255      2076A2EB 
 255      CB65EAF0 
 255      C5A6FA
 256 0661 00DF32FC 		.ascii	"\000\3372\374~\256Z\222\366IRc8E\336\355E\2064^EF\012"
 256      7EAE5A92 
 256      F6495263 
 256      3845DEED 
 256      4586345E 
 257 0678 783A05BF 		.ascii	"x:\005\277;x\356s\335\202\266I\216\003JZ\367\360\254"
 257      3B78EE73 
 257      DD82B649 
 257      8E034A5A 
 257      F7F0AC
 258 068b 6DE23FD9 		.ascii	"m\342?\331\204\207*\207\027j\237_\240\235!kgP\355\246"
 258      84872A87 
 258      176A9F5F 
 258      A09D216B 
 258      6750EDA6 
 259 069f E96E3C70 		.ascii	"\351n<p\336f\304\037I\363\371!\2764\276\273(\215\231"
 259      DE66C41F 
 259      49F3F921 
 259      BE34BEBB 
 259      288D99
 260 06b2 4A0632FD 		.ascii	"J\0062\375I\356\245$Kgf\361\210\320\317\200\206=\237"
 260      49EEA524 
 260      4B6766F1 
 260      88D0CF80 
 260      863D9F
 261 06c5 9ED5CB69 		.ascii	"\236\325\313i\354^\220\306}\012\310>\177\220\375\024"
ARM GAS  /tmp/cczBoqpA.s 			page 20


 261      EC5E90C6 
 261      7D0AC83E 
 261      7F90FD14 
 262 06d5 642AF570 		.ascii	"d*\365p\245Zx\272\\\032\357?k.\023\274\374z7\344(\325"
 262      A55A78BA 
 262      5C1AEF3F 
 262      6B2E13BC 
 262      FC7A37E4 
 263 06eb 4CA0B37C 		.ascii	"L\240\263|y\374\024\363\230\345\217~\200_\315i\337\337"
 263      79FC14F3 
 263      98E58F7E 
 263      805FCD69 
 263      DFDF
 264 06fd B4517CCF 		.ascii	"\264Q|\317hO\260\231\235\352w\337\337\022\271>6\226"
 264      684FB099 
 264      9DEA77DF 
 264      DF12B93E 
 264      3696
 265 070f 8B8931AC 		.ascii	"\213\2111\254\267X\267Y\377\022op\270\014&Gb\242\303"
 265      B758B759 
 265      FF126F70 
 265      B80C2647 
 265      62A2C3
 266 0722 6E487238 		.ascii	"nHr8\335.\303\037?\330\264~S\212\301d19\234f\361\257"
 266      DD2EC31F 
 266      3FD8B47E 
 266      538AC164 
 266      31399C66 
 267 0738 BF498C31 		.ascii	"\277I\2141qa\"y'Z\235;Es\222\325\346\330\221lV;\315"
 267      71612279 
 267      275A9D3B 
 267      457392D5 
 267      E6D8916C 
 268 074f 3B8CCE44 		.ascii	";\214\316D\321\375\326\377\010\025c\341~\306`\\\237"
 268      D1FDD6FF 
 268      081563E1 
 268      7EC6605C 
 268      9F
 269 0760 58DD268B 		.ascii	"X\335&\213\270\335\351H\024\255.\347\377\305\305\302"
 269      B8DDE948 
 269      14AD2EE7 
 269      FFC5C5C2 
 270 0770 AD6420E6 		.ascii	"\255d \346\024\253\333\007\361\013\223%\336d\331\350"
 270      14ABDB07 
 270      F10B9325 
 270      DE64D9E8 
 271 0780 DAEC349B 		.ascii	"\332\3544\233\023\223\334V\207\375\003\363\316d\253"
 271      1393DC56 
 271      87FD03F3 
 271      CE64AB
 272 078f D39C1020 		.ascii	"\323\234\020 \376\311\341\260\375j\201\013\247\333`"
 272      FEC9E1B0 
 272      FD6A810B 
 272      A7DB60
 273 079e B59B6CC9 		.ascii	"\265\233l\311\011fDv\231,\011\210\252JIr9\371$S\240"
 273      09664476 
 273      992C0988 
ARM GAS  /tmp/cczBoqpA.s 			page 21


 273      AA4A4972 
 273      39F92453 
 274 07b3 CD29BA2D 		.ascii	"\315)\272-\011\2023v\035\357\214\343\235x\217\345\235"
 274      09823376 
 274      1DEF8CE3 
 274      9D788FE5 
 274      9D
 275 07c4 6BB5B24F 		.ascii	"k\265\262O\267\311\235\242\021\305d\253"
 275      B7C99DA2 
 275      11C564AB 
 276 07d0 DD1DB74E 		.ascii	"\335\035\267Nt\277cHv9\015\230\206\267\355\016\273\371"
 276      74BF6348 
 276      76390D98 
 276      86B7ED0E 
 276      BBF9
 277 07e2 6DB3719B 		.ascii	"m\263q\233\325\007\235h4Y\254v\263AL0o7&\333\334\242"
 277      D5079D68 
 277      3459AC76 
 277      B3414C30 
 277      6F3726DB 
 278 07f8 7B5792D9 		.ascii	"{W\222\331\205\256\324^\353_\377\027k\327.\227At\271"
 278      85AED45E 
 278      EB5FFF17 
 278      6BD72E97 
 278      4174B9
 279 080b 135095B0 		.ascii	"\023P\225\2603Y\214\316 Q\334av\213\233\3437\353\215"
 279      33598CCE 
 279      2051DC61 
 279      768B9BE3 
 279      37EB8D
 280 081e B64F8CBB 		.ascii	"\266O\214\273\\\242\325nC\017\353\226\312\037R5\254"
 280      5CA2D56E 
 280      430FEB96 
 280      CA1F5235 
 280      AC
 281 082f DF14BF31 		.ascii	"\337\024\2771^\0115\321eu\211;L&\304C(\027\203\012\247"
 281      5E0935D1 
 281      6575893B 
 281      4C26C443 
 281      2817830A 
 282 0844 8125DB6D 		.ascii	"\201%\333m\016\323\307\276tj\375&u\242h\266\033\267"
 282      0ED3C7BE 
 282      746AFD26 
 282      75A268B6 
 282      1BB7
 283 0856 D9CC64F5 		.ascii	"\331\314d\365\303\350\213\005\272A\276)\275(&X]^\325"
 283      C3E88B05 
 283      BA41BE29 
 283      BD282658 
 283      5D5ED5
 284 0869 FF0024F7 		.ascii	"\377\000$\367\307>"
 284      C73E
 285              		.text
 286              		.section	.gnu.lto_.symtab.2e391226bd601d3,"",%progbits
 287 0000 4E4D495F 		.ascii	"NMI_Handler\000"
 287      48616E64 
 287      6C657200 
ARM GAS  /tmp/cczBoqpA.s 			page 22


 288 000c 00       		.ascii	"\000"
 289 000d 00       		.ascii	"\000"
 290 000e 00       		.ascii	"\000"
 291 000f 00000000 		.ascii	"\000\000\000\000\000\000\000\000"
 291      00000000 
 292 0017 AD000000 		.ascii	"\255\000\000\000"
 293 001b 5F706F72 		.ascii	"_port_irq_epilogue\000"
 293      745F6972 
 293      715F6570 
 293      696C6F67 
 293      756500
 294 002e 00       		.ascii	"\000"
 295 002f 00       		.ascii	"\000"
 296 0030 00       		.ascii	"\000"
 297 0031 00000000 		.ascii	"\000\000\000\000\000\000\000\000"
 297      00000000 
 298 0039 B4000000 		.ascii	"\264\000\000\000"
 299 003d 5F706F72 		.ascii	"_port_switch_from_isr\000"
 299      745F7377 
 299      69746368 
 299      5F66726F 
 299      6D5F6973 
 300 0053 00       		.ascii	"\000"
 301 0054 02       		.ascii	"\002"
 302 0055 00       		.ascii	"\000"
 303 0056 00000000 		.ascii	"\000\000\000\000\000\000\000\000"
 303      00000000 
 304 005e B6000000 		.ascii	"\266\000\000\000"
 305 0062 5F706F72 		.ascii	"_port_exit_from_isr\000"
 305      745F6578 
 305      69745F66 
 305      726F6D5F 
 305      69737200 
 306 0076 00       		.ascii	"\000"
 307 0077 02       		.ascii	"\002"
 308 0078 00       		.ascii	"\000"
 309 0079 00000000 		.ascii	"\000\000\000\000\000\000\000\000"
 309      00000000 
 310 0081 B8000000 		.ascii	"\270\000\000\000"
 311 0085 63685363 		.ascii	"chSchIsPreemptionRequired\000"
 311      68497350 
 311      7265656D 
 311      7074696F 
 311      6E526571 
 312 009f 00       		.ascii	"\000"
 313 00a0 02       		.ascii	"\002"
 314 00a1 00       		.ascii	"\000"
 315 00a2 00000000 		.ascii	"\000\000\000\000\000\000\000\000"
 315      00000000 
 316 00aa C0000000 		.ascii	"\300\000\000\000"
 317              		.text
 318              		.section	.gnu.lto_.opts,"",%progbits
 319 0000 272D666D 		.ascii	"'-fmath-errno' '-fsigned-zeros' '-ftrapping-math' '"
 319      6174682D 
 319      6572726E 
 319      6F272027 
 319      2D667369 
ARM GAS  /tmp/cczBoqpA.s 			page 23


 320 0033 2D666E6F 		.ascii	"-fno-trapv' '-fno-openmp' '-fno-openacc' '-mcpu=cor"
 320      2D747261 
 320      70762720 
 320      272D666E 
 320      6F2D6F70 
 321 0066 7465782D 		.ascii	"tex-m0' '-mno-thumb-interwork' '-mthumb' '-ggdb' '-"
 321      6D302720 
 321      272D6D6E 
 321      6F2D7468 
 321      756D622D 
 322 0099 4F322720 		.ascii	"O2' '-Werror' '-fomit-frame-pointer' '-falign-funct"
 322      272D5765 
 322      72726F72 
 322      2720272D 
 322      666F6D69 
 323 00cc 696F6E73 		.ascii	"ions=16' '-ffunction-sections' '-fdata-sections' '-"
 323      3D313627 
 323      20272D66 
 323      66756E63 
 323      74696F6E 
 324 00ff 666E6F2D 		.ascii	"fno-common' '-flto'\000"
 324      636F6D6D 
 324      6F6E2720 
 324      272D666C 
 324      746F2700 
 325              		.text
 326              		.comm	__gnu_lto_v1,1,1
 327              		.comm	__gnu_lto_slim,1,1
 328              		.ident	"GCC: (GNU Tools for ARM Embedded Processors) 5.4.1 20160609 (release) [ARM/embedded-5-bran
ARM GAS  /tmp/cczBoqpA.s 			page 24


DEFINED SYMBOLS
                            *ABS*:0000000000000000 chcore_v6m.c
                            *COM*:0000000000000001 __gnu_lto_v1
                            *COM*:0000000000000001 __gnu_lto_slim

NO UNDEFINED SYMBOLS
