ARM GAS  /tmp/ccGrmKtF.s 			page 1


   1              		.syntax unified
   2              		.cpu cortex-m0
   3              		.fpu softvfp
   4              		.eabi_attribute 20, 1
   5              		.eabi_attribute 21, 1
   6              		.eabi_attribute 23, 3
   7              		.eabi_attribute 24, 1
   8              		.eabi_attribute 25, 1
   9              		.eabi_attribute 26, 1
  10              		.eabi_attribute 30, 2
  11              		.eabi_attribute 34, 0
  12              		.eabi_attribute 18, 4
  13              		.thumb
  14              		.syntax unified
  15              		.file	"chmemcore.c"
  16              		.text
  17              	.Ltext0:
  18              		.section	.gnu.lto_.profile.5a11cf1d0a8f06e9,"",%progbits
  19 0000 789C6361 		.ascii	"x\234ca`d`a`\000\222\025&\000\001\216\000\267"
  19      60646061 
  19      60009215 
  19      2600018E 
  19      00B7
  20              		.text
  21              		.section	.gnu.lto_.icf.5a11cf1d0a8f06e9,"",%progbits
  22 0000 789C6361 		.ascii	"x\234ca`d\000\001\013\006\004\340d\230\363\355\336u"
  22      60640001 
  22      0B0604E0 
  22      6498F3ED 
  22      DE75
  23 0012 6EA6070F 		.ascii	"n\246\007\017{v33\317\371\374\365+;\313\336\207\357"
  23      7B763333 
  23      CFF9FCF5 
  23      2B3BCBDE 
  23      87EF
  24 0024 DA59D9C0 		.ascii	"\332Y\331\300$\307\373\276\375\013\2709\337\235\231"
  24      24C7FBBE 
  24      FD0BB839 
  24      DF9D99
  25 0033 3E839D6B 		.ascii	">\203\235k\357\342/\035\374\334_\332>\335\347`\000\000"
  25      EFE22F1D 
  25      FCDC5FDA 
  25      3EDDE760 
  25      0000
  26 0045 438F1C9E 		.ascii	"C\217\034\236"
  27              		.text
  28              		.section	.gnu.lto_.jmpfuncs.5a11cf1d0a8f06e9,"",%progbits
  29 0000 789C6361 		.ascii	"x\234ca`d\000\201\034\006\004`\005b&\306\277L\214\315"
  29      60640081 
  29      1C060460 
  29      056226C6 
  29      BF4C8CCD 
  30 0014 BFF67FE6 		.ascii	"\277\366\177\346\253\377\3330\243\241A\240\225\231\241"
  30      ABFFDB30 
  30      A3A141A0 
  30      9599A1
  31 0023 931928C1 		.ascii	"\223\031(\301\270\234\261\236\201\221\205\201\001\310"
ARM GAS  /tmp/ccGrmKtF.s 			page 2


  31      B89CB19E 
  31      81918581 
  31      01C8
  32 0031 E1606264 		.ascii	"\341`bdd\256\257\307\242\226\261\223\031h.\343\012\250"
  32      64AEAFC7 
  32      A296B193 
  32      19682EE3 
  32      0AA8
  33 0043 5A2E9042 		.ascii	"Z.\220BFF\006\026\246J\220\005L\225`K\271\201\030\000"
  33      46460616 
  33      A64A9005 
  33      4C95604B 
  33      B9811800 
  34 0057 17D516ED 		.ascii	"\027\325\026\355"
  35              		.text
  36              		.section	.gnu.lto_.inline.5a11cf1d0a8f06e9,"",%progbits
  37 0000 789C6361 		.ascii	"x\234ca`d\000\201\243\014\010\300\312\300\300/\301\310"
  37      60640081 
  37      A30C08C0 
  37      CAC0C02F 
  37      C1C8
  38 0012 C02474A5 		.ascii	"\300$t\245\205\221\201m\201<\023H\220\211\233\001\250"
  38      8591816D 
  38      813C1348 
  38      90899B01 
  38      A8
  39 0023 94910BC8 		.ascii	"\224\221\013\310df`e\001J\263,\220\207\313r0H\2511\262"
  39      64666065 
  39      014AB32C 
  39      9087CB72 
  39      3048A931 
  40 0038 302A64FD 		.ascii	"0*d\375eb\\\377f\347O\336/L\255\314L@\365\313\031e\030"
  40      65625CFF 
  40      66E74FDE 
  40      2F4CADCC 
  40      4C40F5CB 
  41 004f 1815B2A1 		.ascii	"\030\025\262\2414\310.\020\301*2a&\324h\266\017z\002"
  41      34C82E10 
  41      C12A3261 
  41      26D468B6 
  41      0F7A02
  42 0062 0C1C1B74 		.ascii	"\014\034\033t\0048@L\0034\253\270\030\270T\200V1]\340"
  42      0438404C 
  42      0334ABB8 
  42      18B85480 
  42      56315DE0 
  43 0076 875B0516 		.ascii	"\207[\005\026g\341\005*\233\3407\301\017\314\343f`c"
  43      67E1052A 
  43      9BE037C1 
  43      0FCCE366 
  43      6063
  44 0088 05AA02EA 		.ascii	"\005\252\002\352\207\253b\000\000\200\236\031]"
  44      87AB6200 
  44      00809E19 
  44      5D
  45              		.text
  46              		.section	.gnu.lto_.pureconst.5a11cf1d0a8f06e9,"",%progbits
ARM GAS  /tmp/ccGrmKtF.s 			page 3


  47 0000 789C6361 		.ascii	"x\234ca`d\340e```e\330\305\310,\301!\301\265\213\221"
  47      6064E065 
  47      60606065 
  47      D8C5C82C 
  47      C121C1B5 
  48 0016 9B05000E 		.ascii	"\233\005\000\016|\001\342"
  48      7C01E2
  49              		.text
  50              		.section	.gnu.lto_chSysUnlock.5a11cf1d0a8f06e9,"",%progbits
  51 0000 789C9553 		.ascii	"x\234\225S\315KTQ\024\277\347\336\3671\216\243\271\024"
  51      CD4B5451 
  51      14BFE7DE 
  51      F7318EA3 
  51      B914
  52 0012 8A18972E 		.ascii	"\212\030\227.\364\221\213\366a\233\026\022\350\037 "
  52      F4918BF6 
  52      619B1612 
  52      E81F20
  53 0021 F41A72A8 		.ascii	"\364\032r\250qd\306BW\363\234\361\221B\211\033\305\004"
  53      7164C642 
  53      57F39CF1 
  53      9142891B 
  53      C504
  54 0033 11A2D0B4 		.ascii	"\021\242\320\264\306\217\276\034+\235\374\304(\305\205"
  54      C68FBE1C 
  54      2B9DFCC4 
  54      28C585
  55 0042 2D72A352 		.ascii	"-r\243RZ\022\244}\202\340L\347\\'\034u\202\272\360\356"
  55      5A12A47D 
  55      82E04CE7 
  55      5C271C75 
  55      82BAF0EE 
  56 0056 7BEF9CDF 		.ascii	"{\357\234\337\371\235\337=\347\036\205\001\243e(\214"
  56      F99DDF3D 
  56      E71E8501 
  56      A365288C 
  57 0066 B5E1FB2C 		.ascii	"\265\341\373,>\2401\340\255\363\214588\027\2353\214"
  57      3EA031E0 
  57      ADF38C35 
  57      3838179D 
  57      338C
  58 0078 594EF5A7 		.ascii	"YN\365\247\316,\227\340\312\350I\372{k\340\237\002\352"
  58      CE2C97E0 
  58      CAE849FA 
  58      7B6BE09F 
  58      02EA
  59 008a 1E4A05A0 		.ascii	"\036J\005\240\017\313\001,\304\205\242B\010~\360]\016"
  59      0FCB012C 
  59      C485A242 
  59      087EF05D 
  59      0E
  60 009b 13D7D763 		.ascii	"\023\327\327c\274\260\307\302\2652}\333\014[v\276-\030"
  60      BCB0C7C2 
  60      B5327DDB 
  60      0C5B76BE 
  60      2D18
  61 00ad 4B729992 		.ascii	"Kr\231\222A\017\0242\204\255\015%\332r\264F\202\271"
ARM GAS  /tmp/ccGrmKtF.s 			page 4


  61      410F1432 
  61      84AD0D25 
  61      DA72B446 
  61      82B9
  62 00bf 9BFFF8A1 		.ascii	"\233\377\370\241\0274\224\006h\030(\217[\311d\304\262"
  62      17349406 
  62      6818288F 
  62      5BC964C4 
  62      B2
  63 00d0 BA4EF516 		.ascii	"\272N\365\0269\025f\013Pi\323p\343:m\214m\341C\032\266"
  63      3915660B 
  63      5069D370 
  63      E33A6D8C 
  63      6DE1431A 
  64 00e5 39A7B7F8 		.ascii	"9\247\267\370\010\221\370\255w@,\224\"\026\373\274\254"
  64      0891F8AD 
  64      77402C94 
  64      2216FBBC 
  64      AC
  65 00f6 8776AD26 		.ascii	"\207v\255&\313\312\263\205Hr\242\276\007!\014V\330:"
  65      CBCAB385 
  65      4872A2BE 
  65      07210C56 
  65      D83A
  66 0108 844717DF 		.ascii	"\204G\027\337h\204\215\010\005\321\355\366\304\202\376"
  66      68848D08 
  66      05D1EDF6 
  66      C482FE
  67 0117 9DDB4285 		.ascii	"\235\333B\205\243\301j\263\300`4o\276^\232rvCW\203%"
  67      A3C16AB3 
  67      C060346F 
  67      BE5E9A72 
  67      76435783 
  68 012c ED1AF4E3 		.ascii	"\355\032\364\343\271\373\340\204t\266\214\0146;\214"
  68      B9FBE084 
  68      74B68C0C 
  68      363B8C
  69 013b 225BE870 		.ascii	"\"[\350p\037\272!!\217\214\366\351\033\213w\244\335"
  69      1FBA2121 
  69      8F8CF6E9 
  69      1B8B77A4 
  69      DD
  70 014c 010FC048 		.ascii	"\001\017\300H\220\0162\177\331\330)!+@\224\254\262\000"
  70      900E327F 
  70      D9D82921 
  70      2B4094AC 
  70      B200
  71 015e 0360B055 		.ascii	"\003`\260Uh\\\026\373\302\376U\311`f%C\177Q2\234\246"
  71      685C16FB 
  71      C2FE55C9 
  71      60662543 
  71      7F51329C 
  72 0173 E4D3AE3D 		.ascii	"\344\323\256=\001\230\302a\213,x\210\022\030<\302:\321"
  72      0198C261 
  72      8B2C7888 
  72      12183CC2 
  72      3AD1
ARM GAS  /tmp/ccGrmKtF.s 			page 5


  73 0185 DAE682E1 		.ascii	"\332\346\202\341m\020T/\330\023\245\376\207\250\307"
  73      6D10542F 
  73      D813A5FE 
  73      87A8C7
  74 0194 99453DC9 		.ascii	"\231E=\311(\012\340)\211\022T\210\021T\221\226SK\357"
  74      280AE029 
  74      89125488 
  74      11549196 
  74      534BEF
  75 01a7 10C80EFD 		.ascii	"\020\310\016\375\232}\325\344\302\\`\013'\212\202X*"
  75      9A7DD5E4 
  75      C25C600B 
  75      278A8258 
  75      2A
  76 01b8 CDDDF7E1 		.ascii	"\315\335\367\341\250Nt\3310*\323(\304\367\354 \237~"
  76      A84E74D9 
  76      302AD328 
  76      C4F7EC20 
  76      9F7E
  77 01ca 8440C944 		.ascii	"\204@\311D\360|\237\340\305^g\346S\235!\216T\201\024"
  77      F07C9FE0 
  77      C55E67E6 
  77      539D218E 
  77      548114
  78 01dd 36701CEF 		.ascii	"6p\034\357\236\222\371\336\271\222\324Y\030\303z\246"
  78      9E92F9DE 
  78      B992D459 
  78      18C37AA6 
  79 01ed 9F21479E 		.ascii	"\237!G\236!\2623\376-\027\241\035\022\232C\203@\346"
  79      21B233FE 
  79      2D17A11D 
  79      129A4383 
  79      40E6
  80 01ff B9CEFECB 		.ascii	"\271\316\376\313T\305Vi\316\2058Vq<\245.\2719\034\315"
  80      54C55669 
  80      CE853856 
  80      713CA52E 
  80      B9391CCD 
  81 0213 C2907CE2 		.ascii	"\302\220|\342x\211\372dZ\300\376\331\342\230\324\243"
  81      7889FA64 
  81      5AC0FED9 
  81      E298D4A3 
  82 0223 CA61D880 		.ascii	"\312a\330\200\206\265\366mqp\324\342s\013\232\234\262"
  82      86B5F66D 
  82      7170D4E2 
  82      730B9A9C 
  82      B2
  83 0234 2456F990 		.ascii	"$V\371\220+v3\201#\006\223\344T\016\217(\203)\314\302"
  83      2B763381 
  83      230693E4 
  83      540E8F28 
  83      8329CCC2 
  84 0248 605AEECC 		.ascii	"`Z\356\314\006\364\367\216M~p\025\264@\267\325\341\266"
  84      06F4F78E 
  84      4D7E7015 
  84      B440B7D5 
  84      E1B6
ARM GAS  /tmp/ccGrmKtF.s 			page 6


  85 025a 451E857C 		.ascii	"E\036\205|\215\016/e+t\336\031(\300}\026\024\266\011"
  85      8D0E2F65 
  85      2B74DE19 
  85      28C07D16 
  85      14B609
  86 026d E115BB2F 		.ascii	"\341\025\273/[\312\244\265\205\267\016\005\"\310]l\224"
  86      5BCAA4B5 
  86      85B70E05 
  86      22C85D6C 
  86      94
  87 027e 56792F78 		.ascii	"Vy/x\317W\030\376\240\021\2505\274\325\346\225\253\027"
  87      CF5718FE 
  87      A011A835 
  87      BCD5E695 
  87      AB17
  88 0290 3D865915 		.ascii	"=\206Y\025\254\017\026W\261\222\003\000\323\357\363"
  88      AC0F1657 
  88      B1920300 
  88      D3EFF3
  89 029f F9AB0D4F 		.ascii	"\371\253\015O]\255QZVq\256b\037\356\013z\203\225\227"
  89      5DAD515A 
  89      5671AE62 
  89      1FEE0B7A 
  89      839597
  90 02b2 4C13438A 		.ascii	"L\023C\2123\205\324\370\003\265A\343LyYiY\035\222\233"
  90      3385D4F8 
  90      03B541E3 
  90      4C795969 
  90      591D929B 
  91 02c6 FE80A7F2 		.ascii	"\376\200\247\362\332i\037\302\035fM\320\353q{\231\356"
  91      DA691FC2 
  91      1D664DD0 
  91      EB717B99 
  91      EE
  92 02d7 F3F8FC81 		.ascii	"\363\370\374\201z\366\033\246\343\225\012"
  92      7AF61BA6 
  92      E3950A
  93              		.text
  94              		.section	.gnu.lto__core_init.5a11cf1d0a8f06e9,"",%progbits
  95 0000 789C7D91 		.ascii	"x\234}\221OK[A\024\305\357\231\0111\210\241n\\\331\205"
  95      4F4B5B41 
  95      14C5EF99 
  95      093188A1 
  95      6E5CD985 
  96 0014 9B2C14F4 		.ascii	"\233,\024\364\271raw-\350Rh?\300#y>H\300\030I>@&\266"
  96      B9726177 
  96      2DE85268 
  96      3FC02379 
  96      3E48C018 
  97 002d A9B5AB6E 		.ascii	"\251\265\253n\352B(\026\272H\232Vc\374\237\225\217\340"
  97      EA422816 
  97      BA489A56 
  97      63FC9F95 
  97      8FE0
  98 003f 520C0841 		.ascii	"R\014\010AA\020\221\252 \245UZ\005\2054\275\363\022"
  98      411091AA 
  98      20A5555A 
ARM GAS  /tmp/ccGrmKtF.s 			page 7


  98      058534BD 
  98      F312
  99 0051 B460E8C0 		.ascii	"\264`\350\3000w\356\3149\3677w<\004\322\343\251 \032"
  99      3077EECC 
  99      39F73777 
  99      3C04D2E3 
  99      A9201A
 100 0064 E6B59327 		.ascii	"\346\265\223'$A\274\333!J\371\004\240\003\345\003%\005"
 100      2441BCDB 
 100      214AF904 
 100      A003E503 
 100      2505
 101 0076 92B81255 		.ascii	"\222\270\022U\201\322\324iQtg\024\217\243\223\263~\225"
 101      81D2D469 
 101      51746714 
 101      8FA393B3 
 101      7E95
 102 0088 75909644 		.ascii	"u\220\226D5\341:\0212\350&\276v\365\366\327\211_\366"
 102      35E13A11 
 102      32E826BE 
 102      76F5F6D7 
 102      895FF6
 103 009b 42C71F37 		.ascii	"B\307\0377K\345G\201O\352H)\247\362\272#\245J\251\256"
 103      4BE54781 
 103      4FEA4829 
 103      A7F2BA23 
 103      A54AA9AE 
 104 00af B404B290 		.ascii	"\264\004\262\220\015\231\016I_\335\373\266R\200\034"
 104      0D990E49 
 104      5FDDFBB6 
 104      52801C
 105 00be 746587C5 		.ascii	"te\207\305\205\202\267!\333\035r\026\225O\213r\367\242"
 105      8582B721 
 105      DB1D7216 
 105      954F8B72 
 105      F7A2
 106 00d0 5C43745C 		.ascii	"\\Ct\\\370\363\336\357}\245\221\272\360\005\001|F\240"
 106      F8F3DEEF 
 106      7DA591BA 
 106      F005017C 
 106      46A0
 107 00e2 0E84AFF0 		.ascii	"\016\204\257\360\352'\346\237;\252V{\251\234Mo~\377"
 107      EA27E69F 
 107      3BAA567B 
 107      A99C4D6F 
 107      7EFF
 108 00f4 A7CF4374 		.ascii	"\247\317Ct\301\307\372q\227B\350U\236b\362v\352\307"
 108      C1C7FA71 
 108      9742E855 
 108      9E62F276 
 108      EAC7
 109 0106 EC8056B0 		.ascii	"\354\200V\260\345L\272Tn\371-\322R\270(\305\342\367"
 109      E54CBA54 
 109      6EF92DD2 
 109      52B828C5 
 109      E2F7
 110 0118 83966455 		.ascii	"\203\226dU\275Q\252\235s\323\\W\247\317\267+[\255s\370"
ARM GAS  /tmp/ccGrmKtF.s 			page 8


 110      BD51AA9D 
 110      73D35C57 
 110      A7CFB72B 
 110      5BAD73F8 
 111 012c 90526E5E 		.ascii	"\220Rn^b\201\2734\217\307\\8\2179\374\353\343i\342\343"
 111      6281BB34 
 111      8FC75C38 
 111      8F39FCEB 
 111      E369E2E3 
 112 0140 999668E6 		.ascii	"\231\226h\346\003\024\330gQ\373\350\356\335\336T\332"
 112      0314D867 
 112      51FBE8EE 
 112      DDDE54DA 
 113 0150 EA1AF544 		.ascii	"\352\032\365D\033-\2615WXF\222\\\352\353;\352\007\230"
 113      1B2DB135 
 113      57584692 
 113      5CEAEB3B 
 113      EA0798
 114 0163 A239E6CA 		.ascii	"\2429\346\312\035\346j\035\363\001\227l\316\265\366"
 114      1DE66A1D 
 114      F301976C 
 114      CEB5F6
 115 0172 3FAEF53A 		.ascii	"?\256\365:\327\006s\235c\322\251\016i*\367\247.\270"
 115      D706739D 
 115      63D2A90E 
 115      692AF7A7 
 115      2EB8
 116 0184 8BDC64A6 		.ascii	"\213\334d\246\351\3513\236\205#\241\310\310\013#\226"
 116      E9E9339E 
 116      8523A1C8 
 116      C80B2396 
 117 0194 30AC5834 		.ascii	"0\254X4\032\033\347h,\0222\022q\313\260\302Q;j\305\342"
 117      1A1BE768 
 117      2C123212 
 117      71CBB0C2 
 117      513B6AC5 
 118 01a9 769F456D 		.ascii	"v\237Em\246\031\266\203\023\246=>j\232\376\306&\024"
 118      A619B683 
 118      13A63D3E 
 118      6A9AFEC6 
 118      2614
 119 01bb 4CD8A6F9 		.ascii	"L\330\246\371\027Ie\355!"
 119      174965ED 
 119      21
 120              		.text
 121              		.section	.gnu.lto_chCoreAllocAlignedI.5a11cf1d0a8f06e9,"",%progbits
 122 0000 789C9554 		.ascii	"x\234\225TKOSA\024\2363s\037\245\264\245\202\002!,H"
 122      4B4F5341 
 122      149E3373 
 122      1FA5B4A5 
 122      8202212C 
 123 0015 8C2118A5 		.ascii	"\214!\030\245\0111\0217n\374\001&\272v!\015\221F^\221"
 123      09311137 
 123      6EFC0126 
 123      BA76210D 
 123      91465E91 
 124 0029 9D9B5EB8 		.ascii	"\235\233^\270-\310\216\215D\011J\320\030A\336\370\254"
ARM GAS  /tmp/ccGrmKtF.s 			page 9


 124      2DC88E8D 
 124      44094AD0 
 124      1841DEF8 
 124      AC
 125 003a 806D0C41 		.ascii	"\200m\014A\215\250\361\201!\020\023\300D\221\260\020"
 125      8DA8F181 
 125      211013C0 
 125      4491B010 
 126 004a 9FF8807A 		.ascii	"\237\370\200z\316\314\015\251\310\306Iz:\363\315w\316"
 126      CECC0DA9 
 126      C8C6497A 
 126      3AF3CD77 
 126      CE
 127 005b 7CDF9C69 		.ascii	"|\337\234i5\006\214\306N\235\261\003\370}\014?\340b"
 127      35068CC6 
 127      4E9DB103 
 127      F87D0C3F 
 127      E062
 128 006d C05B9E32 		.ascii	"\300[\2362V\357\342\\{\225\315,\267\030\335\317,\217"
 128      56EFE25C 
 128      7B95CD2C 
 128      B718DDCF 
 128      2C8F
 129 007f E0DA9942 		.ascii	"\340\332\231B\\\351\024=\032\350\212\244ss\321D\330"
 129      5CE9143D 
 129      1AE88AA4 
 129      7373D144 
 129      D8
 130 0090 E89A6088 		.ascii	"\350\232`\210\033`*\334\004\240\211\345\002\026\346"
 130      1B602ADC 
 130      04A089E5 
 130      0216E6
 131 009f 42D30D13 		.ascii	"B\323\015\023\302\360\225\257qx\036\031l\027_xT0\320"
 131      C2F095AF 
 131      71781E19 
 131      6C175F78 
 131      5430D0
 132 00b2 70B9F2A4 		.ascii	"p\271\362\244\355\255\217\226\000\005\264\273\364>\222"
 132      EDAD8F96 
 132      0005B4BB 
 132      F43E92
 133 00c1 5E74D5B2 		.ascii	"^t\325\262\032\254\271\350\367\322\363]\011-*8Kr\006"
 133      1AACB9E8 
 133      F7D2F35D 
 133      092D2A38 
 133      4B7206
 134 00d4 5D900F57 		.ascii	"]\220\017W!\237DvC\021r/\325O=\366\212\275\300p\336"
 134      219F4476 
 134      4311722F 
 134      D54F3DF6 
 134      8ABDC070 
 135 00e9 D437F6C1 		.ascii	"\3247\366\301Wx\205\362\254\263\345VZT\010\270\006\""
 135      577885F2 
 135      ACB3E556 
 135      5A5408B8 
 135      0622
 136 00fb 350F2106 		.ascii	"5\017!\006=P\210\354\226_ks\246(\221\231v\347L\\s2_"
ARM GAS  /tmp/ccGrmKtF.s 			page 10


 136      3D5088EC 
 136      965F6B73 
 136      A6289199 
 136      76E74C5C 
 137 0112 CA4C0D7A 		.ascii	"\312L\015z7gj\014\372\240\220\350\223\211\346\001\267"
 137      37676A0C 
 137      FAA090E8 
 137      9389E601 
 137      B7
 138 0123 2895A9EB 		.ascii	"(\225\251\353/>|\324w]\246\324\304H\223\357\274\225"
 138      2F3E7CD4 
 138      775DA6D4 
 138      C44893EF 
 138      BC95
 139 0135 88144485 		.ascii	"\210\024D\205\016\375\177\247\323@\366\302\320\372Y"
 139      0EFD7FA7 
 139      D340F6C2 
 139      D0FA59
 140 0144 AF11B170 		.ascii	"\257\021\261p\024\300\000\354j\026\214|\241\235A0\260"
 140      14C000EC 
 140      6A168C7C 
 140      A19D4130 
 140      B0
 141 0155 13DC0107 		.ascii	"\023\334\001\007\216$\254d\322\266\0221suu\335\225\007"
 141      8E24AC64 
 141      D2B61231 
 141      737575DD 
 141      9507
 142 0167 783E3780 		.ascii	"x>7\200\004\230$\305E\301\015d%\235\246\036\012^\012"
 142      049824C5 
 142      45C10D64 
 142      259DA61E 
 142      0A5E0A
 143 017a 3EE92F03 		.ascii	">\351/\003\247\272\237\326\333(dR\310\242\260\235\321"
 143      A7BA9FD6 
 143      DB286452 
 143      C8A2B09D 
 143      D1
 144 018b 093B683B 		.ascii	"\011;h;\233\3269\024ri\311\330G\024B\015[\341\234\276"
 144      9BD63914 
 144      7269C9D8 
 144      4714420D 
 144      5BE19CBE 
 145 019f C522D889 		.ascii	"\305\"\330\211\370\003 i\244=\026[\2365\303k\326\031"
 145      F8032069 
 145      A43D165B 
 145      9E35C36B 
 145      D619
 146 01b1 CBF24785 		.ascii	"\313\362G\205\221\344\250\027\206 \214\311&\233\207"
 146      91E4A817 
 146      86208CC9 
 146      269B87
 147 01c0 C88CDD99 		.ascii	"\310\214\335\231A\\[\030\310\036X\216\375\360RO5`0\354"
 147      415C5B18 
 147      C81E588E 
 147      FDF0524F 
 147      356030EC 
ARM GAS  /tmp/ccGrmKtF.s 			page 11


 148 01d4 DCC00A17 		.ascii	"\334\300\012\027lt\277x\007v\253\241\250\246b\277y\330"
 148      6C74BF78 
 148      0776ABA1 
 148      A8A662BF 
 148      79D8
 149 01e6 DD23143B 		.ascii	"\335#\024;\211#\003\256c\006\322~;4\027\322lu\314\254"
 149      892303AE 
 149      6306D27E 
 149      3B3417D2 
 149      6C75CCAC 
 150 01fa 70A094AA 		.ascii	"p\240\224\252\032\033.A\271\332\326R]I4\304\340\006"
 150      1A1B2E41 
 150      B9DAD652 
 150      5D4934C4 
 150      E006
 151 020c 4AC5BDD6 		.ascii	"J\305\275\326\350\375g&\035\225\246Z\3773\376\331\207"
 151      E8FD6726 
 151      1D95A65A 
 151      FF33FED9 
 151      87
 152 021d D473929A 		.ascii	"\324s\222\232F\015!\370Q[\317\311\016\270P\337\"a7\334"
 152      460D21F8 
 152      515BCFC9 
 152      0EB850DF 
 152      226137DC 
 153 0231 C2A77B93 		.ascii	"\302\247{\223\316\303\275\344\322p\177\032\246\344R"
 153      CEC3BDE4 
 153      D2707F1A 
 153      A6E452
 154 0240 8DDBD0A1 		.ascii	"\215\333\320\241n\010\356@8*\322\245\036]\336\037\331"
 154      6E08EE40 
 154      382AD2A5 
 154      1E5DDE1F 
 154      D9
 155 0251 6C7C7D71 		.ascii	"l|}q\237\322\233.-\270Y\212y\017\242\216\323\206i\007"
 155      9FD29B2E 
 155      2DB8598A 
 155      790FA28E 
 155      D3866907 
 156 0265 F3224D3A 		.ascii	"\363\"M:o\034\007\205\370$\321\313\026\200\313W\202"
 156      6F1C0785 
 156      F824D1CB 
 156      1680CB57 
 156      82
 157 0276 ED459072 		.ascii	"\355E\220rZW\276v\352\212\224\221\352\314\003\377^\202"
 157      5A57BE76 
 157      EA8A9491 
 157      EACC03FF 
 157      5E82
 158 0288 A7598054 		.ascii	"\247Y\200T\277495\356&k\226\304u\270\213\326bd\015F"
 158      BF343935 
 158      EE266B96 
 158      C475B88B 
 158      D662640D 
 159 029d D00BD5FD 		.ascii	"\320\013\325\375d\252\242~\254\233\252w\233\264\340"
 159      64AAA27E 
 159      AC9BAA77 
ARM GAS  /tmp/ccGrmKtF.s 			page 12


 159      9BB4E0
 160 02ac 4F853211 		.ascii	"O\2052\021\335\334\254,\351\"SVj\332\243\260\355\010"
 160      DDDCAC2C 
 160      E9225356 
 160      6ADAA3B0 
 160      ED08
 161 02be 6F38C017 		.ascii	"o8\300\027\210\210r\360\255\336\351\347\216\255$\363"
 161      888872F0 
 161      ADDEE9E7 
 161      8EAD24F3 
 162 02ce AD258F6E 		.ascii	"\255%\217nH\036\333$9\033\013\221\226s\215\277\271B"
 162      481EDB24 
 162      391B0B91 
 162      96738DBF 
 162      B942
 163 02e0 72249845 		.ascii	"r$\230EOg\332\316\333\270\322\034\347\351\030\014\377"
 163      4F67DACE 
 163      DBB8D21C 
 163      E7E9180C 
 163      FF
 164 02f1 B5A855ED 		.ascii	"\265\250U\355\215\023\035\007\325v\256\324\253\256x"
 164      8D131D07 
 164      D576AED4 
 164      ABAE78
 165 0300 DE4BD87F 		.ascii	"\336K\330\177\\\347\275\015mq\324\206\305\3441\246|"
 165      5CE7BD0D 
 165      6D71D486 
 165      C5E431A6 
 165      7C
 166 0311 114BD0E0 		.ascii	"\021K\320\340g6e\262O\000P\234\257/\217\325\342aFo\274"
 166      673665B2 
 166      4F00509C 
 166      AF2F8FD5 
 166      E261466F 
 167 0326 027F7E40 		.ascii	"\002\177~@$\264\274\2738p\250\"T\026:|4PS\027\010\326"
 167      24B4BCBB 
 167      3870A822 
 167      54163A7C 
 167      34505317 
 168 033c 5455D554 		.ascii	"TU\325T\343\2542T\026\250;\025\014\004+\252\312\253"
 168      E3AC3254 
 168      16A83B15 
 168      0C042BAA 
 168      CAAB
 169 034e 8235A7CA 		.ascii	"\2025\247\312\213\203L\253\013\235.\327\217W\206NTC"
 169      8B834CAB 
 169      0B9D2ED7 
 169      8F57864E 
 169      5443
 170 0360 ED1F9BDA 		.ascii	"\355\037\233\332\262-"
 170      B22D
 171              		.text
 172              		.section	.gnu.lto_chCoreAllocAligned.5a11cf1d0a8f06e9,"",%progbits
 173 0000 789C6D92 		.ascii	"x\234m\222\337K\024Q\024\307\357\271w\366\227\272\322"
 173      DF4B1451 
 173      14C7EFB9 
 173      77F697BA 
ARM GAS  /tmp/ccGrmKtF.s 			page 13


 173      D2
 174 0011 7B3EAC0F 		.ascii	"{>\254\017\"\006\355\200\017Q\217\261O=,\201\373\007"
 174      2206ED80 
 174      0F518FB1 
 174      4F3D2C81 
 174      FB07
 175 0023 488E8B3B 		.ascii	"H\216\213;\260\277\330\331B{\331\253\273\213\032\021"
 175      B0BFD8D9 
 175      427BD9AB 
 175      BB8B1A11 
 176 0033 42051941 		.ascii	"B\005\031AT\230f\351\372#\323\025\266\006\202\0364\205"
 176      549866E9 
 176      FA23D315 
 176      B606821E 
 176      3485
 177 0045 7DF0A57A 		.ascii	"}\360\245zX\214\260\244H\243\205\"\326\355\234a\241"
 177      588CB0A4 
 177      48A38522 
 177      D6ED9C61 
 177      A1
 178 0056 5CBD3033 		.ascii	"\\\27503w\356\371~\316\367\2343\2430`\264\3269c\033"
 178      77EEF97E 
 178      CEF79C33 
 178      A33060B4 
 178      D639631B 
 179 006a F83C8917 		.ascii	"\370<\211\027\010\006|l\223\261A'\007\240\215t\002K"
 179      08067C6C 
 179      93B14127 
 179      07A08D74 
 179      024B
 180 007c 71484199 		.ascii	"qHA\231W8\0243s\367\304O\236E\231\202\257\373\033w?"
 180      57381433 
 180      73F7C44F 
 180      9E459982 
 180      AFFB1B77 
 181 0091 36D32B80 		.ascii	"6\323+\200\207\242\273;\231\306\216I)\207di\342\361"
 181      87A2BB3B 
 181      99C68E49 
 181      29876469 
 181      E2F1
 182 00a3 B9F12953 		.ascii	"\271\361)S\311\012\316\252\234\301\024\264\300$\264"
 182      C90ACEAA 
 182      9CC114B4 
 182      C024B4
 183 00b2 90C513E8 		.ascii	"\220\305\023\350@\355\303\301\255u\2678\015\014\367"
 183      40EDC3C1 
 183      AD75B738 
 183      0D0CF7
 184 00c1 C333852F 		.ascii	"\3033\205/\315\355\023\304\311\233A\351\312\012\001"
 184      CDED13C4 
 184      C99B41E9 
 184      CA0A01
 185 00d0 D320FEE7 		.ascii	"\323 \376\347\360\210\301ShG\365\330\237J\311!:-2\375"
 185      F088C153 
 185      6847F5D8 
 185      9F4AC921 
 185      3A2D32FD 
ARM GAS  /tmp/ccGrmKtF.s 			page 14


 186 00e4 E0DD2BA5 		.ascii	"\340\335+\245F\026-R\201g\365\244\302`\006\332I\376"
 186      46162D52 
 186      8167F5A4 
 186      C26006DA 
 186      49FE
 187 00f6 D61CCD35 		.ascii	"\326\034\3155\210\263\026\372a\344`Yi{D\250\271\264"
 187      88B316FA 
 187      61E46059 
 187      697B44A8 
 187      B9B4
 188 0108 D6342ECD 		.ascii	"\3264.\315\214\007\253\205\331\3038-To\317\037\334v"
 188      8C07AB85 
 188      D9C3382D 
 188      546FCF1F 
 188      DC76
 189 011a DB331297 		.ascii	"\3333\022\227\007r\320FMa/s`\307!\002\235\344\272LY"
 189      0772D046 
 189      4D612F73 
 189      60C72102 
 189      9DE4BA4C 
 190 012f ADA6A5B9 		.ascii	"\255\246\245\271\330\360}e\332\345\302\231`\275\012"
 190      D8F07D65 
 190      DAE5C299 
 190      60BD0A
 191 013e 90B79D59 		.ascii	"\220\267\235Y\014\333C\210\206\272\3179=\305\016\014"
 191      0CDB4388 
 191      86BACF39 
 191      3DC50E0C 
 192 014e 6E970BD7 		.ascii	"n\227\013\327\305a\003st\223[\251\253\034\352\275\031"
 192      C5610373 
 192      74935BA9 
 192      AB1CEABD 
 192      19
 193 015f CC83BDBE 		.ascii	"\314\203\275\276\"\263|\343\027\330\030,\020\302\353"
 193      22B37CE3 
 193      17D8182C 
 193      10C2EB
 194 016e 83BF6F7D 		.ascii	"\203\277o}\243\340\"\005\305\321|\317)\037,YwV\000\214"
 194      A3E02205 
 194      C5D17CCF 
 194      291F2C59 
 194      7756008C 
 195 0182 4FBD7CFD 		.ascii	"O\275|\375\251\251\365\015\334\227wp\"6B~\314.l5*X="
 195      A9A9F50D 
 195      DC977770 
 195      2236427E 
 195      CC2E6C35 
 196 0199 BC8056BC 		.ascii	"\274\200V\274/\203\302>C\272\264:\\\261\221-i\362\371"
 196      2F83C23E 
 196      43BAB43A 
 196      5CB1912D 
 196      69F2F9
 197 01ac AFEF1DA9 		.ascii	"\257\357\035\251\212\034\221\362DV\240\231b\325\012"
 197      8A1C91F2 
 197      4456A099 
 197      62D50A
 198 01bb 2B90C28F 		.ascii	"+\220\302\217\340@}\26641\331A\215\245\205\375\010\340"
ARM GAS  /tmp/ccGrmKtF.s 			page 15


 198      E0407DB6 
 198      3431D941 
 198      8DA585FD 
 198      08E0
 199 01cd AC721B66 		.ascii	"\254r\033f\316\243:-DZ\340\257\343b\333\300\255\031"
 199      CEA33A2D 
 199      445AE0AF 
 199      E362DBC0 
 199      AD19
 200 01df E3F49021 		.ascii	"\343\364\220!K\263\260\006tt\254#\365\260Z\263\333\205"
 200      4BB3B006 
 200      7474AC23 
 200      F5B05AB3 
 200      DB85
 201 01f1 21B378CD 		.ascii	"!\263x\315]\263\243\317\270\207\343\304\251c\027\247"
 201      5DB3A3CF 
 201      B887E3C4 
 201      A96317A7 
 202 0201 BCAA2FA4 		.ascii	"\274\252/\244\367\350\027\003j\314P\265X$\022\213\342"
 202      F7E81703 
 202      6ACC50B5 
 202      5824128B 
 202      E2
 203 0212 2EACF7A8 		.ascii	".\254\367\250FBS\265P$\030\321b\211\240Wc\212\241_\015"
 203      464253B5 
 203      502418D1 
 203      6289A057 
 203      638AA15F 
 204 0227 DA2E85F5 		.ascii	"\332.\205\365\276(\304;\217\343\202\375I\325\347\017"
 204      BE28C43B 
 204      8FE382FD 
 204      49D5E70F 
 205 0237 5C08A87A 		.ascii	"\\\010\250zT\013_\356\015\252Z\304\320\215\356>M\363"
 205      540B5FEE 
 205      0DAA5AC4 
 205      D08DEE3E 
 205      4DF3
 206 0249 8698E710 		.ascii	"\206\230\347\020\222H\376\023\205\214\001\003\005\336"
 206      9248FE13 
 206      858C0103 
 206      05DE
 207 0257 E372C663 		.ascii	"\343r\306c\211\244\241\236\357\362\373\374\375\250\244"
 207      89A4A19E 
 207      EFF2FBFC 
 207      FDA8A4
 208 0266 5ABAAF9C 		.ascii	"Z\272\257\234\211\240\334\251\305\015\275\327\2433\007"
 208      89A0DCA9 
 208      C50DBDD7 
 208      A33307
 209 0275 D6184B0C 		.ascii	"\326\030K\014\260\277\232V:\221"
 209      B0BF9A56 
 209      3A91
 210              		.text
 211              		.section	.gnu.lto_chCoreGetStatusX.5a11cf1d0a8f06e9,"",%progbits
 212 0000 789C6D91 		.ascii	"x\234m\221;K\003A\020\307gv\357\021\004\305\336\024"
 212      3B4B0341 
 212      10C76776 
ARM GAS  /tmp/ccGrmKtF.s 			page 16


 212      EF1104C5 
 212      DE14
 213 0012 692C2292 		.ascii	"i,\"\222\363+\210\215\235\240\337 G \001\317\203\344"
 213      F32B888D 
 213      9DA0DF20 
 213      472001CF 
 213      83E4
 214 0024 036493CB 		.ascii	"\003d\223\313\241\351\2640\210\017\002i\3423\3212\225"
 214      A1E9B430 
 214      880F0269 
 214      E233D132 
 214      95
 215 0035 22DAF940 		.ascii	"\"\332\371@\321J\020Q\260\010\026\211h\031\317\231$"
 215      D14A1051 
 215      B0081689 
 215      6819CF99 
 215      24
 216 0046 58481676 		.ascii	"XH\026vg\376\263\303o\376{\247\001\002\257\012\205I"
 216      67FEB3C3 
 216      6FFE7BA7 
 216      0102AF0A 
 216      8549
 217 0058 8A63B451 		.ascii	"\212c\264Q\002\212\325\033\200\\H r\242B\010Y\201Y\374"
 217      028AD51B 
 217      805C4820 
 217      72A24208 
 217      598159FC 
 218 006c 161D8177 		.ascii	"\026\035\201w\205\343m\371%|j\323H\266\2577\337FX\""
 218      85E36DF9 
 218      257C6AD3 
 218      48B6AF37 
 218      DF465822 
 219 0080 46486EA9 		.ascii	"FHn\251\373\242\031\255*\225W/\227\265\3515\317\237"
 219      FBA219AD 
 219      2A95572F 
 219      97B5E935 
 219      CF9F
 220 0092 F5A58040 		.ascii	"\365\245\200@\000\356b\030\253\030\346\021{\030\005"
 220      00EE6218 
 220      AB18E611 
 220      7B1805
 221 00a1 6A7E3DF9 		.ascii	"j~=\371Y\0376\012\212V\204[\350f\037\015\266T\237?S"
 221      591F360A 
 221      8A56845B 
 221      E8661F0D 
 221      B6549F3F 
 222 00b6 41E02915 		.ascii	"A\340)\025L\235\216\207\004\370RJ:4\2153\2353\203\017"
 222      4C9D8E87 
 222      04F8524A 
 222      3A348D33 
 222      9D33830F 
 223 00ca 13180E2D 		.ascii	"\023\030\016-\332l\264-\004G\371\216\371R\373\271b2"
 223      DA6CB42D 
 223      0447F98E 
 223      F952FBB9 
 223      6232
 224 00dc CD936CBA 		.ascii	"\315\223l\272\344\237\337\232\354RG\036\334h|<\231\331"
ARM GAS  /tmp/ccGrmKtF.s 			page 17


 224      E49FDF9A 
 224      EC52471E 
 224      DC687C3C 
 224      99D9
 225 00ee 8E5A516A 		.ascii	"\216ZQj\224jEI#\251\334\274z\274\030*\343NNu\353\022"
 225      946A4549 
 225      23A9DCBC 
 225      7ABC182A 
 225      E34E4E75 
 226 0104 0FE9D107 		.ascii	"\017\351\321\007l\031\217\260\214@\334\317>T\022\227"
 226      6C198FB0 
 226      8C40DCCF 
 226      3E541297 
 227 0114 75097B5A 		.ascii	"u\011{Z\033D\305\301\324\332\037\265\376\217\252\023"
 227      1B44C5C1 
 227      D4DA1FB5 
 227      FE8FAA13 
 228 0124 88B4B761 		.ascii	"\210\264\267a\364to\220\336mY~\350\2172\251\016M\024"
 228      F4746F90 
 228      DE6D597E 
 228      E88F32A9 
 228      0E4D14
 229 0137 7DC5FFAF 		.ascii	"}\305\377\257%\220\037N\237a\"f\315$S\361\324\334\202"
 229      25901F4E 
 229      9F612266 
 229      CD2453F1 
 229      D4DC82
 230 014a E5662CDB 		.ascii	"\345f,\333u\034w\211\262\305T\334\312\244m\313N:\011"
 230      751C7789 
 230      B2C554DC 
 230      CAA46DCB 
 230      4E3A09
 231 015d C776D389 		.ascii	"\307v\323\211\230\015\277q\013\225\220"
 231      980DBF71 
 231      0B9590
 232              		.text
 233              		.section	.gnu.lto_.symbol_nodes.5a11cf1d0a8f06e9,"",%progbits
 234 0000 789C558C 		.ascii	"x\234U\214\271\016\3020\020Dg\3548XQ\000\211\202\032"
 234      B90EC230 
 234      104467EC 
 234      38585100 
 234      89821A
 235 0013 BE745D20 		.ascii	"\276t] \012\316p\323\202\370\005\012hIME\317\361!\021"
 235      0ACE70D3 
 235      82F8050A 
 235      68494D45 
 235      CFF12111 
 236 0027 8923245C 		.ascii	"\211#$\\\215\346\275\331\215@t\011@\335 @vG\025\027"
 236      8DE6BDD9 
 236      8D407409 
 236      40DD2040 
 236      76471517 
 237 003b 77701A30 		.ascii	"wp\0320;\252^\351\314\236p\035@\253\011\205\277\321"
 237      3BAA5EE9 
 237      CC9E701D 
 237      40AB0985 
 237      BFD1
ARM GAS  /tmp/ccGrmKtF.s 			page 18


 238 004d D5F54B35 		.ascii	"\325\365K5\242\366\312d\214\374vLS\203\005\343\012\250"
 238      A2F6CA64 
 238      8CFC764C 
 238      538305E3 
 238      0AA8
 239 005f 29458537 		.ascii	")E\2057k\262~7\243\350@\2519%\012\010W\024\343\011\340"
 239      6BB27E37 
 239      A3E840A9 
 239      39250A08 
 239      5714E309 
 240 0074 5CF9905B 		.ascii	"\\\371\220[J\034\200%\245\021\200\015\305\376\003\215"
 240      4A1C8025 
 240      A511800D 
 240      C5FE038D 
 241 0084 264EAF82 		.ascii	"&N\257\202\032)\006\303\247\321\266Uw\233\"??\250\223"
 241      1A2906C3 
 241      A7D1B655 
 241      779B223F 
 241      3FA893
 242 0097 36F2AA27 		.ascii	"6\362\252'\026\037\237\300\361]\020_m\334=\312"
 242      161F9FC0 
 242      F15D105F 
 242      6DDC3DCA 
 243              		.text
 244              		.section	.gnu.lto_.refs.5a11cf1d0a8f06e9,"",%progbits
 245 0000 789C05C1 		.ascii	"x\234\005\301\261\021\300 \020\003\301\223^\274\361"
 245      B111C020 
 245      1003C193 
 245      5EBCF1
 246 000f D819097D 		.ascii	"\330\031\011}\320\177o\354\006q\200\200l\025\212=S\212"
 246      D07F6FEC 
 246      06718080 
 246      6C158A3D 
 246      538A
 247 0021 3CA4B61F 		.ascii	"<\244\266\037g\372m\362\323K\331\376h\221\342\002\034"
 247      67FA6DF2 
 247      D34BD9FE 
 247      6891E202 
 247      1C
 248 0032 A300FE   		.ascii	"\243\000\376"
 249              		.text
 250              		.section	.gnu.lto_.decls.5a11cf1d0a8f06e9,"",%progbits
 251 0000 789CB53A 		.ascii	"x\234\265:iTTYzu\337-\252\240(\240\007\2359=\011\223"
 251      69545459 
 251      7A75DF2D 
 251      AAA028A0 
 251      079D393D 
 252 0016 74F7A1D3 		.ascii	"t\367\241\323$9#v\267\3353sN\222\3519\346dzr2\351\231"
 252      24392376 
 252      B7DD3373 
 252      4E92E939 
 252      E6647A72 
 253 002d F4713239 		.ascii	"\364q29\223\234\352\022\253\205i\266\251*[;\177\346"
 253      939CEA12 
 253      AB8569B6 
 253      A92A5B3B 
 253      7FE6
ARM GAS  /tmp/ccGrmKtF.s 			page 19


 254 003f B108022A 		.ascii	"\261\010\002*;\310&\210\250\240  \262\310\242%*\"\340"
 254      3BC82688 
 254      A8A02020 
 254      B2C8A225 
 254      2A22E0
 255 0052 860B028A 		.ascii	"\206\013\002\212\240\210\212+\213\254\202\371\356R\365"
 255      A0888A2B 
 255      8BAC82F9 
 255      EE52F5
 256 0061 5E1555E8 		.ascii	"^\025U\350\237\224~T}\357~\367\333\357w\277\373\336"
 256      9F947E54 
 256      7DEF7EF7 
 256      DBEF77BF 
 256      FBDE
 257 0073 532A9082 		.ascii	"S*\220\202|n\257V(\316\252\024\212\257\004\205\342\025"
 257      7C6EAF56 
 257      28CEAA14 
 257      8AAF0485 
 257      E215
 258 0085 7CE0A7E2 		.ascii	"|\340\247\342w\000\030\240\026\240\031\340\013\005\373"
 258      770018A0 
 258      16A019E0 
 258      0B05FB
 259 0094 78009C04 		.ascii	"x\000\234\0048\005p\036\340\"@7@\017@/@?\300-\0005\300"
 259      3805701E 
 259      E0224037 
 259      400F402F 
 259      403FC02D 
 260 00ab 10C030C0 		.ascii	"\020\3000\300+\020#\000o7\0005\200\207\240\260\373\020"
 260      2B102300 
 260      6F370035 
 260      8087A0B0 
 260      FB10
 261 00bd 7EDFE332 		.ascii	"~\337\3432\353\200\366\003\370\326\000\215\005\276="
 261      EB80F603 
 261      F8D6008D 
 261      05BE3D
 262 00cc E17B11AE 		.ascii	"\341{\021\256\215\003\034\003\320\002^\017\337?\007"
 262      8D031C03 
 262      D0025E0F 
 262      DF3F07
 263 00db F012987E 		.ascii	"\360\022\230~G\001\256\003\370\022\031\360=\015c\243"
 263      4701AE03 
 263      F81219F0 
 263      3D0D63A3 
 264 00eb 00CD004F 		.ascii	"\000\315\000O\000\006\021\273~\222\353Ht]\011\264o\003"
 264      000611BB 
 264      7E92EB48 
 264      745D09B4 
 264      6F03
 265 00fd 085CCF57 		.ascii	"\010\\\317W\310^'b\237\033\327I\011D?\004@\000\177\301"
 265      C85E2762 
 265      9F1BD749 
 265      09443F04 
 265      40007FC1 
 266 0111 75479C46 		.ascii	"uG\234F\251X\3366\342#/\242\033\221\011\260\016\240"
 266      A958DE36 
ARM GAS  /tmp/ccGrmKtF.s 			page 20


 266      E2232FA2 
 266      1B9109B0 
 266      0EA0
 267 0123 83FB93F0 		.ascii	"\203\373\223\360\263\332Il!~n\342\266\374\220\363\301"
 267      B3DA496C 
 267      217E6EE2 
 267      B6FC90F3 
 267      C1
 268 0134 9C473FD7 		.ascii	"\234G?\327\033s\237\012\\\236\374Cb\241q!\313W&\353"
 268      1B739F0A 
 268      5C9EFC43 
 268      62A17121 
 268      CB5726EB 
 269 0148 2FE1BB8B 		.ascii	"/\341\273\213\317Q\363y?\202k\177\015\360\236\300\342"
 269      CF51F379 
 269      3F826B7F 
 269      0DF09EC0 
 269      E2
 270 0159 779EFBCB 		.ascii	"w\236\373\313\361Cb\255\222\311\350\340v\374F\2463\342"
 270      F14362AD 
 270      92C9E8E0 
 270      76FC46A6 
 270      33E2
 271 016b 7404253A 		.ascii	"t\004%:\012\016z.\010\350rlU>\236\024\220\257\006)\001"
 271      0A0E7A2E 
 271      08E8726C 
 271      553E9E14 
 271      90AF0629 
 272 0180 1D3B9F7B 		.ascii	"\035;\237{\327\033\320\225\032\364\016\240=\275\261"
 272      D71BD095 
 272      1AF40EA0 
 272      3DBDB1
 273 018f C7101BF5 		.ascii	"\307\020\033\365\0044\246\177\261\325G\263M\204OJ\214"
 273      0434A67F 
 273      B1D547B3 
 273      4D844F4A 
 273      8C
 274 01a0 E8DBEE4D 		.ascii	"\350\333\356M\006J\221\037:\200\374@\332A\004F\243@"
 274      064A911F 
 274      3A80FC40 
 274      DA410446 
 274      A340
 275 01b2 3F540628 		.ascii	"?T\006(\220\317?\310\350\345\263\265\200F7\365\246\372"
 275      90CF3FC8 
 275      E8E5B3B5 
 275      804637F5 
 275      A6FA
 276 01c4 30DE8364 		.ascii	"0\336\203d\370\332L\313\234\026\013\010~+k\242o\357"
 276      F8DA4CCB 
 276      9C160B08 
 276      7E2B6BA2 
 276      6FEF
 277 01d6 F146017E 		.ascii	"\361F\001~\010\230!\315~*A\024\005\005\252F\032T\201"
 277      089821CD 
 277      7E2A4114 
 277      0505AA46 
 277      1A5481
ARM GAS  /tmp/ccGrmKtF.s 			page 21


 278 01e9 B055E35C 		.ascii	"\260U\343\\\021\244?\3773\271\014\277\335\3517\\\211"
 278      11A43FFF 
 278      33B90CBF 
 278      DDE9375C 
 278      89
 279 01fa 169F178B 		.ascii	"\026\237\027\213\252\267\025\350c?\264\332O\201\016"
 279      AAB715E8 
 279      633FB4DA 
 279      4F810E
 280 0209 A3003AA4 		.ascii	"\243\000:\244@U\300\260\222\251\023#\306/ \337\024\316"
 280      4055C0B0 
 280      92A91323 
 280      C62F20DF 
 280      14CE
 281 021b FB334479 		.ascii	"\3733Dy\227\303\370!\252\375\021\344k\265\201P\367\235"
 281      97C3F821 
 281      AAFD11E4 
 281      6BB58150 
 281      F79D
 282 022d ED8A5569 		.ascii	"\355\212Ui8\357\224\327\361n\330Q\336\242\222\363\256"
 282      38EF94D7 
 282      F16ED851 
 282      DEA292F3 
 282      AE
 283 023e 598EF7BE 		.ascii	"Y\216\367\276W\243\231*m\"\341\315\375x\024\371\312"
 283      57A3992A 
 283      6D22E1CD 
 283      FD7814F9 
 283      CA
 284 024f 1C598BB4 		.ascii	"\034Y\213\2644|\265\324o\223\307\342\346\274\231\033"
 284      347CB5D4 
 284      6F93C7E2 
 284      E6BC991B 
 285 025f 57005A51 		.ascii	"W\000ZQ\237U\211]\007\241\336\032\204:\246\331\330\313"
 285      9F55895D 
 285      07A1DE1A 
 285      843AA6D9 
 285      D8CB
 286 0271 827A0F36 		.ascii	"\202z\0176{%\240\013\267SR\324,\010E\010\360\341\033"
 286      7B25A00B 
 286      B75352D4 
 286      2C084508 
 286      F0E11B
 287 0284 E945D8D1 		.ascii	"\351E\330\321)\307\200[\003\345\326H\025\257\267*\336"
 287      29C7805B 
 287      03E5D648 
 287      15AFB72A 
 287      DE
 288 0295 3051368B 		.ascii	"0Q6\213\034\315tI}\261r\261\333\323\316\314&;3\233\271"
 288      1CCD7449 
 288      7DB172B1 
 288      DBD3CECC 
 288      263B339B 
 289 02aa 99CDD4CC 		.ascii	"\231\315\324\314\203\251\327\032q?\352%I\214\336b\371"
 289      83A9D71A 
 289      713FEA25 
 289      498CDE62 
ARM GAS  /tmp/ccGrmKtF.s 			page 22


 289      F9
 290 02bb 8BD85F44 		.ascii	"\213\330_DA\301\200\2424\327\021\313p\353%d%$\177\341"
 290      41C180A2 
 290      34D711CB 
 290      70EB2564 
 290      25247FE1 
 291 02cf 8F80F835 		.ascii	"\217\200\3705\205\215\031\375\317\347\323\012K?\224"
 291      858D19FD 
 291      CFE7D30A 
 291      4B3F94
 292 02de 89C41DF1 		.ascii	"\211\304\035\361I\310\246\001\035V\260q\033W\366%H\023"
 292      49C8A601 
 292      1D56B071 
 292      1B57F625 
 292      4813
 293 02f0 64FC98BA 		.ascii	"d\374\230\272\234\235\244\263\315&d]~\227\2366m\367"
 293      9C9DA4B3 
 293      CD26645D 
 293      7E979E36 
 293      6DF7
 294 0302 C46AB206 		.ascii	"\304j\262\006\320\355\331\322\177YUnM\375\277\227\326"
 294      D0EDD9D2 
 294      7F59556E 
 294      4DFDBF97 
 294      D6
 295 0313 E8C2B9BC 		.ascii	"\350\302\271\274\\\341\355,\036\361w\224\350w?\220y"
 295      5CE1ED2C 
 295      1EF17794 
 295      E8773F90 
 295      79
 296 0324 D182DE86 		.ascii	"\321\202\336\206\277\353\225\214\266\344\356\243$\355"
 296      BFEB958C 
 296      B6E4EEA3 
 296      24ED
 297 0332 7B45A2A5 		.ascii	"{E\242\245J\034\234-]S~D\024\023D\321\242$d\3508\302"
 297      4A1C9C2D 
 297      5D537E44 
 297      141344D1 
 297      A22464E8 
 298 0348 E8045A45 		.ascii	"\350\004ZE\0248N\327\024jA\375\240\331I\364\036L\035"
 298      14384ED7 
 298      146A41FD 
 298      A0D949F4 
 298      1E4C1D
 299 035b ADBEB9C7 		.ascii	"\255\276\271\307\033\377#\325E\234\030\377\003p)\002"
 299      1BFF23D5 
 299      459C18FF 
 299      03702902 
 300 036b 2ED56D5F 		.ascii	".\325m_\0141.\"\343\322*qi\225s9E\271Tuo;\347\215M\224"
 300      0C312E22 
 300      E3D22A71 
 300      69957339 
 300      45B95475 
 301 0385 CBE1F2F9 		.ascii	"\313\341\362\371*\015)\332\350\013\015\321\020.\335"
 301      2A0D29DA 
 301      E80B0DD1 
 301      102EDD
ARM GAS  /tmp/ccGrmKtF.s 			page 23


 302 0394 6A2F3B44 		.ascii	"j/;D\352\015\\ \256\362\201K\225\217\217\315z\261K\324"
 302      EA0D5C20 
 302      AEF2814B 
 302      958F8FCD 
 302      7AB14BD4 
 303 03a8 82D967F5 		.ascii	"\202\331g\365Z\034\217\010\"\024\355\250x\350\206\002"
 303      5A1C8F08 
 303      2214EDA8 
 303      78E88602 
 304 03b8 5845186C 		.ascii	"XE\030lI\374\357\211\255\340\033\324\001i\327.\251\361"
 304      49FCEF89 
 304      ADE01BD4 
 304      0169D72E 
 304      A9F1
 305 03ca 0549B86D 		.ascii	"\005I\270mR\236)l\356A\347`\265\002cB\210\316\302\305"
 305      529E296C 
 305      EE41E760 
 305      B5026342 
 305      88CEC2C5 
 306 03de 36B62ACE 		.ascii	"6\266*\316\025\244\226\251\251f\204\325\031Du\313\314"
 306      15A496A9 
 306      A96684D5 
 306      194475CB 
 306      CC
 307 03ef DFE72B77 		.ascii	"\337\347+w\363:\255\314\315]\324\315\235\210\373y&!"
 307      F33AADCC 
 307      CD5DD4CD 
 307      9D88FB79 
 307      2621
 308 0401 FD2EF1F3 		.ascii	"\375.\361\363 \361P\\\370\230\315C@\207NK\252\235\226"
 308      20F1505C 
 308      F898CD43 
 308      40874E4B 
 308      AA9D96
 309 0414 7BE83CF5 		.ascii	"{\350<\365\320x\342\336\307^\370$5\020\025\264\357\273"
 309      D078E2DE 
 309      C75EF824 
 309      351015B4 
 309      EFBB
 310 0426 C9F9588E 		.ascii	"\311\371X\216th\305\224(\262\256\010\223\013\022\223"
 310      7468C594 
 310      28B2AE08 
 310      930B1293 
 311 0436 0B722617 		.ascii	"\013r&\027)\223\312\261\252<5\276\312\230\214\346\347"
 311      2993CAB1 
 311      AA3C35BE 
 311      CA988CE6 
 311      E7
 312 0447 ECF1926B 		.ascii	"\354\361\222kN\214\222T\277l\227!\331E\363\373}Xl-/"
 312      4E8C9254 
 312      BF6C9721 
 312      D945F3FB 
 312      7D586C2D 
 313 045c 12B539A2 		.ascii	"\022\2659\242%\026\346\371\022*tI\222yI.\263\233\312"
 313      2516E6F9 
 313      122A7449 
 313      9279492E 
ARM GAS  /tmp/ccGrmKtF.s 			page 24


 313      B39BCA
 314 046f B43C2FD9 		.ascii	"\264</\331\205\361=&\363\321\241\221\353\336v\213\273"
 314      85F13D26 
 314      F3D1A191 
 314      EBDE768B 
 314      BB
 315 0480 C64EE855 		.ascii	"\306N\350U\266\270\211\257OuFc\352k\270\306\323 \256"
 315      B6B889AF 
 315      4F754663 
 315      EA6BB8C6 
 315      D320AE
 316 0493 A56040E9 		.ascii	"\245`@\3512\245\257S\205\257Y}}\267:\377\271\206\370"
 316      32A5AF53 
 316      85AF597D 
 316      7DB73AFF 
 316      B986F8
 317 04a6 085260A6 		.ascii	"\010R`\246\364\203\034\261UIH\320\025I\333+|\213@=T"
 317      F4831CB1 
 317      554948D0 
 317      1549DB2B 
 317      7C8B403D 
 318 04bb D3A9C203 		.ascii	"\323\251\302\003s\010?c\232\266\355x5\344\305\247\247"
 318      73083F63 
 318      9AB6ED78 
 318      35E4C5A7 
 318      A7
 319 04cc 75FF675A 		.ascii	"u\377gZL\321\3474\217oH\323oX\247\367\322\351\011\217"
 319      4CD1E734 
 319      8F6F48D3 
 319      6F58A7F7 
 319      D2E9098F 
 320 04e0 9ACA112E 		.ascii	"\232\312\021.\241[\023\352k\272\\\313\247[f:\264\226"
 320      A15B13EA 
 320      6BBA5CCB 
 320      A75B663A 
 320      B496
 321 04f2 144467F7 		.ascii	"\024Dg\367I\263\373\254\263\373\351\354\224\263\361"
 321      49B3FBAC 
 321      B3FBE9EC 
 321      94B3F1
 322 0501 3A5CCB26 		.ascii	":\\\313&\237\351*\036A|\362Mi\362Mi\362M\353\344[t\362"
 322      9FE92A1E 
 322      417CF24D 
 322      69F24D69 
 322      F24DEBE4 
 323 0518 E39CCE03 		.ascii	"\343\234\316\003\350\3353B!ln\260)\020\036\223\247\323"
 323      E8DD3342 
 323      216C6EB0 
 323      29101E93 
 323      A7D3
 324 052a E3DD7037 		.ascii	"\343\335p7c\270\347\374D\226\006\0172\244\275\267 _"
 324      63B8E7FC 
 324      4496060F 
 324      32A4BDB7 
 324      205F
 325 053c 787FAF78 		.ascii	"x\177\257x\011\004\314>^\223.\306\266C\006\222\275d"
 325      0904CC3E 
ARM GAS  /tmp/ccGrmKtF.s 			page 25


 325      5E932EC6 
 325      B6430692 
 325      BD64
 326 054e 1004C0AA 		.ascii	"\020\004\300\252\226mA\267\341\312\000zW\201\206\320"
 326      966D41B7 
 326      E1CA007A 
 326      578186D0 
 327 055e FB30B5F7 		.ascii	"\3730\265\367d\224\005\277\373\220\312ibr\322O\035\326"
 327      649405BF 
 327      FB90CA69 
 327      6272D24F 
 327      1DD6
 328 0570 E145C6B9 		.ascii	"\341E\306\271\344\351B\034\346\234\253\342\314\251\214"
 328      E4E9421C 
 328      E69CABE2 
 328      CCA98C
 329 057f 7313E70C 		.ascii	"s\023\347\014y,\253\372w\341\312\035\302y\230r\356\231"
 329      792CABFA 
 329      77E1CA1D 
 329      C2799872 
 329      EE99
 330 0591 9C6ED5E0 		.ascii	"\234n\325\340\355\230\362I\215\232(\345\273\317K\202"
 330      ED98F249 
 330      8D9A28E5 
 330      BBCF4B82 
 331 05a1 D78F0E0F 		.ascii	"\327\217\016\017\012\274\007P\003^:\222\277S\313\306"
 331      0ABC0750 
 331      035E3A92 
 331      BF53CBC6 
 332 05b1 7F0A68FE 		.ascii	"\177\012h\376\355\326\001N~\232\220\327\335\316H\320"
 332      EDD6014E 
 332      7E9A90D7 
 332      DDCE48D0 
 333 05c1 F2DD8AB4 		.ascii	"\362\335\212\264'y\023\267\036\362\361\000@\237\015"
 333      277913B7 
 333      1EF2F100 
 333      409F0D
 334 05d0 C594F8E0 		.ascii	"\305\224\370\340d&*\267i\262\303\215\215\271\223\242"
 334      64262AB7 
 334      69B2C38D 
 334      8DB993A2 
 335 05e0 D998D7A5 		.ascii	"\331\230\327\245\301\351ll\353\216\212l\015\214\251"
 335      C1E96C6C 
 335      EB8E8A6C 
 335      0D8CA9
 336 05ef 58D52192 		.ascii	"X\325!\222\207\237\317\325)\331%\222\205[\310Z\314\271"
 336      879FCFD5 
 336      29D92592 
 336      855BC85A 
 336      CCB9
 337 0601 59ED8DF3 		.ascii	"Y\355\215\363\350\024\341\304te\233\273\255\362\344"
 337      E814E1C4 
 337      74659BBB 
 337      ADF2E4
 338 0610 F5FFBC41 		.ascii	"\365\377\274A\024\337B\023\220\343cR\360T\274\360\210"
 338      14DF4213 
 338      90E36352 
ARM GAS  /tmp/ccGrmKtF.s 			page 26


 338      F054BCF0 
 338      88
 339 0621 4B0BCF38 		.ascii	"K\013\3178\024\036\025/<\317\341\3423Vx\306g\237\037"
 339      141E152F 
 339      3CCFE1E2 
 339      335678C6 
 339      679F1F
 340 0634 55E23E26 		.ascii	"U\342>&\243%\361q\213\207MFf\341\252CD\306\024\310\230"
 340      A325F171 
 340      8B874D46 
 340      66E1AA43 
 340      44C614C8 
 341 0649 94644C20 		.ascii	"\224dL \327B^8\0272$\316\347h\361v%\025\322\224x\353"
 341      D7425E38 
 341      173224CE 
 341      E768F176 
 341      2515D294 
 342 065f 96126902 		.ascii	"\226\022i\002\234s\230u\302\201\251s\355N\360\2569Q"
 342      9C739875 
 342      C281A973 
 342      ED4EF0AE 
 342      3951
 343 0671 7C07CD80 		.ascii	"|\007\315\200>\323\222>S\326\355\275*%*\012\343.*\005"
 343      3ED3923E 
 343      53D6EDBD 
 343      2A252A0A 
 343      E32E2A05 
 344 0685 458B8F92 		.ascii	"E\213\217\222\335H9\210y]9(\352\334v\301\003_g\323\272"
 344      DD483988 
 344      795D3928 
 344      EADC76C1 
 344      035F67D3 
 345 069a F6CC26FB 		.ascii	"\366\314&\373\340\021\212\270\345\214\236HtC+\374\375"
 345      E0118AB8 
 345      E58C9E48 
 345      74432BFC 
 345      FD
 346 06ab 03FC53F9 		.ascii	"\003\374S\3716(\"\263\302\226\304\350%h\261\210V\020"
 346      362822B3 
 346      C296C4E8 
 346      2568B188 
 346      5610
 347 06bd 4D509410 		.ascii	"MP\224\020\200\242\005\177\364\012\371#Q\360\247k\250"
 347      80A2057F 
 347      F40AF923 
 347      51F0A76B 
 347      A8
 348 06ce 982A7EE2 		.ascii	"\230*~\342\376\347\017\307\207E1MKU\177\312'\331L\016"
 348      FEE70FC7 
 348      8745314D 
 348      4B557FCA 
 348      27D94C0E 
 349 06e2 24FA9412 		.ascii	"$\372\224\022\255\330\004Kc\037\324]=%^p$~B\265\377"
 349      ADD8044B 
 349      631FD45D 
 349      3D255E70 
 349      247E42B5 
ARM GAS  /tmp/ccGrmKtF.s 			page 27


 350 06f7 901053B7 		.ascii	"\220\020S\267Xf\263\265\"\254\031 Rp\2170\311\2611\242"
 350      5866B3B5 
 350      22AC1920 
 350      52708F30 
 350      C9B131A2 
 351 070b 2527F76F 		.ascii	"%'\367oH9\305h\036\012\335\234S\271\224\023\011Q\302"
 351      4839C568 
 351      1E0ADD9C 
 351      53B99413 
 351      0951C2
 352 071e 8B4A254E 		.ascii	"\213J%Nu\243!\312:\374\242J\213V\0048\267z+X\272\234"
 352      75A321CA 
 352      3AFCA24A 
 352      8B560438 
 352      B77A2B58 
 353 0734 D52C5CA9 		.ascii	"\325,\\\251\217~_\000\233\307;(VX\201b\004[\270\210"
 353      8F7E5F00 
 353      9BC73B28 
 353      56588162 
 353      045BB888 
 354 0748 A254E2D3 		.ascii	"\242T\342\323\330{\203\236l}\274\015h\367\363\256\002"
 354      D87B839E 
 354      6C7DBC0D 
 354      68F7F3AE 
 354      02
 355 0759 8EBE4556 		.ascii	"\216\276EV\332\310\2716\015[i\"\351\013gw=L\360\302"
 355      DAC8B936 
 355      0D5B6922 
 355      E90B6777 
 355      3D4CF0C2 
 356 076d 6D543FF4 		.ascii	"mT?\364\240}\352\236;>\317\020\353\016\376\301\322\035"
 356      A07DEA9E 
 356      3B3ECF10 
 356      EB0EFEC1 
 356      D21D
 357 077f FC03B683 		.ascii	"\374\003\266\203w'\217\227\250\361\025f[\333\216\232"
 357      77278F97 
 357      A8F11566 
 357      5BDB8E9A 
 358 078f 239EB275 		.ascii	"#\236\262u\364\317\251\361d\007O\0264h\207\244\345\007"
 358      F4CFA9F1 
 358      64074F16 
 358      346887A4 
 358      E507
 359 07a1 AE77F09D 		.ascii	"\256w\360\235`\362\007<C\267\013~(I\2409^V\222Z\254"
 359      60F2073C 
 359      43B70B7E 
 359      2849A039 
 359      5E56925A 
 360 07b6 C2034C48 		.ascii	"\302\003LH\316\321\203\323\032\331BZSN\026R\032\310"
 360      CED183D3 
 360      1AD9425A 
 360      534E1652 
 360      1AC8
 361 07c8 48916480 		.ascii	"H\221d\200H\227BR"
 361      48974252 
 362 07d0 9D0B49AE 		.ascii	"\235\013I\256\355\177\351\203\3573!\257\246Fj5l!9\341"
ARM GAS  /tmp/ccGrmKtF.s 			page 28


 362      ED7FE983 
 362      EF3321AF 
 362      A6466A35 
 362      6C2139E1 
 363 07e4 90E98483 		.ascii	"\220\351\204\203-2\373i\327\222\001\372\244K\372\244"
 363      2D32FB69 
 363      D79201FA 
 363      A44BFAA4 
 364 07f4 097C2115 		.ascii	"\011|!\025\265\016\375\030\2171\357\016\225\267&\250"
 364      B50EFD18 
 364      8F31EF0E 
 364      95B726A8 
 365 0804 F0949B43 		.ascii	"\360\224\233C\377\264\316\272q\336\330zu\267\353^0G"
 365      FFB4CEBA 
 365      71DED87A 
 365      75B7EB5E 
 365      3047
 366 0816 201BE72E 		.ascii	" \033\347.\201o\234b\241\230,\330\355\321@ #\317\025"
 366      816F9C62 
 366      A1982CD8 
 366      EDD14020 
 366      23CF15
 367 0829 B45C1952 		.ascii	"\264\\\031R\212\3533\016y\342yf\353\316\246\242\223"
 367      8AEB330E 
 367      79E27966 
 367      EBCEA6A2 
 367      93
 368 083a 5099B43C 		.ascii	"P\231\264<\347\343V\222\234/\000\362<I\177\230\015_"
 368      E7E35692 
 368      9C2F00F2 
 368      3C497F98 
 368      0D5F
 369 084c AEB8A37C 		.ascii	"\256\270\243|p\210\235\200\224\233\263\315\2368VEM\263"
 369      70889D80 
 369      949BB3CD 
 369      9E385645 
 369      4DB3
 370 085e 1C6DACD1 		.ascii	"\034m\254\321\342\004\206T\024M\024`\234\313G\346\033"
 370      E2048654 
 370      144D1460 
 370      9CCB47E6 
 370      1B
 371 086f FAB57837 		.ascii	"\372\265x7E4g\306\313\317{\303\312\360\327\372/\255"
 371      453467C6 
 371      CBCF7BC3 
 371      CAF0D7FA 
 371      2FAD
 372 0881 0BD62D08 		.ascii	"\013\326-\010\025\202R\305\002[!\007Al\011\254\220R"
 372      158252C5 
 372      025B2107 
 372      416C09AC 
 372      9052
 373 0893 80328043 		.ascii	"\2002\200C\000\373\345+\305\222~\326\237Xs\000&\354"
 373      00FBE52B 
 373      C5927ED6 
 373      9F587300 
 373      26EC
ARM GAS  /tmp/ccGrmKtF.s 			page 29


 374 08a5 91AC81F9 		.ascii	"\221\254\201\371\254 D\223\012\022yc\222U\220}`\301"
 374      AC204493 
 374      0A127963 
 374      9255907D 
 374      60C1
 375 08b7 6ECEDEC9 		.ascii	"n\316\336\311J\226[\177@F\242 \023\025V\206\226\272"
 375      4A965B7F 
 375      4046A220 
 375      13155686 
 375      96BA
 376 08c9 EBB4C240 		.ascii	"\353\264\302@\024\213\034y\305\0136f\316\215\333\013"
 376      148B1C79 
 376      C50B3666 
 376      CE8DDB0B 
 377 08d9 06BD8971 		.ascii	"\006\275\211qL\322n&\211\250\235\345Tm[\341\003\342"
 377      4CD26E26 
 377      89A89DE5 
 377      546D5BE1 
 377      03E2
 378 08eb EAEB7EAC 		.ascii	"\352\353~\254^\221\314Lt$_R\372\362\262h\351#\236\262"
 378      5E91CC4C 
 378      74245F52 
 378      FAF2B268 
 378      E9239EB2 
 379 08ff 2B7D8455 		.ascii	"+}\204U\215\225\025I\222l\347\254\230hr\376=9e\321\340"
 379      8D951549 
 379      926CE7AC 
 379      986872FE 
 379      3D3965D1 
 380 0914 C32CDEFB 		.ascii	"\303,\336\373n\317\014y\3423\014Y\330\272uBI\016\267"
 380      6ECF0C79 
 380      E2330C59 
 380      D8BA7542 
 380      490EB7
 381 0927 316FB6C2 		.ascii	"1o\266\302\026\004\325\324\351,\321\033\371\223\354"
 381      1604D5D4 
 381      E92CD11B 
 381      F993EC
 382 0936 58C174B9 		.ascii	"X\301t\271\225\365#\246\2135xG\235\007\217\025\355Y"
 382      95F523A6 
 382      8B357847 
 382      9D078F15 
 382      ED59
 383 0948 ABE687C1 		.ascii	"\253\346\207\301\011\025\216\324r\315\031\367I\346a"
 383      09158ED4 
 383      72CD19F7 
 383      49E661
 384 0957 ABCB9C50 		.ascii	"\253\313\234P\313\\\326\317\\v\324\231\313\306\344j"
 384      CB5CD6CF 
 384      5C76D499 
 384      CBC6E46A 
 385 0967 66395593 		.ascii	"f9U\223\311\265\313\213m`9\311\031T\316g\220\2748\002"
 385      C9B5CB8B 
 385      6D6039C9 
 385      1954CE67 
 385      90BC3802 
 386 097b AEA9845C 		.ascii	"\256\251\204\\\250\001\250\006\250\3429A\272\272\216"
ARM GAS  /tmp/ccGrmKtF.s 			page 30


 386      A801A806 
 386      A8E23941 
 386      BABA8E
 387 098a 23A36A7C 		.ascii	"#\243j|^\3056\232\372\376R\214\002VX\013Sd~\025\331"
 387      5EC5369A 
 387      FAFE528C 
 387      0256580B 
 387      53647E15 
 388 099f 32EA814D 		.ascii	"2\352\201M\255\264\024\216\322\245\340\\j\035Hz\003"
 388      ADB4148E 
 388      D2A5E05C 
 388      6A1D487A 
 388      03
 389 09b0 A90D2D4F 		.ascii	"\251\015-O>b\233\213\037`\215\267\306,\236\274\353#"
 389      3E629B8B 
 389      1F608DB7 
 389      C62C9EBC 
 389      EB23
 390 09c2 9B4BD585 		.ascii	"\233K\325\205\235\371^\370.\013\371\311\3631e\236\370"
 390      9DF95EF8 
 390      2E0BF9C9 
 390      F331659E 
 390      F8
 391 09d3 2143EA9F 		.ascii	"!C\352\237\036\252\367b\023-\004\277zi`\037\306\317"
 391      1EAAF762 
 391      132D04BF 
 391      7A69601F 
 391      C6CF
 392 09e5 D8A09831 		.ascii	"\330\240\2301_\350\205g\230)y\331'Z\334\\Vc\213\313"
 392      5FE88567 
 392      982979D9 
 392      275ADC5C 
 392      56638BCB 
 393 09f9 6A7CEDCE 		.ascii	"j|\355\316g\254\2559\001\001<\356\244\032\337\254\331"
 393      67ACAD39 
 393      01013CEE 
 393      A41ADFAC 
 393      D9
 394 0a0a 71CA1D8B 		.ascii	"q\312\035\213\354L~h:\266\326\007oS\333)\267\222+7\227"
 394      EC4C7E68 
 394      3AB6D607 
 394      6F53DB29 
 394      B7922B37 
 395 0a1f 7EACD613 		.ascii	"~\254\326\023\357d\203\247\357^iw\303\031\014i\314l"
 395      EF6483A7 
 395      EF5E6977 
 395      C3190C69 
 395      CC6C
 396 0a31 7EE28EF7 		.ascii	"~\342\216\3671\344\344Bo\276\006\3272\344\345\276\213"
 396      31E4E442 
 396      6FBE06D7 
 396      32E4E5BE 
 396      8B
 397 0a42 37DC710B 		.ascii	"7\334q\013C\232\352\233\333x\313\272\232\334\240\032"
 397      439AEA9B 
 397      DB78CBBA 
 397      9ADCA01A 
ARM GAS  /tmp/ccGrmKtF.s 			page 31


 398 0a52 2E18F2C6 		.ascii	".\030\362\306ml\254-9v\273\006_\244\210pd$\257\300\326"
 398      6D6CAC2D 
 398      3976BB06 
 398      5FA48870 
 398      6424AFC0 
 399 0a67 285AB254 		.ascii	"(Z\262T\260\231\234\007\365;\035\325w\356\214.\027;"
 399      B0999C07 
 399      F53B1DD5 
 399      77EE8C2E 
 399      173B
 400 0a79 68E3C43E 		.ascii	"h\343\304>\025\356g\342\356\274Z\374#\036f\277\023\312"
 400      15EE67E2 
 400      EEBC5AFC 
 400      231E66BF 
 400      13CA
 401 0a8b 13DABCF1 		.ascii	"\023\332\274\361c\206\024\237hz\254\306/\031b\275=\350"
 401      6386149F 
 401      687AACC6 
 401      2F1962BD 
 401      3DE8
 402 0a9d CB6E0F96 		.ascii	"\313n\017\226\216\336~\211q\222;\333\271n\236\255\362"
 402      8EDE7E89 
 402      71923BDB 
 402      B96E9EAD 
 402      F2
 403 0aae C63B18D2 		.ascii	"\306;\030\3224\235\327\344\2033\030r\376\356\253q\015"
 403      349DD7E4 
 403      83331872 
 403      FEEEAB71 
 403      0D
 404 0abf CE63487D 		.ascii	"\316cH}\356\242E\211\213\031\222\224\371d\2777\336\317"
 404      EEA24589 
 404      8B199294 
 404      F964BF37 
 404      DECF
 405 0ad1 90EEB96D 		.ascii	"\220\356\271m\213J\\\303\220\236\355W\372U\270\311\235"
 405      8B4A5CC3 
 405      909EED57 
 405      FA55B8C9 
 405      9D
 406 0ae2 999FD09B 		.ascii	"\231\237\320\233\343\346\262\205\275)\270ha-i\304Q\375"
 406      E3E6B285 
 406      BD29B868 
 406      612D69C4 
 406      51FD
 407 0af4 E0A83E61 		.ascii	"\340\250>ai\373\332v\261h\302\035\237d\342\216\245\246"
 407      69FBDA76 
 407      B168C21D 
 407      9F64E28E 
 407      A5A6
 408 0b06 41C0CE32 		.ascii	"A\300\3162d`WR\223'\356c\310\361\344\361\006\017<\304"
 408      64605752 
 408      9327EE63 
 408      C8F1E4F1 
 408      060F3CC4 
 409 0b1a 90F8993B 		.ascii	"\220\370\231;U>x\224\353\313;\250\225\254\203\032\215"
 409      553E7894 
ARM GAS  /tmp/ccGrmKtF.s 			page 32


 409      EBCB3BA8 
 409      95AC831A 
 409      8D
 410 0b2b B10C29F1 		.ascii	"\261\014)\361\030\033\253\334:\\\346\016c~\320$!Y\207"
 410      181BABDC 
 410      3A5CE60E 
 410      637ED024 
 410      215987
 411 0b3e E4C73AA4 		.ascii	"\344\307:\244\243\226\211\012%\236b\326]\256\351=\343"
 411      A396890A 
 411      259E62D6 
 411      5DAEE93D 
 411      E3
 412 0b4f 21EB90FE 		.ascii	"!\353\220\376\212\2364\036\200\332#\222\332~\266\360"
 412      8A9E341E 
 412      80DA2392 
 412      DA7EB6F0 
 413 0b5f DADFE9BC 		.ascii	"\332\337\351\274\017\306\373q\343\357Al\207yl\013KO"
 413      0FC6FB71 
 413      E3EF416C 
 413      87796C0B 
 413      4B4F
 414 0b71 7B61D183 		.ascii	"{a\321\203\012x\222\361h\033\226uG~\364\230\361\010"
 414      0A7892F1 
 414      681B9675 
 414      477EF498 
 414      F108
 415 0b83 043C9404 		.ascii	"\004<\224\004<\020\\H\030u.!:\375J\271\007\336\306$"
 415      3C105C48 
 415      18752E21 
 415      3AFD4AB9 
 415      07DEC624 
 416 0b97 6454541C 		.ascii	"dTT\034\222\016K\327\356D\366\320&\357)\210x,\211x\344"
 416      920E4BD7 
 416      EE44F6D0 
 416      26EF2988 
 416      782C8978 
 417 0bac 4AC413E7 		.ascii	"J\304\023\347\"2sG\336\306)\036,S\266/Vb\234\305\304"
 417      22327347 
 417      DEC6291E 
 417      2C53B62F 
 417      56629CC5 
 418 0bc1 4DB7EC3D 		.ascii	"M\267\354=*-\207\031\364\026\032\007I\317\337@\322\230"
 418      2A2D8719 
 418      F4161A07 
 418      49CFDF40 
 418      D298
 419 0bd3 7349B70A 		.ascii	"sI\267\012\236M(\361n&\252\344T\345e5.a\242\026n?\251"
 419      9E4D28F1 
 419      6E26AAE4 
 419      54E56535 
 419      2E61A216 
 420 0bea F7B6899A 		.ascii	"\367\266\211\232\003QS j\362\015D\275p.j.c\327\307\270"
 420      03515320 
 420      6AF20D44 
 420      BD702E6A 
 420      2E63D7C7 
ARM GAS  /tmp/ccGrmKtF.s 			page 33


 421 0bff 82497AB2 		.ascii	"\202Iz\262\357\302\021r\234\015\320\240?\313\222$\200"
 421      EFC21172 
 421      9C0DD0A0 
 421      3FCB9224 
 421      80
 422 0c10 25497EEA 		.ascii	"%I~\352\235l\017|\224\351\221Y6S,X\313]Q\214\370^T5"
 422      9D6C0F7C 
 422      94E99159 
 422      36532C58 
 422      CB5D518C 
 423 0c28 C838057C 		.ascii	"\3108\005|\237\320\223\021\010\013\340\302f\341\342"
 423      9FD09311 
 423      080BE0C2 
 423      66E1E2
 424 0c37 8CADDEE5 		.ascii	"\214\255\336\345\365\377\017\353\270\347A\3579I\357"
 424      F5FF0FEB 
 424      B8E741EF 
 424      3949EF
 425 0c46 00BE0CE2 		.ascii	"\000\276\014\342cK\223=\361\011&ew\352T\223\306\265"
 425      634B933D 
 425      F1092665 
 425      77EA5493 
 425      C6B5
 426 0c58 94572EA5 		.ascii	"\224W.\245d\026\376\023m\271\027A\310\202$d\336ZT\007"
 426      6416FE13 
 426      6DB91741 
 426      C8822464 
 426      DE5A5407 
 427 0c6c 2AFB4F2B 		.ascii	"*\373O+q;\223\322Z\327;\246r-%\032\273\222\322s8\244"
 427      713B93D2 
 427      5AD73BA6 
 427      722D251A 
 427      BB92D273 
 428 0c82 E02AA9DD 		.ascii	"\340*\251\335Q\030\216)X:\343X\305\354\277\3748\315"
 428      51188E29 
 428      583AE358 
 428      C5ECBFFC 
 428      38CD
 429 0c94 BEE12594 		.ascii	"\276\341%\224RS\026\203\255\247\320\350;u\327\021^d"
 429      52531683 
 429      ADA7D0E8 
 429      3B75D711 
 429      5E64
 430 0ca6 71B8B3B0 		.ascii	"q\270\263\260gX\215c\230\333gv\235+\361\302\011\014"
 430      67588D63 
 430      98DB6776 
 430      9D2BF1C2 
 430      090C
 431 0cb8 492BBFD4 		.ascii	"I+\277\324\243\302;\0302px\261Y\205S\030Rxs\254B\215"
 431      A3C23B18 
 431      327078B1 
 431      59855318 
 431      527873AC 
 432 0cce D32922DC 		.ascii	"\323)\"\334O\335_\243A\332\000\271dYc\216\222\300\244"
 432      4FDD5FA3 
 432      41DA00B9 
 432      6459638E 
ARM GAS  /tmp/ccGrmKtF.s 			page 34


 432      92C0A4
 433 0ce1 75D65698 		.ascii	"u\326V\2307Sg}Hg\220\210\265(A\262d\235\226\251\327"
 433      3753677D 
 433      48679088 
 433      B52841B2 
 433      649D96A9 
 434 0cf6 7E2DE984 		.ascii	"~-\351\204\022\3473Q\007:\007E7\\\310\220\346\304\316"
 434      12E73351 
 434      073A0745 
 434      375CC890 
 434      E6C4CE
 435 0d09 97EEB898 		.ascii	"\227\356\270\230!\271\215\361\321\032\274\217!\203\321"
 435      21B98DF1 
 435      D11ABC8F 
 435      2183D1
 436 0d18 6D57DC71 		.ascii	"mW\334q)C\306\236^}\351\205\313\031\"\316\036\357S\341"
 436      2943C69E 
 436      5E7DE985 
 436      CB1922CE 
 436      1EEF53E1 
 437 0d2c 2A86F467 		.ascii	"*\206\364g\316\014z\340\032\206\034z5\221\254\305u\334"
 437      CE0C7AE0 
 437      1A861C7A 
 437      3591ACC5 
 437      75DC
 438 0d3e F2E6CBC5 		.ascii	"\362\346\313\305\002\253\356\376\200\036\264$\265c~"
 438      02ABEEFE 
 438      801EB424 
 438      B5637E
 439 0d4d F3455810 		.ascii	"\363EX\020<\267\225\236\211\365!\215\026|h3\316\232"
 439      3CB7959E 
 439      89F5218D 
 439      167C6833 
 439      CE9A
 440 0d5f E5CCBA90 		.ascii	"\345\314\272\220\206n\326,\023c\322\300\230\002\274"
 440      866ED62C 
 440      1363D2C0 
 440      9802BC
 441 0d6e 5CD7B9FB 		.ascii	"\\\327\271\373\002m\240\010q\212#\361\322v\353\250D"
 441      026DA008 
 441      718A23F1 
 441      D276EBA8 
 441      44
 442 0d7f BDC3913A 		.ascii	"\275\303\221:N\220\365r\204\270A\"\336\346H\334\355"
 442      4E90F572 
 442      84B84122 
 442      DEE648DC 
 442      ED
 443 0d90 485C2711 		.ascii	"H\\'\021ow\316Y\256\307.\211:\335\251\211K[\370,\354"
 443      6F77CE59 
 443      AEC72E89 
 443      3ADDA989 
 443      4B5BF82C 
 444 0da5 8732318C 		.ascii	"\20721\214g\360\011\244i*\202T\310\307\376(\033\240"
 444      67F009A4 
 444      692A8254 
 444      C8C7FE28 
ARM GAS  /tmp/ccGrmKtF.s 			page 35


 444      1BA0
 445 0db7 106017C0 		.ascii	"\020`\027\300n\200=\0009\000y\000\271X\336\322WI\222"
 445      6E803D00 
 445      39007900 
 445      B958DED2 
 445      574992
 446 0dca 931D25C7 		.ascii	"\223\035%\307;\032\225/\021\247:w\256\254;\315\336I"
 446      3B1A952F 
 446      11A73A77 
 446      AEAC3BCD 
 446      DE49
 447 0ddc BB532072 		.ascii	"\273S r\322\320_X\311\272S\302j\247s\271\266\206~\333"
 447      D2D05F58 
 447      C9BA53C2 
 447      6AA773B9 
 447      B6867EDB 
 448 0df0 AB83ED3E 		.ascii	"\253\203\355>v\353NN\015\207+\333\272\033h.\236\366"
 448      76EB4E4E 
 448      0D872BDB 
 448      BA1B682E 
 448      9EF6
 449 0e02 C26334E1 		.ascii	"\302c4\341p{\372\310e\310\250\000\326\267\303\362\376"
 449      707BFAC8 
 449      65C8A800 
 449      D6B7C3F2 
 449      FE
 450 0e13 6DD900CB 		.ascii	"m\331\000\313$\230\200\342A\350~\347nf\352\327$R\365"
 450      249880E2 
 450      41E87EE7 
 450      6E66EAD7 
 450      2452F5
 451 0e26 F7DBAB9F 		.ascii	"\367\333\253\237\312\233\004\032\002\333\334\275\234"
 451      CA9B041A 
 451      02DBDCBD 
 451      9C
 452 0e33 1909C13E 		.ascii	"\031\011\301>\010A\011\266\365\252\207\242\357?\301"
 452      084109B6 
 452      F5AA87A2 
 452      EF3FC1
 453 0e42 7891AD81 		.ascii	"x\221\255\201G#\207\256\0138\306\223\"\367\247\246\256"
 453      472387AE 
 453      0B38C693 
 453      22F7A7A6 
 453      AE
 454 0e53 C3EA6748 		.ascii	"\303\352gH\315\253\2628\214\323)\362\017\333\357\015"
 454      CDABB238 
 454      8CD329F2 
 454      0FDBEF0D 
 455 0e63 0CC1A103 		.ascii	"\014\301\241\003\226\201\277v\005\377O\376\005\004\220"
 455      9681BF76 
 455      05FF4FFE 
 455      050490
 456 0e72 2FF8BB92 		.ascii	"/\370\273\222\215\300*\361\327j\003\350\351\304\366"
 456      8DC02AF1 
 456      D76A03E8 
 456      E9C4F6
 457 0e81 81E18000 		.ascii	"\201\341\200\000\353I\363\263.~\257\2124t\035P:\313"
ARM GAS  /tmp/ccGrmKtF.s 			page 36


 457      EB49F3B3 
 457      2E7EAF8A 
 457      34741D50 
 457      3ACB
 458 0e93 E5269F13 		.ascii	"\345&\237\023\\\034\003F\201\342!\241(\305l\0121\354"
 458      5C1C0346 
 458      81E221A1 
 458      28C56C0A 
 458      31EC
 459 0ea5 0E183604 		.ascii	"\016\0306\004\3713\010p\033`\000\340\026\300M\200~\200"
 459      F9330870 
 459      1B6000E0 
 459      16C04D80 
 459      7E80
 460 0eb7 3E805E80 		.ascii	">\200^\200\033\000g\000N\0004\000\034\002\250\0048\014"
 460      1B006700 
 460      4E003400 
 460      1C02A804 
 460      380C
 461 0ec9 5061977B 		.ascii	"Pa\227{\327\322\371\031\005\252W\031vP\256\3311\371"
 461      D7D2F919 
 461      05AA5719 
 461      7650AED9 
 461      31F9
 462 0edb EAAFF0A3 		.ascii	"\352\257\360\243\024\351\255[\034my\260dm\027Z\271W"
 462      14E9AD5B 
 462      1C6D79B0 
 462      646D175A 
 462      B957
 463 0eed 41B84F3A 		.ascii	"A\270O:\247_r\314\256\266\313\254*\226Y\316\017+\355"
 463      A75F72CC 
 463      AEB6CBAC 
 463      2A9659CE 
 463      0F2BED
 464 0f00 C0B29AFB 		.ascii	"\300\262\232\373\346\036\370f\030\354\253\0058\"\267"
 464      E61EF866 
 464      18ECAB05 
 464      3822B7
 465 0f0f 7170A6F1 		.ascii	"qp\246\361O\3311b\373jT\203\331q\261\332UE\262{bk\247"
 465      4FD93162 
 465      FB6A5483 
 465      D971B1DA 
 465      5545B27B 
 466 0f26 46CD726A 		.ascii	"F\315rj\214\200\350\327\252a\2311\210\011*T\007:\264"
 466      8C80E8D7 
 466      AA619931 
 466      88092A54 
 466      073AB4
 467 0f39 3AD76189 		.ascii	":\327a\211'\352\355T 3\331*p\236(wA\362\377S\242\320"
 467      27EAED54 
 467      2033D92A 
 467      709E2877 
 467      41F2FF53 
 468 0f4f 9BAEBFE9 		.ascii	"\233\256\277\351\034\217\245\211|\014\204\\\340\301"
 468      1C8FA589 
 468      7C0C845C 
 468      E0C1
ARM GAS  /tmp/ccGrmKtF.s 			page 37


 469 0f5d B46DEA8F 		.ascii	"\264m\352\217\220\213D\266Q\034\007\235\232\270~-\360"
 469      908B44B6 
 469      511C079D 
 469      9AB87E2D 
 469      F0
 470 0f6e BB196434 		.ascii	"\273\031d4\332y\350J\"O\027b*907\271\330g\230\000\213"
 470      DA79E84A 
 470      224F1762 
 470      2A393037 
 470      B9D86798 
 471 0f84 8380337C 		.ascii	"\203\2003|\206k\001\227:h\361\254\343y\260\224\275\254"
 471      866B0197 
 471      3A68F1AC 
 471      E379B094 
 471      BDAC
 472 0f96 F89C60C5 		.ascii	"\370\234`\305\247\311\276\370X\017"
 472      A7C9BEF8 
 472      580F
 473 0fa0 D69FE5A6 		.ascii	"\326\237\345\246\221\2035qE\233\324\016\021b\311a_u"
 473      91833571 
 473      459BD40E 
 473      1162C961 
 473      5F75
 474 0fb2 F0956F01 		.ascii	"\360\225o\001\252\213\216\331\377\0109l*\216\025\355"
 474      AA8B8ED9 
 474      FF08396C 
 474      2A8E15ED 
 475 0fc2 3498D0CA 		.ascii	"4\230\320\312\3159\005\277O\332\231R#\367\0251\246u"
 475      CD3905BF 
 475      4FDA9952 
 475      23F71531 
 475      A675
 476 0fd4 B90DCB91 		.ascii	"\271\015\313\221\367%>\301\22173\275\232\231\336\352"
 476      F7253EC1 
 476      913733BD 
 476      9A99DEEA 
 477 0fe4 DCF4CF73 		.ascii	"\334\364\317s\350mhb\324e\311\364V;\323\267\234\343"
 477      E86D6862 
 477      D465C9F4 
 477      563BD3B7 
 477      9CE3
 478 0ff6 A6B7E195 		.ascii	"\246\267\341\225\350\212\243\351\335\262"
 478      E88AA3E9 
 478      DDB2
 479 1000 A297E64C 		.ascii	"\242\227\346L?\005\235G\224\353\001\345\256C\034\257"
 479      3F059D47 
 479      94EB01E5 
 479      AE431CAF 
 480 1010 015C05B8 		.ascii	"\001\\\005\270\004p\021\340\034@;\300Y;\2474v\323\370"
 480      047011E0 
 480      1C403BC0 
 480      593BA734 
 480      76D3F8
 481 1023 924A7B15 		.ascii	"\222J{\025\204\022&No\013\021\332\2744Ym\272\366:\352"
 481      8412264E 
 481      6F0B11DA 
 481      BC34596D 
ARM GAS  /tmp/ccGrmKtF.s 			page 38


 481      BAF63AEA 
 482 1037 998B9473 		.ascii	"\231\213\224s\007\320^wM+_\274\235v\213\267\303I\375"
 482      07D05E77 
 482      4D2B5FBC 
 482      9D768BB7 
 482      C349FD
 483 104a B03D00B8 		.ascii	"\260=\000\270\001\034;y4.\200\301\347\301\260.\273\325"
 483      011C3B79 
 483      342E80C1 
 483      E7C1B02E 
 483      BBD5
 484 105c 37DFF45D 		.ascii	"7\337\364]\326\2018\353C\214\036N\357\254~\260'\036"
 484      D68138EB 
 484      438C1E4E 
 484      EFAC7EB0 
 484      271E
 485 106e 7D6EA4D6 		.ascii	"}n\244\326\220\354<\315im\253\3041\317{\367 \022\354"
 485      90EC3CCD 
 485      696DABC4 
 485      31CF7BF7 
 485      2012EC
 486 1081 CE253D02 		.ascii	"\316%=\002\015\344\357\217\363@\222Sv\357\353\274\324"
 486      0DE4EF8F 
 486      F3409253 
 486      76EFEBBC 
 486      D4
 487 1092 92CC7D7A 		.ascii	"\222\314}z\031\374t\353\315\374\324\215\345O\341/3?"
 487      19FC74EB 
 487      CDFCD48D 
 487      E54FE12F 
 487      333F
 488 10a4 B9AA82E8 		.ascii	"\271\252\202\350\012\270G*\204\326\224\374j\327\015"
 488      0AB8472A 
 488      84D694FC 
 488      6AD70D
 489 10b3 726A20AC 		.ascii	"rj \254\006\244\224\254\243\274\254\373\360\226f~\307"
 489      06A494AC 
 489      A3BCACFB 
 489      F096667E 
 489      C7
 490 10c4 1776BADB 		.ascii	"\027v\272\333\313\032\002NI\275\3107:b\366\340\353\250"
 490      CB1A024E 
 490      49BDC837 
 490      3A62F6E0 
 490      EBA8
 491 10d6 C7594F46 		.ascii	"\307YOFh\207\\\3232w_\273@\335\0154K[\262\205N\277l"
 491      68875CD3 
 491      32775FBB 
 491      40DD0D34 
 491      4B5BB285 
 492 10ed D11285E9 		.ascii	"\321\022\205\351\271\372._5\374\264\311\326\314\035"
 492      B9FA2E5F 
 492      35FCB4C9 
 492      D6CC1D
 493 10fc 4172F678 		.ascii	"Ar\366x\247\247X\365\025=\031?sF\373\261D\332\307H\311"
 493      A7A758F5 
 493      153D193F 
ARM GAS  /tmp/ccGrmKtF.s 			page 39


 493      7346FBB1 
 493      44DAC748 
 494 1111 C976C219 		.ascii	"\311v\302\031\251,\204\227\223x\010\341(\205\246\035"
 494      A92C8497 
 494      937808E1 
 494      2885A61D 
 495 1121 57EED2B6 		.ascii	"W\356\322\266yw'\265\235<\371\217u\354\037\226\264\357"
 495      797727B5 
 495      9D3CF98F 
 495      75EC1F96 
 495      B4EF
 496 1133 299DB6FA 		.ascii	")\235\266\372\333\344\310:~\011\353E\251Zoudm\337\027"
 496      DBE4C83A 
 496      7E09EB45 
 496      A95A6F75 
 496      646DDF17 
 497 1147 835FE73B 		.ascii	"\203_\347;x\304H\023\030\347H\276\364\3301\303\230\223"
 497      78C44813 
 497      18E748BE 
 497      F4D831C3 
 497      9893
 498 1159 46E68073 		.ascii	"F\346\200sj\031\363\251\177%\264\326\345T\276\334rz"
 498      6A19F3A9 
 498      7F25B4D6 
 498      E554BEDC 
 498      727A
 499 116b C16A67B9 		.ascii	"\301jg\271\363\332\271\345\000=\252\223\224>(\035\012"
 499      F3DAB9E5 
 499      003DAA93 
 499      943E281D 
 499      0A
 500 117c CB65B573 		.ascii	"\313e\265s\266\361\267\331\007D\271\270\352\345\304"
 500      B6F1B7D9 
 500      0744B9B8 
 500      EAE5C4
 501 118b 4DE889B4 		.ascii	"M\350\211\264j'\322,\275\367h\246\221>\346\254\264("
 501      6A27D22C 
 501      BDF768A6 
 501      913EE6AC 
 501      B428
 502 119d AA317F5C 		.ascii	"\2521\177\\X\221\032\225.\340\001\326\373\366\306Ov"
 502      58911A95 
 502      2EE001D6 
 502      FBF6C64F 
 502      76
 503 11ae B8E1C714 		.ascii	"\270\341\307\024q\277{\346q\237'\342\307@[\037\373\233"
 503      71BF7BE6 
 503      719F27E2 
 503      C7405B1F 
 503      FB9B
 504 11c0 01BE7EAC 		.ascii	"\001\276~\254\321{\272L\364@|}\217_\024\015\210\325"
 504      D17BBA4C 
 504      F4407C7D 
 504      8F5F140D 
 504      88D5
 505 11d2 8EA7CEED 		.ascii	"\216\247\316\355\340\007\273\036\273p<u\035\016\322"
 505      E007BB1E 
ARM GAS  /tmp/ccGrmKtF.s 			page 40


 505      BB703C75 
 505      1D0ED2
 506 11e1 2764CBF6 		.ascii	"'d\313\366\276\255\216\344K\216L}=\266<z\340H,KQ\373"
 506      BEAD8EE4 
 506      4B8E4C7D 
 506      3DB63C7A 
 506      E0482C4B 
 507 11f7 A733A068 		.ascii	"\2473\240h\003\351\355\356\363\031\2446?\207\3423\012"
 507      03E9EDEE 
 507      F319A436 
 507      3F87E233 
 507      0A
 508 1208 B5F911C0 		.ascii	"\265\371\021\3003\200\307\000\017\001\236\310k\265\245"
 508      3380C700 
 508      0F019EC8 
 508      6BB5A5
 509 1217 A5C72113 		.ascii	"\245\307!\023\235\030\303\034\305\342T\313\0368?\265"
 509      9D18C31C 
 509      C5E254CB 
 509      1E383FB5 
 510 1227 8F217983 		.ascii	"\217!y\203\341Y\326C%\236\244A\021^\246\336\314S;>B"
 510      E159D643 
 510      259EA441 
 510      115EA6DE 
 510      CC533B3E 
 511 123c B6693901 		.ascii	"\266i9\001\232\275\251\226\266\\\314}I\212\3468L\033"
 511      9ABDA996 
 511      B65CCC7D 
 511      498AE638 
 511      4C1B
 512 124e 9372F1A9 		.ascii	"\223r\361\2515?.M\356MP\341(-\315\217\254\221\363\343"
 512      353F2E4D 
 512      EE4D50E1 
 512      282DCD8F 
 512      AC91F3E3 
 513 1262 1E388922 		.ascii	"\0368\211\"\252\361\301k\225>\3441\276\343\363\272\373"
 513      AAF1C16B 
 513      953EE431 
 513      BEE3F3BA 
 513      FB
 514 1273 60E40831 		.ascii	"`\344\0101r\022\370Mqu\346@\235i\020?\0130\0030\357"
 514      7212F84D 
 514      7175E640 
 514      9D69103F 
 514      0B300330 
 515 1288 D0567EF6 		.ascii	"\320V~\366\230\267\225D\221F\201M\264\031\346Xj\253"
 515      98B79544 
 515      9146814D 
 515      B419E658 
 515      6AAB
 516 129a FE404249 		.ascii	"\376@BI\036\201?F\214\324\266\213>B\216)\270\213\022"
 516      1E813F46 
 516      8CD4B68B 
 516      3E428E29 
 516      B88B12
 517 12ad 93871F09 		.ascii	"\223\207\037\011\234\257\255e\227\0272\376\0144\227"
 517      9CAFAD65 
ARM GAS  /tmp/ccGrmKtF.s 			page 41


 517      971732FE 
 517      0C3497
 518 12bc 8661CAC9 		.ascii	"\206a\312\311>h9\326\317s\231,\334\027\3348[\343-;\307"
 518      3E6839D6 
 518      CF73992C 
 518      DC17DC38 
 518      5BE32D3B 
 519 12d1 80AB5AB6 		.ascii	"\200\253Z\266\306Ny\341,\352*\341\301\215\347'\325\262"
 519      C64E79E1 
 519      2CEA2AE1 
 519      C18DE727 
 519      D5B2
 520 12e3 E7319FED 		.ascii	"\3471\237\355\236$>_\204\351/%\237O\341%\317cl\256\\"
 520      9E243E5F 
 520      84E92F25 
 520      9F4FE125 
 520      CF636CAE 
 521 12f8 00F7BDCE 		.ascii	"\000\367\275\316\225 \365\356\342\225\022\364\376^\372"
 521      9520F5EE 
 521      E29512F4 
 521      FE5EFA
 522 1307 0E14ACD5 		.ascii	"\016\024\254\325\271\033\261\3426_*\347\036{\263\303"
 522      B91BB1E2 
 522      365F2AE7 
 522      1E7BB3C3 
 523 1317 C65141AE 		.ascii	"\306QA\256\300\337W\230\274\3143\232\364\242F\300\305"
 523      C0DF5798 
 523      BCCC339A 
 523      F4A246C0 
 523      C5
 524 1328 2CCA190F 		.ascii	",\312\031\017\316z\330\035\362\311-dio\216RZ\017\371"
 524      CE7AD81D 
 524      F2C92D64 
 524      696F8E52 
 524      5A0FF9
 525 133b B90F8B17 		.ascii	"\271\017\213\027\265 M,&\257\017\376\274\354\210(z\220"
 525      B5204D2C 
 525      26AF0FFE 
 525      BCEC8828 
 525      7A90
 526 134d 61242A99 		.ascii	"a$*\2310i\022\\\201\277\321J\372\346\320\360\321j\204"
 526      3069125C 
 526      81BFD14A 
 526      FAE6D0F0 
 526      D16A84
 527 1360 0F32619D 		.ascii	"\0172a\235\333\027\307\005\371\253\246\354F\253\002"
 527      DB17C705 
 527      F9ABA6EC 
 527      46AB02
 528 136f C52A7D6D 		.ascii	"\305*}mK \367\326\336Rof\226\345J\334\367\243\304VD"
 528      4B20F7D6 
 528      DE526F66 
 528      96E54ADC 
 528      F7A3C456 
 529 1384 C6518C92 		.ascii	"\306Q\214\222\277TE\177\240\255\224\375Xfo:\306\015"
 529      BF54457F 
 529      A0AD94FD 
ARM GAS  /tmp/ccGrmKtF.s 			page 42


 529      58666F3A 
 529      C60D
 530 1396 8CFDD986 		.ascii	"\214\375\331\206\3469w\246\242%\265\215\334\352PR\015"
 530      E63977A6 
 530      A225B58D 
 530      DCEA5052 
 530      0D
 531 13a7 E3966818 		.ascii	"\343\226h\030GY\304S\026/\022'\356y\341\023\214E\355"
 531      4759C453 
 531      162F1227 
 531      EE79E113 
 531      8C45ED
 532 13ba D9CA682F 		.ascii	"\331\312h/.\374\232L\3706\253p\372\003%\320\231\363"
 532      2EFC9A4C 
 532      F836AB70 
 532      FA0325D0 
 532      99F3
 533 13cc F72AEF6B 		.ascii	"\367*\357k\355\234G\336\003\223\244$2\347\221o\362|"
 533      ED9C47DE 
 533      0393A424 
 533      32E7916F 
 533      F27C
 534 13de 206B6CA7 		.ascii	" kl\247\375\233\263\213v\355b\022\247N\242\324\023}"
 534      FD9BB38B 
 534      76ED6212 
 534      A74EA2D4 
 534      137D
 535 13f0 6752D576 		.ascii	"gR\325v\324\307\354\250\267s\352\355\224\272\257\251"
 535      D4C7ECA8 
 535      B773EAED 
 535      94BAAFA9 
 536 1400 61C8FE5E 		.ascii	"a\310\376^\315u;Mvp\352\035\224zx\276\242\221?\361Q"
 536      CD753B4D 
 536      7670EA1D 
 536      947A78BE 
 536      A2913FF1 
 537 1415 01FAECEE 		.ascii	"\001\372\354\356\364\035w\327/\037'+\371\313\307;\225"
 537      F41D77D7 
 537      2F1F272B 
 537      F9CBC73B 
 537      95
 538 1426 F466F764 		.ascii	"\364f\367d\342\326i\376v\271\374m\257\225\354m\257\270"
 538      E2D669FE 
 538      76B9FC6D 
 538      AF95EC6D 
 538      AFB8
 539 1438 A2AC679E 		.ascii	"\242\254g\236\216\357\036\247*\375P\212\2220K#\201f"
 539      8EEF1EA7 
 539      2AFD508A 
 539      92304B23 
 539      8166
 540 144a 2C29426E 		.ascii	",)Bnq\026\336O\367\302]\314\377\307\267\346\354W\362"
 540      7116DE4F 
 540      F7C25DCC 
 540      FFC7B7E6 
 540      EC57F2
 541 145d 575D33EB 		.ascii	"W]3\353\364\267o\220\375G\024c\021{M5]i[@\351J\331\273"
ARM GAS  /tmp/ccGrmKtF.s 			page 43


 541      F4B76F90 
 541      FD471463 
 541      117B4D35 
 541      5D695B40 
 542 1475 8C194AF2 		.ascii	"\214\031J\362\236\335\201\241\235%j|\203q:X\261\273"
 542      9EDD81A1 
 542      9D256A7C 
 542      83713A58 
 542      B1BB
 543 1487 CA1BDF63 		.ascii	"\312\033\337cHR\353\251|\225RP\240,:\213<B\255;u\314"
 543      4852EBA9 
 543      7C955250 
 543      A02C3A8B 
 543      3C42AD3B 
 544 149d 8D0BEAB9 		.ascii	"\215\013\352\271\377\333\354\3128\362\232f\321\347\354"
 544      FFDBECCA 
 544      38F29A66 
 544      D1E7EC
 545 14ac 5DBE4CAB 		.ascii	"]\276L\253\034\224\255T\022L\022\265\213\212\312\213"
 545      1C94AD54 
 545      124C12B5 
 545      8B8ACA8B 
 546 14bc AB4CF1B2 		.ascii	"\253L\361\262\277)\255\224\367\2649\334\3419\324\341"
 546      BF29AD94 
 546      F7B439DC 
 546      E139D4E1 
 547 14cc E35D7DCF 		.ascii	"\343]}\317\220\0355\311)\331;\033\234:\227R\027\214"
 547      901D35C9 
 547      29D93B1B 
 547      9C3A9752 
 547      178C
 548 14de F5C4D9A7 		.ascii	"\365\304\331\247U\227]0\363\224\326^\230\374\204\011"
 548      55975D30 
 548      F394D65E 
 548      98FC8409 
 549 14ee DBB71E8C 		.ascii	"\333\267\036\214R\343\375^\324\324\216\313\027\237{"
 549      52E3FD5E 
 549      D4D48ECB 
 549      179F7B
 550 14fd 585F166E 		.ascii	"X_\026n\010\344/\013\2672\377\345K\376\313\227\033U"
 550      08E42F0B 
 550      B732FFE5 
 550      4BFECB97 
 550      1B55
 551 150f 408DDA3F 		.ascii	"@\215\332?=\223\344\215\253\030\237\373\226\355e^\234"
 551      3D93E48D 
 551      AB189FFB 
 551      96ED655E 
 551      9C
 552 1520 4F46DD7F 		.ascii	"OF\335\177\015\330\361\331-\361\331-\347SH\371LF\245"
 552      0DD8F1D9 
 552      2DF1D92D 
 552      E75348F9 
 552      4C46A5
 553 1533 57BAE346 		.ascii	"W\272\343F/\027\256\277\361\344\314\001ls}\310\256\361"
 553      2F17AEBF 
 553      F1E4CC01 
ARM GAS  /tmp/ccGrmKtF.s 			page 44


 553      6C737DC8 
 553      AEF1
 554 1545 7B3CC62B 		.ascii	"{<\306+)\357\"\233\357\367\200\357\213\344\354\213\225"
 554      29EF229B 
 554      EFF780EF 
 554      8BE4EC8B 
 554      95
 555 1556 EF299441 		.ascii	"\357)\224A\301z\243gP\360\227\337\231\326\205\207F\004"
 555      C17AA367 
 555      50F097DF 
 555      99D68587 
 555      4604
 556 1568 7DE3FECB 		.ascii	"}\343\376\313\177_\367\316\332\017?T\274\263*pmp\310"
 556      7F5FF7CE 
 556      DA0F3F54 
 556      BCB32A70 
 556      6D70C8
 557 157b FA902FBE 		.ascii	"\372\220/\276\014\2140\005\032\315\201!\341A\241\233"
 557      0C8C3005 
 557      1ACD8121 
 557      E141A19B 
 558 158b 36180283 		.ascii	"6\030\002\203\202M\337\231V\005+4\272\240\010\243A\027"
 558      824DDF99 
 558      56052B34 
 558      BAA008A3 
 558      4117
 559 159d 121E62FE 		.ascii	"\022\036b\376;;\332\240\210\260\260\210p\370\025\032"
 559      3B3BDAA0 
 559      88B0B088 
 559      70F8151A 
 560 15ad B23ED064 		.ascii	"\262>\320d\014\202\031a\2060B\274*H\261\"(x-\374\372"
 560      0C821961 
 560      863042BC 
 560      2A48B122 
 560      28782DFC 
 561 15c2 452808FB 		.ascii	"E(\010\373Eh\310\306p\303\206_\251L!\377k\320\231?\012"
 561      4568C8C6 
 561      70C3865F 
 561      A94C21FF 
 561      6BD0993F 
 562 15d7 DC643206 		.ascii	"\334d2\006\222I\033\203\202\002\365\306\260\037\207"
 562      92491B83 
 562      8202F5C6 
 562      B01F87
 563 15e6 47841B7E 		.ascii	"G\204\033~l\320\257\017\011\374d\325\232U\037\332T0"
 563      6CD0AF0F 
 563      09FC64D5 
 563      9A551FDA 
 563      5430
 564 15f8 99376C30 		.ascii	"\2317l0|\015:\370.\345\366\026\273\364K\203\371K\263"
 564      7C0D3AF8 
 564      2EE5F616 
 564      BBF44B83 
 564      F94BB3
 565 160b DEBCC9F4 		.ascii	"\336\274\311\364{\017j\335\347\372P\363\367t\033\326"
 565      7B0F6ADD 
 565      E7FA50F3 
ARM GAS  /tmp/ccGrmKtF.s 			page 45


 565      F7741BD6 
 566 161b 6FD40505 		.ascii	"o\324\005\005\033\202\276\321m\242\326\276\347\332\310"
 566      1B82BED1 
 566      6DA2D6BE 
 566      E7DAC8
 567 162a 0D86F59B 		.ascii	"\015\206\365\2336\202\010\340\367\317\3537\256%\223"
 567      368208E0 
 567      F7CFEB37 
 567      AE2593
 568 1639 D686EA4D 		.ascii	"\326\206\352M\246_\371\310\270\020\036Z\231\367\024"
 568      A65FF9C8 
 568      B8101E5A 
 568      99F714
 569 1648 5E3ADDD7 		.ascii	"^:\335\327\233\302\203t\272U\237\254\376\364\023w+\266"
 569      9BC28374 
 569      BA559FAC 
 569      FEF41377 
 569      2BB6
 570 165a D289D572 		.ascii	"\322\211\325r\332\237|\262Z\010\012\306\300X\035b2\352"
 570      DA9F7CB2 
 570      5A080AC6 
 570      C0581D62 
 570      32EA
 571 166c 82C2CD1E 		.ascii	"\202\302\315\036:\360\254\371\343\217t\3465\324-\366"
 571      3AF0ACF9 
 571      E38F74E6 
 571      35D42DF6 
 572 167c EEB0AA19 		.ascii	"\356\260\252\031\246\017\012\016\0117\004\352\300\035"
 572      A60F0A0E 
 572      093704EA 
 572      C01D
 573 168a FA4DA166 		.ascii	"\372M\241f\235\371\273H\003\011\216\232O\376\333e&C"
 573      9DF9BB48 
 573      03098E9A 
 573      4FFEDB65 
 573      2643
 574 169c 180375E0 		.ascii	"\030\003u\340J \205\031n Tg\376\231\263HFF\030\315\246"
 574      4A208519 
 574      6E205467 
 574      FE99B348 
 574      464618CD 
 575 16b1 C05FFCC7 		.ascii	"\300_\374\307\257\327\376z\013\271\026\031\022j0\232"
 575      AFD7FE7A 
 575      0BB91619 
 575      126A309A 
 576 16c1 027FB976 		.ascii	"\002\177\271v-\370\311*\321#R\037\036\022\244\0133m"
 576      2DF8C92A 
 576      D123521F 
 576      1E12A40B 
 576      336D
 577 16d3 F4090AD6 		.ascii	"\364\011\012\326\001o\263!LG\235\350N<Clzw\231\224\002"
 577      016FB321 
 577      4C479DE8 
 577      4E3C436C 
 577      7A779994 
 578 16e8 8703136F 		.ascii	"\207\003\023o\371<\235\371\375es\320*Y\365\25594\304"
 578      F93C9DF9 
ARM GAS  /tmp/ccGrmKtF.s 			page 46


 578      FD6573D0 
 578      2A59F5AD 
 578      3934C4
 579 16fb 6476DB60 		.ascii	"dv\333`\0105\3535:\335&n\273\273\365\207\007!\016\011"
 579      0835EB35 
 579      3ADD266E 
 579      BBBBF587 
 579      07210E09 
 580 170f 83145346 		.ascii	"\203\024SF\032\015\337*\211\327\335\2775S\347\233\225"
 580      1A0DDF2A 
 580      89D7DDBF 
 580      3553E79B 
 580      95
 581 1720 E1862D66 		.ascii	"\341\206-f\010\262\356\333\020\243y\223>TG(\2158Ro\364"
 581      08B2EEDB 
 581      10A37993 
 581      3E544728 
 581      8D38526F 
 582 1735 B1BBA233 		.ascii	"\261\273\2423\377\300\221\310\244#r\325\234\373\367"
 582      FFC091C8 
 582      A42372D5 
 582      9CFBF7
 583 1744 9D8CE9CC 		.ascii	"\235\214\351\314nF\252[D\350\006\203\321\335h\320\207"
 583      6E46AA5B 
 583      44E80683 
 583      D1DD68D0 
 583      87
 584 1755 461A4322 		.ascii	"F\032C\"\324f\362WgV\207\231\267\260\341\315\341\006"
 584      D466F257 
 584      67568799 
 584      B7B0E1CD 
 584      E106
 585 1767 A3DB9F36 		.ascii	"\243\333\2376\0316\031\210*\346`\240\334`\322\321\013"
 585      19361988 
 585      2AE660A0 
 585      DC60D2D1 
 585      0B
 586 1778 3E761899 		.ascii	">v\030\231\264\311l\330\002\346\001!\375\351n\2104\204"
 586      B4C96CD8 
 586      02E60121 
 586      FDE96E88 
 586      3484
 587 178a 4314377A 		.ascii	"C\0247z\032\2765\204\233\303\364\246o`\024\002A'\250"
 587      1ABE3584 
 587      9BC3F4A6 
 587      6F601402 
 587      4127A8
 588 179d 37EB43CC 		.ascii	"7\353C\3140\350#\343Kdz\313\021\235\031mR\0316\223\251"
 588      30E823E3 
 588      4B647ACB 
 588      119D196D 
 588      52193693 
 589 17b2 AACD66D0 		.ascii	"\252\315f\320*\022\276L\206\260H\014a\323\222x\032\302"
 589      2A12BE4C 
 589      86B0480C 
 589      61D39278 
 589      1AC2
ARM GAS  /tmp/ccGrmKtF.s 			page 47


 590 17c4 F491C190 		.ascii	"\364\221\301\220\302j\023\021a\332\350\006"
 590      C26A1311 
 590      61DAE806 
 591 17d0 00D66D36 		.ascii	"\000\326m6\233\215\221\276\214\225\316h\370\332`4\204"
 591      9B8D91BE 
 591      8C95CE68 
 591      F8DA6034 
 591      84
 592 17e1 07819230 		.ascii	"\007\201\2220=b\375\037#\335\015[B\314A\021\033\014"
 592      3D62FD1F 
 592      23DD0D5B 
 592      42CC4111 
 592      1B0C
 593 17f3 2AE386EF 		.ascii	"*\343\206\357`\206\022HL\036,D?\005S\254\337fr\035\330"
 593      60861248 
 593      4C1E2C44 
 593      3F0553AC 
 593      DF66721D 
 594 1808 7D1DAADF 		.ascii	"}\035\252\337hR\233\303`\006`&X\300\006w3\375\",\365"
 594      68529BC3 
 594      60066026 
 594      58C00677 
 594      33FD222C 
 595 181d EBF52603 		.ascii	"\353\365&\003\017\360\247kx\200\311\017\215\311\374"
 595      0FF0A76B 
 595      7880C90F 
 595      8DC9FC
 596 182c 8D9E2C2B 		.ascii	"\215\236,+\235\363Rd\237\300\301\264\024\005+\224\341"
 596      9DF35264 
 596      9FC0C1B4 
 596      14052B94 
 596      E1
 597 183d FA30835B 		.ascii	"\3720\203[\270a3\204;\310\274E0E\012\241$F\033a\271"
 597      B8613384 
 597      3BC8BC45 
 597      30450AA1 
 597      24461B61 
 598 1852 E8CC82F1 		.ascii	"\350\314\202\361'\202\361S\301\370\211`\\\203\215\037"
 598      2782F153 
 598      C1F88960 
 598      5C838D1F 
 599 1862 7E08B05A 		.ascii	"~\010\260Z0\376L0\376\324\223\260#\253\023&\255zCq\272"
 599      30FE4C30 
 599      FED493B0 
 599      23AB1326 
 599      AD7A4371 
 600 1877 6F3F0D03 		.ascii	"o?\015\003\221Z:5(\"\034\302F\2221$\302\303\026\026"
 600      915A3A35 
 600      28221CC2 
 600      46923124 
 600      C2C31616 
 601 188b B7B0C888 		.ascii	"\267\260\310\210\210Pw\356K\3632\365\027\342\003\274"
 601      885077EE 
 601      4BF332F5 
 601      17E203BC 
 602 189b 962BD006 		.ascii	"\226+\320\006\"\314\013X\023^\337\2614\015\332d\204"
 602      22CC0B58 
ARM GAS  /tmp/ccGrmKtF.s 			page 48


 602      135EDFB1 
 602      340DDA64 
 602      84
 603 18ac E098B5D2 		.ascii	"\340\230\265\322%X\031\266\245\252\011\323\203ET\266"
 603      255819B6 
 603      A5AA09D3 
 603      834554B6 
 604 18bc A7B47ECD 		.ascii	"\247\264~\315j\262:\240zC\255\0126\350#u$\002:\235\012"
 604      6AB23AA0 
 604      7A43AD0A 
 604      36E82375 
 604      24023A9D 
 605 18d1 F20D2E6A 		.ascii	"\362\015.j\371E\300t:\346\025VVa\300\020\256_\037\012"
 605      F945C074 
 605      3AE61556 
 605      5661C010 
 605      AE5F1F0A 
 606 18e5 BB83F14F 		.ascii	"\273\203\361O^\372\320\315\372\357L\340\260P(U\0379"
 606      5EFAD0CD 
 606      FAEF4CE0 
 606      B0502855 
 606      1F39
 607 18f7 7318C808 		.ascii	"s\030\310\010\\\373\353/\177\365\245dC\230)\304\244"
 607      5CFBEB2F 
 607      7FF5A564 
 607      439829C4 
 607      A4
 608 1908 837D8054 		.ascii	"\203}\200T\026Z`\377\015\370zP\031D\002\350\263!\304"
 608      165A60FF 
 608      0DF87A50 
 608      194402E8 
 608      B321C4
 609 191b 6415F17F 		.ascii	"d\025\361\177\375\352\304:"
 609      FDEAC43A 
 610              		.text
 611              		.section	.gnu.lto_.symtab.5a11cf1d0a8f06e9,"",%progbits
 612 0000 5F636F72 		.ascii	"_core_init\000"
 612      655F696E 
 612      697400
 613 000b 00       		.ascii	"\000"
 614 000c 00       		.ascii	"\000"
 615 000d 00       		.ascii	"\000"
 616 000e 00000000 		.ascii	"\000\000\000\000\000\000\000\000"
 616      00000000 
 617 0016 C3000000 		.ascii	"\303\000\000\000"
 618 001a 6368436F 		.ascii	"chCoreAllocAlignedI\000"
 618      7265416C 
 618      6C6F6341 
 618      6C69676E 
 618      65644900 
 619 002e 00       		.ascii	"\000"
 620 002f 00       		.ascii	"\000"
 621 0030 00       		.ascii	"\000"
 622 0031 00000000 		.ascii	"\000\000\000\000\000\000\000\000"
 622      00000000 
 623 0039 CD000000 		.ascii	"\315\000\000\000"
 624 003d 6368436F 		.ascii	"chCoreAllocAligned\000"
ARM GAS  /tmp/ccGrmKtF.s 			page 49


 624      7265416C 
 624      6C6F6341 
 624      6C69676E 
 624      656400
 625 0050 00       		.ascii	"\000"
 626 0051 00       		.ascii	"\000"
 627 0052 00       		.ascii	"\000"
 628 0053 00000000 		.ascii	"\000\000\000\000\000\000\000\000"
 628      00000000 
 629 005b CF000000 		.ascii	"\317\000\000\000"
 630 005f 6368436F 		.ascii	"chCoreGetStatusX\000"
 630      72654765 
 630      74537461 
 630      74757358 
 630      00
 631 0070 00       		.ascii	"\000"
 632 0071 00       		.ascii	"\000"
 633 0072 00       		.ascii	"\000"
 634 0073 00000000 		.ascii	"\000\000\000\000\000\000\000\000"
 634      00000000 
 635 007b D2000000 		.ascii	"\322\000\000\000"
 636 007f 636800   		.ascii	"ch\000"
 637 0082 00       		.ascii	"\000"
 638 0083 02       		.ascii	"\002"
 639 0084 00       		.ascii	"\000"
 640 0085 00000000 		.ascii	"\000\000\000\000\000\000\000\000"
 640      00000000 
 641 008d FF010000 		.ascii	"\377\001\000\000"
 642 0091 5F5F6865 		.ascii	"__heap_base__\000"
 642      61705F62 
 642      6173655F 
 642      5F00
 643 009f 00       		.ascii	"\000"
 644 00a0 02       		.ascii	"\002"
 645 00a1 00       		.ascii	"\000"
 646 00a2 00000000 		.ascii	"\000\000\000\000\000\000\000\000"
 646      00000000 
 647 00aa 05020000 		.ascii	"\005\002\000\000"
 648 00ae 5F5F6865 		.ascii	"__heap_end__\000"
 648      61705F65 
 648      6E645F5F 
 648      00
 649 00bb 00       		.ascii	"\000"
 650 00bc 02       		.ascii	"\002"
 651 00bd 00       		.ascii	"\000"
 652 00be 00000000 		.ascii	"\000\000\000\000\000\000\000\000"
 652      00000000 
 653 00c6 09020000 		.ascii	"\011\002\000\000"
 654 00ca 63685379 		.ascii	"chSysHalt\000"
 654      7348616C 
 654      7400
 655 00d4 00       		.ascii	"\000"
 656 00d5 02       		.ascii	"\002"
 657 00d6 00       		.ascii	"\000"
 658 00d7 00000000 		.ascii	"\000\000\000\000\000\000\000\000"
 658      00000000 
 659 00df D7000000 		.ascii	"\327\000\000\000"
ARM GAS  /tmp/ccGrmKtF.s 			page 50


 660 00e3 5F646267 		.ascii	"_dbg_check_unlock\000"
 660      5F636865 
 660      636B5F75 
 660      6E6C6F63 
 660      6B00
 661 00f5 00       		.ascii	"\000"
 662 00f6 02       		.ascii	"\002"
 663 00f7 00       		.ascii	"\000"
 664 00f8 00000000 		.ascii	"\000\000\000\000\000\000\000\000"
 664      00000000 
 665 0100 D9000000 		.ascii	"\331\000\000\000"
 666 0104 63684462 		.ascii	"chDbgCheckClassI\000"
 666      67436865 
 666      636B436C 
 666      61737349 
 666      00
 667 0115 00       		.ascii	"\000"
 668 0116 02       		.ascii	"\002"
 669 0117 00       		.ascii	"\000"
 670 0118 00000000 		.ascii	"\000\000\000\000\000\000\000\000"
 670      00000000 
 671 0120 DB000000 		.ascii	"\333\000\000\000"
 672 0124 5F646267 		.ascii	"_dbg_check_lock\000"
 672      5F636865 
 672      636B5F6C 
 672      6F636B00 
 673 0134 00       		.ascii	"\000"
 674 0135 02       		.ascii	"\002"
 675 0136 00       		.ascii	"\000"
 676 0137 00000000 		.ascii	"\000\000\000\000\000\000\000\000"
 676      00000000 
 677 013f DD000000 		.ascii	"\335\000\000\000"
 678              		.text
 679              		.section	.gnu.lto_.opts,"",%progbits
 680 0000 272D666D 		.ascii	"'-fmath-errno' '-fsigned-zeros' '-ftrapping-math' '"
 680      6174682D 
 680      6572726E 
 680      6F272027 
 680      2D667369 
 681 0033 2D666E6F 		.ascii	"-fno-trapv' '-fno-openmp' '-fno-openacc' '-mcpu=cor"
 681      2D747261 
 681      70762720 
 681      272D666E 
 681      6F2D6F70 
 682 0066 7465782D 		.ascii	"tex-m0' '-mno-thumb-interwork' '-mthumb' '-ggdb' '-"
 682      6D302720 
 682      272D6D6E 
 682      6F2D7468 
 682      756D622D 
 683 0099 4F322720 		.ascii	"O2' '-Werror' '-fomit-frame-pointer' '-falign-funct"
 683      272D5765 
 683      72726F72 
 683      2720272D 
 683      666F6D69 
 684 00cc 696F6E73 		.ascii	"ions=16' '-ffunction-sections' '-fdata-sections' '-"
 684      3D313627 
 684      20272D66 
ARM GAS  /tmp/ccGrmKtF.s 			page 51


 684      66756E63 
 684      74696F6E 
 685 00ff 666E6F2D 		.ascii	"fno-common' '-flto'\000"
 685      636F6D6D 
 685      6F6E2720 
 685      272D666C 
 685      746F2700 
 686              		.text
 687              		.comm	__gnu_lto_v1,1,1
 688              		.comm	__gnu_lto_slim,1,1
 689              		.ident	"GCC: (GNU Tools for ARM Embedded Processors) 5.4.1 20160609 (release) [ARM/embedded-5-bran
ARM GAS  /tmp/ccGrmKtF.s 			page 52


DEFINED SYMBOLS
                            *ABS*:0000000000000000 chmemcore.c
                            *COM*:0000000000000001 __gnu_lto_v1
                            *COM*:0000000000000001 __gnu_lto_slim

NO UNDEFINED SYMBOLS
