ARM GAS  /tmp/ccbSlwn5.s 			page 1


   1              		.syntax unified
   2              		.cpu cortex-m0
   3              		.fpu softvfp
   4              		.eabi_attribute 20, 1
   5              		.eabi_attribute 21, 1
   6              		.eabi_attribute 23, 3
   7              		.eabi_attribute 24, 1
   8              		.eabi_attribute 25, 1
   9              		.eabi_attribute 26, 1
  10              		.eabi_attribute 30, 2
  11              		.eabi_attribute 34, 0
  12              		.eabi_attribute 18, 4
  13              		.thumb
  14              		.syntax unified
  15              		.file	"chvt.c"
  16              		.text
  17              	.Ltext0:
  18              		.section	.gnu.lto_.profile.b8021846ba922299,"",%progbits
  19 0000 789C6361 		.ascii	"x\234ca`d`a`\000\222\351\346\000\001o\000\251"
  19      60646061 
  19      600092E9 
  19      E600016F 
  19      00A9
  20              		.text
  21              		.section	.gnu.lto_.icf.b8021846ba922299,"",%progbits
  22 0000 789C6361 		.ascii	"x\234ca`d\000\001y\006\004`eX}\377\367\005v\246\307"
  22      60640001 
  22      79060460 
  22      65587DFF 
  22      F70576A6 
  23 0015 67DFFE65 		.ascii	"g\337\376ea\236\330\260m\012\037\313\331+'\032\271X"
  23      619ED8B0 
  23      6D0A1FCB 
  23      D92B271A 
  23      B958
  24 0027 9BA775F0 		.ascii	"\233\247u\3602\000\000\371b\016="
  24      320000F9 
  24      620E3D
  25              		.text
  26              		.section	.gnu.lto_.jmpfuncs.b8021846ba922299,"",%progbits
  27 0000 789C6361 		.ascii	"x\234ca`d\000\201*\006\004`\006b&\026F \340\257\007"
  27      60640081 
  27      2A060460 
  27      06622616 
  27      4620E0AF 
  28 0015 0226C6BF 		.ascii	"\002&\306\277L\214\315\277\366\177\346\253\377\3330"
  28      4C8CCDBF 
  28      F67FE6AB 
  28      FFDB30
  29 0024 A3A141A0 		.ascii	"\243\241A\240\225\231\241\023\244\206q9c=\003#\013\003"
  29      9599A113 
  29      A4867139 
  29      633D0323 
  29      0B03
  30 0036 03482D36 		.ascii	"\003H-6e\214\235\314@\323\031W@\224\341V\260\022j\016"
  30      658C9DCC 
  30      40D31957 
ARM GAS  /tmp/ccbSlwn5.s 			page 2


  30      4094E156 
  30      B0126A0E 
  31 004a 03003768 		.ascii	"\003\0007h!\224"
  31      2194
  32              		.text
  33              		.section	.gnu.lto_.inline.b8021846ba922299,"",%progbits
  34 0000 789C554F 		.ascii	"x\234UO1\012\302@\020\234\335;\315i\024\254$\205&y\211"
  34      310AC240 
  34      109CDD3B 
  34      CD6914AC 
  34      24852679 
  35 0015 A5A595AF 		.ascii	"\245\245\225\2570\237H\223\336B\254\323\031\261\260"
  35      309F4893 
  35      DE42ACD3 
  35      19B1B0
  36 0024 B6133FE0 		.ascii	"\266\023?\340\003l-,D,\004\261\020\334[\024\311\026"
  36      036C2D2C 
  36      442C04B1 
  36      10DC5B14 
  36      C916
  37 0036 33CB0CB3 		.ascii	"3\313\014\263\314Z\020\374<\361\037\003\004M\002\273"
  37      CC5A10FC 
  37      3CF11F03 
  37      044D02BB 
  38 0046 FD08CD32 		.ascii	"\375\010\3152a\2571\342\023\250\205t\366fZ\026\207c"
  38      61AF31E2 
  38      13A88574 
  38      F6665A16 
  38      8763
  39 0058 F0E0C230 		.ascii	"\360\340\3020\201V4\000\322L\231\353\266\021\273R9S"
  39      81563400 
  39      D24C99EB 
  39      B611BB52 
  39      3953
  40 006a 26B5B7D7 		.ascii	"&\265\267\327\335\253\353m+\366Z\345L\031\251ta\017"
  40      DDABEB6D 
  40      2BF65AE5 
  40      4C19A974 
  40      610F
  41 007c E4A191DC 		.ascii	"\344\241\221\334.\001\302j\314\260e\222\013.\206\271"
  41      2E01C26A 
  41      CCB06592 
  41      0B2E86B9 
  42 008c 75B0E728 		.ascii	"u\260\347(w\251\323V!\246\362\000\265e\267\210b2R\260"
  42      77A9D356 
  42      21A6F200 
  42      B565B788 
  42      623252B0 
  43 00a0 D6486F9A 		.ascii	"\326Ho\232\376}C\350\314'z\251\367MJP\320\376\362\370"
  43      FE7D43E8 
  43      CC277AA9 
  43      F74D4A50 
  43      D0FEF2F8 
  44 00b4 006FB12A 		.ascii	"\000o\261*\263"
  44      B3
  45              		.text
  46              		.section	.gnu.lto_.pureconst.b8021846ba922299,"",%progbits
ARM GAS  /tmp/ccbSlwn5.s 			page 3


  47 0000 789C6361 		.ascii	"x\234ca`d`g```f\220b\222b\221\002\000\001\264\000d"
  47      60646067 
  47      60606066 
  47      90629262 
  47      91020001 
  48              		.text
  49              		.section	.gnu.lto__vt_init.b8021846ba922299,"",%progbits
  50 0000 789C9593 		.ascii	"x\234\225\223\277K\233A\034\306\357\271\313/\024\255"
  50      BF4B9B41 
  50      1CC6EFB9 
  50      CB2F14AD 
  51 0010 BB2D089D 		.ascii	"\273-\010\235\\r];\013]\205\326\277\240Yt*hp\315%\365"
  51      5C725D3B 
  51      0B5D85D6 
  51      BFA05974 
  51      2A6870CD 
  52 0026 C54A8B76 		.ascii	"\305J\213vQ\\\312\273\264\3044\306\030\255\232\267\255"
  52      515CCABB 
  52      B4C434C6 
  52      18AD9AB7 
  52      AD
  53 0037 1A531507 		.ascii	"\032S\025\007\321:t\222B)\222A\034\"\304A\301\244\337"
  53      D13A7492 
  53      42299241 
  53      1C22C441 
  53      C1A4DF
  54 004a EF45C1A5 		.ascii	"\357E\301\245/\346\340\345^\356\271\367y\236\017\357"
  54      2FE6E0E5 
  54      5EEEB9F7 
  54      799E0FEF 
  55 005a 5D4040F0 		.ascii	"]@@\360\230UB<\242\271\233\036(\001\371\376@\210dD\002"
  55      9855423C 
  55      A2B99B1E 
  55      2801F9FE 
  55      40886444 
  56 006f FC622210 		.ascii	"\374b\"\020\011\211\004.\344\265Dy\274\342\311\336\264"
  56      0989042E 
  56      E4B54479 
  56      BCE2C9DE 
  56      B4
  57 0080 A1F1E793 		.ascii	"\241\361\347\223\253\314\\\011\016}\336\220\326I \215"
  57      ABCC5C09 
  57      0E7DDE90 
  57      D649208D 
  58 0090 5E41DBFE 		.ascii	"^A\333\376\026\352\323\035\2411\336\326\323\0241\207"
  58      16EAD31D 
  58      A131DED6 
  58      D3143187 
  59 00a0 10C7E59F 		.ascii	"\020\307\345\237\227L\243\361\332\230\343'S\217CBTI"
  59      974CA3F1 
  59      DA98E327 
  59      538F4342 
  59      5449
  60 00b2 E4987329 		.ascii	"\344\230s)yV\025\244\256\306\353\351 \357'\243\031\247"
  60      795615A4 
  60      AEC6EBE9 
  60      20EF27A3 
ARM GAS  /tmp/ccbSlwn5.s 			page 4


  60      19A7
  61 00c4 7C18AE49 		.ascii	"|\030\256IG\001\354\353yg\307\341\304\265ycL\027\255"
  61      4701ECEB 
  61      7967C7E1 
  61      C4B57963 
  61      4C17AD
  62 00d7 4D50342F 		.ascii	"MP4/\237\356\377\332ns\361!i\354\272\304g\352\233\301"
  62      9FEEFFDA 
  62      6E73F121 
  62      69ECBAC4 
  62      67EA9BC1 
  63 00eb 432B4E16 		.ascii	"C+N\026\027'\":\307]L\273\243\024\262pQ\267\205I\335"
  63      1727223A 
  63      C75D4CBB 
  63      A314B270 
  63      51B78549 
  64 0100 7977F4F1 		.ascii	"yw\364\361V}\352\250\000\346\241\353\222\233\"\007\335"
  64      567DEAA8 
  64      00E6A1EB 
  64      929B2207 
  64      DD
  65 0111 42E4C27F 		.ascii	"B\344\302\177\"W\300\231\371\273\231o\177nLu6-\215K"
  65      2257C099 
  65      F9BB996F 
  65      7F6E4C75 
  65      362D8D4B 
  66 0125 72108BD0 		.ascii	"r\020\213\320\024X@BX\376\335\331\201\033\376\373\246"
  66      14584042 
  66      58FEDDD9 
  66      811BFEFB 
  66      A6
  67 0136 2FF9012F 		.ascii	"/\371\001/\373\002\177a`\373\213VZ\002^\365\005^\363"
  67      FB027F61 
  67      60FB8B56 
  67      5A025EF5 
  67      055EF3
  68 0149 072E5A60 		.ascii	"\007.Z`\257\011\\\253n\027\202-\002\177\365\003\376"
  68      AF095CAB 
  68      6E17822D 
  68      027FF503 
  68      FE
  69 015a E6031CC2 		.ascii	"\346\003\034\302w\006f_\254[\340\337{\231\254\3423\026"
  69      7706665F 
  69      AC5BE0DF 
  69      7B99ACE2 
  69      3316
  70 016c 4683C603 		.ascii	"F\203\306\003l\220o\005\345Zu\347\250\325Z\233~\265"
  70      6C906F05 
  70      E55A75E7 
  70      A8D55A9B 
  70      7EB5
  71 017e 4A776BCD 		.ascii	"Jwk\315\344N\002$\216%m\253\010\266\270U\200[\225m\253"
  71      E44E0224 
  71      8E256DAB 
  71      08B6B855 
  71      805B956D 
  72 0193 FC9977D9 		.ascii	"\374\231w\331\321l%\360\203,O\221*\271\317\270\217\275"
ARM GAS  /tmp/ccbSlwn5.s 			page 5


  72      D16C25F0 
  72      832C4F91 
  72      2AB9CFB8 
  72      8FBD
  73 01a5 6A553AA4 		.ascii	"jU:\244ta\310\256;\252\373\006\207^\016\365\277\320"
  73      7461C8AE 
  73      3BAAFB06 
  73      875E0EF5 
  73      BFD0
  74 01b7 AF46F470 		.ascii	"\257F\364p\\\217\014\307tlp4\036\215\211\177\264#S)"
  74      5C8F0CC7 
  74      746C7034 
  74      1E8D897F 
  74      B4235329 
  75              		.text
  76              		.section	.gnu.lto_chVTDoSetI.b8021846ba922299,"",%progbits
  77 0000 789C9554 		.ascii	"x\234\225T[OTW\024\336k\357s\233a\230\231\222\246\222"
  77      5B4F5457 
  77      14DE6BEF 
  77      739B6198 
  77      9992A692 
  78 0014 481BD284 		.ascii	"H\033\322\204P\037\35241mB_\373\330\207\246\366\027"
  78      501FEA34 
  78      316D425F 
  78      FBD887A6 
  78      F617
  79 0026 50D4686A 		.ascii	"P\324hjZ\202\224\244Osdf\012$\244\3054\020\2445\220"
  79      5A8294A4 
  79      4F736466 
  79      0A24A4C5 
  79      3410A435 
  80 003b 568B14B9 		.ascii	"V\213\024\271\314T\324\361\202\003J\271\024\265\240"
  80      CC54D4F1 
  80      82034AB9 
  80      14B5A0
  81 004a 1641A882 		.ascii	"\026A\250\202\212\226 2\010ml*\323\265\36692\024!\302"
  81      8A962032 
  81      086D6C2A 
  81      D3B5F639 
  81      321421C2 
  82 005e 4EE672F6 		.ascii	"N\346r\366^\337\267\276\365\355u\226\302\200\321\232"
  82      5EDFB7BE 
  82      F5ED7596 
  82      C280D19A 
  83 006e 37187B17 		.ascii	"7\030{\027\177M\374\200\223\001\257\270\314\330~\203"
  83      7F4DFC80 
  83      9301AFB8 
  83      CCD87E83 
  84 007e 73B54E65 		.ascii	"s\265Ne\246S\314\366\340\231Kpu4\005\037\225\343\235"
  84      A653CCF6 
  84      E0994B70 
  84      7534051F 
  84      95E39D
  85 0091 F4A870B5 		.ascii	"\364\250p\2654\033\0375\372v\251\240Y \015\014\353\217"
  85      341B1F35 
  85      FA76A9A0 
  85      59200D0C 
ARM GAS  /tmp/ccbSlwn5.s 			page 6


  85      EB8F
  86 00a3 6EFDE930 		.ascii	"n\375\3510\014\256\227w#\302\351\010\352\030\351\000"
  86      0CAE9777 
  86      23C2E908 
  86      EA18E900 
  87 00b3 A07DD300 		.ascii	"\240}\323\000\346\347BQ5\335p\200\237\033\314Z\013\374"
  87      E6E74251 
  87      35DD7080 
  87      9F1BCC5A 
  87      0BFC
  88 00c5 2987CE92 		.ascii	")\207\316\222\311(\337Ro\342\272}\357\321[\346\321\030"
  88      C928DF52 
  88      6FE2BA7D 
  88      EFD15BE6 
  88      D118
  89 00d7 84046309 		.ascii	"\204\004c\011n\305@=l\301\250\201`\353wb\236\207\004"
  89      6EC5403D 
  89      6CC1A881 
  89      60EB7762 
  89      9E8704
  90 00ea 80828FF1 		.ascii	"\200\202\217\361K5w\334\364\310!\023\037\353\357N\016"
  90      4B3577DC 
  90      F4C82113 
  90      1FEBEF4E 
  90      0E
  91 00fb E9E23560 		.ascii	"\351\3425`\370\277\241=\332\345\310>b\232\305\246Y\271"
  91      F8BFA13D 
  91      DAE5C83E 
  91      629AC5A6 
  91      59B9
  92 010d D3748484 		.ascii	"\323t\204\204\200\237@ \0374@\006\034\205\014\206[\014"
  92      809F4020 
  92      1F344006 
  92      1C850C86 
  92      5B0C
  93 011f 1A211BA3 		.ascii	"\032!\033\243\003\221\351\263N\361\272D~]\027\213\270"
  93      0391E9B3 
  93      4EF1BA44 
  93      7E5D178B 
  93      B8
  94 0130 6DE45589 		.ascii	"m\344U\211T\340\330J\244\302\240I\"\277\235;<\342\021"
  94      54E0D84A 
  94      A4C2A049 
  94      22BF9D3B 
  94      3CE211
  95 0143 6F48E4F7 		.ascii	"oH\344\367\275\327B\036\013\031;P\362\352A3\246\204"
  95      BDD7421E 
  95      0B193B50 
  95      F2EA4133 
  95      A684
  96 0155 840ACD2B 		.ascii	"\204\012\315+\301*\203\026\011n\252{|H\010\237\004\267"
  96      C12A8316 
  96      096EAA7B 
  96      7C48089F 
  96      04B7
  97 0167 9D2CA9B0 		.ascii	"\235,\251\260\301fX\246\325\240u%Rc\020\206l\012\177"
  97      C16658A6 
ARM GAS  /tmp/ccbSlwn5.s 			page 7


  97      D5A07525 
  97      52631086 
  97      6C0A7F
  98 017a D0F3D73D 		.ascii	"\320\363\327=Cl\223\320\037\313\017\264\273\262~\220"
  98      436C93D0 
  98      1FCB0FB4 
  98      BBB27E90 
  99 018a 792BBBDD 		.ascii	"y+\273\335\2307\230I\252#\377\207\323\302\350\376XY"
  99      98379849 
  99      AA23FF87 
  99      D3C2E8FE 
  99      5859
 100 019c 8B53E448 		.ascii	"\213S\344H\344\342\340\237\263\252\215\374\246\344\025"
 100      E4E2E09F 
 100      B3AA8DFC 
 100      A6E415
 101 01ab 1B29E0F8 		.ascii	"\033)\340\370\252\310\211\360be\252\026\244;\312\204"
 101      AAC889F0 
 101      6265AA16 
 101      A43BCA84 
 102 01bb 36C8829F 		.ascii	"6\310\202\237!\253\354\331%\301\011\320\260\2678\035"
 102      21ABECD9 
 102      25C109D0 
 102      B0B7381D 
 103 01cb E066CBF6 		.ascii	"\340f\313\366\230\231H\004\320\010}\254\372\214c30:"
 103      98994804 
 103      D0087DAC 
 103      FA8C6333 
 103      303A
 104 01dd E0D2360D 		.ascii	"\340\3226\015\310v\035\310\005\003h\307\011TW\252\214"
 104      C8761DC8 
 104      050368C7 
 104      095457AA 
 104      8C
 105 01ee 71639DBA 		.ascii	"qc\235\272G\006z\345F\032\335\324&\332M\247/\306f1\037"
 105      47067AE5 
 105      461ADDD4 
 105      26DA4DA7 
 105      2FC66631 
 106 0203 36569C73 		.ascii	"6V\234s\374\021\017 \020;\330\015\224\237DF\243\323"
 106      FC110F20 
 106      103BD80D 
 106      949F4446 
 106      A3D3
 107 0215 3775FF53 		.ascii	"7u\377S\263\3244\275!a$8\212\202\223\340G\250\203\215"
 107      B3D434BD 
 107      21612438 
 107      8A8293E0 
 107      47A8838D 
 108 0229 437024D0 		.ascii	"Cp$\320\346\246\330\200\3200\272*\324yE\247\016\022"
 108      E6A6D880 
 108      D030BA2A 
 108      D47945A7 
 108      0E12
 109 023b 28F0945D 		.ascii	"(\360\224]j\234\013\326\243\011\012\026V\250\276<T\305"
 109      6A9C0BD6 
 109      A3090A16 
ARM GAS  /tmp/ccbSlwn5.s 			page 8


 109      56A8BE3C 
 109      54C5
 110 024d D0E852A8 		.ascii	"\320\350R\250\302\372\324\345\241\006\206\266LG\237"
 110      C2FAD4E5 
 110      A10686B6 
 110      4C479F
 111 025c A452A88E 		.ascii	"\244R\250\216\241\247\227BUV\253\240\\eu\251\316\004"
 111      A1A79742 
 111      5556ABA0 
 111      5C6575A9 
 111      CE04
 112 026e D6C3E00C 		.ascii	"\326\303\340\014J]\236-E^T\340\237\363\217\335\030Z"
 112      4A5D9E2D 
 112      455E54E0 
 112      9FF38FDD 
 112      185A
 113 0280 2D4353C8 		.ascii	"-CS\310u\332\356\255i\374\244\026\016\355\257\220\333"
 113      75DAEEAD 
 113      69FCA416 
 113      0EEDAF90 
 113      DB
 114 0291 2E38077E 		.ascii	".8\007~8K\371\360,1\025iv $\2358\332\241\326r\010\316"
 114      384BF9F0 
 114      2C311569 
 114      7620249D 
 114      38DAA1D6 
 115 02a8 833F2452 		.ascii	"\203?$R\245\036\215\354\233\204\342\232\370\375\016"
 115      A51E8DEC 
 115      9B84E29A 
 115      F8FD0E
 116 02b7 A91E517F 		.ascii	"\251\036Q\177w\367\225\272\210\222n95$\334\350\223e"
 116      77F795BA 
 116      88926E39 
 116      3524DCE8 
 116      9365
 117 02c9 0C1E8E9D 		.ascii	"\014\036\216\235\273sB\370\336\244\326\214!\341\242"
 117      BB7342F8 
 117      DEA4D68C 
 117      21E1A2
 118 02d8 7C39A103 		.ascii	"|9\241\003|\001\341dD\024\236\036X\027\321\221\273\305"
 118      7C01E164 
 118      44149E1E 
 118      5817D191 
 118      BBC5
 119 02ea CD3A11A9 		.ascii	"\315:\021\251\320)\211h*\301\005\"\322\331\004\024\307"
 119      D0298968 
 119      2AC10522 
 119      D2D90414 
 119      C7
 120 02fb 9EF4B964 		.ascii	"\236\364\271dCa\207\241\245\304}:~k\273\345p\352r{<"
 120      436187A1 
 120      A5C47D3A 
 120      7E6BBBE5 
 120      70EA727B 
 121 0310 F0BC939E 		.ascii	"\360\274\223\2362\274M\332\236\352\277~\321ik\300}/"
 121      32BC4DDA 
 121      9EEABF7E 
ARM GAS  /tmp/ccbSlwn5.s 			page 9


 121      D1696BC0 
 121      7D2F
 122 0322 74A13F17 		.ascii	"t\241?\027m\015_\235j-3|M$\317\334\026\022/\301/R\011"
 122      6D0D5F9D 
 122      6A2D337C 
 122      4D24CFDC 
 122      16122FC1 
 123 0339 B79CED2A 		.ascii	"\267\234\355*\0378\374\354\364Cj\217n\360-r\262\035"
 123      1F38FCEC 
 123      F4436A8F 
 123      6EF02D72 
 123      B21D
 124 034b 7AC0471A 		.ascii	"z\300G\032\315\024\251\260\215\024Z~\352\014\247\036"
 124      CD14A9B0 
 124      8D145A7E 
 124      EA0CA71E 
 125 035b 1A1AA8FE 		.ascii	"\032\032\250\376r\346\330;\226XO@\360\200p#\200'\013"
 125      72E6D83B 
 125      96584F40 
 125      F0807023 
 125      80270B
 126 036e F2C882C2 		.ascii	"\362\310\202\302\367\013\254\030\357J\273\336f\322/"
 126      F70BAC18 
 126      EF4ABBDE 
 126      66D22F
 127 037d 78DE2F01 		.ascii	"x\336/\001\275R\245BB\372l!\236\244\020\257\024b0\234"
 127      BD52A542 
 127      42FA6C21 
 127      9EA410AF 
 127      1462309C 
 128 0391 B7028FF0 		.ascii	"\267\002\217\360\005\222\0119\263\036d\014X\331'#v\307"
 128      05920939 
 128      B31E640C 
 128      58D92723 
 128      76C7
 129 03a3 BA97A587 		.ascii	"\272\227\245\207\265\022+\360\253L\254R\342~L\214-\177"
 129      B5122BF0 
 129      AB4CAC52 
 129      E27E4C8C 
 129      2D7F
 130 03b5 23B0CB62 		.ascii	"#\260\313b\220\025\342\232\003@/\264\177\207^F%\372"
 130      9015E29A 
 130      03402FB4 
 130      7F875E46 
 130      25FA
 131 03c7 F470C61C 		.ascii	"\364p\306\034\340\221\241\365\017\355\300\242\365\321"
 131      E091A1F5 
 131      0FEDC0A2 
 131      F5D1
 132 03d5 E1BD28CE 		.ascii	"\341\275(\316aw]U\370\341\340\306\232E\300\245d\361"
 132      61775D55 
 132      F8E1E0C6 
 132      9A45C0A5 
 132      64F1
 133 03e7 97A959AC 		.ascii	"\227\251Y\254R\342\017\213uKH\332zJ\021pE\322hD\363"
 133      52E20F8B 
 133      754B48DA 
ARM GAS  /tmp/ccbSlwn5.s 			page 10


 133      7A4A1170 
 133      45D26844 
 134 03fc 1B964262 		.ascii	"\033\226Bb\306\335\033\2242\220\344\030$)i\326\0130"
 134      C6DD1B94 
 134      3290E418 
 134      242969D6 
 134      0B30
 135 040e 13515723 		.ascii	"\023QW#\312\261n4m5\246\253\311\242\256\021\223&\231"
 135      CAB16E34 
 135      6D35A6AB 
 135      C9A2AE11 
 135      932699
 136 0421 E2339155 		.ascii	"\3423\221U\335q\254]\326\365\244\244\337\227\210\252"
 136      DD71AC5D 
 136      D6F5A4A4 
 136      DF9788AA 
 137 0431 C28F2636 		.ascii	"\302\217&6f\263\002C\311\253\276AD\334\352\230\205N"
 137      66B30243 
 137      C9ABBE41 
 137      44DCEA98 
 137      854E
 138 0443 BB6336BD 		.ascii	"\273c6\275\320f\371\342x\211k8\3115\"\275\016Tk\026"
 138      D066F9E2 
 138      78896B38 
 138      C93522BD 
 138      0E546B16 
 139 0457 4B3A12D9 		.ascii	"K:\022\331\334U\260B\341\213Xo&YGIa:\261\314\317.,\271"
 139      DC55B042 
 139      E18B586F 
 139      26594749 
 139      613AB1CC 
 140 046f BFDE8930 		.ascii	"\277\336\2110\266\306DH\241\211\360\307Z\023!\2074\334"
 140      B6C64448 
 140      A189F0C7 
 140      5A132187 
 140      34DC
 141 0481 A289A093 		.ascii	"\242\211\240\223\204\333\340\243\351\330\323\320(\254"
 141      84DBE0A3 
 141      E9D8D3D0 
 141      28AC
 142 048f A99FC0E5 		.ascii	"\251\237\300\345\201q\344\235\302a6\374\276\034\275"
 142      8171E49D 
 142      C26136FC 
 142      BE1CBD
 143 049e B46671D2 		.ascii	"\264fq\322\005ud\334\274\325\367\336\356=\037\357\371"
 143      057564DC 
 143      BCD5F7DE 
 143      EE3D1FEF 
 143      F9
 144 04af E023DF67 		.ascii	"\340#\337g\373|\005\205\276}\005y\276\274\335E\205["
 144      FB7C0585 
 144      BE7D0579 
 144      BEBCDD45 
 144      855B
 145 04c1 F398282A 		.ascii	"\363\230(*\314Ww\354\334\233\373\205VT\270\353\363O"
 145      CC5777EC 
 145      DC9BFB85 
ARM GAS  /tmp/ccbSlwn5.s 			page 11


 145      5654B8EB 
 145      F34F
 146 04d3 F3447E6E 		.ascii	"\363D~n\001m\024\346B\376\177\204\306\376\330"
 146      016D14E6 
 146      42FE7F84 
 146      C6FED8
 147              		.text
 148              		.section	.gnu.lto_chVTDoResetI.b8021846ba922299,"",%progbits
 149 0000 789C9594 		.ascii	"x\234\225\224[KTQ\024\307\367\332\373\\\346\214\343"
 149      5B4B5451 
 149      14C7F7DA 
 149      FB5CE68C 
 149      E3
 150 0011 38414590 		.ascii	"8AE\220\205=\211\017y\360\321\347>\200`\337 \011\224"
 150      853D890F 
 150      79F0D1E7 
 150      3E8060DF 
 150      200994
 151 0024 1E0A155F 		.ascii	"\036\012\025_g\353xJ!B\037\2222C\203D\315\274wq\254"
 151      67EB784A 
 151      21421F92 
 151      32438344 
 151      CDBC7771 
 152 0039 7432C75B 		.ascii	"t2\307[^\262\013A\021d\211\204\364\340\220\022\004:"
 152      5EB20B41 
 152      11648984 
 152      F4E09012 
 152      043A
 153 004b ADB58FCE 		.ascii	"\255\265\217\316\210\2164m8\267u\326\376\255\377\177"
 153      888E346D 
 153      38B775D6 
 153      FEADFF7F 
 154 005b EFB38EC6 		.ascii	"\357\263\216\306\200\321\360\031\214\235\301k\021\036"
 154      80D1F019 
 154      8C9DC16B 
 154      111E
 155 0069 6032E00D 		.ascii	"`2\340\015\013\214U{8\027m:\223^m}\2321\351\023\240"
 155      0B8C557B 
 155      38176D3A 
 155      935E6D7D 
 155      9A31E913 
 156 007e B9718DEB 		.ascii	"\271q\215\353\233&\306\215;\223\024\327\301p\343\006"
 156      9B26C68D 
 156      3B9314D7 
 156      C170E306 
 157 008e 00DD480F 		.ascii	"\000\335H\017\260 \027\232n@\0206\371\026\207\361k\253"
 157      B020179A 
 157      6E401036 
 157      F91687F1 
 157      6BAB
 158 00a0 619ED721 		.ascii	"a\236\327!q|\215\216\025\310\316\0108\202\2618W\325"
 158      717C8D8E 
 158      15C8CE08 
 158      3882B138 
 158      57D5
 159 00b2 1974401E 		.ascii	"\031t@\036f-\325\366\267\210\015\356\010\000\015\037"
 159      662DD5F6 
ARM GAS  /tmp/ccbSlwn5.s 			page 12


 159      B7880DEE 
 159      08000D1F 
 160 00c2 63F3CDDF 		.ascii	"c\363\315\337\375\364\310!\007\037;VV?\232\34240\274"
 160      FDF4C821 
 160      071F3B56 
 160      563F9AE2 
 160      3430BC
 161 00d5 EF1A0D47 		.ascii	"\357\032\015G\255\334v)k\244\274}QZ\216\020\360\000"
 161      ADDC7629 
 161      6BA4BC7D 
 161      515A8E10 
 161      F000
 162 00e7 04F2A00B 		.ascii	"\004\362\240\013\262\241\023\262\031\206\030tC.\245"
 162      B2A113B2 
 162      19861874 
 162      432EA5
 163 00f6 7F1BD8BE 		.ascii	"\177\033\330\276\231i\324R\371\234\372\335\272\360\020"
 163      9969D452 
 163      F99CFADD 
 163      BAF010
 164 0105 0C740F18 		.ascii	"\014t\017\030\350+\216\310x<$\345PAK\336Q\035h\236\211"
 164      E82B8EC8 
 164      783C24E5 
 164      50414BDE 
 164      511D689E 
 165 011a 04CD228C 		.ascii	"\004\315\"\214\027Oz\006\235|t\362S,\240\370l\035A\344"
 165      174F7A06 
 165      9D7C74F2 
 165      532CA0F8 
 165      6C1D41E4 
 166 012e 38C6395D 		.ascii	"8\3069]\305\017\010E\032\027\200\320T7\034\376\371\331"
 166      C50F0845 
 166      1A1780D0 
 166      54371CFE 
 166      F9D9
 167 0140 0C6EC93A 		.ascii	"\014n\311:)\003\2160\342\234\352\365@\020'\233l\031"
 167      29038E30 
 167      E29CEAF5 
 167      4010279B 
 167      6C19
 168 0152 6A3F85DA 		.ascii	"j?\205\332\263)7$t\314nr\306\027M\362+\200A/Z\240\021"
 168      B3293724 
 168      74CC6E72 
 168      C6174DF2 
 168      2B80412F 
 169 0169 E382B5E9 		.ascii	"\343\202\265\351\010\326RC=q,\315\240\017\241{\021\226"
 169      08D65243 
 169      3D712CCD 
 169      A00FA17B 
 169      1196
 170 017b 5AA6D09F 		.ascii	"Z\246\320\237\261_~L\275\245R-\262N\341\231\346\356"
 170      B15F7E4C 
 170      BDA5522D 
 170      B24EE199 
 170      E6EE
 171 018d 4BAD70B7 		.ascii	"K\255p\267\272A\205\2750\200\333\324O\365\360]|m\260"
 171      BA4185BD 
ARM GAS  /tmp/ccbSlwn5.s 			page 13


 171      3080DBD4 
 171      4FF5F05D 
 171      7C6DB0
 172 01a0 D7C22927 		.ascii	"\327\302)'\2101\010\255\256\027\030\202\240#2\224\036"
 172      883108AD 
 172      AE171882 
 172      A0233294 
 172      1E
 173 01b1 4D395D85 		.ascii	"M9]\205\232\221\306\250p\325\2338\361\367\324l\235\017"
 173      9A91C6A8 
 173      70D59B38 
 173      F1F7D46C 
 173      9D0F
 174 01c3 A9B8B13E 		.ascii	"\251\270\261>\364\343\032\300x\373JM\257i\237uD&<B\334"
 174      F4E31AC0 
 174      78FB4A4D 
 174      AF699F75 
 174      44263C42 
 175 01d8 B6DA7278 		.ascii	"\266\332rx\014\266Z\200=\200\204\366L\264\377$a_g\233"
 175      0CB65A80 
 175      3D8084F6 
 175      4CB4FF24 
 175      615F679B 
 176 01ec E63FED3F 		.ascii	"\346?\355?u\355\247\351w\3700\277\341\204\337\221\244"
 176      75EDA7E9 
 176      77F830BF 
 176      E184DF91 
 176      A4
 177 01fd 5F23E137 		.ascii	"_#\34176U\342\312\265\322\361+\340\231\362K\035\006"
 177      3655E2CA 
 177      B5D2F12B 
 177      E099F24B 
 177      1D06
 178 020f CFD12F21 		.ascii	"\317\321/!\356\035w\011\336\003\004k\037\241\207\276"
 178      EE1D7709 
 178      DE03046B 
 178      1FA187BE 
 179 021f 5694EB87 		.ascii	"V\224\353\207\027\012\243>\331\321]\314)\027\223\221"
 179      170AA33E 
 179      D9D15DCC 
 179      29179391 
 180 022f 8E103F8C 		.ascii	"\216\020?\214%\011\021E\0105]]\341.\002\347x\021D\330"
 180      25091145 
 180      08355D5D 
 180      E12E02E7 
 180      781144D8 
 181 0243 2665FE3F 		.ascii	"&e\376?\224\275Lr\307\301F\226\02270\277\263L\376\364"
 181      94BD4C72 
 181      C7C14696 
 181      123730BF 
 181      B34CFEF4 
 182 0257 96E995A2 		.ascii	"\226\351\225\242\320^\301\204\353\257i\371\330>%\325"
 182      D05EC184 
 182      EBAF69F9 
 182      D83E25D5 
 183 0267 54B39029 		.ascii	"T\263\220)\210?\025$\232\\\353I\222b))\261])\201\364"
 183      883F1524 
ARM GAS  /tmp/ccbSlwn5.s 			page 14


 183      9A5CEB49 
 183      92622929 
 183      B15D2981 
 184 027c A44C2529 		.ascii	"\244L%)\323\351H\011\244\202\314$\375\314\222\024?q"
 184      D3E94809 
 184      A482CC24 
 184      FDCC9214 
 184      3F71
 185 028e 36FA17DE 		.ascii	"6\372\027\336\211T\244\314\303\373\345u\262_\346\300"
 185      8954A4CC 
 185      C3FBE575 
 185      B25FE6C0 
 186 029e 563DA148 		.ascii	"V=\241H\357\207\364\035R\242g\262\340`od\325\343\217"
 186      EF87F41D 
 186      52A267B2 
 186      E0606F64 
 186      D5E38F
 187 02b1 84C26B73 		.ascii	"\204\302ks\037&\274;\3650\036\200\005l\200\371\235z"
 187      1F26BC3B 
 187      F5301E80 
 187      056C80F9 
 187      9D7A
 188 02c3 3786FBEB 		.ascii	"7\206\373\353=\356\236\312\014G\034\201EUUs['z}\351"
 188      3DEE9ECA 
 188      0C471C81 
 188      45555573 
 188      5B277A7D 
 189 02d8 FEEEDB42 		.ascii	"\376\356\333B\332\3627`ocO\242\244%\2601\341\313tW\267"
 189      DAF23760 
 189      6F634FA2 
 189      A425B031 
 189      E1CB7457 
 190 02ed FA67EB10 		.ascii	"\372g\353\020\307\221\005o\221\273\0065\221p\261\352"
 190      C791056F 
 190      91BB0635 
 190      9170B1EA 
 191 02fd 241AEBB8 		.ascii	"$\032\353\270\242\330C\350\344d\276}\256\264\354BY\321"
 191      A2D843E8 
 191      E464BE7D 
 191      AEB4EC42 
 191      59D1
 192 030f 79FB7285 		.ascii	"y\373r\205]^iW\224\227\330%\245U\225\371%LTU^\371\013"
 192      5D5E6957 
 192      9497D825 
 192      A55595F9 
 192      254C5455 
 193 0326 9A3F04C7 		.ascii	"\232?\004\307"
 194              		.text
 195              		.section	.gnu.lto_.symbol_nodes.b8021846ba922299,"",%progbits
 196 0000 789C55CC 		.ascii	"x\234U\314!\016\302P\020\204\341\177v\037\255!\010N"
 196      210EC250 
 196      1084E17F 
 196      761FAD21 
 196      084E
 197 0012 0027DDA7 		.ascii	"\000'\335\247\241\224b\321\225X\014\032\013g\250\300"
 197      A19462D1 
 197      95580C1A 
ARM GAS  /tmp/ccbSlwn5.s 			page 15


 197      0B67A8C0 
 198 0022 7205C26B 		.ascii	"r\005\302k\203\240k&3_\262\011q\246\234\355\024\320"
 198      83A06B26 
 198      335FB209 
 198      71A69CED 
 198      14D0
 199 0034 3DA1C42D 		.ascii	"=\241\304-oaq\220mF\331+4\227N\3445\2705\012\233\323"
 199      6F617190 
 199      6D46D92B 
 199      34974EE4 
 199      35B8350A 
 200 004a 499A4847 		.ascii	"I\232HG\205O\0049\227?j\025\351\177p\253\351\207\217"
 200      854F0439 
 200      973F6A15 
 200      E97F70AB 
 200      E9878F
 201 005d DC2AFAF7 		.ascii	"\334*\372\367C\236~=U\274.\3131\356\327\025_\377\347"
 201      439E7E3D 
 201      55BC2ECB 
 201      31EED715 
 201      5FFFE7
 202 0070 2268     		.ascii	"\"h"
 203              		.text
 204              		.section	.gnu.lto_.refs.b8021846ba922299,"",%progbits
 205 0000 789C15C5 		.ascii	"x\234\025\305\301\015\000 \014\003\261\\\322\"\361d"
 205      C10D0020 
 205      0C03B15C 
 205      D222F164 
 206 0010 011660FF 		.ascii	"\001\026`\377\375P?v\011=IK\200\031<\007*vZl\270)w\334"
 206      FD503F76 
 206      093D494B 
 206      80193C07 
 206      2A765A6C 
 207 0028 0B8E3E11 		.ascii	"\013\216>\021\371\000\274"
 207      F900BC
 208              		.text
 209              		.section	.gnu.lto_.decls.b8021846ba922299,"",%progbits
 210 0000 789CB55A 		.ascii	"x\234\265ZiPTY\226\316\373n\002I\222@\205\332\035\025"
 210      69505459 
 210      96CEFB6E 
 210      02499240 
 210      85DA1D15 
 211 0014 31CC4455 		.ascii	"1\314DU\0055E\367LIU\227\265t\304DMMX1\275\304twt\327"
 211      053545F7 
 211      4C495597 
 211      B574C444 
 211      4D4D5831 
 212 002e 54CD8F89 		.ascii	"T\315\217\211\236\034\204,\241\213\2553\037.\277:Y\\"
 212      9E1C842C 
 212      A18BAD33 
 212      1F2EBF3A 
 212      595C
 213 0040 C0855540 		.ascii	"\300\205U@DE\001\005\001AAQ\026M7DQ\021\021\221}Q\301"
 213      44450105 
 213      01414151 
 213      164D3744 
 213      51111191 
ARM GAS  /tmp/ccbSlwn5.s 			page 16


 214 0057 42945576 		.ascii	"B\224Uvp\316]2\337\313\344%\372g\262\352\360\362\334"
 214      70CE5D32 
 214      DFCBE425 
 214      FA67B2EA 
 214      F0F2DC
 215 006a 77EE39DF 		.ascii	"w\3569\337\271\347\334{\317\275\251Z\205T\344s\350\237"
 215      B9E7DC7B 
 215      CFBDA95A 
 215      8554E473 
 215      E89F
 216 007c 542AB38B 		.ascii	"T*\263\213J\365\024\330W\360QC\333w@\320\244:\003T\003"
 216      4AF514D8 
 216      57F05143 
 216      DB7740D0 
 216      A43A0354 
 217 0091 D4055407 		.ascii	"\324\005T\007\364\201\212}\310\273A\240\027@\343@\323"
 217      F4818A7D 
 217      C8BB41A0 
 217      1740E340 
 217      D3
 218 00a2 40B34018 		.ascii	"@\263@\030h\221\010\200\256\031\244\262\373\020yw\256"
 218      68910880 
 218      AE19A4B2 
 218      FB107977 
 218      AE
 219 00b3 7B16DE4D 		.ascii	"{\026\336M\003}\204\230\3569x6q\375\037 \246\177\034"
 219      037D8498 
 219      EE397836 
 219      71FD1F20 
 219      A67F1C
 220 00c6 9E7E40FF 		.ascii	"\236~@\377\014\364s\240\237!\252\226\352!OG\375\004"
 220      0CF473A0 
 220      9F21AA96 
 220      EA214F47 
 220      FD04
 221 00d8 CB2AAE9F 		.ascii	"\313*\256\237<\327p\334M\034\373\267\\\377<\364\033"
 221      3CD770DC 
 221      4D1CFBB7 
 221      5CFF3CF4 
 221      1B
 222 00e9 80E70262 		.ascii	"\200\347\002b\376U\000M\001\3658\340\322\000\337\015"
 222      FE55004D 
 222      01F538E0 
 222      D200DF0D 
 223 00f9 F44886A5 		.ascii	"\364H\206\245\023\276\367\001\365\252\030&\314\355\316"
 223      13BEF701 
 223      F5AA1826 
 223      CCEDCE
 224 0108 F23110B8 		.ascii	"\3621\020\270\377\216\330\306\235`\273\242\200\211\214"
 224      FF8ED8C6 
 224      9D60BBA2 
 224      80898C
 225 0117 77B50C53 		.ascii	"w\265\014S\035\367A\216\315\225\343\222\343\031G\022"
 225      1DF7418E 
 225      CD95E392 
 225      E3194712 
 226 0127 A671074C 		.ascii	"\246q\007LJ\361X\024PS\\Y6\236\024\320*-R\003;v;\353"
ARM GAS  /tmp/ccbSlwn5.s 			page 17


 226      4AF15814 
 226      50535C59 
 226      369E14D0 
 226      2A2D5203 
 227 013f 9117B06B 		.ascii	"\221\027\260k\264\350\035`\027G\357.\352\330[-\260\355"
 227      B4E81D60 
 227      1747EF2E 
 227      EAD85B2D 
 227      B0ED
 228 0151 45AFCEBA 		.ascii	"E\257\316\272jw\232\341\223\024k^U\357E^\024 \037t\034"
 228      6A779AE1 
 228      93146B5E 
 228      55EF455E 
 228      14201F74 
 229 0166 F9808113 		.ascii	"\371\200\201\023H\013\177\375}P!\260 \336\332\026w\036"
 229      480B7FFD 
 229      7D5021B0 
 229      20DEDA16 
 229      771E
 230 0178 B1DE1EC0 		.ascii	"\261\336\036\300V\366\355\273\350\316t?$\257[fj\347"
 230      56F6EDBB 
 230      E8CE743F 
 230      24AF5B66 
 230      6AE7
 231 018a 745840F0 		.ascii	"tX@\360]]\036\323s\304\013\371\371 P\206\264\307\250"
 231      5D5D1ED3 
 231      73C40BF9 
 231      F9205086 
 231      B4C7A8
 232 019d 05B35950 		.ascii	"\005\263YP\241SH\213J\020\266\"\3162\203\365\321\277"
 232      A153488B 
 232      4A10B622 
 232      CE3283F5 
 232      D1BF
 233 01af 9166F8AE 		.ascii	"\221f\370\256\241Oh\2111\217\0365\273\276\255B\237\370"
 233      A14F6889 
 233      318F1E35 
 233      BBBEAD42 
 233      9FF8
 234 01c1 A08F7C54 		.ascii	"\240\217|T\350$\362\243\257T\250\014\024\22628\017\206"
 234      E824F2A3 
 234      AF54A80C 
 234      14963238 
 234      0F86
 235 01d3 3376A055 		.ascii	"3v\240UI\\\367W\210\352.\206\367E\024\375i\264\312\352"
 235      495CF757 
 235      88EA2E86 
 235      F74514FD 
 235      69B4CAEA 
 236 01e7 03916EBF 		.ascii	"\003\221n\277~+\216\372Jt'\275N\367ta\376\230\227\\"
 236      7E2B8EFA 
 236      4A7427BD 
 236      4EF77461 
 236      FE98975C 
 237 01fb 77F94ABA 		.ascii	"w\371J\272\023\212\317\306ht\011D7\037\307\012\264J"
 237      138ACFC6 
 237      68740944 
ARM GAS  /tmp/ccbSlwn5.s 			page 18


 237      371FC70A 
 237      B44A
 238 020d 36906790 		.ascii	"6\220g\220\216F\014\236 =\3774\255\215\017#a\267g\326"
 238      8E460C9E 
 238      203DFF34 
 238      AD8D0F23 
 238      61B767D6 
 239 0221 55BA3B0F 		.ascii	"U\272;\017B\2455\010g\031\262\334\241\363W\\XoO`;\217"
 239      42A53508 
 239      6719B2DC 
 239      A1F3575C 
 239      586F4F60 
 240 0237 A6E5AB59 		.ascii	"\246\345\253Y\020\236\222\327\223\335O|\035\307\344"
 240      109E92D7 
 240      93DD4F7C 
 240      1DC7E4
 241 0246 3C283B47 		.ascii	"<(;G\225UQ\334\225V\334\325U\235m.\216^:\225~\265\373"
 241      955551DC 
 241      9556DCD5 
 241      559D6D2E 
 241      8E5E3A95 
 242 025d C233AD9D 		.ascii	"\3023\255\235\227\325v^\326p/k\250[\367Fo\035\364`8"
 242      97D5765E 
 242      D6702F6B 
 242      A85BF746 
 242      6F1DF460 
 243 0272 DF0236AB 		.ascii	"\337\0026\253z\362&\207\255\001\266\257\370r\274+v#"
 243      7AF22687 
 243      AD01B6AF 
 243      F872BC2B 
 243      7623
 244 0284 B9827A66 		.ascii	"\271\202zf\013\376}m\2615E|\244\\>Y<_\246UC\262\243"
 244      0BFE7D6D 
 244      B135457C 
 244      A45C3E59 
 244      3C5FA655 
 245 029b 6F756883 		.ascii	"ouh\203\2324=\334v\377\220\360v:\037\254w\324\350\273"
 245      9A343DDC 
 245      76FF90F0 
 245      763A1FAC 
 245      77D4E8BB 
 246 02af 9FCA105C 		.ascii	"\237\312\020\\Fo\303\337KH\315\372\233\017\233\023\005"
 246      466FC3DF 
 246      4B48CDFA 
 246      9B0F9B13 
 246      05
 247 02c0 3BC02020 		.ascii	";\300  \023\277\202t\310\202\3262\341\202\312\264\""
 247      13BF8274 
 247      C882D632 
 247      E182CAB4 
 247      22
 248 02d1 0FFC1382 		.ascii	"\017\374\023\202H\330[\235s\311\035\371\351h\336\366"
 248      48D85B9D 
 248      73C91DF9 
 248      E968DEF6 
 249 02e1 2E8E7A16 		.ascii	".\216z\026\230\315o\241:\020\277\2120\357Bz\303\303"
 249      98CD6FA1 
ARM GAS  /tmp/ccbSlwn5.s 			page 19


 249      3A10BF8A 
 249      30EF427A 
 249      C3C3
 250 02f3 9976740D 		.ascii	"\231vt\015\322\312\316\300\323\372\251'\032\3745u\271"
 250      D2CACEC0 
 250      D3FAA927 
 250      1AFC3575 
 250      B9
 251 0304 ABBEB088 		.ascii	"\253\276\260\210\314\322\017\264\210\254\317\336\320"
 251      CCD20FB4 
 251      88ACCFDE 
 251      D0
 252 0311 543A7C7E 		.ascii	"T:|~\326\2235\021\211{\211\343yn\370\267\024N\335\236"
 252      D6933511 
 252      897B89E3 
 252      796EF8B7 
 252      144EDD9E 
 253 0325 F2D31EC8 		.ascii	"\362\323\036\310\217M\243\336\216\272\257\223w\300@"
 253      8F4DA3DE 
 253      8EBAAF93 
 253      77C040
 254 0334 A15B10AC 		.ascii	"\241[\020\254\233\022\236\017H\230vJpT\022\226\006\300"
 254      9B129E0F 
 254      4898764A 
 254      70541296 
 254      06C0
 255 0346 027A8920 		.ascii	"\002z\211 \272\001\215\365,\225\012\363\222\217\272"
 255      BA018DF5 
 255      2C950AF3 
 255      928FBA
 256 0355 E204448D 		.ascii	"\342\004D\215\354\25781\255\265\031iMXWL|n\004\033\267"
 256      ECAF3831 
 256      ADB51969 
 256      4D58574C 
 256      7C6E041B 
 257 036a 251BB790 		.ascii	"%\033\267\220s#w\224\215$\236\351X\360\306\265\314\310"
 257      73237794 
 257      8D249EE9 
 257      58F0C6B5 
 257      CCC8
 258 037c ABA98133 		.ascii	"\253\251\2013\260\364\370)k\270\247\240\201\207\240"
 258      B0F4F829 
 258      6BB8A7A0 
 258      8187A0
 259 038b F89B18B3 		.ascii	"\370\233\030\263\031\241&\200sW\202\323hM\315\234\313"
 259      19A12680 
 259      735782D3 
 259      684DCD9C 
 259      CB
 260 039c 7D1FE2EB 		.ascii	"}\037\342\353\324\006J\352\234\255\361\300\267\030c"
 260      D4064AEA 
 260      9CADF1C0 
 260      B71863
 261 03ab A9A82AD7 		.ascii	"\251\250*\327\341&\306\214-\034\254tg9\270\206,\206"
 261      E126C68C 
 261      2D1CAC74 
 261      6739B886 
ARM GAS  /tmp/ccbSlwn5.s 			page 20


 261      2C86
 262 03bd 3D49496E 		.ascii	"=IInl\352\344 \340Kr&\016b\334\317;\316\237\353\320"
 262      6CEAE420 
 262      E04B7226 
 262      0E62DCCF 
 262      3BCE9FEB 
 263 03d2 E101CA68 		.ascii	"\341\001\312h\257\215\027\337\366B\253\375|u\276\253"
 263      AF8D17DF 
 263      F642ABFD 
 263      7C75BEAB 
 264 03e2 7D7DFD7C 		.ascii	"}}\375|\223y\262\232\221\250B\255\200\364\001\201\337"
 264      9379B29A 
 264      91A842AD 
 264      80F40181 
 264      DF
 265 03f3 02C0DAD1 		.ascii	"\002\300\332\321j\002\016\365\203+\235\310\027\365\002"
 265      6A020EF5 
 265      832B9DC8 
 265      17F502
 266 0402 F5013D02 		.ascii	"\365\001=\002\352F\2764\263\251K\226\324\353\276fX\360"
 266      EA46BE34 
 266      B3A94B96 
 266      D4EBBE66 
 266      58F0
 267 0414 7AA0439B 		.ascii	"z\240C\233\344\021\364\207\307Q2<\275]\211\277\312?"
 267      E411F487 
 267      C751323C 
 267      BD5D89BF 
 267      CA3F
 268 0426 BEDD9C14 		.ascii	"\276\335\234\024\200\272 \217\356s\355\266\321\362'"
 268      80BA208F 
 268      EE73EDB6 
 268      D1F227
 269 0435 29FCB18F 		.ascii	")\374\261\217C\016\366\310DT\244\243\312\252\317r\366"
 269      430EF6C8 
 269      4454A4A3 
 269      CAAACF72 
 269      F6
 270 0446 818E2883 		.ascii	"\201\216(\203\271\364\320QW-\262)S\366\255\003\374y"
 270      B9F4D051 
 270      572DB229 
 270      53F6AD03 
 270      FC79
 271 0458 13DF98A5 		.ascii	"\023\337\230\245C\314\022\201\335\254\010\273\200\330"
 271      43CC1281 
 271      DDAC08BB 
 271      80D8
 272 0466 E3C2A71E 		.ascii	"\343\302\247\036\370\3547[\3420\015\356uG\361\013\022"
 272      F8EC375B 
 272      E2300DEE 
 272      7547F10B 
 272      12
 273 0477 32366E07 		.ascii	"26n\007\322ud\334\310@\361A\223\354\226[U\221\251zQ"
 273      D27564DC 
 273      C840F141 
 273      93EC965B 
 273      5591A97A 
ARM GAS  /tmp/ccbSlwn5.s 			page 21


 274 048c 5915334D 		.ascii	"Y\0253M\260A\224O$\267T\341\016\010\000Yd\336\242\232"
 274      B041944F 
 274      24B754E1 
 274      0E080059 
 274      64DEA29A 
 275 04a0 10627F11 		.ascii	"\020b\177\021%\025#\312\302\027A\305+\026k\023\262\012"
 275      251523CA 
 275      C21741C5 
 275      2B166B13 
 275      B20A
 276 04b2 92BFF047 		.ascii	"\222\277\360G@\274MeSF\377\347\375i5F?T\211\244\035"
 276      40BC4D65 
 276      5346FFE7 
 276      FD693546 
 276      3F5489A4 
 277 04c7 F14EC886 		.ascii	"\361N\310\206\200\276V\261\3676\255\354!H\035d\372\030"
 277      80BE56B1 
 277      F736ADEC 
 277      21481D64 
 277      FA18
 278 04d9 5CAE4EC2 		.ascii	"\\\256N\302l\363\011Y\227\325\355\271\375s^8\223n\324"
 278      6CF30959 
 278      97D5EDB9 
 278      FD735E38 
 278      936ED4
 279 04ec 68F1C681 		.ascii	"h\361\306\201,\347\013\352\000]P7\360\365\364Bv\276"
 279      2CE70BEA 
 279      005D5037 
 279      F0F5F442 
 279      76BE
 280 04fe DF7B39E6 		.ascii	"\337{9\346\2342soj\363\227\351\261\346z\350\365\016"
 280      9C32736F 
 280      6AF397E9 
 280      B1E67AE8 
 280      F50E
 281 0510 11424FA4 		.ascii	"\021BO\244\024~Bww\364\030rF\205\006\321{\320\261\254"
 281      147E4277 
 281      77F41872 
 281      468506D1 
 281      7BD0B1AC 
 282 0524 36AED10D 		.ascii	"6\256\321\015\3272\213\012\253zb\336\225\033\236\264"
 282      D7328B0A 
 282      AB7A62DE 
 282      951B9EB4 
 283 0534 8904EE47 		.ascii	"\211\004\356GD\033/=L8\254\243\215$1\206Xc|E7\353Kr"
 283      441B2F3D 
 283      4C38ACA3 
 283      8D243186 
 283      58637C45 
 284 054c EB196B1B 		.ascii	"\353\031k\033\231\235\035tu\352\302s\352\302\260uO\230"
 284      999D1D74 
 284      75EAC273 
 284      EAC2B075 
 284      4F98
 285 055e A9695D0D 		.ascii	"\251i]\015>\364\226\231-Ku\220\245\321d\337\003\031"
 285      3EF49699 
 285      2D4B7590 
ARM GAS  /tmp/ccbSlwn5.s 			page 22


 285      A5D164DF 
 285      0319
 286 0570 F454F2E0 		.ascii	"\364T\362\340\251\334\203\027\324\203\376\247\265C\032"
 286      A9DC8317 
 286      D483FEA7 
 286      B5431A
 287 057f 5CCF3CC8 		.ascii	"\\\317<\310k\333\273\312\006\202y\020[\364\254\310\313"
 287      6BDBBBCA 
 287      06827910 
 287      5BF4ACC8 
 287      CB
 288 0590 2986318A 		.ascii	")\2061\212a\324\212a\377\231\2218\015\007\261\320`\005"
 288      61D48A61 
 288      FF999138 
 288      0D07B1D0 
 288      6005
 289 05a2 01426844 		.ascii	"\001BhD\0021\"\0071NAXF\36321na \236\025\015<\360\262"
 289      02312207 
 289      314E4158 
 289      46F33231 
 289      6E61209E 
 290 05bb DBDCC8E6 		.ascii	"\333\334\310\346-\331\234dS\037$o\\i\210\301\024\357"
 290      2DD99C64 
 290      531F246F 
 290      5C6988C1 
 290      14EF
 291 05cd A40DEFF6 		.ascii	"\244\015\357\366\332\203\335j\247x\247(\336\227V\274"
 291      DA83DD6A 
 291      A778A728 
 291      DE9756BC 
 292 05dd 8F4E658F 		.ascii	"\217Ne\217j\011^X\211_\245G\305\345n\267$!*\205&$\300"
 292      6A095E58 
 292      895FA547 
 292      C5E56EB7 
 292      24212A85 
 293 05f4 13BCAA43 		.ascii	"\023\274\252C\323\024l\374\263\352b\204\315\230\202"
 293      D3146CFC 
 293      B3EA6284 
 293      CD9882
 294 0603 6DAF6E3A 		.ascii	"m\257n:\343\3115\334\313\372\237\224\330\234_\323\264"
 294      E3C935DC 
 294      CBFA9F94 
 294      D89C5FD3 
 294      B4
 295 0614 9991BACF 		.ascii	"\231\221\272\317X\273\317\322\356\346\274S\371^\357"
 295      58BBCFD2 
 295      EEE6BC53 
 295      F95EEF
 296 0623 56E0C330 		.ascii	"V\340\3030\327\241\230\242\011q|{\267\007\2660\215G"
 296      D7A198A2 
 296      09717C7B 
 296      B707B630 
 296      8D47
 297 0635 6E4FA46B 		.ascii	"nO\244k\361\035\306\\\034\332\377\345\373\271\346\273"
 297      F11DC65C 
 297      1CDAFFE5 
 297      FBB9E6BB 
ARM GAS  /tmp/ccbSlwn5.s 			page 23


 298 0645 392431BF 		.ascii	"9$1\277?\025c1\307\177EK\260\005\320\017\001\224Un\363"
 298      3F156331 
 298      C77F454B 
 298      B005D00F 
 298      0194556E 
 299 065a D03287DE 		.ascii	"\3202\207\336U\241E\364>)\227fR2\265\357\266R3\325\314"
 299      55A145F4 
 299      3E299766 
 299      5232B5EF 
 299      B65233D5 
 300 066f CCE598D3 		.ascii	"\314\345\230\323{4\370\011\323|\2537\261H\303T[R~\277"
 300      7B34F809 
 300      D37CAB37 
 300      B148C354 
 300      5B527EBF 
 301 0683 33299A8A 		.ascii	"3)\232\212Q\275\020\023Y\255\364\012Z\226\210^\263@"
 301      51BD1013 
 301      59ADF40A 
 301      5A96885E 
 301      B340
 302 0695 F4B64E4E 		.ascii	"\364\266NN_\326\342\011\246$9z\242\200\357;\013\204"
 302      5FD6E209 
 302      A624397A 
 302      A280EF3B 
 302      0B84
 303 06a7 AF1C7ADC 		.ascii	"\257\034z\334+\260\215\247\327\215\224\036\003\331{"
 303      2BB08DA7 
 303      D78D941E 
 303      03D97B
 304 06b6 7955FE05 		.ascii	"yU\376\005\260\331=\227\273\271\370U\"~\266'-^\307\367"
 304      B0D93D97 
 304      BBB9F855 
 304      227EB627 
 304      2D5EC7F7 
 305 06ca 2952D31F 		.ascii	")R\323\037\230\350\372\221\277\367\0036\246\272-\331"
 305      98E8FA91 
 305      BFF70336 
 305      A6BA2DD9 
 306 06da 9B6BA3D3 		.ascii	"\233k\243\323\241/6\317\033O1\323\213U\007ni\361\034"
 306      A12F36CF 
 306      1B4F31D3 
 306      8B55076E 
 306      69F11C
 307 06ed 63B6ED29 		.ascii	"c\266\355)\311\320\202\244+\253:\210\351\307\243sg\325"
 307      C9D082A4 
 307      2BAB3A88 
 307      E9C7A373 
 307      67D5
 308 06ff AC89E4C2 		.ascii	"\254\211\344\302\026h:\270\277\363\224\027\216Q\323"
 308      16683AB8 
 308      BFF39417 
 308      8E51D3
 309 070e 0DFBE274 		.ascii	"\015\373\342ti\235FVz\374\3539R\025$\012Z\264G\260\205"
 309      699D4656 
 309      7AFCEB39 
 309      5215240A 
 309      5AB447B0 
ARM GAS  /tmp/ccbSlwn5.s 			page 24


 310 0723 CE951705 		.ascii	"\316\225\027\005\346\345[\372^\301\217\350\246[\372"
 310      E6E55BFA 
 310      5EC18FE8 
 310      A65BFA
 311 0732 6EC107ED 		.ascii	"n\301\007\355\022hQ0>;Z\241\306\273\231\215\332\204"
 311      12685130 
 311      3E3B5AA1 
 311      C6BB998D 
 311      DA84
 312 0744 E15A7759 		.ascii	"\341ZwY\345\261\266\210\330H\001\033I\222\0150\351\324"
 312      E5B1B688 
 312      D848011B 
 312      49920D30 
 312      E9D4
 313 0756 48B2B291 		.ascii	"H\262\262\221>\363\374~\035NcF\252\023\272\272\324\254"
 313      3EF3FC7E 
 313      1D4E6346 
 313      AA13BABA 
 313      D4AC
 314 0768 F250D0B0 		.ascii	"\362P\320\260OA\003\203\363\262?8s\216\254ri\200'U\302"
 314      4F410383 
 314      F3B23F38 
 314      738EAC72 
 314      69802755 
 315 077d 9322F0D2 		.ascii	"\223\"\360\322\243,):\032\343\373\324\012\2121?Kt!\223"
 315      A32C293A 
 315      1AE3FBD4 
 315      0A8A313F 
 315      4B742193 
 316 0791 32F67593 		.ascii	"2\366u\2232\247a\347\035w\334\315\272\335:2\233\350"
 316      32A761E7 
 316      1D77DCCD 
 316      BADD3A32 
 316      9BE8
 317 07a3 8D5F50C6 		.ascii	"\215_P\306e\377\320\305\004\027\264\274\316\330)\260"
 317      65FFD0C5 
 317      0417B4BC 
 317      CED829B0 
 318 07b3 3300CA04 		.ascii	"3\000\312\004\024Y\002\333\213\017\002\360C\202/:\000"
 318      145902DB 
 318      8B0F02F0 
 318      43822F3A 
 318      00
 319 07c4 942DD8F6 		.ascii	"\224-\330\366`\000\336\325\370\037\351\254"
 319      6000DED5 
 319      F81FE9AC 
 320 07d0 7A20C813 		.ascii	"z \310\023x\037'\3330\354\253U\355:\253\360~G\341e\233"
 320      781F27DB 
 320      30ECAB55 
 320      ED3AABF0 
 320      7E47E165 
 321 07e5 F06C06DD 		.ascii	"\360l\006\335\204A\310~\023\216\2135[\366g\375#\333"
 321      8441C87E 
 321      138E8B35 
 321      5BF667FD 
 321      23DB
 322 07f7 8433041D 		.ascii	"\2043\004\035JW\264K5\221\010\305\277,U\343i\026\241"
ARM GAS  /tmp/ccbSlwn5.s 			page 25


 322      4A57B44B 
 322      359108C5 
 322      BF2C55E3 
 322      6916A1
 323 080a F4932FCB 		.ascii	"\364\223/\313tPd);}\004\034]\311i^'\016{\325\223\344"
 323      74506429 
 323      3B7D041C 
 323      5DC9695E 
 323      270E7BD5 
 324 0820 C901C9C3 		.ascii	"\311\001\311\303R\260\010Nj\360E\334\223^~(y\233\314"
 324      52B0084E 
 324      6AF045DC 
 324      935E7E28 
 324      799BCC
 325 0833 AC811B75 		.ascii	"\254\201\033uZ6u\314\244\002\234\315\3741\336\023ow"
 325      5A3675CC 
 325      A4029CCD 
 325      FC31DE13 
 325      6F77
 326 0845 A141C9BF 		.ascii	"\241A\311\2774e\321\342=\234\351\231\351\363\300y\214"
 326      3465D1E2 
 326      3D9CE999 
 326      E9F3C079 
 326      8C
 327 0856 59DCB66D 		.ascii	"Y\334\266mBMNl\261oV\303.\012\256SW\323\315^\310\227"
 327      424D4E6C 
 327      B16F56C3 
 327      2E0AAE53 
 327      57D3CD5E 
 328 086c 0475B5B5 		.ascii	"\004u\265\265\272\373/\207\352\256Dy\234\330\250\316"
 328      BAFB2F87 
 328      EAAE4479 
 328      9CD8A8CE 
 329 087c 5A4B9BE3 		.ascii	"ZK\233\343\020\240c\202\203\264\274\264a\245\320$+\301"
 329      10A06382 
 329      83B4BCB4 
 329      61A5D024 
 329      2BC1
 330 088e AC359582 		.ascii	"\2545\225\202\264,\234\035\254\246*q\014'Q4\226\376"
 330      B42C9C1D 
 330      ACA62A71 
 330      0C275134 
 330      96FE
 331 08a0 F7CCB0B5 		.ascii	"\367\314\260\265\232[\016\223\331\265\213[.\304\215"
 331      9A5B0E93 
 331      D9B58B5B 
 331      2EC48D
 332 08af 1495289F 		.ascii	"\024\225(\237C%q+\202\270\025@\314\212\201N\000\025"
 332      4325712B 
 332      82B81540 
 332      CC8A814E 
 332      0015
 333 08c1 F2D8C190 		.ascii	"\362\330\301\220\246\336<=\344\206\213]X&Tv\024`\344"
 333      A6DE3C3D 
 333      E4868B5D 
 333      58265476 
 333      1460E4
ARM GAS  /tmp/ccbSlwn5.s 			page 26


 334 08d4 B79AC7F4 		.ascii	"\267\232\307\364\234\327C\022\3232\320rR\212i\011\215"
 334      9CD74312 
 334      D332D072 
 334      528A6909 
 334      8D
 335 08e5 A9B2D152 		.ascii	"\251\262\321R0\364\006F\317\325>\377\005K\006\037\340"
 335      30F40646 
 335      CFD53EFF 
 335      054B061F 
 335      E0
 336 08f6 AABAC62C 		.ascii	"\252\272\306,\036|\035%\311Pvgo\266'\276\314B~\351v"
 336      1E7C1D25 
 336      C9507667 
 336      6FB627BE 
 336      CC427EE9 
 337 090b 6CA107AE 		.ascii	"l\241\007\256gL\345\213\242JO\326\321B\370\373w\273"
 337      674CE58B 
 337      A24A4FD6 
 337      D142F8FB 
 337      77BB
 338 091d F331BEC3 		.ascii	"\3631\276\303^\232\323\346\017{\342V\346\311\201\214"
 338      5E9AD3E6 
 338      0F7BE256 
 338      E6C9818C 
 339 092d 8BB52E4E 		.ascii	"\213\265.N\317;\347\005g\347\235\227\375_\261U\347\034"
 339      CF3BE705 
 339      67E79D97 
 339      FD5FB155 
 339      E71C
 340 093f 44BB5258 		.ascii	"D\273RX~\340\351,\337sE\203{\230\311\242\351\2703\336"
 340      7EE0E92C 
 340      DF734583 
 340      7B98C9A2 
 340      E9B833DE 
 341 0953 78D01EDC 		.ascii	"x\320\036\334\032\016n.\365\374\031\017\374\234\275"
 341      1A0E6E2E 
 341      F5FC190F 
 341      FC9CBD
 342 0962 BCFAA8B9 		.ascii	"\274\372\250\271\336\005O0\246j_\315s\015\216se\016"
 342      DE054F30 
 342      A66A5FCD 
 342      730D8E73 
 342      650E
 343 0974 2EB6656B 		.ascii	".\266ekq\032c\026\362\033\037jp6c\252+k\352\370\311"
 343      711A6316 
 343      F21B1F6A 
 343      703663AA 
 343      2B6BEAF8 
 344 0989 FD2352E9 		.ascii	"\375#R\351<>\330\347\205\363\331\273\272\304\270\335"
 344      3C3ED8E7 
 344      85F3D9BB 
 344      BAC4B8DD 
 345 0999 5A7C9232 		.ascii	"Z|\2222\302\351\201\003\007m\353\270%\335\025\216\250"
 345      C2E98103 
 345      076DEBB8 
 345      25DD158E 
 345      A8
ARM GAS  /tmp/ccbSlwn5.s 			page 27


 346 09aa 7500FFAA 		.ascii	"u\000\377\252#|\345\301\270\2460\030\344\214Z5\221\357"
 346      237CE5C1 
 346      B8A63018 
 346      E48C5A35 
 346      91EF
 347 09bc 8AAB98B9 		.ascii	"\212\253\230\271\376WK\177\301W\330\367\370\342\370"
 347      FE574B7F 
 347      C157D8F7 
 347      F8E2F8
 348 09cb 3A2FDCC0 		.ascii	":/\334\300\230\243\027\253\207\335p\007c\254w^\253\330"
 348      98A317AB 
 348      87DD7007 
 348      63AC775E 
 348      ABD8
 349 09dd 9D57C150 		.ascii	"\235W\301P\317\002\306C\354]_\347\3652/<\314=\233>P"
 349      CF02C643 
 349      EC5D5FE7 
 349      F5322F3C 
 349      CC3D9B3E 
 350 09f2 ED8D2718 		.ascii	"\355\215'\030s\373\321\253q\330)\031S\231\265dQ\343"
 350      73FBD1AB 
 350      71D82919 
 350      5399B564 
 350      51E3
 351 0a04 68763FB1 		.ascii	"hv?\261k\337\363c^x\033c\356\315\355\\R\343\024\306"
 351      6BDFF363 
 351      5E781B63 
 351      EECDED5C 
 351      52E314C6 
 352 0a18 B4EE6EEE 		.ascii	"\264\356n\356p\305Yn\314\375\370\266\375.Nw\230\026"
 352      70C5596E 
 352      CCFDF8B6 
 352      FD2E4E77 
 352      9816
 353 0a2a 673B8C25 		.ascii	"g;\214%\205\014\324}\030\250f\205\335\245\2561gB\203"
 353      850CD47D 
 353      18A86685 
 353      DDA5AE31 
 353      674283
 354 0a3d 7398B9F3 		.ascii	"s\230\271\363\311)\020\260c\214\351\316\334U\355\201"
 354      C92910B0 
 354      638CE9CE 
 354      DC55ED81 
 355 0a4d CF33E642 		.ascii	"\3173\346B\342\3709wla\314\216\231\3762o|\203\343\345"
 355      E2F83977 
 355      6C61CC8E 
 355      99FE326F 
 355      7C83E3E5 
 356 0a61 D7306BD8 		.ascii	"\3270k\3305\314P\254\245O\215\357\262w\245\333\036\027"
 356      35CC50AC 
 356      A54F8DEF 
 356      B277A5DB 
 356      1E17
 357 0a73 6AE09D0F 		.ascii	"j\340\235\017\324\003Hv\005\341\303\256 *,\023%j\334"
 357      D4034876 
 357      05E1C3AE 
 357      202A2C13 
ARM GAS  /tmp/ccbSlwn5.s 			page 28


 357      256ADC
 358 0a86 C2BC6B2A 		.ascii	"\302\274k*o\273\346.+\004\376\201\026\002}\000\273G"
 358      6FBBE62E 
 358      2B04FE81 
 358      16027D00 
 358      BB47
 359 0a98 82ED630B 		.ascii	"\202\355c\013\257\375\365]/8\357\303\235\357\006\347"
 359      AFFDF55D 
 359      2F38EFC3 
 359      9DEF06E7 
 360 0aa8 BBD8065D 		.ascii	"\273\330\006]x\270\340\252'\356a\006\236\247=\333\211"
 360      78B8E0AA 
 360      27EE6106 
 360      9EA73DDB 
 360      89
 361 0ab9 6555800F 		.ascii	"eU\200\017\255\002\036\203\201~\311@\237\340\304\302"
 361      AD021E83 
 361      817EC940 
 361      9FE0C4C2 
 362 0ac9 23650B31 		.ascii	"#e\0131\251\315\305\356x\220YH+))\222j\231\227\375\221"
 362      A9CDC5EE 
 362      78905948 
 362      2B292992 
 362      6A9997FD 
 363 0ade ADF41A65 		.ascii	"\255\364\032e\020L<\221L<vfb@\331\304\276\254\201\267"
 363      104C3C91 
 363      4C3C7666 
 363      6240D9C4 
 363      BEAC81B7 
 364 0af2 F108CF94 		.ascii	"\361\010\317\224\335K\245\030\277d\346\246ks+\244\351"
 364      DD4BA518 
 364      BF64E6A6 
 364      6B732BA4 
 364      E9
 365 0b03 3083DE42 		.ascii	"0\203\336B\317\300\322\217o`iH\331R\327\301\221\011"
 365      CFC0D28F 
 365      6F606948 
 365      D952D7C1 
 365      9109
 366 0b15 355E64A6 		.ascii	"5^d\246\362\256\2246\271\341X\0155\265\330\363\274\322"
 366      F2AE9436 
 366      B9E1580D 
 366      35B5D8F3 
 366      BCD2
 367 0b27 CB666A0E 		.ascii	"\313fj\016L\215\200\251\347o`\352\205\262\251\271\264"
 367      4C8D80A9 
 367      E76F60EA 
 367      85B2A9B9 
 367      B4
 368 0b38 CC4FF06E 		.ascii	"\314O\360n\252\034=\317\277s\232\224\233~Z\3647Y\222"
 368      AA1C3DCF 
 368      BF739A94 
 368      9B7E5AF4 
 368      375992
 369 0b4b F8B124C9 		.ascii	"\370\261$\311N\356\317p\307\251\014\307\276\302\231"
 369      4EEECF70 
 369      C7A90CC7 
ARM GAS  /tmp/ccbSlwn5.s 			page 29


 369      BEC299
 370 0b5a A38275B9 		.ascii	"\243\202u\271\313\2115\277\027}\012l\324\200^\262\345"
 370      CB8935BF 
 370      177D0A6C 
 370      D4805EB2 
 370      E5
 371 0b6b A09760CC 		.ascii	"\240\227`\314\217\033\033\207\3061[\225\325Q\367gv\247"
 371      8F1B1B87 
 371      C6315B95 
 371      D551F767 
 371      76A7
 372 0b7d 3509B827 		.ascii	"5\011\270'$\334~|\032\354\210+H\364\300\207\230\225"
 372      24DC7E7C 
 372      1AEC882B 
 372      48F4C087 
 372      9895
 373 0b8f 43C953D5 		.ascii	"C\311S\325Z\347Vf\234ZiM\370\222^jM\203\221)\311\310"
 373      5AE75666 
 373      9C5A694D 
 373      F8925E6A 
 373      4D839129 
 374 0ba5 A475B275 		.ascii	"\244u\262u\227v\\U\343\343\314\312\345\263mc\256\316"
 374      97765C55 
 374      E3E3CCCA 
 374      E5B36D63 
 374      AECE
 375 0bb7 ADCC3BB5 		.ascii	"\255\314;\265\322\222\033r\360>Y\273\347\300\314\254"
 375      D2921B72 
 375      F03E59BB 
 375      E7C0CCAC 
 376 0bc7 6466DA6A 		.ascii	"df\332j\346X\323p\212\375\265$\221\224\212\304\005\301"
 376      E658D370 
 376      8AFDB524 
 376      91948AC4 
 376      05C1
 377 0bd9 5A24C6F4 		.ascii	"Z$\306\364\237}\200p\027\213C\377\342\221\307n\270\237"
 377      9F7D8070 
 377      178B43FF 
 377      E291C76E 
 377      B89F
 378 0beb 31339937 		.ascii	"13\2317\362<\361S\306\244\024\337mu\305\303\214\351"
 378      F23CF153 
 378      C6A414DF 
 378      6D75C5C3 
 378      8CE9
 379 0bfd 3EB954E3 		.ascii	">\271T\343\212G\030s\270s\254\304\015\2173\217\006\223"
 379      8A471873 
 379      B873ACC4 
 379      0D8F338F 
 379      0693
 380 0c0f 8F956B91 		.ascii	"\217\225k\221\316OnYv\354Cq\330\217\034\311\031\\~\331"
 380      CE4F6E59 
 380      76EC4371 
 380      D88F1CC9 
 380      195C7ED9 
 381 0c23 72DD9B14 		.ascii	"r\335\233\024\006\261X\207b\260\315\223ou\014^}\313"
 381      06B15887 
ARM GAS  /tmp/ccbSlwn5.s 			page 30


 381      62B0CD93 
 381      6F750C5E 
 381      7DCB
 382 0c35 AE8B6A3C 		.ascii	"\256\213j<\317L\035o\3505\273\340%\306\324$4,hp\264"
 382      CF4C1D6F 
 382      E835BBE0 
 382      25C6D424 
 382      342C6870 
 383 0c4a 3B65B2AA 		.ascii	";e\262\252v\304hq\034czc\352\2325x\007c\306^\334_\360"
 383      76C46871 
 383      1C637A63 
 383      EA9A3578 
 383      0763C65E 
 384 0c61 C4BB1863 		.ascii	"\304\273\030c\236\275\320\356\212\023\031\323\261o\246"
 384      9EBDD0EE 
 384      8A1319D3 
 384      B16FA6
 385 0c70 D71DA730 		.ascii	"\327\035\2470\246\350\325D\242\016\357c\314LM\323Q\201"
 385      A6E8D544 
 385      A20EEF63 
 385      CC4C4DD3 
 385      5181
 386 0c82 ADEEBEE4 		.ascii	"\255\356\276\344\006\307\262\253\036\363\303\221\260"
 386      06C7B2AB 
 386      1EF3C391 
 386      B0
 387 0c8f 2878EC2C 		.ascii	"(x\354,\270\026\347M\012-\370\320\032\232U[\251E!\347"
 387      B816E74D 
 387      0A2DF8D0 
 387      1A9A555B 
 387      A94521E7 
 388 0ca3 EE3D369B 		.ascii	"\356=6\233St\324\231]\340L:^\351V\352\320\035Z?\021"
 388      5374D499 
 388      5DE04C3A 
 388      5EE956EA 
 388      D01D5A3F 
 389 0cb8 E17847E1 		.ascii	"\341xG\341\345\325V\205$\275\335Q\372\250 +\345\210"
 389      E5D55685 
 389      24BDDD51 
 389      FAA8202B 
 389      E588
 390 0cca F0394938 		.ascii	"\3609I8\332Q\270\301Q\370\254$\274MY\263\034G\246$\275"
 390      DA51B8C1 
 390      51F8AC24 
 390      BC4D59B3 
 390      1C47A624 
 391 0cdf 5BD1C5E5 		.ascii	"[\321\305\345W|\211\330\007\355\305\360~\017\357@\212"
 391      577C89D8 
 391      07EDC5F0 
 391      7E0FEF40 
 391      8A
 392 0cf0 A6FD900A 		.ascii	"\246\375\220\012\373\260/J\002\312\004J\006\312\000"
 392      FBB02F4A 
 392      02CA044A 
 392      06CA00
 393 0cff CA024A01 		.ascii	"\312\002J\001J\003J\305\362+\2772\311\362NG\313\262"
 393      4A034AC5 
ARM GAS  /tmp/ccbSlwn5.s 			page 31


 393      F22BBF32 
 393      C9F24E47 
 393      CBB2
 394 0d11 DB45269C 		.ascii	"\333E&\234-\011'(\017\256\2548\315\330K\213S\020R\270"
 394      2D092728 
 394      0FAEAC38 
 394      CDD84B8B 
 394      531052B8 
 395 0d25 F0BBB386 		.ascii	"\360\273\263\206\025\247D\325\016e\273l| Uv\276:Q\357"
 395      15A744D5 
 395      0E65BB6C 
 395      7C205576 
 395      BE3A51EF 
 396 0d39 6D37EFE4 		.ascii	"m7\357\344\322*t\000[\347]w\315\321iO|\227&\034\256"
 396      D22A7400 
 396      5BE75D77 
 396      CDD1694F 
 396      7C97261C 
 397 0d4e 4F1D6882 		.ascii	"O\035h\202\214\362\343u{K\356\037\013\273Y&A\007d\006"
 397      8CF2E375 
 397      7B4BEE1F 
 397      0BBB5926 
 397      41076406 
 398 0d62 A3879587 		.ascii	"\243\207\225\207\231\301/O\240\360\017\333\303O\346"
 398      99C12F4F 
 398      A0F00FDB 
 398      C34FE6
 399 0d71 45020D81 		.ascii	"E\002\015\201\255o6WFBp\010Bp\020\333j\325\242\230\301"
 399      AD6F3657 
 399      46427008 
 399      427010DB 
 399      6AD5A298 
 400 0d86 E71877B1 		.ascii	"\347\030w\2619\360l\240\350\201\200\373\031385\365\000"
 400      39F06CA0 
 400      E88180FB 
 400      19333835 
 400      F500
 401 0d98 663F63CA 		.ascii	"f?c\312_\025B\002\216S\346_v?\351\356\203C\007L\003"
 401      5F154202 
 401      8E53E65F 
 401      763FE9EE 
 401      8343074C 
 402 0dad 5FDD6AFE 		.ascii	"_\335j\376?\371\317\317\217<\340\357\032\366\006f\211"
 402      3FF9CFCF 
 402      8F3CE0EF 
 402      1AF60666 
 402      89
 403 0dbe AF4EE747 		.ascii	"\257N\347GO'\266\017\274\366\363\263\036U\202\322\330"
 403      4F27B60F 
 403      BCF6F3B3 
 403      1E5582D2 
 403      D8
 404 0dcf 5185D473 		.ascii	"Q\205\324sW`I\313\227{|Ypr\010\330\016\353\3426\201"
 404      576049CB 
 404      977B7C59 
 404      707208D8 
 404      0EEBE236 
ARM GAS  /tmp/ccbSlwn5.s 			page 32


 405 0de4 1CDE30EB 		.ascii	"\034\3360\353B\374\352\000\277\332!}\332\200\036\002"
 405      42FCEA00 
 405      BFDA217D 
 405      DA801E02 
 406 0df4 B5023D00 		.ascii	"\265\002=\000j\001\272\017\324\014t\017\250\011\350"
 406      6A01BA0F 
 406      D40C740F 
 406      A809E8
 407 0e03 02D039A0 		.ascii	"\002\3209\240S@y@\005@\307\201\216\331\245^K*?\241\300"
 407      53407940 
 407      0540C781 
 407      8ED9A55E 
 407      4B2A3FA1 
 408 0e18 E275143B 		.ascii	"\342u\024;\200;\3438\241*\233\371A\212\224\326g\035"
 408      803BE338 
 408      A12A9BF9 
 408      418A94D6 
 408      671D
 409 0e2a 7D895B36 		.ascii	"}\211[6\245\016[\265\027B\264\253\224\345\227\335\302"
 409      A50E5BB5 
 409      1742B4AB 
 409      94E597DD 
 409      C2
 410 0e3b 9FB04BAC 		.ascii	"\237\260K\254B\226X\312g\225K\240\362\004\037\233n\030"
 410      429658CA 
 410      67954BA0 
 410      F2041F9B 
 410      6E18
 411 0e4d 9B2EF0EF 		.ascii	"\233.\360\357$P\221\334\307\336\251\322\277f\304\232"
 411      245091DC 
 411      C7DEA9D2 
 411      BF66C49A 
 412 0e5d EB3F42C5 		.ascii	"\353?B\305\230\035\026O8[\220\3440J\354`\024\257\004"
 412      981D164F 
 412      385B90E4 
 412      304AEC60 
 412      14AF04
 413 0e70 A3074CBF 		.ascii	"\243\007L\277\026\206e\306`\216wE\245\200\241ZP\304"
 413      168665C6 
 413      608E7745 
 413      A580A15A 
 413      50C4
 414 0e82 B06C24CA 		.ascii	"\260l$\312\354 \220\236l\022('J'X\376\177J\024r%\222"
 414      EC20909E 
 414      6C122827 
 414      4A2758FE 
 414      7F4A1472 
 415 0e98 F8E7B4E3 		.ascii	"\370\347\264\343f\222\307\247\301\306u\036K\333\226"
 415      6692C7A7 
 415      C1C6751E 
 415      4BDB96
 416 0ea7 BEC3591E 		.ascii	"\276\303Y\036\333$*\001R\005\207w\026\276\237\001\023"
 416      DB242A01 
 416      52058777 
 416      16BE9F01 
 416      13
 417 0eb8 E57603D4 		.ascii	"\345v\003\324\234\300\263\205xJN\313\025Nv\031f\300"
ARM GAS  /tmp/ccbSlwn5.s 			page 33


 417      9CC0B385 
 417      784A4ECB 
 417      154E7619 
 417      66C0
 418 0eca E260E082 		.ascii	"\342`\340\202\200_c\340\356M\272t\226\3624X\256^\266"
 418      805F63E0 
 418      EE4DBA74 
 418      96F23458 
 418      AE5EB6
 419 0edd F45C644B 		.ascii	"\364\\dKO\205\375\322\303O\3259\2367H-DF\342\242T\244"
 419      4F85FDD2 
 419      C34FD539 
 419      9E37482D 
 419      4446E2A2 
 420 0ef3 105969B8 		.ascii	"\020Yi\270\276\343\323\376<\010\325;\246\376\016\301"
 420      BEE3D3FE 
 420      3C08D53B 
 420      A6FE0EC1 
 421 0f03 6143715C 		.ascii	"aCq\\\315j\301\201j\356L\015|\257\262s\244\\>R\304\225"
 421      CD6AC181 
 421      6AEE4C0D 
 421      7CAFB273 
 421      A45C3E52 
 422 0f19 EA95362B 		.ascii	"\352\2256+G\3357\004\254\250\2339~\2129^\255\350\370"
 422      47DD3704 
 422      ACA89B39 
 422      7E8A395E 
 422      ADE8F8
 423 0f2c 631DBD22 		.ascii	"c\035\275\"\">\335\224\034\257\226;\336\370\007\356"
 423      223EDD94 
 423      1CAF963B 
 423      DEF807EE 
 424 0f3c F845BC06 		.ascii	"\370E\274\006\335rt\274A\226')J\350T\264\037\201v\027"
 424      DD7274BC 
 424      41962729 
 424      4AE854B4 
 424      1F817617 
 425 0f50 A035420C 		.ascii	"\2405B\014\357\000\335\006\272\001T\017t\031\350\022"
 425      EF00DD06 
 425      BA01540F 
 425      7419E812 
 426 0f60 90C56E48 		.ascii	"\220\305nH\252\356\351\254\213\354m0J\224(\336\007\021"
 426      AAEEE9AC 
 426      8BEC6D30 
 426      4A9428DE 
 426      0711
 427 0f72 D90329B2 		.ascii	"\331\003)\262e\351\316\353\244g\032\251\346+ \333\350"
 427      65E9CEEB 
 427      A4671AA9 
 427      E62B20DB 
 427      E8
 428 0f83 5C563E6F 		.ascii	"\\V>o\257\332\315\333+\012K\207\355j\256\0114^\345\261"
 428      AFDACDDB 
 428      2B0A4B87 
 428      ED6AAE09 
 428      345EE5B1 
 429 0f97 B80E0ED7 		.ascii	"\270\016\016\327\201c\327\354&"
ARM GAS  /tmp/ccbSlwn5.s 			page 34


 429      8163D7EC 
 429      26
 430 0fa0 DEECE9AD 		.ascii	"\336\354\351\255\262\273\310\273\\^i\351`w\221\355."
 430      B2BBC8BB 
 430      5C5E69E9 
 430      607791ED 
 430      2E
 431 0fb1 649921A9 		.ascii	"d\231!\251Y\313em3\3041\307\333\216 \022\352\253\313"
 431      59CB656D 
 431      33C431C7 
 431      DB8E2012 
 431      EAABCB
 432 0fc4 AA031AC7 		.ascii	"\252\003\032\307\250Tf\226\034\257\357\275n\220j\023"
 432      A8546696 
 432      1CAFEFBD 
 432      6E906A13 
 433 0fd4 F990DE84 		.ascii	"\371\220\336\204az\360f\303\324\000\242\3220\335d\303"
 433      617AF066 
 433      C3D400A2 
 433      D230DD64 
 433      C3
 434 0fe5 E46CFD43 		.ascii	"\344l\375C\267`t\244%\220\347c\231\216\036J\210\246"
 434      B76074A4 
 434      2590E763 
 434      998E1E4A 
 434      88A6
 435 0ff7 56291F4B 		.ascii	"V)\037K\251*\276\3776"
 435      A92ABEFF 
 435      36
 436 1000 6ECC657E 		.ascii	"n\314e~\220\337nWt\003F$\271\221op\304\351\266\327I"
 436      90DF6E57 
 436      74034624 
 436      B9916F70 
 436      C4E9B6D7 
 437 1015 8FB3528C 		.ascii	"\217\263R\214\310\266;\227ec\335r\207\2165\310,\257"
 437      C8B63B97 
 437      6563DD72 
 437      878E35C8 
 437      2CAF
 438 1027 C4161B7C 		.ascii	"\304\026\033|2\314\226hL\217\323\235|\312\360C&\233"
 438      32CC9668 
 438      4C8FD39D 
 438      7CCAF043 
 438      269B
 439 1039 301D8234 		.ascii	"0\035\2024\324\343\015\036\346\262\377\245\007\342\247"
 439      D4E30D1E 
 439      E6B2FFA5 
 439      07E2A7
 440 1048 4AB29F48 		.ascii	"J\262\237H\242\355L\224\034h\207\225De\001l\332\305"
 440      A2ED4C94 
 440      1C688795 
 440      4465016C 
 440      DAC5
 441 105a 03082728 		.ascii	"\003\010'(4\3528m\227W\313\207\032\250\357\344W\261"
 441      34EA386D 
 441      9757CB87 
 441      1AA8EFE4 
ARM GAS  /tmp/ccbSlwn5.s 			page 35


 441      57B1
 442 106c 45656999 		.ascii	"Eei\231\362\244\006\333\302[\341(,/4\231\364\222\264"
 442      F2A406DB 
 442      C25BE128 
 442      2C2F3499 
 442      F492B4
 443 107f 4C2F294B 		.ascii	"L/)K\313b0\177\223G\214\324~\257\034\305\227\2376f\230"
 443      CB62307F 
 443      93478CD4 
 443      7EAF1CC5 
 443      979F3666 
 444 1094 7252C0E4 		.ascii	"rR\300\3448\326;\313\346\322\324o\255\033^\255\343\206"
 444      38D63BCB 
 444      E6D2D46F 
 444      AD1B5EAD 
 444      E386
 445 10a6 E718DF97 		.ascii	"\347\030\337\227l\331\314W\\6\027\276!\253\034\315\347"
 445      6CD9CC57 
 445      5C3617BE 
 445      21AB1CCD 
 445      E7
 446 10b7 5CE92898 		.ascii	"\\\351(\230/[6\247K\377\230!m\257\265\274@pjm\"\200"
 446      2F5B36A7 
 446      4BFF9821 
 446      6DAFB5BC 
 446      40706A6D 
 447 10cd 183BA160 		.ascii	"\030;\241`\314\322\366\204&\032)_,\322\2248\201\371"
 447      CCD2F684 
 447      261A295F 
 447      2CD29438 
 447      81F9
 448 10df 2D7E4972 		.ascii	"-~Irt\252\200k\331\005D\333\216\311\233.\270\2012\232"
 448      74AA806B 
 448      D90544DB 
 448      8EC99B2E 
 448      B881329A 
 449 10f3 47D786DB 		.ascii	"G\327\206\333=\020?\374\331\252\327(~\321n\215\335\340"
 449      3D103FFC 
 449      D9AAD728 
 449      7ED16E8D 
 449      DDE0
 450 1105 0AB103EB 		.ascii	"\012\261\003\353\225\255>\3214\034V7\006\225\335\340"
 450      95AD3ED1 
 450      341C5637 
 450      0695DDE0 
 451 1115 A7B956BB 		.ascii	"\247\271V\273`\014:\017\006)\0172d\233\336\2222\024"
 451      600C3A0F 
 451      06290F32 
 451      649BDE92 
 451      3214
 452 1127 99787BAB 		.ascii	"\231x{\253-\213\372\034u\037u\334~\371\262|\032\200"
 452      2D8BFA1C 
 452      751F75DC 
 452      7EF9B27C 
 452      1A80
 453 1139 9E22B554 		.ascii	"\236\"\265T/\357A\226\345\037a\341y\004\313\362c\240"
 453      2FEF4196 
ARM GAS  /tmp/ccbSlwn5.s 			page 36


 453      E51F61E1 
 453      7904CBF2 
 453      63A0
 454 114b A7404F80 		.ascii	"\247@O\200\372\201\006\344\313\264\245\266\325!\017"
 454      FA8106E4 
 454      CBB4A5B6 
 454      D5210F
 455 115a 159C6103 		.ascii	"\025\234a\003\305\302t\206\375\0124h\037B\362\253\342"
 455      C5C27486 
 455      FD0A3468 
 455      1F42F2AB 
 455      E2
 456 116b 48FA8F6A 		.ascii	"H\372\217j\334Lc\",$w\036ps\374]\307\206r\030\220\275"
 456      DC4C6322 
 456      2C24771E 
 456      7073FC5D 
 456      C7867218 
 457 1181 294A9E89 		.ascii	")J\236\2115\236\027\310\202\371\014z\015I\2318h\315"
 457      359E17C8 
 457      82F90C7A 
 457      0D499938 
 457      68CD
 458 1193 8EBB93B9 		.ascii	"\216\273\223\271\361\256\270\227eG\372\300\355qw<D\031"
 458      F1AEB897 
 458      6547FAC0 
 458      ED71773C 
 458      4419
 459 11a5 D7F1DE96 		.ascii	"\327\361\336\226Ro\362\313\232\343Ok\261\200&\206\240"
 459      526FF2CB 
 459      9AE34F6B 
 459      B1802686 
 459      A0
 460 11b6 8123161A 		.ascii	"\201#\026\032\341h&\000\315(X\037\007\032\003\232t\250"
 460      E1682600 
 460      CD28581F 
 460      071A039A 
 460      74A8
 461 11c8 2583D259 		.ascii	"%\203\322Y\262\023\034\345\002\353gs\313q\231-\373o"
 461      B2131CE5 
 461      02EB6773 
 461      CB71992D 
 461      FB6F
 462 11da 224A7E96 		.ascii	"\"J~\226\212\347\242\266\355s\207\340\230\200\231T\230"
 462      8AE7A2B6 
 462      ED7387E0 
 462      98809954 
 462      98
 463 11eb FCDE91C7 		.ascii	"\374\336\221\307\205me\272|\021\343?\305e\321 \214("
 463      856D65BA 
 463      7C11E33F 
 463      C565D120 
 463      8C28
 464 11fd 6C8096F3 		.ascii	"l\200\226\363\035<\223\311\254}\301}\263\025\333\262"
 464      1D3C93C9 
 464      AC7DC17D 
 464      B315DBB2 
 465 120d B30B8C54 		.ascii	"\263\013\214T\355\266\270)O\374\222\305\354\351\303"
ARM GAS  /tmp/ccbSlwn5.s 			page 37


 465      EDB6B829 
 465      4FFC92C5 
 465      ECE9C3
 466 121c D14B6ED2 		.ascii	"\321Kn\322/09\336U\364\336\014z\277\224F|\004/\373\005"
 466      2F3039DE 
 466      55F4DE0C 
 466      7ABF9446 
 466      7C042FFB 
 467 1231 C6369053 		.ascii	"\3066\220S0x\257\033H\362/\013\226\232\363\320\373\271"
 467      3078AF1B 
 467      48F22F0B 
 467      969AF3D0 
 467      FBB9
 468 1243 F4DF0574 		.ascii	"\364\337\005t%~{=\037\326YD\355D\263yo\323\250\"-\344"
 468      257E7B3D 
 468      1FD65944 
 468      ED44B379 
 468      6FD3A822 
 469 1259 9F0960F2 		.ascii	"\237\011`\362\363zE\372\330^\017\273\243\374\264]\275"
 469      F37A45FA 
 469      D85E0FBB 
 469      A3FCB45D 
 469      BD
 470 126a 32CB3662 		.ascii	"2\3136b\362\004\351\233\271]\371j;\3512A.=\307\245\347"
 470      F204E99B 
 470      B95DF96A 
 470      3BE93241 
 470      2E3DC7A5 
 471 127f A8F4FC93 		.ascii	"\250\364\374\223\322A\235\235\364\200\335\277\032\234"
 471      D2419D9D 
 471      F480DDBF 
 471      1A9C
 472 128d E7D2F354 		.ascii	"\347\322\363T\272\275\372\\\237\375\245\302\224\235"
 472      BABDFA5C 
 472      9FFDA5C2 
 472      949D
 473 129b F4029726 		.ascii	"\364\002\227&Ou`p\200Q\375}Tx\240\346W\277\377\366\235"
 473      4F756070 
 473      8051FD7D 
 473      5478A0E6 
 473      57BFFFF6 
 474 12b0 F51F7FAC 		.ascii	"\365\037\177\254\322l\022\011\257\027\337_\353\277>"
 474      D26C1209 
 474      AF17DF5F 
 474      EBBF3E
 475 12bf 386443C8 		.ascii	"8dC\310\037\276\361\2170\371\033E\377\220\360\300\320"
 475      1FBEF18F 
 475      30F91B45 
 475      FF90F0C0 
 475      D0
 476 12d0 A820837F 		.ascii	"\250 \203\177`\260i\253I\334\032i0\255\015V\271\004"
 476      60B069AB 
 476      49DC1A69 
 476      30AD0D56 
 476      B904
 477 12e2 1942C500 		.ascii	"\031B\305\000\255^\037\025\022.~\362\013\275\270\316"
 477      AD5E1F15 
ARM GAS  /tmp/ccbSlwn5.s 			page 38


 477      122E7EF2 
 477      0BBDB8CE 
 478 12f2 3FCA64F4 		.ascii	"?\312d\364\0170\206}\030\036\021n\370\320\020\260!\304"
 478      0F30867D 
 478      181E116E 
 478      F8D010B0 
 478      21C4
 479 1304 D6332C20 		.ascii	"\3263, 08$\334\340\257\0172|\037\020\025*\352\255Z4"
 479      303824DC 
 479      E0AF0F32 
 479      7C1F1015 
 479      2AEAAD5A 
 480 1319 D6DE3F5B 		.ascii	"\326\336?[\2417X\365\327\233\304 \020\205.\356\004D"
 480      A13758F5 
 480      D79BC420 
 480      10852EEE 
 480      0444
 481 132b 4898412F 		.ascii	"H\230A/\252#\215\206M\352p\303\026\361\255\300`\375"
 481      AA238D86 
 481      4DEA70C3 
 481      16F1ADC0 
 481      60FD
 482 133d A610A318 		.ascii	"\246\020\243\030\025\020\252'\357\21482\300\350m\327"
 482      1510AA27 
 482      EF8C3832 
 482      C0E86DD7 
 483 134d A217DF5D 		.ascii	"\242\027\337]\301\257\300\340 \202F\277I\324\207\204"
 483      C1AFC0E0 
 483      208246BF 
 483      49D48784 
 484 135d 87887FE7 		.ascii	"\207\210\177\347(j2\006\202\330&qm\240J\033\030\374"
 484      286A3206 
 484      82D82671 
 484      6DA04A1B 
 484      18FC
 485 136f DD7F7E1D 		.ascii	"\335\177~\035\361\215A\374\215\216}\375\223\301\004"
 485      F18D41FC 
 485      8D8E7DFD 
 485      93C104
 486 137e 8C7B60F0 		.ascii	"\214{`\3607[M\277\016\010\025\337Yq\000\301\016\300"
 486      375B4DBF 
 486      0E0815DF 
 486      597100C1 
 486      0EC0
 487 1390 FD7AC3C6 		.ascii	"\375z\303\306\365\301\206\300\037\326\207\006\230L\277"
 487      F5C186C0 
 487      1FD68706 
 487      984CBF
 488 139f 79CF798F 		.ascii	"y\317y\217 \303\206\250\215\320\307C2\253\362\324\353"
 488      20C386A8 
 488      8DD0C743 
 488      32ABF2D4 
 488      EB
 489 13b0 69A8F46B 		.ascii	"i\250\364k?\375|\335\347\032+\347)\207c'\364\351:!0"
 489      3FFD7CDD 
 489      E71A2BE7 
 489      29876327 
ARM GAS  /tmp/ccbSlwn5.s 			page 39


 489      F4E93A21 
 490 13c5 18076DD8 		.ascii	"\030\007m\330\350\026b2\352\003\303Ew\275\236\017\274"
 490      E8166232 
 490      EA03C345 
 490      77BD9E0F 
 490      BC
 491 13d6 1B7FBA40 		.ascii	"\033\177\272@\253^\374\245\035\220\300\210\260\260\210"
 491      AB5EFCA5 
 491      1D90C088 
 491      B0B088
 492 13e5 70FFC808 		.ascii	"p\377\310\010\243h\362\377\267?\375n\375\357\266\220"
 492      A368F2FF 
 492      B73FFD6E 
 492      FDEFB690 
 493 13f5 B6C89050 		.ascii	"\266\310\220P\203\321\344\377\253\365\353\001\2375\222"
 493      83D1E4FF 
 493      ABF5EB01 
 493      9F3592
 494 1404 EE9101E1 		.ascii	"\356\221\001\341!\201\3720\323Fo\010\006\211\221!LO"
 494      2181FA30 
 494      D3466F08 
 494      06899121 
 494      4C4F
 495 1416 C16B4223 		.ascii	"\301kB#\002\177 F\275\344\255z\321u\223\030\032b\022"
 495      027F2046 
 495      BDE4AD7A 
 495      D1759318 
 495      1A6212
 496 1429 7FEA183B 		.ascii	"\177\352\030;\223\2364\273\3610\377D\341\035\2405\222"
 496      939E34BB 
 496      F130FF44 
 496      E11DA035 
 496      92
 497 143a A74B4468 		.ascii	"\247KDh\220\301\2501\032\002B#\215!\021n\"\371\013."
 497      90C1A831 
 497      1A024223 
 497      8D21116E 
 497      22F90B2E 
 498 144e 85895BD8 		.ascii	"\205\211[\330\353\315\341\006\243\313_\243\014Q\006"
 498      EBCDE106 
 498      A3CB5FA3 
 498      0C5106
 499 145d 92216230 		.ascii	"\222!b0H\006\231\364\264\301\333\216#\235\242D\303\026"
 499      480699F4 
 499      B4C1DB8E 
 499      239DA244 
 499      C316
 500 146f BDA80141 		.ascii	"\275\250\001A\372Uc\2104\204C\316m\3640l2\204\213a\001"
 500      FA556388 
 500      348443CE 
 500      6DF4306C 
 500      32848B61 
 501 1484 A61FE02D 		.ascii	"\246\037\340-\370G;\270m\016\010\021\341\245\267L/\261"
 501      F8473BB8 
 501      6D0E0811 
 501      E1A5B74C 
 501      2FB1
ARM GAS  /tmp/ccbSlwn5.s 			page 40


 502 1496 E92567F4 		.ascii	"\351%g\364\"\212r5l&]]7\213\200*\022\036&CX$\206\321"
 502      228A7235 
 502      6C265D5D 
 502      378B802A 
 502      121E2643 
 503 14ae D0916132 		.ascii	"\320\221a2\204\005D\006G\030\015n&b\302\264\321\005"
 503      84054406 
 503      47180D6E 
 503      2662C2B4 
 503      D105
 504 14c0 08BCDB2C 		.ascii	"\010\274\333,\212\306\310UL\225\336h\370\336`4\204\007"
 504      8AC6C855 
 504      4C95DE68 
 504      F8DE6034 
 504      8407
 505 14d2 0248E81E 		.ascii	"\002H\350\036\261\341/\221\032\303\226\02010\"\310\340"
 505      B1E12F91 
 505      1AC39610 
 505      313022C8 
 505      E0
 506 14e3 6A0CDA0A 		.ascii	"j\014\332\012=\324 brgS\361\013p\305\372\024I;\250\373"
 506      3DD42062 
 506      726753F1 
 506      0B70C5FA 
 506      14493BA8 
 507 14f8 3E3460A3 		.ascii	">4`\243\311M\014\203\036\300\231\304\000\321\240\021"
 507      C94D0C83 
 507      1EC099C4 
 507      00D1A011 
 508 1508 E983A80C 		.ascii	"\351\203\250\014\330\020`2\360\211\374\331:\360\321"
 508      D8106032 
 508      F089FCD9 
 508      3AF0D1
 509 1517 FA456B12 		.ascii	"\372Ek\022\177\010\010\015\331\030\256\027\177\376\372"
 509      7F08080D 
 509      D918AE17 
 509      7FFEFA
 510 1526 BC080E04 		.ascii	"\274\010\016\004? \021\324\341\001a\006\227p\303f\230"
 510      3F2011D4 
 510      E1016106 
 510      9770C366 
 510      98
 511 1537 8581E216 		.ascii	"\205\201\342\026\301\024)\204\222\030m\204\311\255\027"
 511      C1142984 
 511      92186D84 
 511      C9AD17
 512 1546 05E3E782 		.ascii	"\005\343\347\202\3613\301\370\251`\\\207\215\037\177"
 512      F133C1F8 
 512      A9605C87 
 512      8D1F7F
 513 1555 0CF49160 		.ascii	"\014\364\221`\374\245`\374\302\203\250#Y\011\235\326"
 513      FCA560FC 
 513      C283A823 
 513      59099DD6 
 514 1565 BEA139FD 		.ascii	"\276\2419\375\246\317\302\300\244\216v\015\214\010\207"
 514      A6CFC2C0 
 514      A48E760D 
ARM GAS  /tmp/ccbSlwn5.s 			page 41


 514      8C0887
 515 1574 B0915521 		.ascii	"\260\221U!$\302\335\026\026\227\260\310\210\210P\015"
 515      24C2DD16 
 515      1697B0C8 
 515      8888500D 
 516 1584 1FCB95E6 		.ascii	"\037\313\225\346&\304\007t\2554y\015\304\030\3142=\321"
 516      26C40774 
 516      AD34790D 
 516      C418CC32 
 516      3DD1
 517 1596 B595A569 		.ascii	"\265\225\245i`\224\021\202#\352\244&\275\350n\233\001"
 517      60941182 
 517      23EAA426 
 517      BDE86E9B 
 517      01
 518 15a7 DAB000F0 		.ascii	"\332\260\000\360\210\332\366\220\246\205\370\177p\215"
 518      88DAF690 
 518      A685F87F 
 518      708D
 519 15b5 A38F     		.ascii	"\243\217"
 520              		.text
 521              		.section	.gnu.lto_.symtab.b8021846ba922299,"",%progbits
 522 0000 5F76745F 		.ascii	"_vt_init\000"
 522      696E6974 
 522      00
 523 0009 00       		.ascii	"\000"
 524 000a 00       		.ascii	"\000"
 525 000b 00       		.ascii	"\000"
 526 000c 00000000 		.ascii	"\000\000\000\000\000\000\000\000"
 526      00000000 
 527 0014 E7000000 		.ascii	"\347\000\000\000"
 528 0018 63685654 		.ascii	"chVTDoSetI\000"
 528      446F5365 
 528      744900
 529 0023 00       		.ascii	"\000"
 530 0024 00       		.ascii	"\000"
 531 0025 00       		.ascii	"\000"
 532 0026 00000000 		.ascii	"\000\000\000\000\000\000\000\000"
 532      00000000 
 533 002e EE000000 		.ascii	"\356\000\000\000"
 534 0032 63685654 		.ascii	"chVTDoResetI\000"
 534      446F5265 
 534      73657449 
 534      00
 535 003f 00       		.ascii	"\000"
 536 0040 00       		.ascii	"\000"
 537 0041 00       		.ascii	"\000"
 538 0042 00000000 		.ascii	"\000\000\000\000\000\000\000\000"
 538      00000000 
 539 004a F2000000 		.ascii	"\362\000\000\000"
 540 004e 636800   		.ascii	"ch\000"
 541 0051 00       		.ascii	"\000"
 542 0052 02       		.ascii	"\002"
 543 0053 00       		.ascii	"\000"
 544 0054 00000000 		.ascii	"\000\000\000\000\000\000\000\000"
 544      00000000 
 545 005c F8010000 		.ascii	"\370\001\000\000"
ARM GAS  /tmp/ccbSlwn5.s 			page 42


 546 0060 63685379 		.ascii	"chSysHalt\000"
 546      7348616C 
 546      7400
 547 006a 00       		.ascii	"\000"
 548 006b 02       		.ascii	"\002"
 549 006c 00       		.ascii	"\000"
 550 006d 00000000 		.ascii	"\000\000\000\000\000\000\000\000"
 550      00000000 
 551 0075 F7000000 		.ascii	"\367\000\000\000"
 552 0079 63684462 		.ascii	"chDbgCheckClassI\000"
 552      67436865 
 552      636B436C 
 552      61737349 
 552      00
 553 008a 00       		.ascii	"\000"
 554 008b 02       		.ascii	"\002"
 555 008c 00       		.ascii	"\000"
 556 008d 00000000 		.ascii	"\000\000\000\000\000\000\000\000"
 556      00000000 
 557 0095 F9000000 		.ascii	"\371\000\000\000"
 558              		.text
 559              		.section	.gnu.lto_.opts,"",%progbits
 560 0000 272D666D 		.ascii	"'-fmath-errno' '-fsigned-zeros' '-ftrapping-math' '"
 560      6174682D 
 560      6572726E 
 560      6F272027 
 560      2D667369 
 561 0033 2D666E6F 		.ascii	"-fno-trapv' '-fno-openmp' '-fno-openacc' '-mcpu=cor"
 561      2D747261 
 561      70762720 
 561      272D666E 
 561      6F2D6F70 
 562 0066 7465782D 		.ascii	"tex-m0' '-mno-thumb-interwork' '-mthumb' '-ggdb' '-"
 562      6D302720 
 562      272D6D6E 
 562      6F2D7468 
 562      756D622D 
 563 0099 4F322720 		.ascii	"O2' '-Werror' '-fomit-frame-pointer' '-falign-funct"
 563      272D5765 
 563      72726F72 
 563      2720272D 
 563      666F6D69 
 564 00cc 696F6E73 		.ascii	"ions=16' '-ffunction-sections' '-fdata-sections' '-"
 564      3D313627 
 564      20272D66 
 564      66756E63 
 564      74696F6E 
 565 00ff 666E6F2D 		.ascii	"fno-common' '-flto'\000"
 565      636F6D6D 
 565      6F6E2720 
 565      272D666C 
 565      746F2700 
 566              		.text
 567              		.comm	__gnu_lto_v1,1,1
 568              		.comm	__gnu_lto_slim,1,1
 569              		.ident	"GCC: (GNU Tools for ARM Embedded Processors) 5.4.1 20160609 (release) [ARM/embedded-5-bran
ARM GAS  /tmp/ccbSlwn5.s 			page 43


DEFINED SYMBOLS
                            *ABS*:0000000000000000 chvt.c
                            *COM*:0000000000000001 __gnu_lto_v1
                            *COM*:0000000000000001 __gnu_lto_slim

NO UNDEFINED SYMBOLS
