ARM GAS  /tmp/ccRqPxI3.s 			page 1


   1              		.syntax unified
   2              		.cpu cortex-m0
   3              		.fpu softvfp
   4              		.eabi_attribute 20, 1
   5              		.eabi_attribute 21, 1
   6              		.eabi_attribute 23, 3
   7              		.eabi_attribute 24, 1
   8              		.eabi_attribute 25, 1
   9              		.eabi_attribute 26, 1
  10              		.eabi_attribute 30, 2
  11              		.eabi_attribute 34, 0
  12              		.eabi_attribute 18, 4
  13              		.thumb
  14              		.syntax unified
  15              		.file	"crt1.c"
  16              		.text
  17              	.Ltext0:
  18              		.section	.gnu.lto_.profile.372e679291e30b1a,"",%progbits
  19 0000 789C6361 		.ascii	"x\234ca`d`a`\000\222\222\242\000\000\261\0009"
  19      60646061 
  19      60009292 
  19      A20000B1 
  19      0039
  20              		.text
  21              		.section	.gnu.lto_.icf.372e679291e30b1a,"",%progbits
  22 0000 789C6361 		.ascii	"x\234ca`d\000\0015\006\004`cX?\363A\013\023#\230d\002"
  22      60640001 
  22      35060460 
  22      63583FF3 
  22      410B1323 
  23 0017 93CC8DB7 		.ascii	"\223\314\215\267O\375\344g9\362d\372[\026\326\213\337"
  23      4FFDE467 
  23      39F264FA 
  23      5B16D68B 
  23      DF
  24 0028 36F6F031 		.ascii	"6\366\3601\000\000S4\021\273"
  24      00005334 
  24      11BB
  25              		.text
  26              		.section	.gnu.lto_.jmpfuncs.372e679291e30b1a,"",%progbits
  27 0000 789C6361 		.ascii	"x\234ca`d\000\001A\006\004`\005b\240(\023\003\0033\003"
  27      60640001 
  27      41060460 
  27      0562A028 
  27      13030333 
  28 0015 030B9003 		.ascii	"\003\013\220\003\000\003d\000&"
  28      00036400 
  28      26
  29              		.text
  30              		.section	.gnu.lto_.inline.372e679291e30b1a,"",%progbits
  31 0000 789C6361 		.ascii	"x\234ca`d\000\201x\006\004`e``fbd`\0022\331\026\310"
  31      60640081 
  31      78060460 
  31      65606066 
  31      62646002 
  32 0018 8328A022 		.ascii	"\203(\240\"t\021&\014\021f \017\"\302\002&\201\224\310"
  32      7411260C 
ARM GAS  /tmp/ccRqPxI3.s 			page 2


  32      1166200F 
  32      22C20226 
  32      8194C8
  33 002b 4A0EA088 		.ascii	"J\016\240\210\322\246\347\215\214pe\014\000\000\232"
  33      D2A6E78D 
  33      8C70650C 
  33      00009A
  34 003a 06B8     		.ascii	"\006\270"
  35              		.text
  36              		.section	.gnu.lto_.pureconst.372e679291e30b1a,"",%progbits
  37 0000 789C6361 		.ascii	"x\234ca`d\340f```e\220`\224`\222`6a\221\002\000\004"
  37      6064E066 
  37      60606065 
  37      90609460 
  37      92603661 
  38 0018 2200B6   		.ascii	"\"\000\266"
  39              		.text
  40              		.section	.gnu.lto___core_init.372e679291e30b1a,"",%progbits
  41 0000 789C6361 		.ascii	"x\234ca`d\000\201j \266\002bi fdf`d\232p\216\201\241"
  41      60640081 
  41      6A20B602 
  41      62692066 
  41      64666064 
  42 0019 91838991 		.ascii	"\221\203\211\221\021\304h\340`d\250gb\254g\374\312\364"
  42      11C468E0 
  42      6064A867 
  42      62AC67FC 
  42      CAF4
  43 002b 9789F150 		.ascii	"\227\211\361P\373\263\235L\232\313\033\200\340A\353"
  43      FBB39D4C 
  43      9ACB1B80 
  43      E041EB
  44 003a 32C38615 		.ascii	"2\303\206\025\007\030[\231\031\030\3763\201Mb`\\\316"
  44      07185B99 
  44      1918FE33 
  44      814D6260 
  44      5CCE
  45 004c A8C90054 		.ascii	"\250\311\000T\366h\343\277\251\274l- e\012\020I\306"
  45      F668E3BF 
  45      A9BC6C2D 
  45      20650A10 
  45      49C6
  46 005e 158C6C20 		.ascii	"\025\214l \353\326\007\035h\370\377\277\271\241\341"
  46      EBD6071D 
  46      68F8FFBF 
  46      B9A1E1
  47 006d A3C13C55 		.ascii	"\243\301<U\240\304\007 \006Y\363\221\211\011D3\277b"
  47      A0C40720 
  47      0659F391 
  47      89094433 
  47      BF62
  48 007f 64022905 		.ascii	"d\002)\005\233\366\201\211\021$\006Ta\241\247\357\234"
  48      9BF68189 
  48      11240654 
  48      61A1A7EF 
  48      9C
  49 0090 919994E9 		.ascii	"\221\231\224\351\037\254\237_\254\237\234\237\233\233"
ARM GAS  /tmp/ccRqPxI3.s 			page 3


  49      1FAC9F5F 
  49      AC9F9C9F 
  49      9B9B
  50 009e 9FA75F5C 		.ascii	"\237\247_\\\222XTRZ\240\357\030\344\353\354[\001\022"
  50      92585452 
  50      5AA0EF18 
  50      E4EBEC5B 
  50      0112
  51 00b0 2DC8CC49 		.ascii	"-\310\314I-*\326wwv\326O.*1\324Kf\000\000\024\036@\032"
  51      2D2AD677 
  51      7776D64F 
  51      2E2A31D4 
  51      4B660000 
  52              		.text
  53              		.section	.gnu.lto___early_init.372e679291e30b1a,"",%progbits
  54 0000 789C6361 		.ascii	"x\234ca`d\000\201* \266\002bi fdf`d\232p\216\201\241"
  54      60640081 
  54      2A20B602 
  54      62692066 
  54      64666064 
  55 0019 91838991 		.ascii	"\221\203\211\221\021\304h\340`d\250gb\254g\374\312\364"
  55      11C468E0 
  55      6064A867 
  55      62AC67FC 
  55      CAF4
  56 002b 9789F150 		.ascii	"\227\211\361P\373\263\235L\232\313\033\200\340\301\323"
  56      FBB39D4C 
  56      9ACB1B80 
  56      E0C1D3
  57 003a 75860D2B 		.ascii	"u\206\015+\0160\266230\374g\002\233\304\300\270\234"
  57      0E30B632 
  57      3330FC67 
  57      029BC4C0 
  57      B89C
  58 004c 519301A8 		.ascii	"Q\223\001\250\354\321\306\177Sy\331Z@\312\024 \222\214"
  58      ECD1C67F 
  58      5379D95A 
  58      40CA1420 
  58      928C
  59 005e 2B18D940 		.ascii	"+\030\331@\326\255\017:\320\360\377\177sC\303g\005F"
  59      D6AD0F3A 
  59      D0F0FF7F 
  59      7343C367 
  59      0546
  60 0070 A0F80720 		.ascii	"\240\370\007 \006\331\362\221\211\011D3\277bd\002\251"
  60      06D9F291 
  60      89094433 
  60      BF626402 
  60      A9
  61 0081 041BF681 		.ascii	"\004\033\366\201\211\021$\006Ta\241\247\357\234\221"
  61      89112406 
  61      5461A1A7 
  61      EF9C91
  62 0090 9994E91F 		.ascii	"\231\224\351\037\254\237_\254\237\234\237\233\233\237"
  62      AC9F5FAC 
  62      9F9C9F9B 
  62      9B9F
ARM GAS  /tmp/ccRqPxI3.s 			page 4


  63 009e A75F5C92 		.ascii	"\247_\\\222XTRZ\240\357\030\344\353\354[\001\022-\310"
  63      5854525A 
  63      A0EF18E4 
  63      EBEC5B01 
  63      122DC8
  64 00b1 CC492D2A 		.ascii	"\314I-*\326wwv\326O.*1\324Kf\000\000\340\366?\261"
  64      D6777776 
  64      D64F2E2A 
  64      31D44B66 
  64      0000E0F6 
  65              		.text
  66              		.section	.gnu.lto___late_init.372e679291e30b1a,"",%progbits
  67 0000 789C6361 		.ascii	"x\234ca`d\000\201* \266\002bi fdf`d\232p\216\201\241"
  67      60640081 
  67      2A20B602 
  67      62692066 
  67      64666064 
  68 0019 91838991 		.ascii	"\221\203\211\221\021\304h\340`d\250gb\254g\374\312\364"
  68      11C468E0 
  68      6064A867 
  68      62AC67FC 
  68      CAF4
  69 002b 9789F150 		.ascii	"\227\211\361P\373\263\235L\232\313\033\200\340\301\322"
  69      FBB39D4C 
  69      9ACB1B80 
  69      E0C1D2
  70 003a 6D860D2B 		.ascii	"m\206\015+\0160\266230\374g\002\233\304\300\270\234"
  70      0E30B632 
  70      3330FC67 
  70      029BC4C0 
  70      B89C
  71 004c 519301A8 		.ascii	"Q\223\001\250\354\321\306\177Sy\331Z@\312\024 \222\214"
  71      ECD1C67F 
  71      5379D95A 
  71      40CA1420 
  71      928C
  72 005e 2B18D940 		.ascii	"+\030\331@\326\255\017:\320\360\377\177sC\303G\005F"
  72      D6AD0F3A 
  72      D0F0FF7F 
  72      7343C347 
  72      0546
  73 0070 A0F80720 		.ascii	"\240\370\007 \006\331\362\221\211\011D3\277bd\002\251"
  73      06D9F291 
  73      89094433 
  73      BF626402 
  73      A9
  74 0081 041BF681 		.ascii	"\004\033\366\201\211\021$\006Ta\241\247\357\234\221"
  74      89112406 
  74      5461A1A7 
  74      EF9C91
  75 0090 9994E91F 		.ascii	"\231\224\351\037\254\237_\254\237\234\237\233\233\237"
  75      AC9F5FAC 
  75      9F9C9F9B 
  75      9B9F
  76 009e A75F5C92 		.ascii	"\247_\\\222XTRZ\240\357\030\344\353\354[\001\022-\310"
  76      5854525A 
  76      A0EF18E4 
ARM GAS  /tmp/ccRqPxI3.s 			page 5


  76      EBEC5B01 
  76      122DC8
  77 00b1 CC492D2A 		.ascii	"\314I-*\326wwv\326O.*1\324Kf\000\000\274|?w"
  77      D6777776 
  77      D64F2E2A 
  77      31D44B66 
  77      0000BC7C 
  78              		.text
  79              		.section	.gnu.lto___default_exit.372e679291e30b1a,"",%progbits
  80 0000 789C6361 		.ascii	"x\234ca`d\000\201J \266\002bS fde`d\232p\216\201\241"
  80      60640081 
  80      4A20B602 
  80      62532066 
  80      64656064 
  81 0019 91838991 		.ascii	"\221\203\211\221\031\304`dfd\201\010\260@\004\034\031"
  81      19C46064 
  81      66648108 
  81      B040041C 
  81      19
  82 002a 19EA9998 		.ascii	"\031\352\231\230Y\030\201\004\003\004|e\372\313\304"
  82      59188104 
  82      03047C65 
  82      FACBC4
  83 0039 78A8FDD9 		.ascii	"x\250\375\331N&\315\345\015@\360\340\350n\303\206\025"
  83      4E26CDE5 
  83      0D40F0E0 
  83      E86EC386 
  83      15
  84 004a 07185B81 		.ascii	"\007\030[\201\012\3763A\3240.g\324d\000*{\264\361\337"
  84      0AFE3341 
  84      D4302E67 
  84      D464002A 
  84      7BB4F1DF 
  85 005e 545EB616 		.ascii	"T^\266\026\2202\005\210$\343\012F6\220C\326\007\035"
  85      90320588 
  85      24E30A46 
  85      369043D6 
  85      071D
  86 0070 68F8FFBF 		.ascii	"h\370\377\277\271\241\341\273\301oU\240\300\007\240"
  86      B9A1E1BB 
  86      C16F55A0 
  86      C007A0
  87 007f 24239064 		.ascii	"$#\220d\002:\341\003\320.\240\335\214\037\230X\2404"
  87      023AE103 
  87      D02EA0DD 
  87      8C1F9858 
  87      A034
  88 0091 C4E9167A 		.ascii	"\304\351\026z\372\316\031\231I\231\376\301\372\371\305"
  88      FACE1999 
  88      4999FEC1 
  88      FAF9C5
  89 00a0 FAC9F9B9 		.ascii	"\372\311\371\271\271\371y\372\305%\211E%\245\005\372"
  89      B9F979FA 
  89      C5258945 
  89      25A505FA 
  90 00b0 8E41BECE 		.ascii	"\216A\276\316\276\025 \321\202\314\234\324\242b}wgg"
  90      BE1520D1 
ARM GAS  /tmp/ccRqPxI3.s 			page 6


  90      82CC9CD4 
  90      A2627D77 
  90      6767
  91 00c2 FDE4A212 		.ascii	"\375\344\242\022C\275d\006\000\320\205B\370"
  91      43BD6406 
  91      00D08542 
  91      F8
  92              		.text
  93              		.section	.gnu.lto___init_ram_areas.372e679291e30b1a,"",%progbits
  94 0000 789C8D54 		.ascii	"x\234\215T]L\\E\024\2363s\377\366\336\205\335\006|\253"
  94      5D4C5C45 
  94      149E3373 
  94      FFF6DE85 
  94      DD067CAB 
  95 0014 090FF2D0 		.ascii	"\011\017\362\320\227^\361\251\321\207\246\356\203O\325"
  95      975EF1A9 
  95      D187A6EE 
  95      834FD5
  96 0023 589F8D56 		.ascii	"X\237\215V4\221h\313\006h\342\203\311^\330]\265\325"
  96      349168CB 
  96      0668E283 
  96      C95ED85D 
  96      B5D5
  97 0035 18886983 		.ascii	"\030\210i\203\374HLc\212\245e\241\365\247\013\255]("
  97      FC484C63 
  97      8AA565A1 
  97      F5A70BAD 
  97      5D28
  98 0047 164B56B4 		.ascii	"\026KV\264\244\351\2231\272F\222\2421\273,\215\261\261"
  98      A4E99331 
  98      BA4692A2 
  98      31BB2C8D 
  98      B1B1
  99 0059 E039672E 		.ascii	"\3409g.q\241\326t\223\2753s\346\234\357|\347\233\231"
  99      71A1D674 
  99      93BD3373 
  99      E69CEF7C 
  99      E79B99
 100 006c 630810F4 		.ascii	"c\010\020\364\353\261\204H\340\370\011\376!*@\366.\012"
 100      EBB18448 
 100      E0F809FE 
 100      212A40F6 
 100      2E0A
 101 007e D1ED4850 		.ascii	"\321\355HPz\242\300\324\023COf\034S\032\357\315\013"
 101      7AA2C0D4 
 101      13434F66 
 101      1C531AEF 
 101      CD0B
 102 0090 11B856C6 		.ascii	"\021\270V\306\026A\324\002\207\354`\353q\306q\244\255"
 102      1641D402 
 102      87EC60EB 
 102      71C671A4 
 102      AD
 103 00a1 F723BC1F 		.ascii	"\367#\274\037\221\336\370\034-\335R\004\227\236\006"
 103      91DEF81C 
 103      2DDD5204 
 103      979E06
ARM GAS  /tmp/ccRqPxI3.s 			page 7


 104 00b0 DEE702D0 		.ascii	"\336\347\002\320\0308 RR\031\246e;\021\317\205\224\241"
 104      18382052 
 104      5219A665 
 104      3B11CF85 
 104      94A1
 105 00c2 04140C44 		.ascii	"\004\024\014D\243\017\0214\205\3769\341x[\336\2250\373"
 105      A30F1134 
 105      85FE39E1 
 105      785BDE95 
 105      30FB
 106 00d4 F6725EEE 		.ascii	"\366r^\356:\025\340\357\247l\251%\030-@V\011\261!\265"
 106      3A15E0EF 
 106      A76CA925 
 106      182D4056 
 106      09B121B5 
 107 00e8 0F9C825D 		.ascii	"\017\234\202]\002\335\256g&\206\324\232\314*\000\003"
 107      02DDAE67 
 107      2686D49A 
 107      CC2A0003 
 108 00f8 97956F07 		.ascii	"\227\225o\007~\251\247\245\204&\\fFFs\206z\002\310\363"
 108      7EA9A7A5 
 108      84265C66 
 108      46467386 
 108      7A02C8F3 
 109 010c F45FD78F 		.ascii	"\364_\327\217\251\346\223A\320\023\024\216\277\377\360"
 109      A9E69341 
 109      D013148E 
 109      BFFFF0
 110 011b 874121D3 		.ascii	"\207A!\323\224U\012N\203BP\370\024v\302(\354dp\364."
 110      94550A4E 
 110      834250F8 
 110      1476C228 
 110      EC6470F4 
 111 0130 4DAE1FAF 		.ascii	"M\256\037\257\2632\224\276\011\306\240Y'\2063`\241\250"
 111      B33294BE 
 111      09C6A059 
 111      27863360 
 111      A1A8
 112 0142 8A2CE834 		.ascii	"\212,\3504\367\353\337K\236\332\313\360\335c\203C\321"
 112      F7EBDF4B 
 112      9EDACBF0 
 112      DD638343 
 112      D1
 113 0153 107E7031 		.ascii	"\020~p1\026\302\033p\366^x\030\347\350b\341h\316UOr"
 113      16C21B70 
 113      F65E7818 
 113      E7E862E1 
 113      68CE554F 
 114 0168 F4FAD2AD 		.ascii	"\364\372\322\255\262\031F\017-F\203\336n\207\202s\377"
 114      B219460F 
 114      2D4683DE 
 114      6E878273 
 114      FF
 115 0179 113C01CD 		.ascii	"\021<\001\315\271\003\205`c#\035\024\372\352/\365\377"
 115      B9038560 
 115      63231D14 
 115      FAEA2FF5 
ARM GAS  /tmp/ccRqPxI3.s 			page 8


 115      FF
 116 018a 11790804 		.ascii	"\021y\010\004\021\222\014\254\330\303\340\257\303_\227"
 116      11920CAC 
 116      D8C3E0AF 
 116      C35F97
 117 0199 ED1ECFA3 		.ascii	"\355\036\317\243\002a\353\360c\306x\035\347\275\035"
 117      0261EBF0 
 117      63C6781D 
 117      E7BD1D
 118 01a8 646D6043 		.ascii	"dm`C#C\011Q\306r\313BT\244\304A\225\240\2074\343\362"
 118      23430951 
 118      C672CB42 
 118      54A4C441 
 118      95A08734 
 119 01be 75E927B2 		.ascii	"u\351'\262\263\337\331$\264\305\374\323w.W\353Sw\203"
 119      B3DFD924 
 119      B4C5FCD3 
 119      772E57EB 
 119      537783
 120 01d1 FE2088A3 		.ascii	"\376 \210\243\355\250\322*^\033\030{m\004\206\273{\331"
 120      EDA8D22A 
 120      5E1B187B 
 120      6D0486BB 
 120      7BD9
 121 01e3 6CC33948 		.ascii	"l\3039H\301$\025\202{\033+\347\306#:$\350\003\002:\017"
 121      C1241582 
 121      7B1B2BE7 
 121      C6233A24 
 121      E803023A 
 122 01f8 23282E7C 		.ascii	"#(.|\006)A\231\225\310\330\2249\316\224\322\012\304"
 122      06294199 
 122      95C8D894 
 122      39CE94D2 
 122      0AC4
 123 020a 32F44C55 		.ascii	"2\364LU\256V\325\366\363\301\022\210;\037\017\002|\016"
 123      AE56D5F6 
 123      F3C11288 
 123      3B1F0F02 
 123      7C0E
 124 021c 565AB9B5 		.ascii	"VZ\271\265$\025\223\374s~\341\235(\321\241\250\027\260"
 124      241593FC 
 124      737EE19D 
 124      28D1A1A8 
 124      17B0
 125 022e 660741E1 		.ascii	"f\007A\341\213\220\317G\375\027\252\365\376Y\"\032\201"
 125      8B90CF47 
 125      FD17AAF5 
 125      FE59221A 
 125      81
 126 023f 2F91CA3A 		.ascii	"/\221\312:_5\270\000\276@\026\301^\302\245T\210\315"
 126      5F35B800 
 126      BE4016C1 
 126      5EC2A554 
 126      88CD
 127 0251 4CFAE695 		.ascii	"L\372\346\225N\345m\307~\376\177\261\363\214Mo\023\246"
 127      4EE56DC7 
 127      7EFE7FB1 
ARM GAS  /tmp/ccRqPxI3.s 			page 9


 127      F38C4D6F 
 127      13A6
 128 0263 B6604F10 		.ascii	"\266`O\020\266'\304*\300VIQ\373G6U\205iH\311Q;\255\032"
 128      B627C42A 
 128      C0564951 
 128      FB473655 
 128      856948C9 
 129 027b BDE2ED17 		.ascii	"\275\342\355\027Q&C\340[TH\350\316\261\233\371=\232"
 129      512643E0 
 129      5B5448E8 
 129      CEB19BF9 
 129      3D9A
 130 028d 515D6DF1 		.ascii	"Q]m\361\306\226\342Qi7\215\317\343\"Q\203K$9\306\236"
 130      C696E251 
 130      69378DCF 
 130      E3225183 
 130      4B2439C6 
 131 02a2 F8B88E22 		.ascii	"\370\270\216\"\267\027\022cg\025:\177\205\316\210\215"
 131      B7171263 
 131      67153A7F 
 131      85CE888D 
 132 02b2 FEE9A1B7 		.ascii	"\376\351\241\267~\314?\252s\305\310\201ng\011\344\277"
 132      7ECC3FAA 
 132      73C5C881 
 132      6E6709E4 
 132      BF
 133 02c3 65C4B4D7 		.ascii	"e\304\264\327r\3761\355\025\247\234\265^,d\234\017\332"
 133      72FE31ED 
 133      15A79CB5 
 133      5E2C649C 
 133      0FDA
 134 02d5 14D827C2 		.ascii	"\024\330'\302\223\346`%\364\202}\244>\366\342yS#E\267"
 134      93E66025 
 134      F4827DA4 
 134      3EF6E279 
 134      532345B7 
 135 02e9 16737F9D 		.ascii	"\026s\177\235/\263\316\374l\013\250\363\317\220YL\037"
 135      2FB3CEFC 
 135      6C0BA8F3 
 135      CF90594C 
 135      1F
 136 02fa D6180A61 		.ascii	"\326\030\012a\350pWA\342i\252\037*o\"\027\243X}y\025"
 136      E8705741 
 136      E269AA1F 
 136      2A6F2217 
 136      A3587D79 
 137 030f 70CB53BF 		.ascii	"p\313S\277\223!f\\\254\222\300\026\335Ct\305L\312\004"
 137      9321665C 
 137      AC92C016 
 137      DD4374C5 
 137      4CCA04
 138 0322 34D89B8A 		.ascii	"4\330\233\212\257\225o\234T\367\327\315\010u\233A\""
 138      AF956F9C 
 138      54F7D7CD 
 138      08759B41 
 138      22
 139 0333 B507E2E2 		.ascii	"\265\007\342\342{\235\305\035V\350\346T\250c\003\005"
ARM GAS  /tmp/ccRqPxI3.s 			page 10


 139      7B9DC51D 
 139      56E8E654 
 139      A8630305 
 140 0343 DCA36303 		.ascii	"\334\243c\003+\344\220BP\243\220\301\242L\336\330\024"
 140      2BE49042 
 140      50A390C1 
 140      A24CDED8 
 140      14
 141 0354 65C7838A 		.ascii	"e\307\203\212r\205E\341\2134\267M\024\003a\264(8s,<"
 141      728545E1 
 141      8B34B74D 
 141      140361B4 
 141      2838732C 
 142 0369 EA06FB0C 		.ascii	"\352\006\373\014_\261\010)\300lK\217k\337FL\200\320"
 142      5FB10829 
 142      C06C4B8F 
 142      6BDF464C 
 142      80D0
 143 037b 4BE5E2B0 		.ascii	"K\345\342\260\247\273o\034\276\256\341\316\017\266Q"
 143      A7BB6F1C 
 143      BEAEE1CE 
 143      0FB651
 144 038a C34F0F2B 		.ascii	"\303O\017+z\230\270\306\210\201\351\265\005\223\"<p"
 144      7A98B8C6 
 144      8881E9B5 
 144      0593223C 
 144      70
 145 039b 1EBC6FCC 		.ascii	"\036\274o\314\327\364\215\276\205\301\025\263%\027\340"
 145      D7F48DBE 
 145      85C115B3 
 145      2517E0
 146 03aa 5E70044B 		.ascii	"^p\004K\205o\260$\270\252\333#\356\277\373\333\255\357"
 146      856FB024 
 146      B8AADB23 
 146      EEBFFBDB 
 146      ADEF
 147 03bc 63615F79 		.ascii	"ca_y\226\236\3765h\301j\027\270\253Pc\363\304\007\026"
 147      969EFE35 
 147      68C16A17 
 147      B8AB5063 
 147      F3C40716 
 148 03d0 54A44B8D 		.ascii	"T\244K\215m\005\033[\345i\3357x\023\320\212Wf\317n?"
 148      6D051B5B 
 148      E569DD37 
 148      7813D08A 
 148      5766CF6E 
 149 03e5 F16ADB4B 		.ascii	"\361j\333Km\317<\347\267w\372\255\355\207\016\265\037"
 149      6DCF3CE7 
 149      B777FAAD 
 149      ED870EB5 
 149      1F
 150 03f6 F63BBB0E 		.ascii	"\366;\273\016vt\035I\372\373\016\354O\354\177\203\254"
 150      76741D49 
 150      FAFB0EEC 
 150      4FEC7F83 
 150      AC
 151 0407 C9B6D75F 		.ascii	"\311\266\327_\351\350\364\237J$\374\326\216\256\226"
ARM GAS  /tmp/ccRqPxI3.s 			page 11


 151      E9E8F49F 
 151      4A24FCD6 
 151      8EAE96
 152 0416 DDAD4275 		.ascii	"\335\255Bu\034L\312\256$$\377\001|\3343u"
 152      1C4CCAAE 
 152      2424FF01 
 152      7CDC3375 
 153              		.text
 154              		.section	.gnu.lto_ram_areas.372e679291e30b1a,"",%progbits
 155 0000 789C75D1 		.ascii	"x\234u\321KO\023Q\030\306\361\363\316i\031P.\342\035"
 155      4B4F1351 
 155      18C6F1F3 
 155      CE691950 
 155      2EE21D
 156 0013 2DF20D98 		.ascii	"-\362\015\230\340\252!1\201t\341\212@\360\023hCB\023"
 156      E0AA2131 
 156      8174E18A 
 156      40F01368 
 156      434213
 157 0026 B0A4AD09 		.ascii	"\260\244\255\011\273\316\202\001t\357\012\026, \340"
 157      BBCE8201 
 157      74EF0A16 
 157      2C20E0
 158 0035 052D2260 		.ascii	"\005-\"`\253HA\213\"w\324\225\033\026\204\025+\002!"
 158      AB48418B 
 158      2277D495 
 158      1B168415 
 158      2B0221
 159 0048 E17E669E 		.ascii	"\341~f\236Y\3404\357Y\314?y\317\311\311/g|\202\204\275"
 159      59E034EF 
 159      59CC3F79 
 159      CFC9C92F 
 159      677C8284 
 160 005d EAFD42D4 		.ascii	"\352\375B\324\012\254\023\215\322\351\235\177z\362\304"
 160      0AAC138D 
 160      D2E99D7F 
 160      7AF2C4
 161 006c EC35CDCD 		.ascii	"\3545\315\315\241\303&\335\222\342\271\314\3332\307"
 161      A1C326DD 
 161      92E2B9CC 
 161      DB32C7
 162 007b C9D9A0BC 		.ascii	"\311\331\240\274\215\2703\327\362\346E\316\\:\363\375"
 162      8DB833D7 
 162      F2E645CE 
 162      5C3AF3FD 
 163 008b EDAD99C2 		.ascii	"\355\255\231\302\340\244\331;`\326Y\222N5A\257)y\252"
 163      E0A4D93B 
 163      60D65992 
 163      4E3541AF 
 163      2979AA
 164 009e 11BDB2A3 		.ascii	"\021\275\262\243\321\210\035I\303\224\264\217\357\275"
 164      D1881D49 
 164      C394B48F 
 164      EFBD
 165 00ac B00EE49E 		.ascii	"\260\016\344\236fI\215\364\377o\315N\367<p\356\365q"
 165      66498DF4 
 165      FF6FCD4E 
ARM GAS  /tmp/ccRqPxI3.s 			page 12


 165      F73C70EE 
 165      F571
 166 00be 403F032C 		.ascii	"@?\003,`\200:\007L\001\370\036\300w\000\216\002\270"
 166      60803A07 
 166      4C01F81E 
 166      C077008E 
 166      02B8
 167 00d0 75349A29 		.ascii	"u4\232)\005\260\300\003\234r\201\205\034\260\210\001"
 167      05B0C003 
 167      9C728185 
 167      1CB08801 
 168 00e0 5E628097 		.ascii	"^b\200\2279\340$\200\023\000~\004p\034\300\205\301\314"
 168      39E02480 
 168      13007E04 
 168      701CC085 
 168      C1CC
 169 00f2 7131807E 		.ascii	"q1\200~\017p\314\005\026s\300\022\006X\312\000\3138"
 169      0F70CC05 
 169      1673C012 
 169      0658CA00 
 169      CB38
 170 0104 E017003F 		.ascii	"\340\027\000?\003\230\0010\015\340zW\252\337\375\305"
 170      03980130 
 170      0DE07A57 
 170      AADFFDC5 
 171 0114 3E0FB0CF 		.ascii	">\017\260\317\005^\341\200\345\014\360*\003\274\306"
 171      055EE180 
 171      E50CF02A 
 171      03BCC6
 172 0123 01E7009C 		.ascii	"\001\347\000\234\0050\013\340\014\200s\273\251a\367"
 172      05300BE0 
 172      0C8073BB 
 172      A961F7
 173 0132 05A507F8 		.ascii	"\005\245\007\370\322\005^\347\2007\030\340M\006x\213"
 173      D2055EE7 
 173      803718E0 
 173      4D06788B 
 174 0142 03FE04F0 		.ascii	"\003\376\004\360\007\200\363\000\346\000\314\235\035"
 174      0780F300 
 174      E600CC9D 
 174      1D
 175 014f 64CB00D4 		.ascii	"d\313\000\324<\300\263n\000os\300\012\006x\207\001\336"
 175      3CC0B36E 
 175      006F73C0 
 175      0A067887 
 175      01DE
 176 0161 E5802B00 		.ascii	"\345\200+\000.\003\270\004\340\"\200\027EG\256(\300"
 176      2E03B804 
 176      E0228017 
 176      4547AE28 
 176      C0
 177 0172 892A19D1 		.ascii	"\211*\031\321=FT\305\211~C\264\001\321:Dk\020u\365\345"
 177      3D4654C5 
 177      897E43B4 
 177      01D13A44 
 177      6B1075F5 
 178 0187 0E751C37 		.ascii	"\016u\0347\245%%\325\004\350\017\005\351~\200VU~Q\200"
ARM GAS  /tmp/ccRqPxI3.s 			page 13


 178      A52525D5 
 178      04E80F05 
 178      E97E8056 
 178      557E5180 
 179 019b 1654BFAB 		.ascii	"\026T\277\253~S\375\252:\255\372IuJ\365\203\352\230"
 179      7E53FDAA 
 179      3AADFA49 
 179      754AF583 
 179      EA98
 180 01ad EA5BD537 		.ascii	"\352[\3257\024\024\364W}\202\325F\2505\362$\322\370"
 180      1414F457 
 180      7D82D546 
 180      A835F224 
 180      D2F8
 181 01bf C888C68D 		.ascii	"\310\210\306\215p\264\275=\372\324\210'\036\307\022"
 181      70B4BD3D 
 181      FAD48827 
 181      1EC712
 182 01ce CF3A8CFA 		.ascii	"\317:\214\372\346\206PC\247=\355\210\264\265\304\342"
 182      E6865043 
 182      A73DED88 
 182      B4B5C4E2 
 183 01de C6C350C8 		.ascii	"\306\303P\310\010\307\0225\325aq\016\311\264\034\342"
 183      08C71235 
 183      D561710E 
 183      C9B41CE2 
 184              		.text
 185              		.section	.gnu.lto_.symbol_nodes.372e679291e30b1a,"",%progbits
 186 0000 789C55CD 		.ascii	"x\234U\315E\016\302P\000\204\341\251\341\326\342^\334"
 186      450EC250 
 186      0084E1A9 
 186      E1D6E25E 
 186      DC
 187 0011 DD7DC9B1 		.ascii	"\335}\311\261^\217\300yX\341\3548\023e6\244\253/\371"
 187      5E8FC079 
 187      58E1EC38 
 187      136536A4 
 187      AB2FF9
 188 0024 33C9A890 		.ascii	"3\311\250\220p\224\000\310\025\001\234>\200\315\331"
 188      709400C8 
 188      15019C3E 
 188      80CDD9
 189 0033 2AD9A12A 		.ascii	"*\331\241*$g\250\011\331\031\352B\371\007\335\016\015"
 189      2467A809 
 189      D919EA42 
 189      F907DD0E 
 189      0D
 190 0044 A13A165A 		.ascii	"\241:\026Z\031\226\001(ZS2\355\017\255%\223\266B:*\351"
 190      19960128 
 190      5A5332ED 
 190      0FAD2593 
 190      B6423A2A 
 191 0059 6AA4E722 		.ascii	"j\244\347\"}7\031x\310\320KF>2\366\223I\200L\203d\026"
 191      7D371978 
 191      C8D04B46 
 191      3E32F693 
 191      49804C83 
ARM GAS  /tmp/ccRqPxI3.s 			page 14


 192 006f 22F33059 		.ascii	"\"\3630YD\310R'+\203\254\243d\023#\3338\331%\310>I\016"
 192      44C85227 
 192      2B83ACA3 
 192      641323DB 
 192      38D925C8 
 193 0086 2972419A 		.ascii	")rA\232^\221\2417d\351\0359\372@\236>Q\240/\024\351"
 193      5E91A137 
 193      64E91D39 
 193      FA409E3E 
 193      51A02F14 
 194 009b 1BE64F7C 		.ascii	"\033\346O|\001\371F%\372"
 194      01F94625 
 194      FA
 195              		.text
 196              		.section	.gnu.lto_.refs.372e679291e30b1a,"",%progbits
 197 0000 789C05C1 		.ascii	"x\234\005\301\013\026BP\024\000\300\333\034O\037*\351"
 197      0B164250 
 197      1400C0DB 
 197      1C4F1F2A 
 197      E9
 198 0011 23858456 		.ascii	"#\205\204V\323\376\367c&\213M\374#B&\221\2061\311m\355"
 198      D3FEF763 
 198      268B4DFC 
 198      23422691 
 198      8631C96D 
 199 0026 EC1D144A 		.ascii	"\354\035\024JG'g\225\213\332\325\315\335C\343\251\365"
 199      47276795 
 199      8BDAD5CD 
 199      DD43E3A9 
 199      F5
 200 0037 F2D6E90D 		.ascii	"\362\326\351\015>F_\223\331\342\027+|\302\003\232"
 200      3E465F93 
 200      D9E2172B 
 200      7CC2039A 
 201              		.text
 202              		.section	.gnu.lto_.decls.372e679291e30b1a,"",%progbits
 203 0000 789C8596 		.ascii	"x\234\205\226kPTG\026\307oO\2170\014\303@!\225\262\266"
 203      6B505447 
 203      16C76F4F 
 203      8F300CC3 
 203      402195B2 
 204 0015 C886A448 		.ascii	"\310\206\244H\351\326&NP\324\375\230-\2676\237\262\273"
 204      E9D6264E 
 204      50D4FD98 
 204      2DB7369F 
 204      B2BB
 205 0027 B5797C9D 		.ascii	"\265y|\235B\234-\251\305\301\202\241V?l\325\225\227"
 205      429C2DA9 
 205      C5C182A1 
 205      563F6CD5 
 205      9597
 206 0039 A2224314 		.ascii	"\242\"C\024\221\207\017\324(\020\024D\031\345\241N\024"
 206      91870FD4 
 206      28101444 
 206      19E5A14E 
 206      14
 207 004a 08022208 		.ascii	"\010\002\"\010\250\310[\324 \202\017@\020_\354\351\323"
ARM GAS  /tmp/ccRqPxI3.s 			page 15


 207      A8C85BD4 
 207      20820F40 
 207      105FECE9 
 207      D3
 208 005b 779E3D64 		.ascii	"w\236=do\361\277s\373\316\371\375O\367\351s/\243\226"
 208      6FF1BF73 
 208      FBCEF9FD 
 208      4FF7E973 
 208      2FA396
 209 006e 88C48EF0 		.ascii	"\210\304\216\360\020I\372\226JR\232J\222\026\340\360"
 209      1049FA96 
 209      4A529A4A 
 209      9216E0F0 
 210 007e 877BDF4B 		.ascii	"\207{\337K\256c\011\250\002T\005\252\006\325\202\352"
 210      AE6309A8 
 210      025405AA 
 210      06D582EA 
 211 008e 411F8306 		.ascii	"A\037\203\006A\303\240\373\240\007\240G\2401\3208h\002"
 211      41C3A0FB 
 211      A007A047 
 211      A031D038 
 211      6802
 212 00a0 F414F41C 		.ascii	"\364\024\364\0344\005\232\001\315\202^\201^\203\336"
 212      34059A01 
 212      CD825E81 
 212      5E83DE
 213 00af 82DEB304 		.ascii	"\202\336\263\0040\015\025H\015\362\003i@Z\220\016\244"
 213      300D1548 
 213      0DF20369 
 213      405A900E 
 213      A4
 214 00c0 07858042 		.ascii	"\007\205\200BAa\240\017@\313@\277\003\205\203~O$\217"
 214      4161A00F 
 214      40CB40BF 
 214      0385837E 
 214      4F248F
 215 00d3 A382DB39 		.ascii	"\243\202\3339\347O\224{\336G\225\217\270*\037q\325>"
 215      E74F947B 
 215      DE47958F 
 215      B82A1F71 
 215      D53E
 216 00e5 E2AA7DC4 		.ascii	"\342\252}\304\325\372\210\253\365\021\307\352\246S\342"
 216      D5FA88AB 
 216      F511C7EA 
 216      A653E2
 217 00f4 424161A0 		.ascii	"BAa\240\217 \270\015>\227\203\"\340z\000>\373A\037\303"
 217      8F20B80D 
 217      3E978322 
 217      E07A003E 
 217      FB411FC3 
 218 0108 752B7CFE 		.ascii	"u+|\376\003\244\006\335\001u\201\272A\267\224\034\365"
 218      03A406DD 
 218      017581BA 
 218      41B7941C 
 218      F5
 219 0119 CAE7A057 		.ascii	"\312\347\240W\236A\205iS\274X\236\201E|\330\021!\361"
 219      9E418569 
ARM GAS  /tmp/ccRqPxI3.s 			page 16


 219      53BC589E 
 219      81457CD8 
 219      1121F1
 220 012c 5A862BB5 		.ascii	"Z\206+\265]\246\324:L\251}\210\262\027:eo4\312^\251"
 220      5DA6D43A 
 220      4CA97D88 
 220      B2173A65 
 220      6F34CA5E 
 221 0141 95BD6393 		.ascii	"\225\275c\223`{\311\366\224\355-\333c\266\327l\317\331"
 221      607BC9F6 
 221      94ED2DDB 
 221      63B6D76C 
 221      CFD9
 222 0153 DEB31E60 		.ascii	"\336\263\036`\275\300z\202\365\006\353\021\326+\254"
 222      BDC07A82 
 222      F506EB11 
 222      D62BAC
 223 0162 6758EF0C 		.ascii	"gX\357\014{\315\377\235\212\224\345\364\324\322>\322"
 223      7BCDFF9D 
 223      8A94E5F4 
 223      D4D23ED2 
 224 0172 4BA02D49 		.ascii	"K\240-I\010\257*\341g\202\222\270p\010\027*<K\256[\304"
 224      08AF2AE1 
 224      678292B8 
 224      7008172A 
 224      3C4BAE5B 
 225 0187 11C8CE70 		.ascii	"\021\310\316pR\021\345\236\3444\303?\205\307\336\307"
 225      5211E59E 
 225      E434C33F 
 225      85C7DEC7 
 226 0197 83AFC7E9 		.ascii	"\203\257\307\351N\024\2108g\200_K\374{\247+\377P\271"
 226      4E148838 
 226      67805F4B 
 226      FC7BA72B 
 226      FF50B9
 227 01aa 00373F3E 		.ascii	"\0007?>]\305\3165g\347\232\210c\321\027\356e\377\342"
 227      5DC5CE35 
 227      67E79A88 
 227      63D117EE 
 227      65FFE2
 228 01bd 47A1A270 		.ascii	"G\241\242p}\243\177\262|\011\325\343ue\321\333N\215"
 228      7DA37FB2 
 228      7C09D5E3 
 228      7565D1DB 
 228      4E8D
 229 01cf 1A96584A 		.ascii	"\032\226XJ(\217\034\232/\371\353\312r\031\016\253,\253"
 229      288F1C9A 
 229      2FF9EBCA 
 229      72190EAB 
 229      2CAB
 230 01e1 FEE8AA5B 		.ascii	"\376\350\252[gZe\021\235Q\221P-Q\303\360\305\215\202"
 230      675A6511 
 230      9D519150 
 230      2D51C3F0 
 230      C58D82
 231 01f4 513D0CC3 		.ascii	"Q=\014\303\264$\002\206\357\256\027\026\250\226\035"
 231      B4240286 
ARM GAS  /tmp/ccRqPxI3.s 			page 17


 231      EFAE1716 
 231      A8961D
 232 0203 402E558E 		.ascii	"@.U\216P\223\357? \247I8)'\3410\2153d\031\2347\250\271"
 232      5093EF3F 
 232      20A74938 
 232      2927E130 
 232      8D336419 
 233 021b 538ABD6A 		.ascii	"S\212\275jo\360'G\345\243G\345\341\371\341\260\003\251"
 233      6FF02747 
 233      E5A347E5 
 233      E1F9E1B0 
 233      03A9
 234 022d 7233E48A 		.ascii	"r3\344\212`Q\244\204P\362\023Y\011\321eD\315Fl\025\247"
 234      6051A484 
 234      50F21359 
 234      09D16544 
 234      CD466C15 
 235 0242 481FACAB 		.ascii	"H\037\254\253\202|\302\362Nf\267\007\323\357\026\231"
 235      827CC2F2 
 235      4E66B707 
 235      D3EF1699 
 236 0252 7D59F795 		.ascii	"}Y\367\225\361 nm\237m\321\311\326bY\376\022\215+\235"
 236      F1206E6D 
 236      9F6DD1C9 
 236      D66259FE 
 236      128D2B9D 
 237 0266 C667C1B8 		.ascii	"\306g\301\270\322\335\270\012\215\237u?\037\244t\303"
 237      D2DDB80A 
 237      8D9F753F 
 237      1FA474C3 
 238 0276 22C615A9 		.ascii	"\"\306\025\251i-\016\343\252Vw\343sN\343\363`|\316\335"
 238      692D0EE3 
 238      AA5677E3 
 238      734EE3F3 
 238      607CCEDD 
 239 028a B81A8D4B 		.ascii	"\270\032\215K{_^\015\244f4>r\375~\261\216\376\027\257"
 239      7B5F5E0D 
 239      A466343E 
 239      72FD7EB1 
 239      8EFE17AF 
 240 029e 1F8F75F7 		.ascii	"\037\217u\367\005\263$\027\034IF3;\353\003\034i\311"
 240      05B32417 
 240      1C494633 
 240      3BEB031C 
 240      69C9
 241 02b0 45A26637 		.ascii	"E\242f7\307\354\007\336jY\346b\331\336\357\221\331\346"
 241      C7EC07DE 
 241      6A59E662 
 241      D9DEEF91 
 241      D9E6
 242 02c2 CC5C0399 		.ascii	"\314\\\003\231m\356\231k1s\307\301\335\031\204f\020"
 242      6DEE996B 
 242      3173C7C1 
 242      DD198466 
 242      10
 243 02d3 4CD730F0 		.ascii	"L\3270\360\3563fS)\333\255\355`\263\335aS\347\260\221"
 243      EE336653 
ARM GAS  /tmp/ccRqPxI3.s 			page 18


 243      29DBADED 
 243      60B3DD61 
 243      53E7B091 
 244 02e7 D8A5CBA3 		.ascii	"\330\245\313\243\036=j\332\367]\323\323<\356a{t\275"
 244      1E3D6ADA 
 244      F75DD3D3 
 244      3CEE617B 
 244      74BD
 245 02f9 49CB7B40 		.ascii	"I\313{@&l\327o?i \274\011d\015\214gv\245\317)=\342\017"
 245      266CD76F 
 245      3F6920BC 
 245      09640D8C 
 245      6776A5CF 
 246 0311 C3BAFB1D 		.ascii	"\303\272\373\035):\355N\245)B\233\365\354\013WW\374"
 246      293AED4E 
 246      A529429B 
 246      F5EC0B57 
 246      57FC
 247 0323 4CB47036 		.ascii	"L\264p6\204\023;\014!\274\240n\246e\011\247\231\331"
 247      84133B0C 
 247      21BCA06E 
 247      A66509A7 
 247      99D9
 248 0335 8EE98614 		.ascii	"\216\351\206\0245-\346\231\007\232K\177b\316\313\265"
 248      352DE699 
 248      079A4B7F 
 248      62CECBB5 
 249 0345 84B57E30 		.ascii	"\204\265~0\333\222\211\232\371 ~\213E\334\312\236:\341"
 249      DB92899A 
 249      F9207E8B 
 249      45DCCA9E 
 249      3AE1
 250 0357 4FCB315C 		.ascii	"O\3131\\\325\224u\256*\220\254\320\236d\271\207\207"
 250      D59475AE 
 250      2A90ACD0 
 250      9E64B987 
 250      87
 251 0368 5AFF92B3 		.ascii	"Z\377\222\263\003\272\2314\023-ir-w9\344\227`z)\312"
 251      03BA9934 
 251      132D6972 
 251      2D7739E4 
 251      97607A29 
 252 037d F424E7E4 		.ascii	"\364$\347\344\310/d\0053f\201\244\021n6\360)\226\236"
 252      C82F6405 
 252      336681A4 
 252      116E36F0 
 252      29969E
 253 0390 C839E647 		.ascii	"\3109\346G'x\222\374\363esZg\222\276\354hxlBH+\344\270"
 253      277892FC 
 253      F365735A 
 253      6792BEEC 
 253      68786C42 
 254 03a8 EECAD14C 		.ascii	"\356\312\321L\026O\322\342;\211\334s8L\267\313E\240"
 254      164FD2E2 
 254      3B89DC73 
 254      384CB7CB 
 254      45A0
ARM GAS  /tmp/ccRqPxI3.s 			page 19


 255 03ba A5AB6C6D 		.ascii	"\245\253lmD\247<\222\255mY\227\375\351\021\376X[\237"
 255      44A73C92 
 255      AD6D5997 
 255      FDE911FE 
 255      585B9F
 256 03cd 165D0AA4 		.ascii	"\026]\012\244\245|p\353y\333\241@^\312\020\267}\013"
 256      A57C70EB 
 256      79DBA140 
 256      5ECA10B7 
 256      7D0B
 257 03df 53F6EDE6 		.ascii	"S\366\355\346\304\334E-\275\210\261~'\266o\357\240$"
 257      C4DC452D 
 257      BD88B17E 
 257      27B66FEF 
 257      A024
 258 03f1 323272C5 		.ascii	"22r\305\322\310c,+<\224\337\354\203\207\362\013\226"
 258      D2C8632C 
 258      2B3C94DF 
 258      EC8387F2 
 258      0B96
 259 0403 8A74C25A 		.ascii	"\212t\302Zn\223\245\256Y_\305Y\234fg\011\343\355\375"
 259      6E93A5AE 
 259      595FC559 
 259      9C666709 
 259      E3EDFD
 260 0416 2639D30F 		.ascii	"&9\323\017\203ox\007\033\274c\007\235\261\327|\033G"
 260      836F7807 
 260      1BBC6307 
 260      9DB1D77C 
 260      1B47
 261 0428 B1582CA9 		.ascii	"\261X,\251\275\327$\313\032\026#)\325dG\216\362n\222"
 261      BDD724CB 
 261      1A162329 
 261      D564478E 
 261      F26E92
 262 043b 8945221D 		.ascii	"\211E\"\035\300\336D\2149A\020\351\201\232\336!\221"
 262      C0DE448C 
 262      394110E9 
 262      819ADE21 
 262      91
 263 044c A40BD40D 		.ascii	"\244\013\324\015\272E\"\021\343\331\373\036\223|\331"
 263      BA452211 
 263      E3D9FB1E 
 263      937CD9
 264 045b 9E467102 		.ascii	"\236Fq\002\355>'\213\371\241F\267\357v6\005\320F\254"
 264      ED3E278B 
 264      F9A146B7 
 264      EF763605 
 264      D046AC
 265 046e 916A6AB6 		.ascii	"\221jj\266\342\201\232,]\34139\271\0079\377_~\276\242"
 265      E2819A2C 
 265      5DE13339 
 265      B90739FF 
 265      5F7EBEA2 
 266 0482 E920E8C2 		.ascii	"\351 \350\302^\010\275\353\352\020\266>\314Xt\271\365"
 266      5E08BDEB 
 266      EA10B63E 
ARM GAS  /tmp/ccRqPxI3.s 			page 20


 266      CC5874B9 
 266      F5
 267 0493 A43ED4AA 		.ascii	"\244>\324\252\244\370\322\202\201W \311e\\a\037\011"
 267      A4F8D282 
 267      815720C9 
 267      655C611F 
 267      09
 268 04a4 753C342C 		.ascii	"u<4,zdf\242K\265T\231\220}\321\011I>g\303\376%\354|"
 268      7A6466A2 
 268      4BB55499 
 268      907DD109 
 268      493E67C3 
 269 04bc 3CEEE79E 		.ascii	"<\356\347\236\255\377\267\262\315\236\272\177\216|z"
 269      ADFFB7B2 
 269      CD9EBA7F 
 269      8E7C7A
 270 04cb 5CEE80F7 		.ascii	"\\\356\200\367\337|\306G\333e\273\232\014\220Pr\211"
 270      DF7CC647 
 270      DB65BB9A 
 270      0C905072 
 270      89
 271 04dc AFC30D64 		.ascii	"\257\303\015dw\276\205w\330 \371\024\270\251\231\254"
 271      77BE8577 
 271      D820F914 
 271      B8A999AC 
 272 04ec F3C1B487 		.ascii	"\363\301\264\207w\345\211c\215\271Z0\031\206\235\310"
 272      77E58963 
 272      8DB95A30 
 272      19869DC8 
 273 04fc 690ACB97 		.ascii	"i\012\313\227\257\252\261\267\207\024\023W\217\017\261"
 273      AFAAB1B7 
 273      87141357 
 273      8F0FB1
 274 050b 17111946 		.ascii	"\027\021\031F\213\361\254\236\205`:\306-\352\362r\372"
 274      8BF1AC9E 
 274      85603AC6 
 274      2DEAF272 
 274      FA
 275 051c 09B7900B 		.ascii	"\011\267\220\013Mi\001\310\217\010\374\010\362\367\221"
 275      4D6901C8 
 275      8F08FC08 
 275      F2F791
 276 052b 3FF9BEDB 		.ascii	"?\371\276\333\346Gg9?\235\177\263\222*|\257\203\037"
 276      E6476739 
 276      3F9D7FB3 
 276      922A7CAF 
 276      831F
 277 053d 15F851E4 		.ascii	"\025\370Q\344\037 \237_6\231\257\245\351\024\371\223"
 277      1F209F5F 
 277      3699AFA5 
 277      E914F993 
 278 054d F2E82E07 		.ascii	"\362\350.\007\237\337\244\263[\011:<\024\034\036\242"
 278      9FDFA4B3 
 278      5B093A3C 
 278      141C1EA2 
 279 055d C3237478 		.ascii	"\303#txx\255yDCs\271\303PjC\212^)B\236[\021~\025,~E"
 279      78AD7944 
ARM GAS  /tmp/ccRqPxI3.s 			page 21


 279      4373B9C3 
 279      506A438A 
 279      5E29429E 
 280 0578 8B31B448 		.ascii	"\2131\264Hy\236w6\220\226p\213\335\325\345v\352]\204"
 280      799E7736 
 280      9096708B 
 280      DDD5E576 
 280      EA5D84
 281 058b C702FF18 		.ascii	"\307\002\377\030\371q\344;\355\325e\376\324\306\371"
 281      F971E43B 
 281      EDD565FE 
 281      D4C6F9
 282 059a 92C9CFBC 		.ascii	"\222\311\317\274K\360D\240\237 =\201\364\243\321=g\375"
 282      4BF044A0 
 282      9F203D81 
 282      F4A3D13D 
 282      67FD
 283 05ac 6823A70F 		.ascii	"h#\247\017\036\270\334\243\027K0)8L\242\303St\350?r"
 283      1EB8DCA3 
 283      174B3029 
 283      384CA2C3 
 283      5374E83F 
 284 05c1 6A5E477B 		.ascii	"j^G{\270C\363\245\247\373\375\225\022\034r+\3013\301"
 284      B843F3A5 
 284      A7FBFD95 
 284      121C722B 
 284      C133C1
 285 05d4 E2195A3C 		.ascii	"\342\031Z<G\213\274\332\266\013\376t\214[\034\313\254"
 285      478BBCDA 
 285      B60BFE74 
 285      8C5B1CCB 
 285      AC
 286 05e5 B9A5F52E 		.ascii	"\271\245\365.\301\013\201\177\201\374\024\362\013\355"
 286      C10B817F 
 286      81FC14F2 
 286      0BED
 287 05f3 476EA8E8 		.ascii	"Gn\250\350\254\262\013\013\227J\375\274\2130-\360\323"
 287      ACB20B0B 
 287      974AFDBC 
 287      8B302DF0 
 287      D3
 288 0604 C8CF20DF 		.ascii	"\310\317 \337R\377C\035\364\201\032\371\226\206\201"
 288      52FF431D 
 288      F4811AF9 
 288      968681
 289 0613 6C1F7DF0 		.ascii	"l\037}\360Rpx\211\016\263\350ppO\346\2074\227\033\354"
 289      52707889 
 289      0EB3E870 
 289      704FE687 
 289      34971BEC 
 290 0627 B7F59505 		.ascii	"\267\365\225\005+58\347V\2039\301a\016\035^\361g\341"
 290      2B3538E7 
 290      568339C1 
 290      610E1D5E 
 290      F167E1
 291 063a 4C4D7500 		.ascii	"LMu\000-\341\026sm/\016\0125\230\027\370y\344_#\377"
 291      2DE11673 
ARM GAS  /tmp/ccRqPxI3.s 			page 22


 291      6D2F0E0A 
 291      359817F8 
 291      79E45F23 
 292 064f A678BE4C 		.ascii	"\246x\276LMm\234/\257\261\235\322x\327\340\215\300\277"
 292      4D6D9C2F 
 292      AFB19DD2 
 292      78D7E08D 
 292      C0BF
 293 0661 41FE2DF2 		.ascii	"A\376-\362\205E\207\353t\264\221\363]C\003\203*\261"
 293      854587EB 
 293      74B491F3 
 293      5D430383 
 293      2AB1
 294 0673 06EF0487 		.ascii	"\006\357\004\207w\350\360\036\035\316\\\036\250\015"
 294      77E8F01E 
 294      1DCE5C1E 
 294      A80D
 295 0681 A03DDC61 		.ascii	"\240=\334a\252\276\"%H)B\215[\021\026\004\213\005\264"
 295      AABE2225 
 295      4829428D 
 295      5B111604 
 295      8B05B4
 296 0694 9055CC22 		.ascii	"\220U\314\"\375UF\241\206\216q\213\336\246\354j\241"
 296      FD5546A1 
 296      868E718B 
 296      DEA6EC6A 
 296      A1
 297 06a5 08DB55DE 		.ascii	"\010\333U\336<\334\201s\012\362MyY\347\003\351,\347"
 297      3CDC8173 
 297      0AF24D79 
 297      59E703E9 
 297      2CE7
 298 06b7 732FC877 		.ascii	"s/\310w\227x\027!U\340S\221OC\376\307\031\353u5M_\202"
 298      97781721 
 298      55E05391 
 298      4F43FEC7 
 298      19EB7535 
 299 06ce 7CC18FAD 		.ascii	"|\301\217\255-D,B\272\340\220\216\016\031\350\220\371"
 299      2D442C42 
 299      BAE0908E 
 299      0E19E890 
 299      F9
 300 06df F3C9522D 		.ascii	"\363\311R-\315\345\0167\332\252\213\225V\262_q+\302"
 300      CDE50E37 
 300      DAAA8B95 
 300      56B25F71 
 300      2BC2
 301 06f1 0EC16207 		.ascii	"\016\301b\007Z\354D\213\332\222\212)x!p\213\323/\306"
 301      5AEC448B 
 301      DA928A29 
 301      7821708B 
 301      D32FC6
 302 0704 AD01DE45 		.ascii	"\255\001\336E\310\024\370L\344w!\177q\362\336+?j\343"
 302      C814F84C 
 302      E477217F 
 302      71F2DE2B 
 302      3F6AE3
ARM GAS  /tmp/ccRqPxI3.s 			page 23


 303 0717 7CDDEBF1 		.ascii	"|\335\353\361k\302[q\267\300\357F~\017\362\323\255V"
 303      6BC25B71 
 303      B7C0EF46 
 303      7E0FF2D3 
 303      AD56
 304 0729 781A1A39 		.ascii	"x\032\0329\277\347J\307!\255X\204,\301!\013\035\366"
 304      BFE74AC7 
 304      21AD5884 
 304      2CC1210B 
 304      1DF6
 305 073b A2435DFD 		.ascii	"\242C]\375\233\017i\0177\030\031\033=\246\354\202\275"
 305      9B0F690F 
 305      3718191B 
 305      3DA6EC82 
 305      BD
 306 074c C7AD06D9 		.ascii	"\307\255\006\331\202C6:X\321\301ZQ\374\026\032\201["
 306      8243363A 
 306      58D1C15A 
 306      51FC161A 
 306      815B
 307 075e CCEFDDBD 		.ascii	"\314\357\335\275O\370\317\220#\3609\310\377\300\327"
 307      4FF8CF90 
 307      23F039C8 
 307      FFC0D7
 308 076d D0557E27 		.ascii	"\320U~'\210\316r\376\324\310\361\207Z\357\032\354\023"
 308      88CE72FE 
 308      D4C8F187 
 308      5AEF1AEC 
 308      13
 309 077e F87DC8EF 		.ascii	"\370}\310\357G~\270\332V\241\247\351~\310\337\356K\355"
 309      477EB8DA 
 309      56A1A7E9 
 309      7EC8DFEE 
 309      4BED
 310 0790 F0F15ACC 		.ascii	"\360\361Z\314\025\034r\321\341\000:\234\266\216\346"
 310      151C72D1 
 310      E1003A9C 
 310      B68EE6
 311 079f F9D35CEE 		.ascii	"\371\323\\\356\220^to*P)B\237[\021\362\004\213<\264"
 311      905E746F 
 311      2A502942 
 311      9F5B11F2 
 311      048B3CB4 
 312 07b3 38881605 		.ascii	"8\210\026\005]\373\341g{\011\267\310\273\232z\\\355"
 312      5DFBE167 
 312      7B09B7C8 
 312      BB9A7A5C 
 312      ED
 313 07c4 5D847C81 		.ascii	"]\204|\201\317G\276\000\371\211\035C"
 313      CF47BE00 
 313      F9891D43 
 314 07d0 83D0089C 		.ascii	"\203\320\010\234\317X\260u\012\257\204B\201/D\276\010"
 314      CF58B075 
 314      0AAF8442 
 314      812F44BE 
 314      08
 315 07e1 F9BCE9D7 		.ascii	"\371\274\351\327\251\320\010\234\177T}\276\306\307k"
ARM GAS  /tmp/ccRqPxI3.s 			page 24


 315      A9D0089C 
 315      7F547DBE 
 315      C6C76B
 316 07f0 F190E070 		.ascii	"\361\220\340p\010\035\016\243C{\263\355\256\332\343"
 316      081D0EA3 
 316      437BB3ED 
 316      AEDAE3
 317 07ff 076FBFDB 		.ascii	"\007o\277\333\2572\211\034Q\341\017^\366\311\352\334"
 317      AF32891C 
 317      51E10F5E 
 317      F6C9EADC 
 318 080f 71FC0CF1 		.ascii	"q\374\014\361\210f\277C\\\321G\225\350\243\030\235^"
 318      8866BF43 
 318      5CD14795 
 318      E8A3189D 
 318      5E
 319 0820 9353AA71 		.ascii	"\223S\252qD[\027\3751M\212\201\0124\032c\023\022M\306"
 319      445B17FD 
 319      314D8A81 
 319      0A341A63 
 319      13124DC6 
 320 0834 38739C45 		.ascii	"8s\234E\375\037S\314\2775_\375\355\273\210\365QQ\322"
 320      FD1F53CC 
 320      BF355FFD 
 320      EDBB88F5 
 320      5151D2
 321 0847 9F561AD6 		.ascii	"\237V\032\326o\212\333\020\367\367o\014\011I\206\330"
 321      6F8ADB10 
 321      F7F76F0C 
 321      094986D8 
 322 0857 84CD9B13 		.ascii	"\204\315\233\023\314\206$KL\242%y\213\341\317\377\374"
 322      CC86244B 
 322      4CA22579 
 322      8BE1CFFF 
 322      FC
 323 0868 7AFDD75B 		.ascii	"z\375\327[\331\335-q\361\246\304$\303W\353\327\033b"
 323      D9DD2D71 
 323      F1A6C424 
 323      C357EBD7 
 323      1B62
 324 087a 132D512B 		.ascii	"\023-Q+c%\235\321h\212I\214\337\206\236\340\037\037"
 324      63259DD1 
 324      688A498C 
 324      DF869EE0 
 324      1F1F
 325 088c 63E1FE7A 		.ascii	"c\341\376z\243q\243\351_1\311\361\026\243ik\234Ec\206"
 325      A371A3E9 
 325      5F31C9F1 
 325      16A3696B 
 325      9C456386 
 326 08a0 C496E444 		.ascii	"\304\226\344Ds\210\021\2776&\306l6\306$\232b\222\002"
 326      738811BF 
 326      3626C66C 
 326      36C6249A 
 326      629202
 327 08b3 9C57DAD8 		.ascii	"\234W\332\330x\360\302k\255\321\230\034g\266\254^e\264"
 327      78F0C26B 
ARM GAS  /tmp/ccRqPxI3.s 			page 25


 327      ADD1981C 
 327      67B6AC5E 
 327      65B4
 328 08c5 441B9293 		.ascii	"D\033\222\223\022\0151\211\233?7'\230M\237\233b6\304"
 328      120D3189 
 328      9B3F3727 
 328      984D9F9B 
 328      6236C4
 329 08d8 19E2CCB1 		.ascii	"\031\342\314\261\361\311\033M\206\3151\261\233\342\314"
 329      F1C91B4D 
 329      86CD31B1 
 329      9BE2CC
 330 08e7 26833395 		.ascii	"&\2033\225e\333\026S\322\312M\222\306A\377\3417\350"
 330      65DB1653 
 330      D2CA4D92 
 330      C641FFE1 
 330      37E8
 331 08f9 A46D4906 		.ascii	"\244mI\006c\222e#\204\002\022\200\323b\311\365xe1m\345"
 331      63926523 
 331      84021280 
 331      D362C9F5 
 331      7865316D 
 332 090e 439D39C1 		.ascii	"C\2359\301\350\374.\230\315\32692ZB\215l%_\030]\210"
 332      E8FC2E98 
 332      CDD63932 
 332      5A428D6C 
 332      255F185D 
 333 0923 31C8FD96 		.ascii	"1\310\375\226Q\257\214\370\332\214\301\312\320\234\300"
 333      51AF8CF8 
 333      DA8CC1CA 
 333      D09CC0
 334 0932 BFE67C94 		.ascii	"\277\346|\224\310Gy\360Q\236|\224\027\277J\344Wy\360"
 334      C84779F0 
 334      519E7C94 
 334      17BF4AE4 
 334      5779F0
 335 0945 AB3CF955 		.ascii	"\253<\371U^\374j\221_\355\301\257\366\344W{\361\321"
 335      5EFC6A91 
 335      5FEDC1AF 
 335      F6E4577B 
 335      F1D1
 336 0957 221FEDC1 		.ascii	"\"\037\355\301G{\362\321^\374\032\221_\343\301\257\361"
 336      477BF2D1 
 336      5EFC1A91 
 336      5FE3C1AF 
 336      F1
 337 0968 E4D778F1 		.ascii	"\344\327x\361kE~\255\007\277\326\223_\353\305\257\023"
 337      6B457EAD 
 337      07BFD693 
 337      5FEBC5AF 
 337      13
 338 0979 F9751EFC 		.ascii	"\371u\036\374:O~\235\223\377\037m\363>\023"
 338      3A4F7E9D 
 338      93FF1F6D 
 338      F33E13
 339              		.text
 340              		.section	.gnu.lto_.symtab.372e679291e30b1a,"",%progbits
ARM GAS  /tmp/ccRqPxI3.s 			page 26


 341 0000 5F5F636F 		.ascii	"__core_init\000"
 341      72655F69 
 341      6E697400 
 342 000c 00       		.ascii	"\000"
 343 000d 01       		.ascii	"\001"
 344 000e 00       		.ascii	"\000"
 345 000f 00000000 		.ascii	"\000\000\000\000\000\000\000\000"
 345      00000000 
 346 0017 AF000000 		.ascii	"\257\000\000\000"
 347 001b 5F5F6561 		.ascii	"__early_init\000"
 347      726C795F 
 347      696E6974 
 347      00
 348 0028 00       		.ascii	"\000"
 349 0029 01       		.ascii	"\001"
 350 002a 00       		.ascii	"\000"
 351 002b 00000000 		.ascii	"\000\000\000\000\000\000\000\000"
 351      00000000 
 352 0033 B2000000 		.ascii	"\262\000\000\000"
 353 0037 5F5F6C61 		.ascii	"__late_init\000"
 353      74655F69 
 353      6E697400 
 354 0043 00       		.ascii	"\000"
 355 0044 01       		.ascii	"\001"
 356 0045 00       		.ascii	"\000"
 357 0046 00000000 		.ascii	"\000\000\000\000\000\000\000\000"
 357      00000000 
 358 004e B5000000 		.ascii	"\265\000\000\000"
 359 0052 5F5F6465 		.ascii	"__default_exit\000"
 359      6661756C 
 359      745F6578 
 359      697400
 360 0061 00       		.ascii	"\000"
 361 0062 01       		.ascii	"\001"
 362 0063 00       		.ascii	"\000"
 363 0064 00000000 		.ascii	"\000\000\000\000\000\000\000\000"
 363      00000000 
 364 006c BA000000 		.ascii	"\272\000\000\000"
 365 0070 5F5F696E 		.ascii	"__init_ram_areas\000"
 365      69745F72 
 365      616D5F61 
 365      72656173 
 365      00
 366 0081 00       		.ascii	"\000"
 367 0082 00       		.ascii	"\000"
 368 0083 00       		.ascii	"\000"
 369 0084 00000000 		.ascii	"\000\000\000\000\000\000\000\000"
 369      00000000 
 370 008c BC000000 		.ascii	"\274\000\000\000"
 371 0090 5F5F7261 		.ascii	"__ram0_init_text__\000"
 371      6D305F69 
 371      6E69745F 
 371      74657874 
 371      5F5F00
 372 00a3 00       		.ascii	"\000"
 373 00a4 02       		.ascii	"\002"
 374 00a5 00       		.ascii	"\000"
ARM GAS  /tmp/ccRqPxI3.s 			page 27


 375 00a6 00000000 		.ascii	"\000\000\000\000\000\000\000\000"
 375      00000000 
 376 00ae E0000000 		.ascii	"\340\000\000\000"
 377 00b2 5F5F7261 		.ascii	"__ram0_init__\000"
 377      6D305F69 
 377      6E69745F 
 377      5F00
 378 00c0 00       		.ascii	"\000"
 379 00c1 02       		.ascii	"\002"
 380 00c2 00       		.ascii	"\000"
 381 00c3 00000000 		.ascii	"\000\000\000\000\000\000\000\000"
 381      00000000 
 382 00cb E2000000 		.ascii	"\342\000\000\000"
 383 00cf 5F5F7261 		.ascii	"__ram0_clear__\000"
 383      6D305F63 
 383      6C656172 
 383      5F5F00
 384 00de 00       		.ascii	"\000"
 385 00df 02       		.ascii	"\002"
 386 00e0 00       		.ascii	"\000"
 387 00e1 00000000 		.ascii	"\000\000\000\000\000\000\000\000"
 387      00000000 
 388 00e9 E4000000 		.ascii	"\344\000\000\000"
 389 00ed 5F5F7261 		.ascii	"__ram0_noinit__\000"
 389      6D305F6E 
 389      6F696E69 
 389      745F5F00 
 390 00fd 00       		.ascii	"\000"
 391 00fe 02       		.ascii	"\002"
 392 00ff 00       		.ascii	"\000"
 393 0100 00000000 		.ascii	"\000\000\000\000\000\000\000\000"
 393      00000000 
 394 0108 E6000000 		.ascii	"\346\000\000\000"
 395 010c 5F5F7261 		.ascii	"__ram1_init_text__\000"
 395      6D315F69 
 395      6E69745F 
 395      74657874 
 395      5F5F00
 396 011f 00       		.ascii	"\000"
 397 0120 02       		.ascii	"\002"
 398 0121 00       		.ascii	"\000"
 399 0122 00000000 		.ascii	"\000\000\000\000\000\000\000\000"
 399      00000000 
 400 012a E8000000 		.ascii	"\350\000\000\000"
 401 012e 5F5F7261 		.ascii	"__ram1_init__\000"
 401      6D315F69 
 401      6E69745F 
 401      5F00
 402 013c 00       		.ascii	"\000"
 403 013d 02       		.ascii	"\002"
 404 013e 00       		.ascii	"\000"
 405 013f 00000000 		.ascii	"\000\000\000\000\000\000\000\000"
 405      00000000 
 406 0147 EA000000 		.ascii	"\352\000\000\000"
 407 014b 5F5F7261 		.ascii	"__ram1_clear__\000"
 407      6D315F63 
 407      6C656172 
ARM GAS  /tmp/ccRqPxI3.s 			page 28


 407      5F5F00
 408 015a 00       		.ascii	"\000"
 409 015b 02       		.ascii	"\002"
 410 015c 00       		.ascii	"\000"
 411 015d 00000000 		.ascii	"\000\000\000\000\000\000\000\000"
 411      00000000 
 412 0165 EC000000 		.ascii	"\354\000\000\000"
 413 0169 5F5F7261 		.ascii	"__ram1_noinit__\000"
 413      6D315F6E 
 413      6F696E69 
 413      745F5F00 
 414 0179 00       		.ascii	"\000"
 415 017a 02       		.ascii	"\002"
 416 017b 00       		.ascii	"\000"
 417 017c 00000000 		.ascii	"\000\000\000\000\000\000\000\000"
 417      00000000 
 418 0184 EE000000 		.ascii	"\356\000\000\000"
 419 0188 5F5F7261 		.ascii	"__ram2_init_text__\000"
 419      6D325F69 
 419      6E69745F 
 419      74657874 
 419      5F5F00
 420 019b 00       		.ascii	"\000"
 421 019c 02       		.ascii	"\002"
 422 019d 00       		.ascii	"\000"
 423 019e 00000000 		.ascii	"\000\000\000\000\000\000\000\000"
 423      00000000 
 424 01a6 F0000000 		.ascii	"\360\000\000\000"
 425 01aa 5F5F7261 		.ascii	"__ram2_init__\000"
 425      6D325F69 
 425      6E69745F 
 425      5F00
 426 01b8 00       		.ascii	"\000"
 427 01b9 02       		.ascii	"\002"
 428 01ba 00       		.ascii	"\000"
 429 01bb 00000000 		.ascii	"\000\000\000\000\000\000\000\000"
 429      00000000 
 430 01c3 F2000000 		.ascii	"\362\000\000\000"
 431 01c7 5F5F7261 		.ascii	"__ram2_clear__\000"
 431      6D325F63 
 431      6C656172 
 431      5F5F00
 432 01d6 00       		.ascii	"\000"
 433 01d7 02       		.ascii	"\002"
 434 01d8 00       		.ascii	"\000"
 435 01d9 00000000 		.ascii	"\000\000\000\000\000\000\000\000"
 435      00000000 
 436 01e1 F4000000 		.ascii	"\364\000\000\000"
 437 01e5 5F5F7261 		.ascii	"__ram2_noinit__\000"
 437      6D325F6E 
 437      6F696E69 
 437      745F5F00 
 438 01f5 00       		.ascii	"\000"
 439 01f6 02       		.ascii	"\002"
 440 01f7 00       		.ascii	"\000"
 441 01f8 00000000 		.ascii	"\000\000\000\000\000\000\000\000"
 441      00000000 
ARM GAS  /tmp/ccRqPxI3.s 			page 29


 442 0200 F6000000 		.ascii	"\366\000\000\000"
 443 0204 5F5F7261 		.ascii	"__ram3_init_text__\000"
 443      6D335F69 
 443      6E69745F 
 443      74657874 
 443      5F5F00
 444 0217 00       		.ascii	"\000"
 445 0218 02       		.ascii	"\002"
 446 0219 00       		.ascii	"\000"
 447 021a 00000000 		.ascii	"\000\000\000\000\000\000\000\000"
 447      00000000 
 448 0222 F8000000 		.ascii	"\370\000\000\000"
 449 0226 5F5F7261 		.ascii	"__ram3_init__\000"
 449      6D335F69 
 449      6E69745F 
 449      5F00
 450 0234 00       		.ascii	"\000"
 451 0235 02       		.ascii	"\002"
 452 0236 00       		.ascii	"\000"
 453 0237 00000000 		.ascii	"\000\000\000\000\000\000\000\000"
 453      00000000 
 454 023f FA000000 		.ascii	"\372\000\000\000"
 455 0243 5F5F7261 		.ascii	"__ram3_clear__\000"
 455      6D335F63 
 455      6C656172 
 455      5F5F00
 456 0252 00       		.ascii	"\000"
 457 0253 02       		.ascii	"\002"
 458 0254 00       		.ascii	"\000"
 459 0255 00000000 		.ascii	"\000\000\000\000\000\000\000\000"
 459      00000000 
 460 025d FC000000 		.ascii	"\374\000\000\000"
 461 0261 5F5F7261 		.ascii	"__ram3_noinit__\000"
 461      6D335F6E 
 461      6F696E69 
 461      745F5F00 
 462 0271 00       		.ascii	"\000"
 463 0272 02       		.ascii	"\002"
 464 0273 00       		.ascii	"\000"
 465 0274 00000000 		.ascii	"\000\000\000\000\000\000\000\000"
 465      00000000 
 466 027c FE000000 		.ascii	"\376\000\000\000"
 467 0280 5F5F7261 		.ascii	"__ram4_init_text__\000"
 467      6D345F69 
 467      6E69745F 
 467      74657874 
 467      5F5F00
 468 0293 00       		.ascii	"\000"
 469 0294 02       		.ascii	"\002"
 470 0295 00       		.ascii	"\000"
 471 0296 00000000 		.ascii	"\000\000\000\000\000\000\000\000"
 471      00000000 
 472 029e 00010000 		.ascii	"\000\001\000\000"
 473 02a2 5F5F7261 		.ascii	"__ram4_init__\000"
 473      6D345F69 
 473      6E69745F 
 473      5F00
ARM GAS  /tmp/ccRqPxI3.s 			page 30


 474 02b0 00       		.ascii	"\000"
 475 02b1 02       		.ascii	"\002"
 476 02b2 00       		.ascii	"\000"
 477 02b3 00000000 		.ascii	"\000\000\000\000\000\000\000\000"
 477      00000000 
 478 02bb 02010000 		.ascii	"\002\001\000\000"
 479 02bf 5F5F7261 		.ascii	"__ram4_clear__\000"
 479      6D345F63 
 479      6C656172 
 479      5F5F00
 480 02ce 00       		.ascii	"\000"
 481 02cf 02       		.ascii	"\002"
 482 02d0 00       		.ascii	"\000"
 483 02d1 00000000 		.ascii	"\000\000\000\000\000\000\000\000"
 483      00000000 
 484 02d9 04010000 		.ascii	"\004\001\000\000"
 485 02dd 5F5F7261 		.ascii	"__ram4_noinit__\000"
 485      6D345F6E 
 485      6F696E69 
 485      745F5F00 
 486 02ed 00       		.ascii	"\000"
 487 02ee 02       		.ascii	"\002"
 488 02ef 00       		.ascii	"\000"
 489 02f0 00000000 		.ascii	"\000\000\000\000\000\000\000\000"
 489      00000000 
 490 02f8 06010000 		.ascii	"\006\001\000\000"
 491 02fc 5F5F7261 		.ascii	"__ram5_init_text__\000"
 491      6D355F69 
 491      6E69745F 
 491      74657874 
 491      5F5F00
 492 030f 00       		.ascii	"\000"
 493 0310 02       		.ascii	"\002"
 494 0311 00       		.ascii	"\000"
 495 0312 00000000 		.ascii	"\000\000\000\000\000\000\000\000"
 495      00000000 
 496 031a 08010000 		.ascii	"\010\001\000\000"
 497 031e 5F5F7261 		.ascii	"__ram5_init__\000"
 497      6D355F69 
 497      6E69745F 
 497      5F00
 498 032c 00       		.ascii	"\000"
 499 032d 02       		.ascii	"\002"
 500 032e 00       		.ascii	"\000"
 501 032f 00000000 		.ascii	"\000\000\000\000\000\000\000\000"
 501      00000000 
 502 0337 0A010000 		.ascii	"\012\001\000\000"
 503 033b 5F5F7261 		.ascii	"__ram5_clear__\000"
 503      6D355F63 
 503      6C656172 
 503      5F5F00
 504 034a 00       		.ascii	"\000"
 505 034b 02       		.ascii	"\002"
 506 034c 00       		.ascii	"\000"
 507 034d 00000000 		.ascii	"\000\000\000\000\000\000\000\000"
 507      00000000 
 508 0355 0C010000 		.ascii	"\014\001\000\000"
ARM GAS  /tmp/ccRqPxI3.s 			page 31


 509 0359 5F5F7261 		.ascii	"__ram5_noinit__\000"
 509      6D355F6E 
 509      6F696E69 
 509      745F5F00 
 510 0369 00       		.ascii	"\000"
 511 036a 02       		.ascii	"\002"
 512 036b 00       		.ascii	"\000"
 513 036c 00000000 		.ascii	"\000\000\000\000\000\000\000\000"
 513      00000000 
 514 0374 0E010000 		.ascii	"\016\001\000\000"
 515 0378 5F5F7261 		.ascii	"__ram6_init_text__\000"
 515      6D365F69 
 515      6E69745F 
 515      74657874 
 515      5F5F00
 516 038b 00       		.ascii	"\000"
 517 038c 02       		.ascii	"\002"
 518 038d 00       		.ascii	"\000"
 519 038e 00000000 		.ascii	"\000\000\000\000\000\000\000\000"
 519      00000000 
 520 0396 10010000 		.ascii	"\020\001\000\000"
 521 039a 5F5F7261 		.ascii	"__ram6_init__\000"
 521      6D365F69 
 521      6E69745F 
 521      5F00
 522 03a8 00       		.ascii	"\000"
 523 03a9 02       		.ascii	"\002"
 524 03aa 00       		.ascii	"\000"
 525 03ab 00000000 		.ascii	"\000\000\000\000\000\000\000\000"
 525      00000000 
 526 03b3 12010000 		.ascii	"\022\001\000\000"
 527 03b7 5F5F7261 		.ascii	"__ram6_clear__\000"
 527      6D365F63 
 527      6C656172 
 527      5F5F00
 528 03c6 00       		.ascii	"\000"
 529 03c7 02       		.ascii	"\002"
 530 03c8 00       		.ascii	"\000"
 531 03c9 00000000 		.ascii	"\000\000\000\000\000\000\000\000"
 531      00000000 
 532 03d1 14010000 		.ascii	"\024\001\000\000"
 533 03d5 5F5F7261 		.ascii	"__ram6_noinit__\000"
 533      6D365F6E 
 533      6F696E69 
 533      745F5F00 
 534 03e5 00       		.ascii	"\000"
 535 03e6 02       		.ascii	"\002"
 536 03e7 00       		.ascii	"\000"
 537 03e8 00000000 		.ascii	"\000\000\000\000\000\000\000\000"
 537      00000000 
 538 03f0 16010000 		.ascii	"\026\001\000\000"
 539 03f4 5F5F7261 		.ascii	"__ram7_init_text__\000"
 539      6D375F69 
 539      6E69745F 
 539      74657874 
 539      5F5F00
 540 0407 00       		.ascii	"\000"
ARM GAS  /tmp/ccRqPxI3.s 			page 32


 541 0408 02       		.ascii	"\002"
 542 0409 00       		.ascii	"\000"
 543 040a 00000000 		.ascii	"\000\000\000\000\000\000\000\000"
 543      00000000 
 544 0412 18010000 		.ascii	"\030\001\000\000"
 545 0416 5F5F7261 		.ascii	"__ram7_init__\000"
 545      6D375F69 
 545      6E69745F 
 545      5F00
 546 0424 00       		.ascii	"\000"
 547 0425 02       		.ascii	"\002"
 548 0426 00       		.ascii	"\000"
 549 0427 00000000 		.ascii	"\000\000\000\000\000\000\000\000"
 549      00000000 
 550 042f 1A010000 		.ascii	"\032\001\000\000"
 551 0433 5F5F7261 		.ascii	"__ram7_clear__\000"
 551      6D375F63 
 551      6C656172 
 551      5F5F00
 552 0442 00       		.ascii	"\000"
 553 0443 02       		.ascii	"\002"
 554 0444 00       		.ascii	"\000"
 555 0445 00000000 		.ascii	"\000\000\000\000\000\000\000\000"
 555      00000000 
 556 044d 1C010000 		.ascii	"\034\001\000\000"
 557 0451 5F5F7261 		.ascii	"__ram7_noinit__\000"
 557      6D375F6E 
 557      6F696E69 
 557      745F5F00 
 558 0461 00       		.ascii	"\000"
 559 0462 02       		.ascii	"\002"
 560 0463 00       		.ascii	"\000"
 561 0464 00000000 		.ascii	"\000\000\000\000\000\000\000\000"
 561      00000000 
 562 046c 1E010000 		.ascii	"\036\001\000\000"
 563              		.text
 564              		.section	.gnu.lto_.opts,"",%progbits
 565 0000 272D666D 		.ascii	"'-fmath-errno' '-fsigned-zeros' '-ftrapping-math' '"
 565      6174682D 
 565      6572726E 
 565      6F272027 
 565      2D667369 
 566 0033 2D666E6F 		.ascii	"-fno-trapv' '-fno-openmp' '-fno-openacc' '-mcpu=cor"
 566      2D747261 
 566      70762720 
 566      272D666E 
 566      6F2D6F70 
 567 0066 7465782D 		.ascii	"tex-m0' '-mno-thumb-interwork' '-mthumb' '-ggdb' '-"
 567      6D302720 
 567      272D6D6E 
 567      6F2D7468 
 567      756D622D 
 568 0099 4F322720 		.ascii	"O2' '-Werror' '-fomit-frame-pointer' '-falign-funct"
 568      272D5765 
 568      72726F72 
 568      2720272D 
 568      666F6D69 
ARM GAS  /tmp/ccRqPxI3.s 			page 33


 569 00cc 696F6E73 		.ascii	"ions=16' '-ffunction-sections' '-fdata-sections' '-"
 569      3D313627 
 569      20272D66 
 569      66756E63 
 569      74696F6E 
 570 00ff 666E6F2D 		.ascii	"fno-common' '-flto'\000"
 570      636F6D6D 
 570      6F6E2720 
 570      272D666C 
 570      746F2700 
 571              		.text
 572              		.comm	__gnu_lto_v1,1,1
 573              		.comm	__gnu_lto_slim,1,1
 574              		.ident	"GCC: (GNU Tools for ARM Embedded Processors) 5.4.1 20160609 (release) [ARM/embedded-5-bran
ARM GAS  /tmp/ccRqPxI3.s 			page 34


DEFINED SYMBOLS
                            *ABS*:0000000000000000 crt1.c
                            *COM*:0000000000000001 __gnu_lto_v1
                            *COM*:0000000000000001 __gnu_lto_slim

NO UNDEFINED SYMBOLS
