ARM GAS  /tmp/ccHIdsjz.s 			page 1


   1              		.syntax unified
   2              		.cpu cortex-m0
   3              		.fpu softvfp
   4              		.eabi_attribute 20, 1
   5              		.eabi_attribute 21, 1
   6              		.eabi_attribute 23, 3
   7              		.eabi_attribute 24, 1
   8              		.eabi_attribute 25, 1
   9              		.eabi_attribute 26, 1
  10              		.eabi_attribute 30, 2
  11              		.eabi_attribute 34, 0
  12              		.eabi_attribute 18, 4
  13              		.thumb
  14              		.syntax unified
  15              		.file	"hal.c"
  16              		.text
  17              	.Ltext0:
  18              		.section	.gnu.lto_.profile.bd8a4ef1b4f63f0a,"",%progbits
  19 0000 789C6361 		.ascii	"x\234ca`d`a`\000\222\332l\000\000\306\000<"
  19      60646061 
  19      600092DA 
  19      6C0000C6 
  19      003C
  20              		.text
  21              		.section	.gnu.lto_.icf.bd8a4ef1b4f63f0a,"",%progbits
  22 0000 789C6361 		.ascii	"x\234ca`d\000\001\016\006\004`dX\377p\305bn\006\000"
  22      60640001 
  22      0E060460 
  22      6458FF70 
  22      C5626E06 
  23 0015 0E6C02F5 		.ascii	"\016l\002\365"
  24              		.text
  25              		.section	.gnu.lto_.jmpfuncs.bd8a4ef1b4f63f0a,"",%progbits
  26 0000 789C6361 		.ascii	"x\234ca`d\000\001M\006\004\200\21001\376ebl\376\265"
  26      60640001 
  26      4D060480 
  26      883031FE 
  26      65626CFE 
  27 0015 FF335FFD 		.ascii	"\3773_\375\337\206\031\015\015\002\255\314\014\235\314"
  27      DF86190D 
  27      0D02ADCC 
  27      0C9DCC
  28 0024 20E9E58C 		.ascii	" \351\345\214\365\014\214,@\026\000\364\257\012U"
  28      F50C8C2C 
  28      401600F4 
  28      AF0A55
  29              		.text
  30              		.section	.gnu.lto_.inline.bd8a4ef1b4f63f0a,"",%progbits
  31 0000 789C6361 		.ascii	"x\234ca`d\000\001M\006\004\000\212ph320\001\231l\013"
  31      60640001 
  31      4D060400 
  31      8A706833 
  31      32300199 
  32 0016 E499C042 		.ascii	"\344\231\300B\\0\202\211\033\244\000\314d\000\000*\271"
  32      5C308289 
  32      1BA400CC 
  32      6400002A 
ARM GAS  /tmp/ccHIdsjz.s 			page 2


  32      B9
  33 0027 015C     		.ascii	"\001\\"
  34              		.text
  35              		.section	.gnu.lto_.pureconst.bd8a4ef1b4f63f0a,"",%progbits
  36 0000 789C6361 		.ascii	"x\234ca`d`f`\000\222\022\000\000p\000\""
  36      60646066 
  36      60009212 
  36      00007000 
  36      22
  37              		.text
  38              		.section	.gnu.lto_halInit.bd8a4ef1b4f63f0a,"",%progbits
  39 0000 789C7590 		.ascii	"x\234u\220\261J\003A\020\206\347\337=/Q\210X\012Q\260"
  39      B14A0341 
  39      1086E7DF 
  39      3D2F5188 
  39      580A51B0 
  40 0014 B14893F3 		.ascii	"\261H\223\363\035\354l\004}\002M\223\240 \230\007\270"
  40      1DEC6C04 
  40      7D024D93 
  40      A0209807 
  40      B8
  41 0025 8D9745D3 		.ascii	"\215\227E\323\005A\021AS&1\232D\2734z\244\263\321\302"
  41      05411141 
  41      5326319A 
  41      44BB347A 
  41      A4B3D1C2 
  42 0039 4A6CC442 		.ascii	"Jl\304BB\260\210\250\215p\236\263\247X\231\201evw\276"
  42      42B088A8 
  42      8D709EB3 
  42      A7589981 
  42      657677BE 
  43 004d FD67FEB5 		.ascii	"\375g\376\265\010d\242\304i\232s\222\027$A\224o\210"
  43      0864A2C4 
  43      699A7392 
  43      17244194 
  43      6F88
  44 005f 0A710198 		.ascii	"\012q\001\230\215\212\203\\\001\027\037\"\020\350n?"
  44      8D8A835C 
  44      01171F22 
  44      10E86E3F 
  45 006f 7744AAAA 		.ascii	"wD\252\2528\036\365\261T5\037Z\022\205\"R\"T\221\"\306"
  45      381EF5B1 
  45      54351F5A 
  45      12852252 
  45      22549122 
  46 0084 9ECEBFF6 		.ascii	"\236\316\277\366\022v\321`3?E\324`\233v\255%_\205\241"
  46      1276D160 
  46      333F45D4 
  46      609B76AD 
  46      255F85A1 
  47 0098 A7D4FD5C 		.ascii	"\247\324\375\\}\326&\032p\321\264y\025\302d\331\203"
  47      7DD6261A 
  47      70D1B479 
  47      15C264D9 
  47      83
  48 00a9 E7070943 		.ascii	"\347\007\011C\033\235N\347\345!\346\006jG\251\011-\021"
  48      1B9D4EE7 
ARM GAS  /tmp/ccHIdsjz.s 			page 3


  48      E521E606 
  48      6A47A909 
  48      2D11
  49 00bb 0A96401D 		.ascii	"\012\226@\035.i)\250\207\242\277k\377\217\312\220\365"
  49      2E6929A8 
  49      87A2BF6B 
  49      FF8FCA90 
  49      F5
  50 00cc 08278C72 		.ascii	"\010'\214rm_woc\357BK\013\346\350}^\275\2153z\020\241"
  50      6D5F776F 
  50      63EF424B 
  50      0BE6E87D 
  50      5EBD8D33 
  51 00e3 56890D98 		.ascii	"V\211\015\230\353\353\303\306Z\005G\205rt=\202S6\335"
  51      EBEBC3C6 
  51      5A054785 
  51      72743D82 
  51      5336DD
  52 00f6 C054540B 		.ascii	"\300TT\013\373\027\315Q~2i4\316PA\324\026M\270Z\332"
  52      FB17CD51 
  52      7E326934 
  52      CE5041D4 
  52      164DB85A 
  53 010b 64866E8F 		.ascii	"d\206n\217\015\035\232\365\321\372\033\332\363/\207"
  53      0D1D9AF5 
  53      D1FA1BDA 
  53      F32F87
  54 011a A316A3ED 		.ascii	"\243\026\243\355_\264\217-\377n!BM\014\330<\377\020"
  54      5FB48F2D 
  54      FF6E2142 
  54      4D0CD83C 
  54      FF10
  55 012c DB4AA69D 		.ascii	"\333J\246\235\371ln5\267\270\354l\344\235\354\312\272"
  55      F96C6E35 
  55      B7B8EC6C 
  55      E49DECCA 
  55      BA
  56 013d 93DFCC98 		.ascii	"\223\337\314\230\234\316\3207\242\233\224="
  56      9CCED037 
  56      A29B943D 
  57              		.text
  58              		.section	.gnu.lto_.symbol_nodes.bd8a4ef1b4f63f0a,"",%progbits
  59 0000 789C55C9 		.ascii	"x\234U\311\271\015\2000\024\004\321Y\037}@\245\337\001"
  59      B90D8030 
  59      1404D159 
  59      1F7D40A5 
  59      DF01
  60 0012 0550041D 		.ascii	"\005P\004\035p\212\230\230\032@\242\016\013\313\021"
  60      708A9898 
  60      1A40A20E 
  60      0BCB11
  61 0021 6C32D2DB 		.ascii	"l2\322\333\200H\224\271Q\006\375\011%{j!.\242)\2176"
  61      804894B9 
  61      5106FD09 
  61      257B6A21 
  61      2EA2298F 
  62 0036 99EA0329 		.ascii	"\231\352\003)\025\321*s?\230e\376\007\223,|\301\023"
ARM GAS  /tmp/ccHIdsjz.s 			page 4


  62      15D12A73 
  62      3F9865FE 
  62      07932C7C 
  62      C113
  63 0048 19AE2C4F 		.ascii	"\031\256,O\340\250\365<\265\216\356\316\342\005T\354"
  63      E0A8F53C 
  63      B58EEECE 
  63      E20554EC 
  64 0058 1F14     		.ascii	"\037\024"
  65              		.text
  66              		.section	.gnu.lto_.refs.bd8a4ef1b4f63f0a,"",%progbits
  67 0000 789C6361 		.ascii	"x\234ca`d`c`\000\222L\214L\014\000\000\243\000\022"
  67      60646063 
  67      6000924C 
  67      8C4C0C00 
  67      00A30012 
  68              		.text
  69              		.section	.gnu.lto_.decls.bd8a4ef1b4f63f0a,"",%progbits
  70 0000 789C9556 		.ascii	"x\234\225VkL\024W\024\2363\003\013\273\254\217@\323"
  70      6B4C1457 
  70      149E3303 
  70      0BBBAC8F 
  70      40D3
  71 0012 9A9434C4 		.ascii	"\232\2244\304\254\221\376\220)h\232\376\350\037\213"
  71      AC91FE90 
  71      29689AFE 
  71      E81F8B
  72 0021 D198D84A 		.ascii	"\321\230\330Jj\253\377\272Y\330U6\001v\263\273\264\232"
  72      6AABFFBA 
  72      59D85536 
  72      0176B3BB 
  72      B49A
  73 0033 FEE858B6 		.ascii	"\376\350X\266`\265(\250EAJTlyH\201\"\266\002\242k\255"
  73      60B528A8 
  73      45414A54 
  73      6C794881 
  73      22B602A2 
  74 0049 8A22E561 		.ascii	"\212\"\345a\245\" +\362\220\247\370\250\210\326\322"
  74      A522202B 
  74      F290A7F8 
  74      A888D6D2 
  75 0059 73EF9DDD 		.ascii	"s\357\235\335aW\260\351\204s\357\234\271\337\371\276"
  75      6157B0E9 
  75      8473EF9C 
  75      B9DFF9BE 
  76 0069 73CEBD3B 		.ascii	"s\316\275;C\000\007\034\271\312\325\034\327\201\267"
  76      4300071C 
  76      B9CAD51C 
  76      D781B7
  77 0078 FBF17E1A 		.ascii	"\373\361~\032/\036\347\215hd\265\213cW \232\033\255"
  77      2F1EE78D 
  77      6864B58B 
  77      6357209A 
  77      1BAD
  78 008a 17AD0FED 		.ascii	"\027\255\017\355.\332\260\214\031\345|/\202\013\222"
  78      2EDAB08C 
  78      19E57C2F 
ARM GAS  /tmp/ccHIdsjz.s 			page 5


  78      820B92
  79 0099 39C6D07A 		.ascii	"9\306\320z\320\306e\256N\264A?\316a\231\257O\346\237"
  79      D0C665AE 
  79      4EB4413F 
  79      CE6199AF 
  79      4FE69F
  80 00ac 8DF3390F 		.ascii	"\215\3639\017\255\316\312|\341\021\017\241\032\010@"
  80      ADCECA7C 
  80      E1110FA1 
  80      1A0840
  81 00bb F77E53DE 		.ascii	"\367~S\336\235\371\350\276\242\201\010t\257\015\034"
  81      9DF9E8BE 
  81      A2810874 
  81      AF0D1C
  82 00ca 716AD96A 		.ascii	"qj\331j\013A\237\252\037\213an8z\265\335\367]!\014\354"
  82      0B419FAA 
  82      1F8B616E 
  82      387AB5DD 
  82      F75D210C 
  83 00df 06F48B07 		.ascii	"\006\364\213\007\362w\313\350w\320=\331t\352V\240\300"
  83      F277CBE8 
  83      77D03DD9 
  83      74EA56A0 
  83      C0
  84 00f0 03091C77 		.ascii	"\003\011\034w\366\273C\330\322\"t\333&\256~'\273\013"
  84      F6BB43D8 
  84      D22274DB 
  84      26AE7E27 
  84      BB0B
  85 0102 D1EDFA3A 		.ascii	"\321\355\372:\275@%\250)\262\273\241\3448Ih\251\006"
  85      BD4025A8 
  85      29B2BBA1 
  85      E4384968 
  85      A906
  86 0114 48DB16E0 		.ascii	"H\333\026\340\243\212\321\232\251y\354\021A\364L\025"
  86      A38AD19A 
  86      A979EC11 
  86      41F44C15 
  87 0124 AF8E2A93 		.ascii	"\257\216*\223\360\312\222$\376\015\245\226\266=\017"
  87      F0CA9224 
  87      FE0DA596 
  87      B63D0F
  88 0133 8E0509AF 		.ascii	"\216\005\011\257\021\020\1771\363DU\010Dj~ 8\367\267"
  88      11107F31 
  88      F3445508 
  88      446A7E20 
  88      38F7B7
  89 0146 DF6B6B24 		.ascii	"\337kk$i!\374\014\032\250\006\001N@\024i\311R\015\216"
  89      6921FC0C 
  89      1AA80601 
  89      4E401469 
  89      C9520D8E 
  90 015a 3B24E94B 		.ascii	";$\351K)+M\012m\230\317A1\204C\021\204sp\022\"\211\036"
  90      292B4D0A 
  90      6D98CF41 
  90      31844311 
  90      84737012 
ARM GAS  /tmp/ccHIdsjz.s 			page 6


  91 0171 0142153E 		.ascii	"\001B\025>\374\011\037\242D\311\261\354\243*a\023\225"
  91      FC091FA2 
  91      44C9B1EC 
  91      A32A6113 
  91      95
  92 0182 C8AD2E9D 		.ascii	"\310\255.\235\324x%\2623V\224\021\211\032\224\370E\221"
  92      D47825B2 
  92      33569411 
  92      891A94F8 
  92      4591
  93 0194 40C53935 		.ascii	"@\30595N\315\256\321[\333\265\235\027v\002-6\257\356"
  93      4ECDAED1 
  93      5BDBB59D 
  93      1776022D 
  93      36AFEE
  94 01a7 D19540D6 		.ascii	"\321\225@\326\251`t\357\355\273\320\304\013\273\331"
  94      A96074EF 
  94      EDBBD0C4 
  94      0BBBD9
  95 01b6 DAC08DB4 		.ascii	"\332\300\215\264\\\225\260\2379Y\317;$\225\220\317\234"
  95      5C95B09F 
  95      3959CF3B 
  95      249590CF 
  95      9C
  96 01c7 CC7B4F8E 		.ascii	"\314{O\216\004\010\205\314\351H\233l\237'\224PG]>\265"
  96      040885CC 
  96      E9489B6C 
  96      9F279450 
  96      475D3EB5 
  97 01db AB4F0B3A 		.ascii	"\253O\013:]\230N\027\251\323\351\216\222\304\334\365"
  97      5D984E17 
  97      A9D3E98E 
  97      92C4DCF5 
  98 01eb 8D5FEC2B 		.ascii	"\215_\354+J\227\262\0144\373Z\314\376<\204)yV\340\300"
  98      4A97B20C 
  98      34FB5ACC 
  98      FE3C8429 
  98      7956E0C0 
  99 01ff 41340E1C 		.ascii	"A4\016\034\305\273\0367k=\340z\177p\235\002\316\226"
  99      C5BB1E37 
  99      6B3DE07A 
  99      7F709D02 
  99      CE96
 100 0211 F7480207 		.ascii	"\367H\002\007\007\307\021PJ\327\010\034k\206\213X\376"
 100      07C71150 
 100      4AD7081C 
 100      6B868B58 
 100      FE
 101 0222 6FA0834B 		.ascii	"o\240\203Kh\277\2425\240\235C\273\214v\001ttW\231\336"
 101      68BFA235 
 101      A09D43BB 
 101      8C760174 
 101      745799DE 
 102 0236 2D45EFAC 		.ascii	"-E\357\254\277\236\350\227[N\233\027\353\362\307\226"
 102      BF9EE897 
 102      5B4E9B17 
 102      EBF2C796 
ARM GAS  /tmp/ccHIdsjz.s 			page 7


 103 0246 2BB9D14D 		.ascii	"+\271\321Msu\"\261\024L@\234\274a\212\350\303\346\360"
 103      737522B1 
 103      144C409C 
 103      BC618AE8 
 103      C3E6F0
 104 0259 5CC9E514 		.ascii	"\\\311\345\024(\325\231Ye\213A\321}\252\344xz\366\236"
 104      28D59959 
 104      658B41D1 
 104      7DAAE478 
 104      7AF69E
 105 026c CC44EF55 		.ascii	"\314D\357U\262\254\234\275\335\014\215\333w\366\037"
 105      B2AC9CBD 
 105      DD0C8DDB 
 105      77F61F
 106 027b 678B4AE8 		.ascii	"g\213J\350\247\333\307\247\035\273\237\035\014\221a"
 106      A7DBC7A7 
 106      1DBB9F1D 
 106      0C9161
 107 028a 2CFDDC36 		.ascii	",\375\3346 \351_\305\350+\312\221#\325\314\321|h\304"
 107      20E95FC5 
 107      E82BCA91 
 107      23D5CCD1 
 107      7C68C4
 108 029d 9EFF9FFE 		.ascii	"\236\377\237\376\223\037\347\203\366\214\020\341\011"
 108      931FE783 
 108      F68C10E1 
 108      09
 109 02aa 3B4B157F 		.ascii	";K\025\177\357/R\011\323\314\231\036\352(T\263\2639"
 109      EF2F5209 
 109      D3CC991E 
 109      EA2854B3 
 109      B339
 110 02bc 41FCF4A2 		.ascii	"A\374\364\242\233\231\002{\037HA\344\3551\331\222\241"
 110      9B99027B 
 110      1F4841E4 
 110      ED31D992 
 110      A1
 111 02cd 11D2E91B 		.ascii	"\021\322\351\033@55\\\2206\037\017\036\036\275\310\243"
 111      4035355C 
 111      90361F0F 
 111      1E1EBDC8 
 111      A3
 112 02de 34FBD6B6 		.ascii	"4\373\326\266\360\355\264\301$\377\3371\377v\234\275"
 112      F0EDB4C1 
 112      24FFDF31 
 112      FF769CBD 
 113 02ee 99FAEC2B 		.ascii	"\231\372\354+\242o|H\032F\240M\376\320r\337\366\"x\302"
 113      A26F7C48 
 113      1A46A04D 
 113      FED072DF 
 113      F62278C2 
 114 0302 0BFED11F 		.ascii	"\013\376\321\037\\\006~\304\0077x\260\255\376\330\222"
 114      5C067EC4 
 114      073778B0 
 114      ADFED892 
 115 0312 19C43EFD 		.ascii	"\031\304>\375lAD3]l\227\233\371'6\263\015\033w\015\355"
 115      6C414433 
ARM GAS  /tmp/ccHIdsjz.s 			page 8


 115      5D6C979B 
 115      F92736B3 
 115      0D1B770D 
 116 0327 0FB4EB72 		.ascii	"\017\264\353r\003\331F\325\265\321s\326\356{\316\260"
 116      03D946D5 
 116      B5D173D6 
 116      EE7BCEB0 
 117 0337 45E7A646 		.ascii	"E\347\246F\277Z d\322\026\361w\357eV+\233\373\3275\272"
 117      BF5A2064 
 117      D216F177 
 117      EF65562B 
 117      9BFBD735 
 118 034c B93751E0 		.ascii	"\2717Q\340\206\262\271\355/n\256'\031\350\300\034\376"
 118      86B2B9ED 
 118      2F6EAE27 
 118      19E8C01C 
 118      FE
 119 035d 2B1FD46C 		.ascii	"+\037\324l\356\352\233X\020&S\270\346\244\340\346\212"
 119      EEEA9B58 
 119      102653B8 
 119      E6A4E0E6 
 119      8A
 120 036e 773D6DCD 		.ascii	"w=m\315Piw*\2574\350\234q|9\350\002-A\222\031\321\245"
 120      5069772A 
 120      AF34E89C 
 120      717C39E8 
 120      022D4192 
 121 0385 D9D76B85 		.ascii	"\331\327k\205N$\306\017 ,\244\034\000l\004j\0343\352"
 121      4E24C60F 
 121      202CA41C 
 121      006C046A 
 121      1C33EA
 122 0398 E20D4F47 		.ascii	"\342\015OGNy\004\036 \031q\340A~\306y\311\350\237\034"
 122      4E79041E 
 122      201971E0 
 122      417EC679 
 122      C9E89F1C 
 123 03ac 4F3FB6F4 		.ascii	"O?\266\364\242$\012;\310A\340\315\200.sl\335\313\312"
 123      A2240A3B 
 123      C841E0CD 
 123      802E736C 
 123      DDCBCA
 124 03bf 265E0998 		.ascii	"&^\011\230\301\307\322\225\351\224\234\2755\201\247"
 124      C1C7D295 
 124      E9949CBD 
 124      3581A7
 125 03ce 451327A4 		.ascii	"E\023'\244^\215p\200}\373\236_>\224\307/\312\241\375"
 125      5E8D7080 
 125      7DFB9E5F 
 125      3E94C72F 
 125      CAA1FD
 126 03e1 4E932202 		.ascii	"N\223\"\002`\343\2533\272\325\003\213p\214\017`\201"
 126      60E3AB33 
 126      BAD5038B 
 126      708C0F60 
 126      81
 127 03f2 9DF935C7 		.ascii	"\235\3715\307U\213\017K\207+%\367\364\336ws\322\244"
ARM GAS  /tmp/ccHIdsjz.s 			page 9


 127      558B0F4B 
 127      872B25F7 
 127      F4DE7773 
 127      D2A4
 128 0404 060C8B20 		.ascii	"\006\014\213 (\270\245\234\002\274%S7v\236\303o\357"
 128      28B8A59C 
 128      02BC2553 
 128      37769EC3 
 128      6FEF
 129 0416 628CCCA8 		.ascii	"b\214\314\250\032\357\011\024\352\230\344\3207}\265"
 129      1AEF0914 
 129      EA98E4D0 
 129      377DB5
 130 0425 84C64DBE 		.ascii	"\204\306M\276}9\233\266\027\246\273\262\200j\301m\205"
 130      7D399BB6 
 130      17A6BBB2 
 130      806AC16D 
 130      85
 131 0436 E53665C1 		.ascii	"\3456e\301\233^\312pu\240\373s\241\237\021\214<s\267"
 131      9B5ECA70 
 131      75A0FB73 
 131      A19F118C 
 131      3C73B7
 132 0449 6B658233 		.ascii	"ke\2023\007\364eU\222SM\303\357(\341w<\341}4\274\264"
 132      07F46555 
 132      92534DC3 
 132      EF28E177 
 132      3CE17D34 
 133 045f 2CB75F2D 		.ascii	",\267_-<\225\023\250\277\3640(\200g\247\200TG\376=h"
 133      3C9513A8 
 133      BFF43028 
 133      8067A780 
 133      5447FE3D 
 134 0474 1CFA64CE 		.ascii	"\034\372d\3166\014\3226\014\200\334\207C\231\322.\265"
 134      360CD236 
 134      0C80DC87 
 134      4399D22E 
 134      B5
 135 0485 AC7FBAD1 		.ascii	"\254\177\272\321t\220\352#\006\372\025\375~\217\376"
 135      7490EA23 
 135      06FA15FD 
 135      7E8FFE
 136 0494 5DAA9F5B 		.ascii	"]\252\237[\260\247R\020v\010T\337Y;9\344\311\377f\336"
 136      B0A75210 
 136      760854DF 
 136      593B39E4 
 136      C9FF66DE 
 137 04a8 6705DEFC 		.ascii	"g\005\336\374\207\224\370!O\3740\215o8_\3768D\270\304"
 137      8794F821 
 137      4FFC308D 
 137      6F385FFE 
 137      3844B8C4 
 138 04bc E24BF346 		.ascii	"\342K\363F\372\202\227\024J\023\030_\277K\177p\302)"
 138      FA829714 
 138      4A13185F 
 138      BF4B7F70 
 138      C229
ARM GAS  /tmp/ccHIdsjz.s 			page 10


 139 04ce ED08A5E7 		.ascii	"\355\010\245\347|\204\021\314x\005\214\020\036\030\205"
 139      7C8411CC 
 139      78058C10 
 139      1E1885
 140 04dd 2518F7AC 		.ascii	"%\030\367\254\277bP\353\363\333 \242J\231c\330\015Y"
 140      BF6250EB 
 140      F3DB20A2 
 140      4A9963D8 
 140      0D59
 141 04ef 7E8CFE3C 		.ascii	"~\214\376<\252\013+{\004\237\200A\237\200q\371\307D"
 141      AA0B2B7B 
 141      049F8041 
 141      9F8071F9 
 141      C744
 142 0501 66555CEC 		.ascii	"fU\\\354*\203\303\020`\330lK\012^\363\301\307\021\261"
 142      2A83C310 
 142      60D86C4B 
 142      0A5EF3C1 
 142      C711B1
 143 0514 D1D19C46 		.ascii	"\321\321\234F\257O5\2478\226\307\350\035+\304T\273M"
 143      AF4F35A7 
 143      3896C7E8 
 143      1D2BC454 
 143      BB4D
 144 0526 34D89297 		.ascii	"4\330\222\227\245XRL\313L\206x\263hNIHJ5\232\304dCB"
 144      A558524C 
 144      CB4C8678 
 144      B3684E49 
 144      484A359A 
 145 053e A239C524 		.ascii	"\2429\305$\352\215\246\315\206\324$\207\336\261\315"
 145      EA8DA6CD 
 145      86D42487 
 145      DEB1CD
 146 054d 6AB24725 		.ascii	"j\262G%r\301\236\3507_\022m\337f\027\365v\207\021\241"
 146      72C19EE8 
 146      375F126D 
 146      DF6617F5 
 146      768711A1 
 147 0561 1822588C 		.ascii	"\030\"X\214\266@k\252\325h\013\262\330\255&\223\321"
 147      B6406BAA 
 147      D5680BB2 
 147      D8AD2693 
 147      D1
 148 0572 A6B2103A 		.ascii	"\246\262\020:[`\262\305h\262\221\374\022\337\216\022"
 148      5B60B2C5 
 148      68B291FC 
 148      12DF8E12 
 149 0582 6313CDF1 		.ascii	"c\023\315\361\346\365\033D\213]L4$\211V\213\315a\027"
 149      E6F51B44 
 149      8B5D4C34 
 149      2489568B 
 149      CD6117
 150 0595 377CF4FE 		.ascii	"7|\364\376\362\030q\335\272U\342\232\270\265\353?\215"
 150      F21871DD 
 150      BA55E29A 
 150      B8B5EB3F 
 150      8D
ARM GAS  /tmp/ccHIdsjz.s 			page 11


 151 05a6 214B7A2B 		.ascii	"!Kz+ZR\222\021\251C\355\216dLf\213\325l\321\333M\216"
 151      5A529211 
 151      A943ED8E 
 151      644C668B 
 151      D56CD1DB 
 152 05bc 54ABDEA1 		.ascii	"T\253\336\241\212{\217T\255\212[\311\246\325dR\307\255"
 152      8A7B8F54 
 152      AD8A5BC9 
 152      A6D56452 
 152      C7AD
 153 05ce 5C176B49 		.ascii	"\\\027kI\331l\336\022\204\004kS\314\216\327_\020\264"
 153      D96CDE12 
 153      84046B53 
 153      CC8ED75F 
 153      10B4
 154 05e0 DB12C81C 		.ascii	"\333\022\310\034\225\300\251\354\016\002Y\374\002\304"
 154      95C0A9EC 
 154      0E0259FC 
 154      02C4
 155 05ee 531F49C2 		.ascii	"S\037I\302NJS\307[\0146#\001k\242Dz\217\017\347y\022"
 155      4E4A53C7 
 155      5B0C3623 
 155      016BA244 
 155      7A8F0FE7 
 156 0604 D49B7141 		.ascii	"\324\233qA\2338\303\211~i\231t\\\375\326\326\255b\242"
 156      9B38C389 
 156      7E699974 
 156      5CFDD6D6 
 156      AD62A2
 157 0617 5221E1F2 		.ascii	"R!\341\362lB\002-\341_P\216n\341"
 157      6C42022D 
 157      E15F508E 
 157      6EE1
 158              		.text
 159              		.section	.gnu.lto_.symtab.bd8a4ef1b4f63f0a,"",%progbits
 160 0000 68616C49 		.ascii	"halInit\000"
 160      6E697400 
 161 0008 00       		.ascii	"\000"
 162 0009 00       		.ascii	"\000"
 163 000a 00       		.ascii	"\000"
 164 000b 00000000 		.ascii	"\000\000\000\000\000\000\000\000"
 164      00000000 
 165 0013 E0000000 		.ascii	"\340\000\000\000"
 166 0017 70616C5F 		.ascii	"pal_default_config\000"
 166      64656661 
 166      756C745F 
 166      636F6E66 
 166      696700
 167 002a 00       		.ascii	"\000"
 168 002b 02       		.ascii	"\002"
 169 002c 00       		.ascii	"\000"
 170 002d 00000000 		.ascii	"\000\000\000\000\000\000\000\000"
 170      00000000 
 171 0035 EC000000 		.ascii	"\354\000\000\000"
 172 0039 7374496E 		.ascii	"stInit\000"
 172      697400
 173 0040 00       		.ascii	"\000"
ARM GAS  /tmp/ccHIdsjz.s 			page 12


 174 0041 02       		.ascii	"\002"
 175 0042 00       		.ascii	"\000"
 176 0043 00000000 		.ascii	"\000\000\000\000\000\000\000\000"
 176      00000000 
 177 004b E2000000 		.ascii	"\342\000\000\000"
 178 004f 626F6172 		.ascii	"boardInit\000"
 178      64496E69 
 178      7400
 179 0059 00       		.ascii	"\000"
 180 005a 02       		.ascii	"\002"
 181 005b 00       		.ascii	"\000"
 182 005c 00000000 		.ascii	"\000\000\000\000\000\000\000\000"
 182      00000000 
 183 0064 E4000000 		.ascii	"\344\000\000\000"
 184 0068 5F70616C 		.ascii	"_pal_lld_init\000"
 184      5F6C6C64 
 184      5F696E69 
 184      7400
 185 0076 00       		.ascii	"\000"
 186 0077 02       		.ascii	"\002"
 187 0078 00       		.ascii	"\000"
 188 0079 00000000 		.ascii	"\000\000\000\000\000\000\000\000"
 188      00000000 
 189 0081 E8000000 		.ascii	"\350\000\000\000"
 190 0085 68616C5F 		.ascii	"hal_lld_init\000"
 190      6C6C645F 
 190      696E6974 
 190      00
 191 0092 00       		.ascii	"\000"
 192 0093 02       		.ascii	"\002"
 193 0094 00       		.ascii	"\000"
 194 0095 00000000 		.ascii	"\000\000\000\000\000\000\000\000"
 194      00000000 
 195 009d EA000000 		.ascii	"\352\000\000\000"
 196              		.text
 197              		.section	.gnu.lto_.opts,"",%progbits
 198 0000 272D666D 		.ascii	"'-fmath-errno' '-fsigned-zeros' '-ftrapping-math' '"
 198      6174682D 
 198      6572726E 
 198      6F272027 
 198      2D667369 
 199 0033 2D666E6F 		.ascii	"-fno-trapv' '-fno-openmp' '-fno-openacc' '-mcpu=cor"
 199      2D747261 
 199      70762720 
 199      272D666E 
 199      6F2D6F70 
 200 0066 7465782D 		.ascii	"tex-m0' '-mno-thumb-interwork' '-mthumb' '-ggdb' '-"
 200      6D302720 
 200      272D6D6E 
 200      6F2D7468 
 200      756D622D 
 201 0099 4F322720 		.ascii	"O2' '-Werror' '-fomit-frame-pointer' '-falign-funct"
 201      272D5765 
 201      72726F72 
 201      2720272D 
 201      666F6D69 
 202 00cc 696F6E73 		.ascii	"ions=16' '-ffunction-sections' '-fdata-sections' '-"
ARM GAS  /tmp/ccHIdsjz.s 			page 13


 202      3D313627 
 202      20272D66 
 202      66756E63 
 202      74696F6E 
 203 00ff 666E6F2D 		.ascii	"fno-common' '-flto'\000"
 203      636F6D6D 
 203      6F6E2720 
 203      272D666C 
 203      746F2700 
 204              		.text
 205              		.comm	__gnu_lto_v1,1,1
 206              		.comm	__gnu_lto_slim,1,1
 207              		.ident	"GCC: (GNU Tools for ARM Embedded Processors) 5.4.1 20160609 (release) [ARM/embedded-5-bran
ARM GAS  /tmp/ccHIdsjz.s 			page 14


DEFINED SYMBOLS
                            *ABS*:0000000000000000 hal.c
                            *COM*:0000000000000001 __gnu_lto_v1
                            *COM*:0000000000000001 __gnu_lto_slim

NO UNDEFINED SYMBOLS
