ARM GAS  /tmp/cc0Sv44N.s 			page 1


   1              		.syntax unified
   2              		.cpu cortex-m0
   3              		.fpu softvfp
   4              		.eabi_attribute 20, 1
   5              		.eabi_attribute 21, 1
   6              		.eabi_attribute 23, 3
   7              		.eabi_attribute 24, 1
   8              		.eabi_attribute 25, 1
   9              		.eabi_attribute 26, 1
  10              		.eabi_attribute 30, 2
  11              		.eabi_attribute 34, 0
  12              		.eabi_attribute 18, 4
  13              		.thumb
  14              		.syntax unified
  15              		.file	"hal_pal_lld.c"
  16              		.text
  17              	.Ltext0:
  18              		.section	.gnu.lto_.profile.e16a0b26761b7919,"",%progbits
  19 0000 789C6361 		.ascii	"x\234ca`d`c`\000\222]\214\035\214\000\003\320\001!"
  19      60646063 
  19      6000925D 
  19      8C1D8C00 
  19      03D00121 
  20              		.text
  21              		.section	.gnu.lto_.icf.e16a0b26761b7919,"",%progbits
  22 0000 789C6361 		.ascii	"x\234ca`d\000\001>\006\004`b\370\323\271\255\203\233"
  22      60640001 
  22      3E060460 
  22      62F8D3B9 
  22      AD839B
  23 0013 B1E7E7D1 		.ascii	"\261\347\347\321\275|\014\000-\324\005\372"
  23      BD7C0C00 
  23      2DD405FA 
  24              		.text
  25              		.section	.gnu.lto_.jmpfuncs.e16a0b26761b7919,"",%progbits
  26 0000 789C6361 		.ascii	"x\234ca`d\000\001\001\006\004`b`dd\254gd\006\222\354"
  26      60640001 
  26      01060460 
  26      62606464 
  26      AC676406 
  27 0016 F5F5F50C 		.ascii	"\365\365\365\014\000\015&\002%"
  27      000D2602 
  27      25
  28              		.text
  29              		.section	.gnu.lto_.inline.e16a0b26761b7919,"",%progbits
  30 0000 789C6361 		.ascii	"x\234ca`d\000\201\355\014\010\300\304\300`g\313\310"
  30      60640081 
  30      ED0C08C0 
  30      C4C06067 
  30      CBC8
  31 0012 CEA0C0C8 		.ascii	"\316\240\300\310\300\254\000&\035\300d\002\230l`\004"
  31      C0AC0026 
  31      1DC06402 
  31      986C6004 
  32 0022 530B20D4 		.ascii	"S\013 \324\001\010\305 \020\274\243\203\225Az\305aF"
  32      0108C520 
  32      10BCA383 
ARM GAS  /tmp/cc0Sv44N.s 			page 2


  32      95417AC5 
  32      6146
  33 0034 2606C617 		.ascii	"&\006\306\027\354,\020\022Dp\200\231\034 B\000\314\024"
  33      EC2C1012 
  33      44708099 
  33      1C204200 
  33      CC14
  34 0046 00110A60 		.ascii	"\000\021\012`\246\002\210p\0003\035@D\003D7\320\012"
  34      A6028870 
  34      00331D40 
  34      44034437 
  34      D00A
  35 0058 10C904E1 		.ascii	"\020\311\004\3410\201\334\304\310p\216a/\023##\023\320"
  35      3081DCC4 
  35      C8708E61 
  35      2F132323 
  35      13D0
  36 006a 3606E6A2 		.ascii	"6\006\346\242\013\177\024\031$\346\\dfb\020\272\320"
  36      0B7F1419 
  36      24E65C64 
  36      666210BA 
  36      D0
  37 007b C3C80276 		.ascii	"\303\310\002v6\000\023|\037P"
  37      3600137C 
  37      1F50
  38              		.text
  39              		.section	.gnu.lto_.pureconst.e16a0b26761b7919,"",%progbits
  40 0000 789C6361 		.ascii	"x\234ca`d`e```b\220b\224\002\000\000\355\000B"
  40      60646065 
  40      60606062 
  40      90629402 
  40      0000ED00 
  41              		.text
  42              		.section	.gnu.lto__pal_lld_init.e16a0b26761b7919,"",%progbits
  43 0000 789CA598 		.ascii	"x\234\245\230kL\024W\024\307\347\336\001vYv\227\207"
  43      6B4C1457 
  43      14C7E7DE 
  43      01765976 
  43      9787
  44 0012 A2223ED0 		.ascii	"\242\">\320\204\030\375\340V\2334\255\037\232&m\323"
  44      8418FDE0 
  44      569B34AD 
  44      1F9A266D 
  44      D3
  45 0023 B4B14FFB 		.ascii	"\264\261O\373\275im\253$\246\220\332\364+\303c\025\265"
  45      BD696DAB 
  45      24A690DA 
  45      F42BC363 
  45      15B5
  46 0035 55144111 		.ascii	"U\024A\021\037\340\213\207\302\012( (.\210\200((j\241"
  46      1FE08B87 
  46      C20A2820 
  46      282E8880 
  46      28286AA1 
  47 0049 ADE2030B 		.ascii	"\255\342\003\013\002\266\012U\253\325\302\366\2363\367"
  47      02B60A55 
  47      ABD5C2F6 
ARM GAS  /tmp/cc0Sv44N.s 			page 3


  47      9E33F7
  48 0058 32BB20CA 		.ascii	"2\273 \3120\233p\330af\376\367w\317\034~<\374$\"\301"
  48      309B70D8 
  48      6166FEF7 
  48      77CF1C7E 
  48      3CFC2422 
  49 006d AB284292 		.ascii	"\253(B\222\336e\237#\331\007\221%BS[$)\301L\011\201"
  49      DE659F23 
  49      D9079125 
  49      42535B24 
  49      29C14C09 
  50 0082 378A9948 		.ascii	"7\212\231H\361\224\304\223Gt\220\222\332\265\335\307"
  50      F194C493 
  50      47749092 
  50      DAB5DDC7 
  51 0092 E9FC5C85 		.ascii	"\351\374\\\205\275n:\357\275\242\344\271\211S\226$\017"
  51      BD6E3AEF 
  51      BDA2E4B9 
  51      89539624 
  51      0F
  52 00a3 C52489E4 		.ascii	"\305$\211\344\222\371\354\252\326\344#;\345\207\324"
  52      92F9ECAA 
  52      D6E4233B 
  52      E587D4
  53 00b2 2913E2C7 		.ascii	")\023\342\307\016\007\232w\334\266\303!%Q\354\260w\310"
  53      0E079A77 
  53      DCB6C321 
  53      2551ECB0 
  53      77C8
  54 00c4 75C74F7E 		.ascii	"u\307O~\203H\354}\376\365\254O\347\035P\224DE\311\372"
  54      8348EC7D 
  54      FEF5AC4F 
  54      E71D5094 
  54      4445C9FA 
  55 00d8 460974CA 		.ascii	"F\011t\3122) 2\213#\371d\006\311#3$\366%\211\034\"\363"
  55      32292032 
  55      8B23F964 
  55      06C92333 
  55      24F62589 
  56 00ef E0EACEE2 		.ascii	"\340\352\316\342\241t[@2\254\036\245\256I\016\223\000"
  56      A1745B40 
  56      32AC1EA5 
  56      AE490E93 
  56      00
  57 0100 D885EB33 		.ascii	"\330\205\3533\267\342\361$)J\325\242\274\3507)\273\313"
  57      B7E2F124 
  57      294AD5A2 
  57      BCE83729 
  57      BBCB
  58 0112 4F86E24F 		.ascii	"O\206\342O\340^\023\2745C\011\204b\201\022\004\305\012"
  58      E05E13BC 
  58      35430984 
  58      62811204 
  58      C50A
  59 0124 C506C50E 		.ascii	"\305\006\305\016%\030J\010\224P(aP&A\231\014%\034\312"
  59      25184A08 
  59      94502861 
ARM GAS  /tmp/cc0Sv44N.s 			page 4


  59      50264199 
  59      0C251CCA 
  60 0138 142853A1 		.ascii	"\024(S\241L\203\022\001e:\224H(\200\3537\023\312,(\263"
  60      4C831201 
  60      653A9448 
  60      2880EB37 
  60      13CA2C28 
  61 014d A1444199 		.ascii	"\241DA\231\003e.\024I\352g\340\320\331\001J\341\263"
  61      03652E14 
  61      49EA67E0 
  61      D0D9014A 
  61      E1B3
  62 015f DC4D6A2B 		.ascii	"\334Mj+\213\273\027\301V\222dhr\206\263\366\202\011"
  62      8BBB17C1 
  62      56926468 
  62      7286B3F6 
  62      8209
  63 0171 FAE58F3D 		.ascii	"\372\345\217=\272\352j\276kV\017\225\354\024\005:\332"
  63      BAEA6ABE 
  63      6B560F95 
  63      EC14053A 
  63      DA
  64 0182 D9B8DEB6 		.ascii	"\331\270\336\266\207\354b\275\017 E\254Q\205\254Qpi"
  64      87EC62BD 
  64      0F2045AC 
  64      5185AC51 
  64      7069
  65 0194 CDC69E83 		.ascii	"\315\306\236\2036G\241\222\234\240\2048e\023q\221=d"
  65      3647A192 
  65      9CA08438 
  65      65137191 
  65      3D64
  66 01a6 089F0D39 		.ascii	"\010\237\0159B\034R7Iz\022\240\256#\253K\265U\236\313"
  66      421C5237 
  66      497A12A0 
  66      AE23AB4B 
  66      B5559ECB 
  67 01ba 0D846C3F 		.ascii	"\015\204l?\242(\025\224\024\263 \306\223A\340*\035\013"
  67      A2281594 
  67      14B320C6 
  67      9341E02A 
  67      1D0B
  68 01cc 95680B95 		.ascii	"\225h\013\225\022\007\213\227:I\242\373\242\211\307"
  68      12078B97 
  68      3A49A2FB 
  68      A289C7
  69 01db B4EFAD4E 		.ascii	"\264\357\255N\263/\310\203\007\347n\375(3\333\354\224"
  69      B32FC883 
  69      07E76EFD 
  69      2833DBEC 
  69      94
  70 01ec CD121F99 		.ascii	"\315\022\037\231\243d\201\367\236e\334\363\343\206\246"
  70      A36481F7 
  70      9E65DCF3 
  70      E386A6
  71 01fb 142B5B38 		.ascii	"\024+[8\001\357X\013-\015Lb\0158\306\327\337\275\275"
  71      01EF580B 
ARM GAS  /tmp/cc0Sv44N.s 			page 5


  71      2D0D4C62 
  71      0D38C6D7 
  71      DFBDBD
  72 020e E2819DAD 		.ascii	"\342\201\235\255\317\026\267\2202\\\034\306\200\235"
  72      CF16B790 
  72      325C1CC6 
  72      809D
  73 021c 3976A26E 		.ascii	"9v\242nI\374\240\222\312n4\261UH9q\000\204D*H<\203\242"
  73      49FCA092 
  73      CA6E34B1 
  73      55483971 
  73      0084442A 
  74 0234 9C684357 		.ascii	"\234hCW^\002\225\337\302\305\356\267\326$\221\350}0"
  74      5E0295DF 
  74      C2C5EEB7 
  74      D62491E8 
  74      7D30
  75 0246 85EE8135 		.ascii	"\205\356\2015r\246\342N\216r\312A\344\270\357$\"m%\211"
  75      72A6E24E 
  75      8E72CA41 
  75      E4B8EF24 
  75      226D2589 
  76 025a 86B624A6 		.ascii	"\206\266$\246\253\264A\004\000\375H\025;\017;nm\020"
  76      ABB44104 
  76      00FD4815 
  76      3B0F3B6E 
  76      6D10
  77 026c 9D4B1F72 		.ascii	"\235K\037r\346ZF\205\232G\2167\206\236 \321\320\006"
  77      E65A4685 
  77      9A478E37 
  77      869E20D1 
  77      D006
  78 027e D6F9C4CA 		.ascii	"\326\371\304\312\201SK|']\331\267I\306+\330\3228\357"
  78      81534B7C 
  78      275DD9B7 
  78      49C62BD8 
  78      D238EF
  79 0291 1E4A467D 		.ascii	"\036JF}3\220\223l\213\022\251\206Gk\362n\247yT;Y\313"
  79      3390936C 
  79      8B12A986 
  79      476BF26E 
  79      A779543B 
  80 02a7 ACD0CA53 		.ascii	"\254\320\312S#Z\311:\346\366\364\262'm#nl(USI\015NN"
  80      235AC93A 
  80      E6F6F4B2 
  80      276D236E 
  80      6C285553 
  81 02bf 6D464E38 		.ascii	"mFN8\344{\207\007a\370\215\264\236\255T\013\267C3H-"
  81      E47B8707 
  81      61F88DB4 
  81      9EAD540B 
  81      B7433348 
  82 02d4 4F3F7C6B 		.ascii	"O?|k\353\005\252\016\212\262\010&\3454f\313<\273\016"
  82      EB05AA0E 
  82      8AB20826 
  82      E53466CB 
  82      3CBB0E
ARM GAS  /tmp/cc0Sv44N.s 			page 6


  83 02e7 86C5841B 		.ascii	"\206\305\204\033/\256\3131\251\033\2309N\342\020`=\203"
  83      2FAECB31 
  83      A91B9839 
  83      4EE21060 
  83      3D83
  84 02f9 797E3CAF 		.ascii	"y~<\257~$\253>\270\006\014\363\347a\215\0007S}*\303"
  84      7E24AB3E 
  84      B8060CF3 
  84      E7618D00 
  84      37537D2A 
  85 030e 70B3F4C0 		.ascii	"p\263\364\300\235\305\274\000\236\327d\014\356\034\206"
  85      9DC5BC00 
  85      9ED7640C 
  85      EE1C86
  86 031d 9978D879 		.ascii	"\231x\330y\200\233\245v\356\214\200\233\255\007\256"
  86      809BA576 
  86      EE8C809B 
  86      AD07AE
  87 032c 19F3CC3C 		.ascii	"\031\363\314<\257\305\030\334\005\014\013\344a\027\001"
  87      AFC518DC 
  87      050C0BE4 
  87      611701
  88 033b 6EB6DAB9 		.ascii	"n\266\332\271a\270(=p\255\230g\341y\227\214\301]\306"
  88      61B8283D 
  88      70AD9867 
  88      E179978C 
  88      C15DC6
  89 034e B0201E76 		.ascii	"\260 \036v\005\340\242\324\316\325\013\2709z\340~\301"
  89      05E0A2D4 
  89      CED50BB8 
  89      397AE07E 
  89      C1
  90 035f 3C2BCF6B 		.ascii	"<+\317k3\006\327\216a6\036\366+\300\315Q;7\0147W\017"
  90      3306D78E 
  90      61361EF6 
  90      2BC0CD51 
  90      3B370C37 
  91 0375 DC6F9867 		.ascii	"\334o\230g\347y\277\033\203\273\212a\301<\354\032\300"
  91      E779BF1B 
  91      83BB8A61 
  91      C13CEC1A 
  91      C0
  92 0386 CDF5161D 		.ascii	"\315\365\026\035JIh\025,%\341\331\266\361\210\277\003"
  92      4A496815 
  92      2C25E1D9 
  92      B6F188BF 
  92      03
  93 0397 C5EF63FA 		.ascii	"\305\357c\372\366\227\230\376:\342\204<\337\3647\204"
  93      F69798FE 
  93      3AE2843C 
  93      DFF43784 
  94 03a7 E96FFA98 		.ascii	"\351o\372\230^\217\335o\241\335\263\313\313\357\230"
  94      5E8FDD6F 
  94      A1DDB3CB 
  94      CBEF98
  95 03b6 B9DD53C0 		.ascii	"\271\335S\300\356\235\334\356\355\023\262\373m\346\356"
  95      EE9DDCEE 
ARM GAS  /tmp/cc0Sv44N.s 			page 7


  95      ED13B2FB 
  95      6DE6EE
  96 03c5 8E31EDEE 		.ascii	"\2161\355\356bv\207+n\275\310\356\177\240\335\273`\026"
  96      6276872B 
  96      6EBDC8EE 
  96      7FA0DDBB 
  96      6016
  97 03d7 CCEC64D7 		.ascii	"\314\354d\327\331\2645V\325\3563\330a\377\346\232\007"
  97      D9B43556 
  97      D5EE33D8 
  97      61FFE69A 
  97      07
  98 03e8 64C46874 		.ascii	"d\304ht\363\3665m\332\237i\365\265\373\035awH%=\332"
  98      F3F6356D 
  98      DA9F69F5 
  98      B5FB1D61 
  98      7748253D 
  99 03fd 8074E1D6 		.ascii	"\200t\341\326\036;KK\374\275\007\244\323k@\266\034\334"
  99      1E3B4B4B 
  99      FCBD07A4 
  99      D36B40B6 
  99      1CDC
 100 040f ECF21990 		.ascii	"\354\362\031\220^\241s\014\353\203\0011k:G\342\251\343"
 100      5EA1730C 
 100      EB830131 
 100      6B3A47E2 
 100      A9E3
 101 0421 44C4E9BD 		.ascii	"D\304\351\275+t\216y\177\032\203\373K\350\034\303\356"
 101      2B748E79 
 101      7F1A83FB 
 101      4BE81CC3 
 101      EE
 102 0432 01DC544D 		.ascii	"\001\334TM\347\0107M\017\334}\241s\314\3537\0067 t\216"
 102      E708374D 
 102      0FDC7DA1 
 102      73CCEB37 
 102      06372074 
 103 0447 617F03DC 		.ascii	"a\177\003\3344M\347\010\027\241\007\356\201\3209\346"
 103      344DE708 
 103      17A107EE 
 103      81D039E6 
 104 0457 3D3406F7 		.ascii	"=4\006\367H\350\034\303\376\001\270\010M\347\0107]\017"
 104      48E81CC3 
 104      FE01B808 
 104      4DE70837 
 104      5D0F
 105 0469 DC63A173 		.ascii	"\334c\241s\314{b\014\356_\241s\014{\012p\3235\235#\\"
 105      CC7B620C 
 105      EE5FA173 
 105      0C7B0A70 
 105      D3359D23 
 106 047e A41EB867 		.ascii	"\244\036\270gB\347\230\367\2371\270A\241s\014\033\002"
 106      42E798F7 
 106      9F31B841 
 106      A1730C1B 
 106      02
 107 048f B8484DE7 		.ascii	"\270HM\347\0107\336\357Y\204\363\010\235c\236B\015\301"
ARM GAS  /tmp/cc0Sv44N.s 			page 8


 107      0837DEEF 
 107      5984F308 
 107      9D639E42 
 107      0DC1
 108 04a1 2550AE73 		.ascii	"%P\256s\014K\244\014\316\307lh\241a\235\337\026:\277"
 108      0C4BA40C 
 108      CEC76C68 
 108      A1619DDF 
 108      163ABF
 109 04b4 361E9D27 		.ascii	"6\036\235'\321Q:\357x\211\316\223\021'\364\371:wR\256"
 109      D1513AEF 
 109      7889CE93 
 109      1127F4F9 
 109      3A7752AE 
 110 04c8 F33574A2 		.ascii	"\3635t\242:_KA\347\325=\331m\301\\\347\251\240\363\024"
 110      3A5F4B41 
 110      E7D53DD9 
 110      6DC15CE7 
 110      A9A0F314 
 111 04dc AA6EBA63 		.ascii	"\252n\272cB:_G\243a\257c\350\274\212\351\034\256`K\217"
 111      423A5F47 
 111      A361AF63 
 111      E8BC8AE9 
 111      1CAE604B 
 112 04f1 ADF3F514 		.ascii	"\255\363\365\024t\276\201\262Y\010\004\235_*k\260\253"
 112      74BE81B2 
 112      5908049D 
 112      5F2A6BB0 
 112      AB
 113 0502 3A7F9D1D 		.ascii	":\177\235\035&(W\017\214\374I\377\023U\333\267\256q"
 113      2628570F 
 113      8CFC49FF 
 113      1355DBB7 
 113      AE71
 114 0514 F7BD205F 		.ascii	"\367\275 _\235\377L\271\316!\225l\324\006\204\345\263"
 114      9DFF4CB9 
 114      CE21956C 
 114      D40684E5 
 114      B3
 115 0525 3BFA1EDE 		.ascii	";\372\036\336h\363\031\020\266\373\341\0019T\224\227"
 115      68F31910 
 115      B6FBE101 
 115      39549497 
 116 0535 13E03D20 		.ascii	"\023\340= \233(\3279\206\245\302\200\004j:G\342\320"
 116      9B28D739 
 116      86A5C280 
 116      046A3A47 
 116      E2D0
 117 0547 7122E2F4 		.ascii	"q\"\342\364n\246\\\347\230\267\305\030\\\032\345:\307"
 117      6EA65CE7 
 117      98B7C518 
 117      5C1AE53A 
 117      C7
 118 0558 B0AD0017 		.ascii	"\260\255\000\027\252\351\034\341\302\364\300\245S\256"
 118      AAE91CE1 
 118      C2F4C0A5 
 118      53AE
ARM GAS  /tmp/cc0Sv44N.s 			page 9


 119 0566 73CCCB30 		.ascii	"s\314\3130\006\267\215r\235c\330v\200\013\323t\216p"
 119      06B78D72 
 119      9D63D876 
 119      800BD374 
 119      8E70
 120 0578 93F4C065 		.ascii	"\223\364\300eR\256s\314\333a\014.\213r\235c\330N\200"
 120      52AE73CC 
 120      DB610C2E 
 120      8B729D63 
 120      D84E80
 121 058b 9BA4E91C 		.ascii	"\233\244\351\034\341&\353\201\333E\271\3161o\2671\270"
 121      E126EB81 
 121      DB45B9CE 
 121      316FB731 
 121      B8
 122 059c 3D94EB1C 		.ascii	"=\224\353\034\303\262\001n\262\246s\204\013\327\003"
 122      C3B2016E 
 122      B2A67384 
 122      0BD703
 123 05ab 9743B9CE 		.ascii	"\227C\271\3161o\2571\270}\224\353\034\303\366\003\\"
 123      316FAF31 
 123      B87D94EB 
 123      1CC3F603 
 123      5C
 124 05bc B8A67384 		.ascii	"\270\246s\204\233\242\007\356\000\345:\307\274\203\306"
 124      9BA207EE 
 124      00E53AC7 
 124      BC83C6
 125 05cb E07285CE 		.ascii	"\340r\205\3161,\017\340\246x\233\015-4\254\363u\224"
 125      312C0FE0 
 125      A6789B0D 
 125      2D34ACF3 
 125      7594
 126 05dd EB7C683C 		.ascii	"\353|h<:\317\037\255s\317Kt^\2008a\317\327\371!\241"
 126      3ACF1FAD 
 126      73CF4B74 
 126      5E803861 
 126      CFD7F921 
 127 05f2 F3C313D6 		.ascii	"\363\303\023\326y!\352\274\240\267\323e\341:\317\003"
 127      7921EABC 
 127      A0B7D365 
 127      E13ACF03 
 128 0602 9D17719D 		.ascii	"\235\027q\235{&\244s\027\223u\376\230:\3670\235\303"
 128      7B26A473 
 128      179375FE 
 128      983AF730 
 128      9DC3
 129 0614 15852FD2 		.ascii	"\025\205/\322\371\021\324y1\314\202\205\235|ZZ\324\313"
 129      F911D479 
 129      31CC8285 
 129      9D7C5A5A 
 129      D4CB
 130 0626 7F3BBF02 		.ascii	"\177;\277\002\027_~T\332\353?b6J\370l\364\335/\251\267"
 130      175F7E54 
 130      DAEB3F62 
 130      364AF86C 
 130      F4DD2FA9 
ARM GAS  /tmp/cc0Sv44N.s 			page 10


 131 063b F8FABC54 		.ascii	"\370\372\274T\370\034b\311QmB\212qB\006\013\\\225>\177"
 131      F81C62C9 
 131      516D428A 
 131      7142060B 
 131      5C953E7F 
 132 064f BF15794D 		.ascii	"\277\025yMHY\326\266g\026\357\0119&|\216ae0!\026\315"
 132      4859D6B6 
 132      6716EF09 
 132      39267C8E 
 132      61653021 
 133 0665 E7881C34 		.ascii	"\347\210\0344ND\034\337r\341s\314\2530\006w\\\370\034"
 133      4E441CDF 
 133      72E173CC 
 133      AB300677 
 133      5CF81C
 134 0678 C32A012E 		.ascii	"\303*\001.H\3639\302Y\365\300U\011\237c\336\011cp'\205"
 134      48F339C2 
 134      59F5C055 
 134      099F63DE 
 134      09637027 
 135 068d CF31AC1A 		.ascii	"\3171\254\032\340\254\232\317\021\316\246\007\356\224"
 135      E0AC9ACF 
 135      11CEA607 
 135      EE94
 136 069b F039E6B9 		.ascii	"\3609\346\271\215\301\325\010\237cX-\300\3314\237#\234"
 136      8DC1D508 
 136      9F63582D 
 136      C0D9349F 
 136      239C
 137 06ad 5D0FDC69 		.ascii	"]\017\334i\341s\314\2533\006wF\370\034\303\352\001\316"
 137      E173CCAB 
 137      33067746 
 137      F81CC3EA 
 137      01CE
 138 06bf AEF91CE1 		.ascii	"\256\371\034\341\202\365\3005\010\237c^\2431\270\263"
 138      82F5C035 
 138      089F635E 
 138      A331B8B3 
 139 06cf C2E718D6 		.ascii	"\302\347\030\326\004p\301\232\317\021.D\017\3349\341"
 139      0470C19A 
 139      CF112E44 
 139      0FDC39E1 
 140 06df 73CC3B6F 		.ascii	"s\314;o\014\256Y\370\034\303Z\000.\304[m\250\241a\237"
 140      0CAE59F8 
 140      1CC35A00 
 140      2EC45B6D 
 140      A8A1619F 
 141 06f3 BBE0A00F 		.ascii	"\273\340\240\017\376\027\363\001\232\025^\375\314O\251"
 141      FE17F301 
 141      9A155EFD 
 141      CC4FA9
 142 0702 2D1295A4 		.ascii	"-\022\225\244\327\026:\336^\031\363U\314\307\313\034"
 142      D7163ADE 
 142      5E19F355 
 142      CCC7CB1C 
 143 0712 B1AB1D2B 		.ascii	"\261\253\035+\277\\\345\210\213\375\376\207\325\216"
 143      BF5CE588 
ARM GAS  /tmp/cc0Sv44N.s 			page 11


 143      8BFDFE87 
 143      D58E
 144 0720 659F7FF8 		.ascii	"e\237\177\370\352b\307\322\245\3578\336\373\344\375"
 144      EA62C7D2 
 144      A5EF38DE 
 144      FBE4FD
 145 072f 8F7F5C0C 		.ascii	"\217\177\\\014\247\276\210c\037\253V}\275p\271\024\260"
 145      A7BE8863 
 145      1FAB567D 
 145      BD70B914 
 145      B0
 146 0740 3CF6BB6F 		.ascii	"<\366\273ocV\370\257\210\213\211\215\373\037\370Yoe"
 146      6356F8AF 
 146      888B898D 
 146      FB1FF859 
 146      6F65
 147              		.text
 148              		.section	.gnu.lto__pal_lld_setgroupmode.e16a0b26761b7919,"",%progbits
 149 0000 789C9D57 		.ascii	"x\234\235W\013PU\327\025\275\373\236\373>\274\037\032"
 149      0B5055D7 
 149      15BDFB9E 
 149      FB3EBC1F 
 149      1A
 150 0011 8D1A2586 		.ascii	"\215\032%\206|\010\321\020\236b\242D\035t\242\216\237"
 150      7C08D110 
 150      9E62A244 
 150      1D74A28E 
 150      9F
 151 0022 0181A433 		.ascii	"\001\201\2443mg:\223h \243S\030\030 \235v:\235>}\360"
 151      6D673A93 
 151      6820A353 
 151      1818209D 
 151      763A9D3E 
 152 0038 34112DAD 		.ascii	"4\021-\255\243F\307\324\244\371\240\011(\004\255bIC"
 152      A346C7D4 
 152      A4F9A009 
 152      2804AD62 
 152      4943
 153 004a 10258A9F 		.ascii	"\020%\212\237\030\255\361W#\242D\221*<\360\223)\237"
 153      18ADF157 
 153      23A24491 
 153      2A3CF093 
 153      299F
 154 005c EEBDCF7D 		.ascii	"\356\275\317}__\035\006f\356\346\336}\326\332w\257}"
 154      5F5F1D06 
 154      66EEE6DE 
 154      7DD6DA77 
 154      AF7D
 155 006e F639F73C 		.ascii	"\3669\367<M\001\205\376\372\206+\312\037\360\377\036"
 155      4D0185FE 
 155      FA862BCA 
 155      1FF0FF1E 
 156 007e BC205A01 		.ascii	"\274 Z\001\265\354\270\242\2540\253 \344\215P\265\325"
 156      B5ECB8A2 
 156      AC30AB20 
 156      E48D50B5 
 156      D5
ARM GAS  /tmp/cc0Sv44N.s 			page 12


 157 008f F18ACB62 		.ascii	"\361\212\313b#k\323TC\347\243\370\024\365A2>\031T#\217"
 157      236BD354 
 157      43E7A3F8 
 157      14F54132 
 157      3E195423 
 158 00a4 9978CC08 		.ascii	"\231x\314\010fI1\371n\314`\2237Q\252\205\201V\006Z|"
 158      664931F9 
 158      6ECC6093 
 158      3751AA85 
 158      8156065A 
 159 00b9 6EABEFC6 		.ascii	"n\253\357\306\246:\212M8n/mR\020`\227/\377\332\354\000"
 159      A63A8A4D 
 159      386E2F6D 
 159      52106097 
 159      2FFFDAEC 
 160 00ce A01B9719 		.ascii	"\240\033\227\031\224?\252B3\030M\346(\213\325fw\000"
 160      943FAA42 
 160      33184DE6 
 160      288BD566 
 160      7700
 161 00e0 3E2AF2EF 		.ascii	">*\362\357\216\332\247B\303\252\266ZuB\271\013\377."
 161      8EDAA742 
 161      C3AAB65A 
 161      7542B90B 
 161      FF2E
 162 00f2 5FDB35D9 		.ascii	"_\3335\331\265\275\036J\0200\240J\014\224\303\004D\235"
 162      B5BD1E4A 
 162      1030A04A 
 162      0C94C304 
 162      449D
 163 0104 2CAEDA2A 		.ascii	",\256\332*z\324\022\001\240\341c\327\261-\255\016zT"
 163      7AD41201 
 163      A0E163D7 
 163      B12DAD0E 
 163      7A54
 164 0116 21161F0F 		.ascii	"!\026\037\017\034\037\330g\021/\203\202\367+\377\266"
 164      1C1FD867 
 164      112F8382 
 164      F72BFFB6 
 165 0126 B9D11EFF 		.ascii	"\271\321\036\377\211\313\265\322\345\332\226\355\212"
 165      89CBB5D2 
 165      E5DA96ED 
 165      8A
 166 0133 2A11023E 		.ascii	"*\021\002>\003\201\361`\007\304\300v\210Q\320\245\300"
 166      0381F160 
 166      07C4C076 
 166      8851D0A5 
 166      C0
 167 0144 E7108FE8 		.ascii	"\347\020\217\350\201O\253\3361\213\024f\376\264\341"
 167      814FABDE 
 167      318B1466 
 167      FEB4E1
 168 0153 9BF74132 		.ascii	"\233\367A2\353\377\334\234\260\331U\257\225\010\015"
 168      EBFFDC9C 
 168      B0D955AF 
 168      95080D
 169 0162 2AC2C99A 		.ascii	"*\302\311\232\002\225L\356\256\371d\275U\314ar\363\272"
ARM GAS  /tmp/cc0Sv44N.s 			page 13


 169      02954CEE 
 169      AEF964BD 
 169      55CC6172 
 169      F3BA
 170 0174 2F7FA173 		.ascii	"/\177\241s\3277?+\271\006\330\031\3165(\260\013\342"
 170      D7373F2B 
 170      B906D819 
 170      CE3528B0 
 170      0BE2
 171 0186 8950BA62 		.ascii	"\211P\272b\307e!\0260\371\332\251\326\353\020\367\021"
 171      C7652116 
 171      30F9DAA9 
 171      D6EB10F7 
 171      11
 172 0197 B3ABD738 		.ascii	"\263\253\3278\220]\034[\"\214P\025J\347IWa\307\300\211"
 172      905D1C5B 
 172      228C5015 
 172      4AE74957 
 172      61C7C089 
 173 01ab BF98452A 		.ascii	"\277\230E*3\377\373m\257\307\2543\377\332ls\225\255"
 173      33FFFB6D 
 173      AFC7AC33 
 173      FFDA6C73 
 173      95AD
 174 01bd 3013F18B 		.ascii	"0\023\361\213\210\304\333\353\017\036SE&\023\327m;\326"
 174      88C4DBEB 
 174      0F1E5345 
 174      2613D76D 
 174      3BD6
 175 01cf E2D0895B 		.ascii	"\342\320\211[\003\304\335\021\211mg\335\233\215\342"
 175      03C4DD11 
 175      896D67DD 
 175      9B8DE2
 176 01de E74C6C5F 		.ascii	"\347Ll_\267\373\224E'n\011\020\377\036\221X\326w\316"
 176      B7FB9445 
 176      276E0910 
 176      FF1E9158 
 176      D677CE
 177 01f1 6514AF33 		.ascii	"e\024\2573\361dw\315g\232N|/@\334\027\221\270\366\366"
 177      F16477CD 
 177      679A4E7C 
 177      2F40DC17 
 177      91B8F6F6 
 178 0205 FD0F35F1 		.ascii	"\375\0175\361\026\023\233.\236\274\356Kuc\200\270?\""
 178      16139B2E 
 178      9EBCEE4B 
 178      756380B8 
 178      3F22
 179 0217 F14A75FF 		.ascii	"\361Ju\377\006\273\261\230\332)\026\376\001qP\213\327"
 179      06BBB198 
 179      DA2916FE 
 179      0171508B 
 179      D7
 180 0228 5EBCF6E0 		.ascii	"^\274\366\340U\203W5\304\311\346\202:0\342B\262\374"
 180      55835735 
 180      C4C9E682 
 180      3A30E242 
ARM GAS  /tmp/cc0Sv44N.s 			page 14


 180      B2FC
 181 023a 3F1406EB 		.ascii	"?\024\006\353\273Q\375\271E\344p\026\237\326\365\255"
 181      BB51FDB9 
 181      45E47016 
 181      9FD6F5AD 
 182 024a F565B177 		.ascii	"\365e\261w\315H\377\034}\371`\032\360Ofo\270\321V\255"
 182      CD48FF1C 
 182      7DF9601A 
 182      F04F666F 
 182      B8D156AD 
 183 025e 89B799ED 		.ascii	"\211\267\231\355\355?\364\203>\303\256;Y\256wf\023\365"
 183      ED3FF483 
 183      3EC3AE3B 
 183      59AE7766 
 183      13F5
 184 0270 AB08D47A 		.ascii	"\253\010\324z\246\256\275\371\2475 ~\313\324\037=7\335"
 184      A6AEBDF9 
 184      A735207E 
 184      CBD41F3D 
 184      37DD
 185 0282 369DDAE7 		.ascii	"6\235\332\347\243~\035\201\332\300\324\322\226\017\312"
 185      A37E1D81 
 185      DAC0D4D2 
 185      960FCA
 186 0291 A3C4EF99 		.ascii	"\243\304\357\231\372\356\276\253\317\352\314\015\331"
 186      FAEEBEAB 
 186      CFEACC0D 
 186      D9
 187 029e 3AF34004 		.ascii	":\363@\004f#\304\355z\265\33650\340\306\356\265^x\257"
 187      6623C4ED 
 187      7AB5DE35 
 187      30E0C6EE 
 187      B55E78AF 
 188 02b2 3DEA55E0 		.ascii	"=\352U\340&G V\007W\013\326\007\333\036+\204\015\214"
 188      26472056 
 188      07570BD6 
 188      07DB1E2B 
 188      840D8C
 189 02c5 35322A54 		.ascii	"52*T!\013P3[\031c\303\3466\331\031\350\240\333hF\017"
 189      210B5033 
 189      5B1963C3 
 189      E636D919 
 189      E8A0DB68 
 190 02db A3DBE14C 		.ascii	"\243\333\341Ly\204nG(T\335\221@\261G\221c4\2311d\036"
 190      79846E47 
 190      2854DD91 
 190      40B14791 
 190      63349931 
 191 02f1 E3B28DC5 		.ascii	"\343\262\215\305[\3638.\003-\027\323\343\364<\236\265"
 191      5BF3382E 
 191      032D17D3 
 191      E3F43C9E 
 191      B5
 192 0302 3D41B7B1 		.ascii	"=A\267\261\234\354\223@\313\367)\002<M\346\0312qd\342"
 192      9CEC9340 
 192      CBF72902 
 192      3C4DE619 
ARM GAS  /tmp/cc0Sv44N.s 			page 15


 192      327164E2 
 193 0316 C93C4766 		.ascii	"\311<Gf\002\231\211d\022\310\274@&\221\314$2\223\311"
 193      02998964 
 193      12C8BC40 
 193      2691CC24 
 193      3293C9
 194 0329 24919942 		.ascii	"$\221\231B\346%2S\311L#\223Lf:\231\031df\222I!3\213"
 194      E6253253 
 194      C94C2393 
 194      4C663A99 
 194      19646692 
 195 0341 CC6C32AF 		.ascii	"\314l2\257\220\231Cf.\231yd\346\223Y@f!\231EdR\271\216"
 195      90994366 
 195      2E997964 
 195      E6935940 
 195      66219945 
 196 0359 695C98C5 		.ascii	"i\\\230\305\\\223t.G\006W-\223\353\250(\235\330\220"
 196      5C93742E 
 196      4706572D 
 196      93EBA828 
 196      9DD890
 197 036c B88D76A9 		.ascii	"\270\215v\251*\376\023m\340\356\365\\\252H\246\016u"
 197      2AFE136D 
 197      E0EEF55C 
 197      AA48A60E 
 197      75
 198 037d 0BAB5B58 		.ascii	"\013\253[Xh\237\364V\225\333h\3133\201\200\2038sW@\345"
 198      689FF456 
 198      95DB68CB 
 198      33818083 
 198      38735740 
 199 0392 16C63008 		.ascii	"\026\3060\010R\220\344\365\264U\234\005\311\262I\326"
 199      5290E4F5 
 199      B4559C05 
 199      C9B249D6 
 200 03a2 C1817BF5 		.ascii	"\301\201{\365\321\3042#\372\020\2628\366U\035dG\034"
 200      D1C43223 
 200      FA10B238 
 200      F6551D64 
 200      471C
 201 03b4 82763736 		.ascii	"\202v76y\31424@SP\350Z\012m\227\241oU\234\327Y\016\014"
 201      79CC3234 
 201      405350E8 
 201      5A0A6D97 
 201      A16F559C 
 202 03cc 0D0961A1 		.ascii	"\015\011a\241\242\321\037\222\326^\342FK\356]\177Z\303"
 202      A2D11F92 
 202      D65EE246 
 202      4BEE5D7F 
 202      5AC3
 203 03de 645A873F 		.ascii	"dZ\207?\336\337k\223i\031\340\233\360\264\206#.$\326"
 203      DEDF6B93 
 203      6919E09B 
 203      F0B48623 
 203      2E24D6
 204 03f1 1E8A355C 		.ascii	"\036\2125\\\306\352\257\350\324a\217\310X=\357\226\334"
 204      C6EAAFE8 
ARM GAS  /tmp/cc0Sv44N.s 			page 16


 204      D4618FC8 
 204      583DEF96 
 204      DC
 205 0402 13329609 		.ascii	"\0232\226\011\016\207\307\032\2018\004\355\364\366\354"
 205      0E87C71A 
 205      813804ED 
 205      F4F6EC
 206 0411 344A89D1 		.ascii	"4J\211\321p$(t\015\205\036\201\217+\353\253\254\354"
 206      70242874 
 206      0D851E81 
 206      8F2BEBAB 
 206      ACEC
 207 0423 914B7F63 		.ascii	"\221K\177cI\303\011\023\021p\217\200f^(]\370\341\302"
 207      49C30913 
 207      11708F80 
 207      665E285D 
 207      F8E1C2
 208 0436 6F9A40EC 		.ascii	"o\232@\3540\2367\2670*\362\201\0234\350\017\254\\\323"
 208      309E37B7 
 208      302AF281 
 208      1334E80F 
 208      AC5CD3
 209 0449 1FB88442 		.ascii	"\037\270\204B\177\340\251R\365\007l\013\267\000\231"
 209      7FE0A952 
 209      F5076C0B 
 209      B70099
 210 0458 ED99CA14 		.ascii	"\355\231\312\024\231\356(t\361\024\264@\361\005\367"
 210      99EE2874 
 210      F114B440 
 210      F105F7
 211 0467 52DD89F9 		.ascii	"R\335\211\371\354\352\250\375\311.\005(pT.\\/\200[\214"
 211      ECEAA8FD 
 211      C92E0528 
 211      70542E5C 
 211      2F805B8C 
 212 047b 54D1A4DA 		.ascii	"T\321\244\332{\273\226yA\305FP\353\316\345\273E\206"
 212      7BBB9679 
 212      41C54650 
 212      EBCEE5BB 
 212      4586
 213 048d FD62778E 		.ascii	"\375bw\216\027\004N\237z\224\034i\366\217\013\275\240"
 213      17044E9F 
 213      7A941C69 
 213      F68F0BBD 
 213      A0
 214 049e E194A8A7 		.ascii	"\341\224\250\247\177\351\026\213\355u\335E^0`Y\325\016"
 214      7FE9168B 
 214      ED75DD45 
 214      5E306059 
 214      D50E
 215 04b0 1A4FB71F 		.ascii	"\032O\267\037%\202\221\264\252\245\027\320\223i\357"
 215      258291B4 
 215      AAA517D0 
 215      9369EF
 216 04bf E87E0345 		.ascii	"\350~\003Ek\312\352x\331\222\267*\313 |\213\3055K\213"
 216      6BCAEA78 
 216      D992B72A 
ARM GAS  /tmp/cc0Sv44N.s 			page 17


 216      CB207C8B 
 216      C5354B8B 
 217 04d3 951628AD 		.ascii	"\225\026(\255L\336UqG9Fy\217\306\002\005O\220\011'\350"
 217      4CDE5571 
 217      47394679 
 217      8FC60205 
 217      4F900927 
 218 04e8 B89CA02D 		.ascii	"\270\234\240-\236\016M\202\306 .\370\003o\002\015NH"
 218      9E0E4D82 
 218      C6202EF8 
 218      036F020D 
 218      4E48
 219 04fa 50A7A751 		.ascii	"P\247\247Q\225\240\307x\"\307\360\254\241\203\336\212"
 219      95A0C778 
 219      22C7F0AC 
 219      A183DE8A 
 220 050a 4E89B95B 		.ascii	"N\211\271[9S\202\306\302\36314%m\260\322\273\3524H\347"
 220      395382C6 
 220      C2F33134 
 220      256DB0D2 
 220      BBEA3448 
 221 051f 38F4FB69 		.ascii	"8\364\373i\365D\033'\337\337_\371+\211\210\221Y\372"
 221      F5441B27 
 221      DFDF5FF9 
 221      2B898891 
 221      59FA
 222 0531 578A09C1 		.ascii	"W\212\011\301\337\372\022\350\321\303<\216\015\217\320"
 222      DFFA12E8 
 222      D1C33C8E 
 222      0D8FD0
 223 0540 D0D8E3D1 		.ascii	"\320\330\343\321\357\217\335@\261\307K\326\241\235)"
 223      EF8FDD40 
 223      B1C74BD6 
 223      A19D29
 224 054f 12F14470 		.ascii	"\022\361Dp\353\231\261\365NB\014\351\010\011\023\213"
 224      EB99B1F5 
 224      4E420CE9 
 224      0809138B 
 225 055f 387F9846 		.ascii	"8\177\230F\012\023\213\200\206\375]=\015&\211x*\270"
 225      0A138B80 
 225      86FD5D3D 
 225      0D268978 
 225      2AB8
 226 0571 21056FED 		.ascii	"!\005o\355\367\232\216\254\266m\203\367\361\260\024"
 226      F79A8EAC 
 226      B66D83F7 
 226      F1B014
 227 0580 E5164FC2 		.ascii	"\345\026O\302w\324\022\350\377\336\353=`sV\272\212q"
 227      77D412E8 
 227      FFDEEB3D 
 227      607356BA 
 227      8A71
 228 0592 C002A760 		.ascii	"\300\002\247`\033\364\363I\012N\203\223^\333\357\351"
 228      1BF4F349 
 228      0A4E8393 
 228      5EDBEFE9 
 229 05a2 D50BFFB4 		.ascii	"\325\013\377\264^\212^\377T<\203oB?9\357{\256\032\244"
ARM GAS  /tmp/cc0Sv44N.s 			page 18


 229      5E8A5EFF 
 229      543C836F 
 229      423F39EF 
 229      7BAE1AA4 
 230 05b6 93DA1787 		.ascii	"\223\332\027\207(\243\215-\243\310\027\364\366\025\324"
 230      28A38D2D 
 230      A3C817F4 
 230      F615D4
 231 05c5 04B4653E 		.ascii	"\004\264e>$\207\177\005r8\003N\014\310\342\252\357\370"
 231      24877F05 
 231      7238034E 
 231      0CC8E2AA 
 231      EFF8
 232 05d7 C4C50F5A 		.ascii	"\304\305\017Z\315\367\034\211\016\277p\326\247\246Q"
 232      CDF71C89 
 232      0EBF70D6 
 232      A7A651
 233 05e6 4FF339BD 		.ascii	"O\3639\275\370\275\236\036]\315\004\014\215~\251\246"
 233      F8BD9E1E 
 233      5DCD040C 
 233      8D7EA9A6 
 234 05f6 43874DC4 		.ascii	"C\207M\304\225\211CCWs.\220\303yR3QN\225_M\302\240\325"
 234      95894343 
 234      57732E90 
 234      C3795233 
 234      514E955F 
 235 060e 5CE0487C 		.ascii	"\\\340H|\022\271\310jh\327\322s\177\201\005%\310\334"
 235      12B9C86A 
 235      68D7D273 
 235      7F810525 
 235      C8DC
 236 0620 2FEAB927 		.ascii	"/\352\271'\342\026\203CC\317\375\337\2017^\242\334\023"
 236      E2168343 
 236      43CFFDDF 
 236      81375EA2 
 236      DC13
 237 0632 699739EF 		.ascii	"i\2279\357\256\3314V\276@\366\275\302[\235A\271o\021"
 237      AED93456 
 237      BE40F6BD 
 237      C25B9D41 
 237      B96F11
 238 0645 387CC2FD 		.ascii	"8|\302\375\325\246\0309L\257;|d\323v\233\334\026M\360"
 238      D5A61839 
 238      4CAF3B7C 
 238      64D3769B 
 238      DC164DF0 
 239 0659 831F6D54 		.ascii	"\203\037mT\352\014\202\247\265\367;\275\020\223\006"
 239      EA0C82A7 
 239      B5F73BBD 
 239      109306
 240 0668 5D88CB9C 		.ascii	"]\210\313\234\026\375(\200\026\337\264\372&q\262\\\014"
 240      16FD2880 
 240      16DFB4FA 
 240      2671B25C 
 240      0C
 241 0679 41A549C2 		.ascii	"A\245I\302\320\350\017-\315\024\336\"\222\2704\037\216"
 241      D0E80F2D 
ARM GAS  /tmp/cc0Sv44N.s 			page 19


 241      CD14DE22 
 241      92B8341F 
 241      8E
 242 068a 8E549A59 		.ascii	"\216T\232Y\017/\315\225@\016\255T\232),\313\344\227"
 242      0F2FCD95 
 242      400EAD54 
 242      9A292CCB 
 242      E497
 243 069c D5E793F5 		.ascii	"\325\347\223\365\322\240e]\345\220\032\205\274\026."
 243      D2A0655D 
 243      E5901A85 
 243      BC162E
 244 06ab 6BEA03B2 		.ascii	"k\352\003\262\246ah\364\207\312JfY\323\206.\253-\220"
 244      A66168F4 
 244      87CA4A66 
 244      59D3862E 
 244      AB2D90
 245 06be C38F242B 		.ascii	"\303\217$+\231e\231in\271m\373\256\350\262\246\017Z"
 245      99659969 
 245      6EB96DFB 
 245      AEE8B2A6 
 245      0F5A
 246 06d0 D6750E69 		.ascii	"\326u\016i\240\2207|m\353\2235\203\333vz\350\222\233"
 246      A090377C 
 246      6DEB9335 
 246      83DB767A 
 246      E8929B
 247 06e3 898D8543 		.ascii	"\211\215\205C\262m#\212\230\361p\021\355\2017\336$\021"
 247      B26D238A 
 247      98F17011 
 247      ED8137DE 
 247      2411
 248 06f5 33594494 		.ascii	"3YD\224R\026#\347\246\261U\027\2212h\021\035\201\220"
 248      521623E7 
 248      A6B15517 
 248      91326811 
 248      1D8190
 249 0708 FF091731 		.ascii	"\377\011\0271\213E\244\204\212\230\315\"f\015]\304\255"
 249      8B45A484 
 249      8A98CD22 
 249      660D5DC4 
 249      AD
 250 0719 C01B6F93 		.ascii	"\300\033o\223\210\331\012/\256\362\255\276\305\025\264"
 250      88D90A2F 
 250      AEF2ADBE 
 250      C515B4
 251 0728 9A2CCA6A 		.ascii	"\232,\312j\207\224v\360\224.\355\225AK\353\014trWx\333"
 251      879476F0 
 251      942EED95 
 251      414BEB0C 
 251      74725778 
 252 073d CD79A0ED 		.ascii	"\315y\240\355\346bh\364\207\266\335<n\273\271Co;o \207"
 252      E66268F4 
 252      87B6DD3C 
 252      6EBBB943 
 252      6F3B6F20 
 253 0752 6E123B8F 		.ascii	"n\022;\217eY\375\262\016\371d\315\037\264\254\236@'"
ARM GAS  /tmp/cc0Sv44N.s 			page 20


 253      6559FDB2 
 253      0EF964CD 
 253      1FB4AC9E 
 253      4027
 254 0764 DF0997B5 		.ascii	"\337\011\227\265\340\001Y\01314\372Ce-bY\013\207.\353"
 254      E001590B 
 254      3134FA43 
 254      652D6259 
 254      0B872EEB 
 255 0778 6E20877B 		.ascii	"n \207{$k\021\313\262\361\241P\236M\367\275(Ol\251t"
 255      246B11CB 
 255      B2F1A150 
 255      9E4DF7BD 
 255      284F6CA9 
 256 078d 8C7B3E70 		.ascii	"\214{>p\312\344\263^\252\334n[\267\216\321A\276s\034"
 256      CAE4B35E 
 256      AADC6E5B 
 256      B78ED141 
 256      BE731C
 257 07a0 06B12BA5 		.ascii	"\006\261+\245M\034\244\323s\246V?\370\247\341\22778"
 257      4D1CA4D3 
 257      73A6563F 
 257      F8A7E197 
 257      3738
 258 07b2 081F25D3 		.ascii	"\010\037%\323\344\011\343R\355t\011Z\214\0374>\330\207"
 258      E409E352 
 258      ED74095A 
 258      8C1F343E 
 258      D887
 259 07c4 9CBB174B 		.ascii	"\234\273\027KT[\355T\211J\307O"
 259      545BED54 
 259      894AC74F 
 260 07d0 47088A0F 		.ascii	"G\010\212\017\254\351\022\325\376\262\004e\320\027 "
 260      ACE912D5 
 260      FEB20465 
 260      D01720
 261 07df 18C4C7D5 		.ascii	"\030\304\307\325\014\002m\364\334\255\235$Q\231\362"
 261      0C026DF4 
 261      DCAD9D24 
 261      5199F2
 262 07ee 43B067D5 		.ascii	"C\260g\325\321j\213\374\020\000\334\017\"\361\2718\223"
 262      D16A8BFC 
 262      1000DC0F 
 262      22F1B938 
 262      93
 263 07ff 4539E8C7 		.ascii	"E9\350\307L;\236\254k\216\013y.T\350\247\016\240\033"
 263      4C3B9EAC 
 263      6B8E0B79 
 263      2E54E8A7 
 263      0EA01B
 264 0812 3F425313 		.ascii	"?BS\023\235s\226-_\272<\3755g^\241s\331\222\034g~^A"
 264      9D73962D 
 264      5FBA3CFD 
 264      35675EA1 
 264      73D9921C 
 265 082a 51A1F3B5 		.ascii	"Q\241\363\265\237\245MIr\246\246\316u\316\317X\230\376"
 265      9FA54D49 
ARM GAS  /tmp/cc0Sv44N.s 			page 21


 265      72A6A6CE 
 265      75CECF58 
 265      98FE
 266 083c 9B241A7A 		.ascii	"\233$\032z=\037\257\234\234\254\3047\025\215PZ\356\222"
 266      3D1FAF9C 
 266      9CACC437 
 266      158D505A 
 266      EE92
 267 084e C25F6BB9 		.ascii	"\302_k\271yY\331b\351\362\"mINQ\201!\377\355\374\254"
 267      7959D962 
 267      E9F2226D 
 267      494E5181 
 267      21FFEDFC 
 268 0863 02535E61 		.ascii	"\002S^a~vvV\2011\257\350w\371\331\005\006\202\024\230"
 268      7E767656 
 268      8131AFE8 
 268      77F9D905 
 268      06821498 
 269 0877 699C186A 		.ascii	"i\234\030j\356d57I\315}\361\177\037\231\330\360"
 269      EE643537 
 269      49CD7DF1 
 269      7F1F99D8 
 269      F0
 270              		.text
 271              		.section	.gnu.lto_.symbol_nodes.e16a0b26761b7919,"",%progbits
 272 0000 789C6361 		.ascii	"x\234ca`dPc\000\002\246-\214\365\014\014\023\31610\000"
 272      60645063 
 272      0002A62D 
 272      8CF50C0C 
 272      13CE3130 
 273 0015 A95D0D8A 		.ascii	"\251]\015\212@\221\255\214\365\214(\"\014\000\272g\011"
 273      4091AD8C 
 273      F58C2822 
 273      0C00BA67 
 273      09
 274 0026 0A       		.ascii	"\012"
 275              		.text
 276              		.section	.gnu.lto_.refs.e16a0b26761b7919,"",%progbits
 277 0000 789C6361 		.ascii	"x\234ca`\004B \000\000\0009\000\007"
 277      60044220 
 277      00000039 
 277      0007
 278              		.text
 279              		.section	.gnu.lto_.decls.e16a0b26761b7919,"",%progbits
 280 0000 789CAD58 		.ascii	"x\234\255XkPT\311\025\276}{f\030\206A,!\0337!)c\261"
 280      6B5054C9 
 280      15BE7D7B 
 280      66188641 
 280      2C211B37 
 281 0018 2EA9CA3A 		.ascii	".\251\312:+\273\265\225\374\331*\005\335u\243B\015\356"
 281      2BBBB595 
 281      FCD92A05 
 281      DD75A342 
 281      0DEE
 282 002a A65295CA 		.ascii	"\246R\225\312\004e\324\251\000C\301\220r\177e\204\021"
 282      0465D4A9 
 282      0043C190 
ARM GAS  /tmp/cc0Sv44N.s 			page 22


 282      727F6584 
 282      11
 283 003b 44C30AC8 		.ascii	"D\303\012\310\362\020|\200\017\036\242<\024\021\020"
 283      F2107C80 
 283      0F1EA23C 
 283      141110
 284 004a 1D45F181 		.ascii	"\035E\361\201\310C@\020tA\005\305\350\212\240\"\370"
 284      C8434010 
 284      744105C5 
 284      E88AA022 
 284      F8
 285 005b CAE9EE3B 		.ascii	"\312\351\356;sg.3\331\315c\212s\373\236\276_\237\363"
 285      73672E33 
 285      D9CD638A 
 285      73FB9EBE 
 285      5F9FF3
 286 006e F5E9BEE7 		.ascii	"\365\351\276\347\364E\306!\216\374\336\371)\307\025"
 286      F445C621 
 286      8EFCDEF9 
 286      29C715
 287 007d F21C1702 		.ascii	"\362\034\027\002\352[\370a\350\373\212\023\177\360\210"
 287      EA5BF861 
 287      E8FB8A13 
 287      7FF088
 288 008c 1B020944 		.ascii	"\033\002\011D\334\214\037\351\367\021\360s@\374@n\201"
 288      DC8C1FE9 
 288      F711F073 
 288      40FC406E 
 288      81
 289 009d BC0FB202 		.ascii	"\274\017\262\002\360_\200|\017\367\253\240\275\011m"
 289      F05F807C 
 289      0FF7ABA0 
 289      BD096D
 290 00ac 28B4F341 		.ascii	"(\264\363AV\202\204\201\374\012\304\027\372?\205\266"
 290      56828481 
 290      FC0AC417 
 290      FA3F85B6 
 291 00bc 0BDA4B20 		.ascii	"\013\332K \277\200\373s\320\376\034\332\313\320\276"
 291      BF80FB73 
 291      D0FE1CDA 
 291      CBD0BE
 292 00cb 0B6D13B4 		.ascii	"\013m\023\264s\241m\201\366g\320^\200\366\227\3206\023"
 292      73A16D81 
 292      F667D05E 
 292      80F697D0 
 292      3613
 293 00dd 9FD07643 		.ascii	"\237\320vC\333\003r\335\201\357\227.\370\2229xI\370"
 293      DB0372DD 
 293      81EF972E 
 293      F8923978 
 293      49F8
 294 00ef BE077DF7 		.ascii	"\276\007}\367\241\275\013\322 p\017\343\0307\302]!p"
 294      A1BD0BD2 
 294      20700FE3 
 294      1837C25D 
 294      2170
 295 0101 227C0817 		.ascii	"\"|\010\027\342\237\370&~\221\233\270\274\346QYFw=\356"
ARM GAS  /tmp/cc0Sv44N.s 			page 23


 295      E29FF826 
 295      7E919BB8 
 295      BCE65159 
 295      46773DEE 
 296 0115 477D08F8 		.ascii	"G}\010\370\240\331\264\027!vET8&T\205\033\236\023\354"
 296      A0D9B417 
 296      21764554 
 296      38265485 
 296      1B9E13EC 
 297 0129 D9BA900D 		.ascii	"\331\272\220\015H\256p\341\221\320\307\331\215\321?"
 297      48AE70E1 
 297      91D0C7D9 
 297      8DD13F
 298 0138 613C5D3B 		.ascii	"a<];\372\243FD\353H\030\204\354\014\350c\216=\267[e"
 298      FAA34644 
 298      EB481884 
 298      EC0CE863 
 298      8E3DB75B 
 299 014d 0D2F0E70 		.ascii	"\015/\016p\260\307\350\012\346D\316\3669!\373\244\313"
 299      B0C7E80A 
 299      E644CEF6 
 299      3921FBA4 
 299      CB
 300 015e F3863D31 		.ascii	"\363\206=1\217\310\375wS%\313\026\226\233\341\227n6"
 300      8FC8FD77 
 300      5325CB16 
 300      969BE197 
 300      6E36
 301 0170 F3816264 		.ascii	"\363\201bd:,\225\005\370)\217\346\250\220\014\324'\255"
 301      3A2C9505 
 301      F8298FE6 
 301      A8900CD4 
 301      27AD
 302 0182 3BEFCC02 		.ascii	";\357\314\002\325O\205\346\201zm\244\320\242fO\333\011"
 302      D54F85E6 
 302      817A6DA4 
 302      D0A2664F 
 302      DB09
 303 0194 FA44E3A3 		.ascii	"\372D\343\243 \246\372\203V\177\363\211\325\213\201"
 303      20A6FA83 
 303      567FF389 
 303      D58B81
 304 01a3 0711E825 		.ascii	"\007\021\350%#\005\337\010\350\337\202Z\323z\342\226"
 304      2305DF08 
 304      E8DF825A 
 304      D37AE296 
 305 01b3 1CBF4BFD 		.ascii	"\034\277K\375\177o\031\036\364b\217\346\202\3329ve\227"
 305      7F6F191E 
 305      F4628FE6 
 305      82DA3976 
 305      6597
 306 01c5 A0CE0675 		.ascii	"\240\316\006u 5y\267\002\317\243\310\233\027K\017\021"
 306      203579B7 
 306      02CFA3C8 
 306      9B174B0F 
 306      11
 307 01d6 42EFAB10 		.ascii	"B\357\253\020\231\257\017tU<\254\233\362f]\004\321\271"
ARM GAS  /tmp/cc0Sv44N.s 			page 24


 307      99AF0F74 
 307      553CAC9B 
 307      F2665D04 
 307      D1B9
 308 01e8 7D7CBF07 		.ascii	"}|\277\007~\217\334\363\315iG\253\275P\240\352 \231"
 308      7E8FDCF3 
 308      CD6947AB 
 308      BD50A0EA 
 308      2099
 309 01fa DA60C701 		.ascii	"\332`\307\001u\235\331<\033\235@*t\034aT\212\026\222"
 309      759DD93C 
 309      1B9D402A 
 309      741C6154 
 309      8A1692
 310 020d 80BCAF82 		.ascii	"\200\274\257\202\353\026\2639\321\234\236d\236sq\026"
 310      EB16B339 
 310      D19C9E64 
 310      9E737116 
 311 021d 870E217F 		.ascii	"\207\016!\177T\206\3749T\213\002\211Y\002D5\320y\014"
 311      5486FC39 
 311      548B0289 
 311      59024435 
 311      D0790C
 312 0230 3AC145E9 		.ascii	":\301E\351\376\214\"\005\326S\027y\307\312&Uv\027\215"
 312      FE8C2205 
 312      D6531779 
 312      C7CA2655 
 312      76178D
 313 0243 291F9713 		.ascii	")\037\227\023\027\015\340\242Nt\001\036\335\372\250"
 313      170DE0A2 
 313      4E74011E 
 313      DDFAA8
 314 0252 77EDE376 		.ascii	"w\355\343v\375\300&\036\347\":\247\235\015O/\313Y@\224"
 314      FDC0261E 
 314      E7223AA7 
 314      9D0D4F2F 
 314      CB594094 
 315 0266 A03EDE71 		.ascii	"\240>\336q\276\225\307\005\354\331HoR\236\002\0271%"
 315      BE95C705 
 315      ECD9486F 
 315      529E0217 
 315      3125
 316 0278 FD759F59 		.ascii	"\375u\237Y\201\313\230\222\366\370E\241\014W1\245/i"
 316      81CB9892 
 316      F6F845A1 
 316      0C5731A5 
 316      2F69
 317 028a B2C71BD7 		.ascii	"\262\307\033\327R\305\363\310\324\266\273j\024\020\340"
 317      52C5F3C8 
 317      D4B6BB6A 
 317      1410E0
 318 0299 1B101018 		.ascii	"\033\020\020\030\020\020PD\210\015N\265\374}Gq\2629"
 318      10105044 
 318      880D4EB5 
 318      FC7D4771 
 318      B239
 319 02ab 3D82B23F 		.ascii	"=\202\262?\011\354\317#_\221g5\\8\264\010.\034\305["
ARM GAS  /tmp/cc0Sv44N.s 			page 25


 319      09ECCF23 
 319      5F916735 
 319      5C38B408 
 319      2E1CC55B 
 320 02bf 9FB7A96D 		.ascii	"\237\267\251m\340\323Rp\243\010\316\020\266\225\031"
 320      E0D35270 
 320      A308CE10 
 320      B69519
 321 02ce 99387404 		.ascii	"\2318t\004\000\207\3513\002\2079\243\2130\375f\024\200"
 321      0087E933 
 321      028739A3 
 321      8B30FD66 
 321      1480
 322 02e0 2E819C03 		.ascii	".\201\234\003\271\014\322\004\322\002r\001\005\320\215"
 322      B90CD204 
 322      D2027201 
 322      05D08D
 323 02ef C8FCDD12 		.ascii	"\310\374\335\022\375\235\221\372\323H\270ew\332\261"
 323      FD9D91FA 
 323      D348B865 
 323      77DAB1
 324 02fe 67A5D82A 		.ascii	"g\245\330*\221\033]4k?\0306+\011\210\023\026Lt:\321"
 324      911B5D34 
 324      6B3F1836 
 324      2B098813 
 324      164C743A 
 325 0313 E69F67B6 		.ascii	"\346\237g\266Z05eu\351\366\020\022\375N\213\034O\271"
 325      5A303565 
 325      75E9F610 
 325      12FD4E8B 
 325      1C4FB9
 326 0326 8E89233A 		.ascii	"\216\211#:Sdy\324u\270\031\032\226\357\364\033K\273"
 326      536479D4 
 326      75B8191A 
 326      96EFF41B 
 326      4BBB
 327 0338 024FD0E5 		.ascii	"\002O\320\345\343\223\366?\311P\242@_F?\257\023\021"
 327      E393F63F 
 327      C950A240 
 327      5F463FAF 
 327      1311
 328 034a FA5761F4 		.ascii	"\372Wa\364\025q\313\221\331\270\011>j\205\230\377'\361"
 328      1571CB91 
 328      D9B8093E 
 328      6A8598FF 
 328      27F1
 329 035c 27EFE078 		.ascii	"'\357\340xO\212\027Nf\351\242\342UV\261\002\2471\345"
 329      4F8A174E 
 329      66E9A2E2 
 329      5556B102 
 329      A731E5
 330 036f ED68DF3E 		.ascii	"\355h\337>O\2667\307\210\236\\|#\015\263\327\336\354"
 330      4FB637C7 
 330      889E5C7C 
 330      230DB3D7 
 330      DEEC
 331 0381 4192C464 		.ascii	"A\222\304d{\212\012gQ\260b\352\301\356\244Y\260\361"
ARM GAS  /tmp/cc0Sv44N.s 			page 26


 331      7B8A0A67 
 331      51B062EA 
 331      C1EEA459 
 331      B0F1
 332 0393 60EB0516 		.ascii	"`\353\005\026Q\366\035\235\376\233h\200\011\377v\340"
 332      51F61D9D 
 332      FE9B6880 
 332      09FF76E0 
 333 03a3 DF0BAD9D 		.ascii	"\337\013\255\235\251\323\272\002\272WK\002F\240mRh\225"
 333      A9D3BA02 
 333      BA574B02 
 333      46A06D52 
 333      6895
 334 03b5 7378013C 		.ascii	"sx\001<f\007WJ\301\025Hb87\334\206\275&\305\226;\030"
 334      6607574A 
 334      C1154862 
 334      3837DC86 
 334      BD26C596 
 335 03cb 768A6727 		.ascii	"v\212g' :\350\303^!\230}\020\314.\010\\7H\017\310u!"
 335      203AE8C3 
 335      5E21987D 
 335      10CC2E08 
 335      5C37480F 
 336 03e2 806CA11A 		.ascii	"\200l\241\032:\351>\353u\336g\020\2423S\0177\373\340"
 336      3AE93EEB 
 336      75DE6710 
 336      A233530F 
 336      37FBE0
 337 03f5 7C1A22FE 		.ascii	"|\032\"\376\376\343\264c\342\342>\273F\027w\000\034"
 337      FEE3B463 
 337      E2E23EBB 
 337      46177700 
 337      1C
 338 0406 DC1017B7 		.ascii	"\334\020\027\267w\346\342\332\310\240~\340\360C|\300"
 338      77E6E2DA 
 338      C8A07EE0 
 338      F0437CC0 
 339 0416 67DBC0DD 		.ascii	"g\333\300\3351\037_\301\204\325\255\011\316\335x\353"
 339      311F5FC1 
 339      84D5AD09 
 339      CEDD78EB 
 340 0426 74478A42 		.ascii	"tG\212B\275ULi\350\246\303\366\345\320-\244\026\220"
 340      BD554C69 
 340      E8A6C3F6 
 340      E5D02DA4 
 340      1690
 341 0438 A38D1726 		.ascii	"\243\215\027&<d<\353Ckd\244\257\244e\364\317s\263\251"
 341      3C643CEB 
 341      436B64A4 
 341      AFA465F4 
 341      CF73B3A9 
 342 044c F324F33C 		.ascii	"\363$\363<\031\372\352\035\207\241\203h.\\\277C26\376"
 342      19FAEA1D 
 342      87A18368 
 342      2E5CBF43 
 342      3236FE
 343 045f 9BB6C237 		.ascii	"\233\266\3027\236\363\367\232\367V\232\007\363w\374"
ARM GAS  /tmp/cc0Sv44N.s 			page 27


 343      9EF3F79A 
 343      F7569A07 
 343      F377FC
 344 046e 69A8DA6C 		.ascii	"i\250\332lN\205\2012\202C%bP\340\2264\305@\237CCh>\014"
 344      4E858132 
 344      82432562 
 344      50E09634 
 344      C5409F43 
 345 0486 7D742069 		.ascii	"}t i\207\017\036`\033\265\254\265\364\225\014\217\263"
 345      870F1E60 
 345      1BB5ACB5 
 345      F4950C8F 
 345      B3
 346 0497 28274E6F 		.ascii	"('No\253Q\"U\240\353\234<\354\"'\263\004?\265m\331\201"
 346      AB512255 
 346      A0EB9C3C 
 346      EC2227B3 
 346      043FB56D 
 347 04ad CD5023D1 		.ascii	"\315P#\321]xi\357\210\316\033h\206\007/\223C)\2270\235"
 347      5D7869EF 
 347      88CE1B68 
 347      86072F93 
 347      43299730 
 348 04c2 2D41B0D9 		.ascii	"-A\260\331Z\316=\317\360\306/\231\347\354\256\234\011"
 348      5ACE3DCF 
 348      F0C62F99 
 348      E7ECAE9C 
 348      09
 349 04d3 2FB79E47 		.ascii	"/\267\236G\335y\266\276\361\005\257\367\301\346=\027"
 349      DD79B6BE 
 349      F105AFF7 
 349      C1E63D17 
 350 04e3 5E5F163C 		.ascii	"^_\026<\275\347M\275\022\304\010\242n\363'n\216\012"
 350      BDE74DBD 
 350      12C408A2 
 350      6EF3276E 
 350      8E0A
 351 04f5 6F66A043 		.ascii	"of\240C\361\236\303\212\367\213\302\273\231<\336\202"
 351      F19EC38A 
 351      F78BC2BB 
 351      993CDE82 
 352 0505 696CDA8B 		.ascii	"il\332\213\267\264c\025PJ\372\321\005\252\362m\326\240"
 352      B7B46315 
 352      504AFAD1 
 352      05AAF26D 
 352      D6A0
 353 0517 374E63E3 		.ascii	"7Nc\343\017\277\370\356\270\034g2%-\353\354Y\031\316"
 353      0FBFF8EE 
 353      B81C6732 
 353      252DEBEC 
 353      5919CE
 354 052a 61CABEBC 		.ascii	"a\312\276\274\214\0249.`Jifz\245\012\357f\212\255\312"
 354      8C14392E 
 354      604A6966 
 354      7AA50AEF 
 354      668AADCA 
 355 053e FBB12A7F 		.ascii	"\373\261*\177\376\355\244\325\207\321\343A\315-\273"
ARM GAS  /tmp/cc0Sv44N.s 			page 28


 355      FEEDA4D5 
 355      87D1E341 
 355      CD2DBB
 356 054d 3EED89F7 		.ascii	">\355\211\3672\350\201\351\227c$\247, U\037;\324\374"
 356      32E881E9 
 356      976324A7 
 356      2C20551F 
 356      3BD4FC
 357 0560 05ACE69F 		.ascii	"\005\254\346\237n\271tP\215\017R0\277\337\232\270\031"
 357      6EB97450 
 357      8D0F5230 
 357      BFDF9AB8 
 357      19
 358 0571 D9020C13 		.ascii	"\331\002\014\023R\225\300l\236\002\361gd6/a6\013\204"
 358      5295C06C 
 358      9E02F167 
 358      64362F61 
 358      360B84
 359 0584 D9BC80CE 		.ascii	"\331\274\200\316I\373\322v<\372\"\011\336%4\015\021"
 359      49FBD276 
 359      3CFA2209 
 359      DE25340D 
 359      11
 360 0595 9C1263BC 		.ascii	"\234\022c\274@\010\361\251\214\376\021\025\256b>J\307"
 360      4008F1A9 
 360      8CFE1115 
 360      AE623E4A 
 360      C7
 361 05a6 AE94FBB8 		.ascii	"\256\224\373\270\365\361\306\255\217\306\224\005\364"
 361      F5F1C6AD 
 361      8FC69405 
 361      F4
 362 05b3 7CF01A7C 		.ascii	"|\360\032|\274\022}L\333\3261\361E\321I%\256\247Nd\207"
 362      BC127D4C 
 362      DBD631F1 
 362      45D14925 
 362      AEA74E64 
 363 05c8 B3FAF628 		.ascii	"\263\372\366(\020\024\351@\241@o\213\332\221\222ln\377"
 363      1014E940 
 363      A1406F8B 
 363      DA91926C 
 363      6EFF
 364 05da 0B1DFE16 		.ascii	"\013\035\376\026\206o\342}E\257\032I\311\265\302d\342"
 364      866FE27D 
 364      45AF1A49 
 364      C9B5C264 
 364      E2
 365 05eb 3887F78A 		.ascii	"8\207\367\212\240IVH\342\003\221\231\017@\211\274cy"
 365      A0495648 
 365      E2039199 
 365      0F4089BC 
 365      6379
 366 05fd ADDEAEB6 		.ascii	"\255\336\256\266\231~\356\322\364S$\226\314=m<IK\000"
 366      997EEED2 
 366      F4532496 
 366      CC3D6D3C 
 366      494B00
ARM GAS  /tmp/cc0Sv44N.s 			page 29


 367 0610 724E65B2 		.ascii	"rNe\262\242\242\346\243J\344\007\347\212L\341\355\246"
 367      A2A2E6A3 
 367      4AE407E7 
 367      8A4CE1ED 
 367      A6
 368 0621 A9452461 		.ascii	"\251E$a\341\375(\211\024 \221\014$6\213$\300nM\033\206"
 368      E1FD2889 
 368      1420910C 
 368      24368B24 
 368      C06E4D1B 
 369 0636 6A90C8DC 		.ascii	"j\220\310\334O\000\015\002w[\345w9\026\347q\367h\306"
 369      4F000D02 
 369      775BE577 
 369      3916E771 
 369      F768C6
 370 0649 397FFB2C 		.ascii	"9\177\373,\302\0310\222\364\373x<\277\307\307\017\370"
 370      C2193092 
 370      F4FB783C 
 370      BFC7C70F 
 370      F8
 371 065a 6E72CF97 		.ascii	"nr\317\227s\"K\336\351\246\356\0325>\305\366\347pKE"
 371      73224BDE 
 371      E9A6EE1A 
 371      353EC5F6 
 371      E7704B45 
 372 066e A2129F65 		.ascii	"\242\022\237e\312\356\326#-r\334\314\224\206CG:y|\205"
 372      CAEED623 
 372      2D72DCCC 
 372      94864347 
 372      3A797C85 
 373 0682 29E57563 		.ascii	")\345uc\333\020\356b\312\223\224\012\023\356g\367\226"
 373      DB10EE62 
 373      CA93940A 
 373      13EE67F7 
 373      96
 374 0693 5DE96D3C 		.ascii	"]\351m<\333\373\277\0015;\265`P&\234\234\311\273P\335"
 374      DBFBBF01 
 374      353BB560 
 374      50269C9C 
 374      C9BB50DD 
 375 06a7 53D2A0C4 		.ascii	"S\322\240\304C\024\353\235\237]\325\245\240%\224\034"
 375      4314EB9D 
 375      9F5DD5A5 
 375      A025941C 
 376 06b7 DFE801AE 		.ascii	"\337\350\001\256\310lI2[sl\321\370\036\242\261\225\307"
 376      C86C4932 
 376      5B736CD1 
 376      F81EA2B1 
 376      95C7
 377 06c9 28877777 		.ascii	"(\207ww|\263@\220k\333x\006\337\0023|\202$\360*'8X\177"
 377      7CB34090 
 377      6BDB7806 
 377      DF02337C 
 377      8224F02A 
 378 06e1 7BD5C1FA 		.ascii	"{\325\301\3727R\353\032\011\372\024;\007\021l\206\024"
 378      3752EB1A 
 378      09FA143B 
ARM GAS  /tmp/cc0Sv44N.s 			page 30


 378      07116C86 
 378      14
 379 06f2 FB4FA9E9 		.ascii	"\373O\251\351\023\"x\3145\017\027\3057\235\367G\333"
 379      132278CC 
 379      350F17C5 
 379      379DF747 
 379      DB
 380 0703 79F23047 		.ascii	"y\3620G\330\326\005\260\243\262`\221v\201\344\203\344"
 380      D8D605B0 
 380      A3B26091 
 380      7681E483 
 380      E4
 381 0714 816482E4 		.ascii	"\201d\202\344\202\354\000\311\006\331\011\262\033\344"
 381      82EC00C9 
 381      06D909B2 
 381      1BE4
 382 0722 5BFBAE23 		.ascii	"[\373\256#\004rE\002\251\256\343f;V\020t\226\210\336"
 382      04724502 
 382      A9AEE366 
 382      3B561074 
 382      9688DE
 383 0735 264537CE 		.ascii	"&E7\316@\327\213\350\307\322\311=\224F\"S\004\377\303"
 383      40D78BE8 
 383      C7D2C93D 
 383      94462253 
 383      04FFC3
 384 0748 B56987FD 		.ascii	"\265i\207\375\374\362*=N\344\360\222c+1\224\341\270"
 384      FCF22A3D 
 384      4EE4F092 
 384      632B3194 
 384      E1B8
 385 075a 17D25CAE 		.ascii	"\027\322\\\256\226#\311\223\242\337G\256I\332\017\242"
 385      9623C993 
 385      A2DF47AE 
 385      49DA0FA2 
 386 076a D6D617C7 		.ascii	"\326\326\027\307\344x\230\245\301;\227\246\307\260\375"
 386      E47898A5 
 386      C13B97A6 
 386      C7B0FD
 387 0779 ACD2D146 		.ascii	"\254\322\321F\317*\2050z\017o\317m\204\237\233\265C"
 387      CF2A8530 
 387      7A0F6FCF 
 387      6D849F9B 
 387      B543
 388 078b 7B61C9FE 		.ascii	"{a\311\376\227\345\003>\255\315\275g\224N\347\220B\336"
 388      97E5033E 
 388      ADCDBD67 
 388      944EE790 
 388      42DE
 389 079d F11C52C4 		.ascii	"\361\034R\304\253\005&\000\256M\315\275\347\215\307"
 389      AB052600 
 389      AE4DCDBD 
 389      E78DC7
 390 07ac 19F9CC81 		.ascii	"\031\371\314\201\327y@^\315\310_\313\366'\344\017\000"
 390      D779405E 
 390      CDC85FCB 
 390      F627E40F 
ARM GAS  /tmp/cc0Sv44N.s 			page 31


 390      00
 391 07bd 7C9F481E 		.ascii	"|\237H\036FC\343\316:\332\017\234\235\034\\O\261\264"
 391      4643E3CE 
 391      3ADA0F9C 
 391      9D1C5C4F 
 391      B1B4
 392 07cf F2       		.ascii	"\362"
 393 07d0 B40E1343 		.ascii	"\264\016\023C\017X\035~tc\373\003\265\333\323N1ON;\007"
 393      0F581D7E 
 393      7463FB03 
 393      B5DBD34E 
 393      314F4E3B 
 394 07e5 79E1B433 		.ascii	"y\341\2643\360\374B\231\267\355\264sMw\333~\332\001"
 394      F0FC4299 
 394      B7EDB473 
 394      4D77DB7E 
 394      DA01
 395 07f7 1CBA2D96 		.ascii	"\034\272-\226\214\333\216\247\235\022\236\234v\032j"
 395      8CDB8EA7 
 395      9D129E9C 
 395      761A6A
 396 0806 4F360B5F 		.ascii	"O6\013_\211\037\222\002\237\273\271\030\341\327,\303"
 396      891F9202 
 396      9FBBB918 
 396      E1D72CC3 
 397 0816 B4F4141E 		.ascii	"\264\364\024\036\221\343$\031UZ\357Uuz\340T\246\344"
 397      91E32419 
 397      555AEF55 
 397      757AE054 
 397      A6E4
 398 0828 D4DD1E9B 		.ascii	"\324\335\036\233\2053\230\222\321\364l\302\013\177+"
 398      85339892 
 398      D1F46CC2 
 398      0B7F2B
 399 0837 C05233BF 		.ascii	"\300R3\277\345\361N\246<io\332\352\211\213\230\262\365"
 399      E5F14EA6 
 399      3C696FDA 
 399      EA898B98 
 399      B2F5
 400 0849 4C5FB227 		.ascii	"L_\262'.cJ\341\375:8dU1\345d\177\215\006\327\263\373"
 400      2E634AE1 
 400      FD3A3864 
 400      5531E564 
 400      7F8D06D7 
 401 085f D2BAB421 		.ascii	"\322\272\264!9nb\312\235Z\313s\031\276\300\224\366\372"
 401      396E62CA 
 401      9D5ACB73 
 401      19BEC094 
 401      F6FA
 402 0871 C1E159F8 		.ascii	"\301\341Y\370\012S\306\367U\354A,\333YIm\357\252\353"
 402      0A53C6F7 
 402      55EC412C 
 402      DB59496D 
 402      EFAAEB
 403 0884 DEE285DB 		.ascii	"\336\342\205\333\350\303\331#\271\2264\025\313vB\262"
 403      E8C3D923 
 403      B9963415 
ARM GAS  /tmp/cc0Sv44N.s 			page 32


 403      CB7642B2 
 404 0894 F30D1012 		.ascii	"\363\015\020\022\336\340\365\221\215\017;\357\232\315"
 404      DEE0F591 
 404      8D0F3BEF 
 404      9ACD
 405 08a2 996ABA73 		.ascii	"\231j\272s\017\303\262\235w\267s\331>?\336o\337\347"
 405      0FC3B29D 
 405      77B773D9 
 405      3E3FDE6F 
 405      DFE7
 406 08b4 27A4E852 		.ascii	"'\244\350R~\306\213.\242\253\245\350j\351\253\273S\004"
 406      7EC68B2E 
 406      A2ABA5E8 
 406      6AE9ABBB 
 406      5304
 407 08c6 5748C155 		.ascii	"WH\301U3\210\274\271aG\327H\3213\336\316l\321t\225k"
 407      3388BCB9 
 407      6147D748 
 407      D133DECE 
 407      6CD17495 
 408 08db 1E8EE84A 		.ascii	"\036\216\350J\021].E\317H\275\231\"\370\250\024<3\227"
 408      115D2E45 
 408      CF48BD99 
 408      22F8A814 
 408      3C3397
 409 08ee E58AE84A 		.ascii	"\345\212\350J\327stHOS7\330W\265\253\364T\323\357'\246"
 409      D7737448 
 409      4F5337D8 
 409      57B5ABF4 
 409      54D3EF27 
 410 0903 A732D72B 		.ascii	"\2472\327+\341\300\262@\364{\304\365\"\317\374OC-\344"
 410      E1C0B240 
 410      F47BC4F5 
 410      22CFFC4F 
 410      432DE4
 411 0916 18F69577 		.ascii	"\030\366\225w^H0g\341e\275\010\311\243\021\244\031\304"
 411      5E483067 
 411      E165BD08 
 411      C9A311A4 
 411      19C4
 412 0928 0AD20072 		.ascii	"\012\322\000r\012\344\014\310I\220s u \247A.\2004\201"
 412      0AE40CC8 
 412      49907320 
 412      7520A741 
 412      2E803481 
 413 093c D43BD58A 		.ascii	"\324;\325\212t\221\3131\327\021s ^-\202\017\271^\013"
 413      7491CB31 
 413      D7117320 
 413      5E2D820F 
 413      B95E0B
 414 094f C7F0BE12 		.ascii	"\307\360\276\0227\305q\227\233b\221\220\203\237\225"
 414      37C57197 
 414      9B629190 
 414      839F95
 415 095e 97DFF4C2 		.ascii	"\227\337\364\302ir\232\306\246z\273oc\344\033\350r\366"
 415      69729AC6 
 415      A67ABB6F 
ARM GAS  /tmp/cc0Sv44N.s 			page 33


 415      63E41BE8 
 415      72F6
 416 0970 A80526FD 		.ascii	"\250\005&\375\377\012\000[\327\272~\232\345/\203\321"
 416      FF0A005B 
 416      D7BA7E9A 
 416      E52F83D1 
 417 0980 4B62A23C 		.ascii	"Kb\242<O\263<p\333U>y_\346\224\217/;\345\343+4\243\322"
 417      4FB33C70 
 417      DB553E79 
 417      5FE6948F 
 417      2F3BE5E3 
 418 0998 16D0CF9B 		.ascii	"\026\320\317\2336\247x;\177\205\272\372/\005\367c\376"
 418      36A7783B 
 418      7F85BAFA 
 418      2F05F763 
 418      FE
 419 09a9 45916DED 		.ascii	"E\221m\355HAN\236[\235<_\025<_\245\236\313\267<\030"
 419      48414E9E 
 419      5B9D3C5F 
 419      153C5FA5 
 419      9ECBB73C 
 420 09be F571ED99 		.ascii	"\365q\355\231\373\361nQ\033\357\013\306.v\337\311U\252"
 420      FBF16E51 
 420      1BEF0BC6 
 420      2E76DFC9 
 420      55AA
 421 09d0 842FBAF4 		.ascii	"\204/\272\364\037\376|B\355\274\212\244\321\344\307"
 421      1FFE7C42 
 421      EDBC8AA4 
 421      D1E4C7
 422 09df D731CEA3 		.ascii	"\3271\316\243\353\210.o-\277\252\242\245\003\010\012"
 422      EB882E6F 
 422      2DBFAAA2 
 422      A503080A 
 423 09ef 1F8E7B5B 		.ascii	"\037\216{[\016\024y\322>Re:y\332\371`(\255T\345\266"
 423      0E1479D2 
 423      3E52653A 
 423      79DAF960 
 423      28AD54E5 
 424 0a04 9C74D172 		.ascii	"\234t\321rr\315VN\262;F\207\325PN\254\264\234|\272\213"
 424      72CD564E 
 424      B23B4687 
 424      D5504EAC 
 424      B49C7CBA 
 425 0a19 95934419 		.ascii	"\225\223D\031\301\241\016q\375\340V,'\335\374|\316["
 425      C1A10E71 
 425      FDE0562C 
 425      27DDFC7C 
 425      CE5B
 426 0a2b 171B11A5 		.ascii	"\027\033\021\245\213\212\212\324\031b\014&\345g\253"
 426      8B8A8AD4 
 426      19620C26 
 426      E567AB
 427 0a3a BE9C17BC 		.ascii	"\276\234\027\274h\021\247\010\013\016\2110E\310\"\326"
 427      6811A708 
 427      0B0E8930 
 427      45C822D6 
ARM GAS  /tmp/cc0Sv44N.s 			page 34


 428 0a4a C545A974 		.ascii	"\305E\251t\272\004C\214\351\243 \235\351cMB|\234&\""
 428      BA04438C 
 428      E9A3209D 
 428      E9634D42 
 428      7C9C2622 
 429 0a5e 2EFA8318 		.ascii	".\372\203\030c\214\376\003}\304\032\203\306\020\263"
 429      638CFE03 
 429      7DC41A83 
 429      C610B3
 430 0a6d 362A2152 		.ascii	"6*!R\257\211\216X\273\301\020\243\327\350\"\365\353"
 430      AF898E58 
 430      BBC110A3 
 430      D7E822F5 
 430      EB
 431 0a7e 2212A24C 		.ascii	"\"\022\242L:\323\327\261\372\370\205\0338\245m\364\257"
 431      3AD3D7B1 
 431      FAF8851B 
 431      38A56DF4 
 431      AF
 432 0a8f FFCDE8F8 		.ascii	"\377\315\350\370\257\3435\272xS$@a\0106F\306\311c\023"
 432      AFE335BA 
 432      78532440 
 432      61083646 
 432      C6C96313 
 433 0aa3 6223E33C 		.ascii	"b#\343<\214\361\261z}d\234\302H\314\305\311\243\215"
 433      8CF1B17A 
 433      7D649CC2 
 433      48CCC5C9 
 433      A38D
 434 0ab5 91FA3842 		.ascii	"\221\3728Bk\303'\0135\301\033\014k\014\241\341\032c"
 434      6BC3270B 
 434      35C11B0C 
 434      6B0CA1E1 
 434      1A63
 435 0ac7 BC664344 		.ascii	"\274fCD\224&\326\030g\212\327\204\257^\371Q\220f\305"
 435      9426D618 
 435      678AD784 
 435      AF5EF951 
 435      9066C5
 436 0ada 8A10CD67 		.ascii	"\212\020\315ga\313C\377\026D\036\331&\011\246\347\304"
 436      61CB43FF 
 436      16441ED9 
 436      2609A6E7 
 436      C4
 437 0aeb 9BA281CC 		.ascii	"\233\242\201\314\372X\203Q\027\2577%\304\352L\212\260"
 437      FA588351 
 437      17AF3725 
 437      C4EA4C8A 
 437      B0
 438 0afc 2564B28A 		.ascii	"%d\262\212\260\305\254YF\032\317\260\305+\202\2151\353"
 438      B0C5AC59 
 438      461ACFB0 
 438      C52B828D 
 438      31EB
 439 0b0e 0CEBFF2B 		.ascii	"\014\353\377+Gk\271\237\330#\013n\326\307\031\023b\011"
 439      476BB99F 
 439      D8230B6E 
ARM GAS  /tmp/cc0Sv44N.s 			page 35


 439      D6C71913 
 439      6209
 440 0b20 77A5C148 		.ascii	"w\245\301H\032\235Im0\0223\321\021\361\177\325\231d"
 440      1A9D496D 
 440      301233D1 
 440      11F17FD5 
 440      9964
 441 0b32 8B97693F 		.ascii	"\213\227i?'\227\025\262\025\301\277\327\312\226\204"
 441      279715B2 
 441      15C1BFD7 
 441      CA9684
 442 0b41 6BB5E80F 		.ascii	"k\265\350\017\350s\371\332(}D\234\260\000\213>\321\231"
 442      E873F9DA 
 442      287D449C 
 442      B0008B3E 
 442      D199
 443 0b53 94B61B0C 		.ascii	"\224\266\033\014Fqh\210\026/\017\321\312\303\276\014"
 443      46716888 
 443      162F0FD1 
 443      CAC3BE0C 
 444 0b63 0BD17A84 		.ascii	"\013\321z\204\206\207-]\032\242U\204\256\376c\330R\255"
 444      86872D5D 
 444      1AA25584 
 444      AEFE63D8 
 444      52AD
 445 0b75 7C6568C8 		.ascii	"|eh\310R-^\242\325\252\035flR1\267\206H\235I\036\274"
 445      522D5EA2 
 445      D5AA1D66 
 445      6C5231B7 
 445      86489D49 
 446 0b8b EC33ED47 		.ascii	"\3543\355G\364\032\344\261\370\363%\332\360\325Z\034"
 446      F41AE4B1 
 446      F8F325DA 
 446      F0D55A1C 
 447 0b9b 1C0EDE43 		.ascii	"\034\016\336C\202\265\036\213\303\226,Z\272\212\266"
 447      82B51E8B 
 447      C3962C5A 
 447      BA8AB6
 448 0baa 41D02A00 		.ascii	"A\320*\000\000\215\222t\023 \271\011b#\226ke\304\006"
 448      008D9274 
 448      1320B909 
 448      6223966B 
 448      65C406
 449 0bbd 1F0CF7DA 		.ascii	"\037\014\367\332\240\3379Ek\2551:\332\030\243\321o4"
 449      A0DF3945 
 449      6BAD313A 
 449      DA18A3D1 
 449      6F34
 450 0bcf 69825786 		.ascii	"i\202W\206/\017\207\240\261\270-\373p\343F\015%\266"
 450      2F0F87A0 
 450      B1B82DFB 
 450      70E3460D 
 450      25B6
 451 0be1 EEC38F83 		.ascii	"\356\303\217\2036~\002+\343\245\015\016\326\255\206"
 451      367E022B 
 451      E3A50D0E 
 451      D6AD86
ARM GAS  /tmp/cc0Sv44N.s 			page 36


 452 0bf0 550ED1AF 		.ascii	"U\016\321\257S\222\335H\030\377\013B\010`\230"
 452      5392DD48 
 452      18FF0B42 
 452      086098
 453              		.text
 454              		.section	.gnu.lto_.symtab.e16a0b26761b7919,"",%progbits
 455 0000 5F70616C 		.ascii	"_pal_lld_init\000"
 455      5F6C6C64 
 455      5F696E69 
 455      7400
 456 000e 00       		.ascii	"\000"
 457 000f 00       		.ascii	"\000"
 458 0010 00       		.ascii	"\000"
 459 0011 00000000 		.ascii	"\000\000\000\000\000\000\000\000"
 459      00000000 
 460 0019 E1000000 		.ascii	"\341\000\000\000"
 461 001d 5F70616C 		.ascii	"_pal_lld_setgroupmode\000"
 461      5F6C6C64 
 461      5F736574 
 461      67726F75 
 461      706D6F64 
 462 0033 00       		.ascii	"\000"
 463 0034 00       		.ascii	"\000"
 464 0035 00       		.ascii	"\000"
 465 0036 00000000 		.ascii	"\000\000\000\000\000\000\000\000"
 465      00000000 
 466 003e 28010000 		.ascii	"(\001\000\000"
 467              		.text
 468              		.section	.gnu.lto_.opts,"",%progbits
 469 0000 272D666D 		.ascii	"'-fmath-errno' '-fsigned-zeros' '-ftrapping-math' '"
 469      6174682D 
 469      6572726E 
 469      6F272027 
 469      2D667369 
 470 0033 2D666E6F 		.ascii	"-fno-trapv' '-fno-openmp' '-fno-openacc' '-mcpu=cor"
 470      2D747261 
 470      70762720 
 470      272D666E 
 470      6F2D6F70 
 471 0066 7465782D 		.ascii	"tex-m0' '-mno-thumb-interwork' '-mthumb' '-ggdb' '-"
 471      6D302720 
 471      272D6D6E 
 471      6F2D7468 
 471      756D622D 
 472 0099 4F322720 		.ascii	"O2' '-Werror' '-fomit-frame-pointer' '-falign-funct"
 472      272D5765 
 472      72726F72 
 472      2720272D 
 472      666F6D69 
 473 00cc 696F6E73 		.ascii	"ions=16' '-ffunction-sections' '-fdata-sections' '-"
 473      3D313627 
 473      20272D66 
 473      66756E63 
 473      74696F6E 
 474 00ff 666E6F2D 		.ascii	"fno-common' '-flto'\000"
 474      636F6D6D 
 474      6F6E2720 
ARM GAS  /tmp/cc0Sv44N.s 			page 37


 474      272D666C 
 474      746F2700 
 475              		.text
 476              		.comm	__gnu_lto_v1,1,1
 477              		.comm	__gnu_lto_slim,1,1
 478              		.ident	"GCC: (GNU Tools for ARM Embedded Processors) 5.4.1 20160609 (release) [ARM/embedded-5-bran
ARM GAS  /tmp/cc0Sv44N.s 			page 38


DEFINED SYMBOLS
                            *ABS*:0000000000000000 hal_pal_lld.c
                            *COM*:0000000000000001 __gnu_lto_v1
                            *COM*:0000000000000001 __gnu_lto_slim

NO UNDEFINED SYMBOLS
