ARM GAS  /tmp/ccmQEddI.s 			page 1


   1              		.syntax unified
   2              		.cpu cortex-m0
   3              		.fpu softvfp
   4              		.eabi_attribute 20, 1
   5              		.eabi_attribute 21, 1
   6              		.eabi_attribute 23, 3
   7              		.eabi_attribute 24, 1
   8              		.eabi_attribute 25, 1
   9              		.eabi_attribute 26, 1
  10              		.eabi_attribute 30, 2
  11              		.eabi_attribute 34, 0
  12              		.eabi_attribute 18, 4
  13              		.thumb
  14              		.syntax unified
  15              		.file	"hal_st_lld.c"
  16              		.text
  17              	.Ltext0:
  18              		.section	.gnu.lto_.profile.85a7cded9314ab1c,"",%progbits
  19 0000 789C6361 		.ascii	"x\234ca`d`a`\000\222I\212\000\001O\000\216"
  19      60646061 
  19      60009249 
  19      8A00014F 
  19      008E
  20              		.text
  21              		.section	.gnu.lto_.icf.85a7cded9314ab1c,"",%progbits
  22 0000 789C6361 		.ascii	"x\234ca`d\000\001>\006\004`b\370\364\355\301+\036\306"
  22      60640001 
  22      3E060460 
  22      62F8F4ED 
  22      C12B1EC6 
  23 0014 DDCB7AAE 		.ascii	"\335\313z\256\2632\000\0005\374\006\236"
  23      B3320000 
  23      35FC069E 
  24              		.text
  25              		.section	.gnu.lto_.jmpfuncs.85a7cded9314ab1c,"",%progbits
  26 0000 789C6361 		.ascii	"x\234ca`d\000\201P\006\004`\202b\010\207\361/\023\343"
  26      60640081 
  26      50060460 
  26      82620887 
  26      F12F13E3 
  27 0014 FA373B7F 		.ascii	"\3727;\177\362~aje\006\252f\\\316(\303\000\322\305\002"
  27      F27E616A 
  27      6506AA66 
  27      5CCE28C3 
  27      00D2C502 
  28 0028 9259B3EC 		.ascii	"\222Y\263\354\343\001~\220\014##?\343\012\260\014Pt"
  28      E3017E90 
  28      0C23233F 
  28      E30AB00C 
  28      5074
  29 003a CFFC9E95 		.ascii	"\317\374\236\225\\\020Q&\306\225 Q\006\000\031\023\023"
  29      5C105126 
  29      C6952051 
  29      06001913 
  29      13
  30 004b 51       		.ascii	"Q"
  31              		.text
ARM GAS  /tmp/ccmQEddI.s 			page 2


  32              		.section	.gnu.lto_.inline.85a7cded9314ab1c,"",%progbits
  33 0000 789C6361 		.ascii	"x\234ca`d\000\2010\006\004`b`\0204bd`\342\273\027\300"
  33      60640081 
  33      30060460 
  33      62601034 
  33      626460E2 
  34 0017 C0B6409E 		.ascii	"\300\266@\236\011,\306\315\300\3008\301\217\221\013"
  34      092CC6CD 
  34      C0C038C1 
  34      8F910B
  35 0026 C8C64680 		.ascii	"\310\306F\200\000#\020\212\310\0005\312<\270\305\010"
  35      0023108A 
  35      C80035CA 
  35      3CB8C508 
  36 0036 D7C9CC03 		.ascii	"\327\311\314\0036\221\001\000I\313\006\256"
  36      36910100 
  36      49CB06AE 
  37              		.text
  38              		.section	.gnu.lto_.pureconst.85a7cded9314ab1c,"",%progbits
  39 0000 789C6361 		.ascii	"x\234ca`d`c```b\330\305\310(\005\000\003\241\000\344"
  39      60646063 
  39      60606062 
  39      D8C5C828 
  39      050003A1 
  40              		.text
  41              		.section	.gnu.lto_Vector7C.85a7cded9314ab1c,"",%progbits
  42 0000 789C8554 		.ascii	"x\234\205T]L\034U\024>g\356\354\037,?\372\246!\315\366"
  42      5D4C1C55 
  42      143E67EE 
  42      EC1F2C3F 
  42      FAA621CD 
  43 0015 A10F7D61 		.ascii	"\241\017}a\322\332\3247\023\203/M\272i\322\355\373\246"
  43      D2DAD437 
  43      13832F4D 
  43      BA69D2ED 
  43      FBA6
  44 0027 2E1BD964 		.ascii	".\033\331d\267\333\354 i\237\270tw\260iM4\232*\032\225"
  44      B7DBEC20 
  44      699FB874 
  44      77B0694D 
  44      349A2A1A 
  45 003c 873E1491 		.ascii	"\207>\024\221\237\322\212\272\250t\204\266\240\374Y"
  45      9FD28ABA 
  45      A87484B6 
  45      A0FC59
  46 004b 8DC6C80B 		.ascii	"\215\306\310\013\322\200\215i\032PdmR\030\317\271\263"
  46      D2808D69 
  46      1A50646D 
  46      5218CFB9 
  46      B3
  47 005c 22DD019D 		.ascii	"\"\335\001\235dg\366\336\357\273\347\373\316\375\356"
  47      6467F6DE 
  47      EFBBE7FB 
  47      CEFDEE
  48 006b 8C0E087C 		.ascii	"\214\016\010|\275\352\003\330\244\347!\372\241\017P"
  48      BDEA03D8 
  48      A4E721FA 
ARM GAS  /tmp/ccmQEddI.s 			page 3


  48      A10F50
  49 007a 7B7D16A0 		.ascii	"{}\026\240#\250ibd\017\310*\375G\003dX\240\356N\353"
  49      23A86962 
  49      640FC82A 
  49      FD470364 
  49      58A0EE4E 
  50 008f 88FC4706 		.ascii	"\210\374G\006\021\3325\241c;\376\251mh8\366\312rQ\333"
  50      11DA35A1 
  50      633BFEA9 
  50      6D6838F6 
  50      CA7251DB 
  51 00a3 7F45D2B5 		.ascii	"\177E\322\265\260T\012\311\036\033-\001\340hJ\002\360"
  51      B0540AC9 
  51      1E1B2D01 
  51      E0684A02 
  51      F0
  52 00b4 0AEE07A2 		.ascii	"\012\356\007\242\335)\\}O\254i\226@\324i\270:\363\356"
  52      DD295C7D 
  52      4FAC6996 
  52      40D469B8 
  52      3AF3EE
  53 00c7 DD5A1E6A 		.ascii	"\335Z\036j\030\241\341r_\337PX<\213\314\354<\377\335"
  53      18A1E172 
  53      5FDF5058 
  53      3C8BCCEC 
  53      3CFFDD
  54 00da 946FDF65 		.ascii	"\224o\337e)\317I\373\3739|G\332\205\210%\004\366\242"
  54      29CF49FB 
  54      FB397C47 
  54      DA858825 
  54      04F6A2
  55 00ed A0A2F821 		.ascii	"\240\242\370!6`\0176\250\342\304^\034\332\274T\343/"
  55      36600F36 
  55      A8E2C45E 
  55      1CDABC54 
  55      E32F
  56 00ff B07C043F 		.ascii	"\260|\004?\302}\2560\366\241\237zD\236\031<nK\307\311"
  56      C27DAE30 
  56      F6A19F7A 
  56      449E193C 
  56      6E4BC7C9 
  57 0113 4BFB46DD 		.ascii	"K\373F\335\350_N\250^\007\236\365\203%\364\000\337\000"
  57      E85F4EA8 
  57      5E079EF5 
  57      8325F400 
  57      DF00
  58 0125 566809B7 		.ascii	"Vh\011\267\266\252i\374\024\367\260\300\312\\$/\330"
  58      B6AA69FC 
  58      14F7B0C0 
  58      CA5C242F 
  58      D8
  59 0136 6DB1787F 		.ascii	"m\261x\177>\320\276!\317KYo\011\237\243q\355~lg\003"
  59      3ED0BE21 
  59      CF4B596F 
  59      099FA371 
  59      ED7E6C67 
  60 014b 83F78B0F 		.ascii	"\203\367\213\017k\270\023\022\304\001l\260D\000\026"
ARM GAS  /tmp/ccmQEddI.s 			page 4


  60      6BB81312 
  60      C4016CB0 
  60      440016
  61 015a 51530E48 		.ascii	"QS\016H\207\012\300=\024<\004O\245\240C\212\200\203"
  61      870AC03D 
  61      143C044F 
  61      A5A0438A 
  61      8083
  62 016c 54C91221 		.ascii	"T\311\022!X\306\261\221\241\322\270\317\025\366\023"
  62      58C6B191 
  62      A1D2B8CF 
  62      15F613
  63 017b FD2D6B6C 		.ascii	"\375-kl.\300\305\253\324\326\314\366\227V\252\334!7"
  63      2EC0C5AB 
  63      D4D6CCF6 
  63      9756AADC 
  63      2137
  64 018d CCD62E0F 		.ascii	"\314\326.\017\254O\004\273\361}\332\364j\034\242\275"
  64      AC4F04BB 
  64      F17DDAF4 
  64      6A1CA2BD 
  65 019d B9CA7B43 		.ascii	"\271\312{C@\357\314\332\037\001\243_\026\010\011\343"
  65      40EFCCDA 
  65      1F01A35F 
  65      160809E3 
  66 01ad 35ECC64D 		.ascii	"5\354\306M\025\011^G\203\224\362\217:\247\205+\024p"
  66      15095E47 
  66      8394F28F 
  66      3AA7852B 
  66      1470
  67 01bf B56E3925 		.ascii	"\265n9%\273\216\213\353\344\376c\252\362\013\026\346"
  67      BB8E8BEB 
  67      E4FE63AA 
  67      F20B16E6 
  68 01cf F34F9739 		.ascii	"\363O\2279\333;\325\251\323\341r\004\253\232\200\221"
  68      DB3BD5A9 
  68      D3E17204 
  68      AB9A8091 
  69 01df 3D82ACAF 		.ascii	"=\202\254\257\255\224\356*\353\333\\u\260\315\030\374"
  69      AD94EE2A 
  69      EBDB5C75 
  69      B0CD18FC 
  70 01ef B7B74FFE 		.ascii	"\267\267O\376\365\366)\032\333\273\016\223\320g\264"
  70      F5F6291A 
  70      DBBB0E93 
  70      D067B4
  71 01fe E657EC58 		.ascii	"\346W\354X|\363\366\304\201\307\363\266\247\036\305"
  71      7CF3F6C4 
  71      81C7F3B6 
  71      A71EC5
  72 020d 54D20E79 		.ascii	"T\322\016y\250\200\256\277v\021\273\374\200EF\365\312"
  72      A880AEBF 
  72      7611BBFC 
  72      804546F5 
  72      CA
  73 021e 83023842 		.ascii	"\203\0028BqT\256\031\2764I\263\3709/\361U\202\305\267"
  73      7154AE19 
ARM GAS  /tmp/ccmQEddI.s 			page 5


  73      BE3449B3 
  73      F8392FF1 
  73      5582C5B7 
  74 0232 BB18FC82 		.ascii	"\273\030\374\202A\177\005(\207\015\300/\031\011x\225"
  74      417F0528 
  74      870DC02F 
  74      19097895 
  75 0242 4659096F 		.ascii	"FY\011o\250;,!\341=\243\343K\341\275\017\260[v\321\301"
  75      A83B2C21 
  75      E13DA3E3 
  75      4BE1BD0F 
  75      B05B76D1 
  76 0257 AEE125BF 		.ascii	"\256\341%\277\017\\\373\241Z\347\263`\343^\272\177\205"
  76      0F5CFBA1 
  76      5AE7B360 
  76      E35EBA7F 
  76      85
  77 0268 7C6AF20B 		.ascii	"|j\362\013?_X\362\263\241\035\217NPu\201c\345\323\303"
  77      3F5F58F2 
  77      B3A11D8F 
  77      4E507581 
  77      63E5D3C3 
  78 027c FC9F26A6 		.ascii	"\374\237&\246\237\2520~q\343\237M\012y\315\215+[7w\021"
  78      9FAA307E 
  78      71E39F4D 
  78      0A79CD8D 
  78      2B5B3777 
  79 0291 A85238DE 		.ascii	"\250R8\336\332&0\177a\375pe\012[\002\325\336\024>P)"
  79      DA26307F 
  79      61FD7065 
  79      0A5B02D5 
  79      DE143E50 
  80 02a6 DC6634EC 		.ascii	"\334f4\354\225\237P\362\223\273\310\327(\034\277.\313"
  80      959F50F2 
  80      93BBC8D7 
  80      281CBF2E 
  80      CB
  81 02b7 F32178A3 		.ascii	"\363!x\243\3639Oh\017\2304\311\012\265\336\320z\031"
  81      F3394F68 
  81      0F9834C9 
  81      0AB5DED0 
  81      7A19
  82 02c9 FC86C1BA 		.ascii	"\374\206\301\272\312\320\036RhS\214\324{\215M+c3nh\353"
  82      CAD01E52 
  82      68538CD4 
  82      7B8D4D2B 
  82      63336E68 
  83 02de FF1BDAAC 		.ascii	"\377\033\332\254\012m\216B\343\027B/\177D\362\0137\035"
  83      0A6D8E42 
  83      E317422F 
  83      7F44F20B 
  83      371D
  84 02f0 DCF5C57F 		.ascii	"\334\365\305\177\202V|\273\265\263\372\316\274ZG{\222"
  84      82567CBB 
  84      B5B3FACE 
  84      BC5A477B 
  84      92
ARM GAS  /tmp/ccmQEddI.s 			page 6


  85 0301 78778847 		.ascii	"xw\210G\037\022K\324\301ox\316v\216)6_+\364)\"52q\250"
  85      1F124BD4 
  85      C16F78CE 
  85      768E2936 
  85      5F2BF429 
  86 031a D1686A49 		.ascii	"\321hjI\275\230:\0263\262\246\321r2m\234\316\346ZM#"
  86      BD983A16 
  86      33B2A6D1 
  86      72326D9C 
  86      CEE65A4D 
  87 032f 7622FACC 		.ascii	"v\"\372\314A\343\350\321\027\214\023G\242m\007\030\211"
  87      41E3E8D1 
  87      178C1347 
  87      A26D0718 
  87      89
  88 0340 9BADF174 		.ascii	"\233\255\361t\272\2711\001\241\270y\262-\331\034O\347"
  88      BAB93101 
  88      A1B879B2 
  88      2DD91C4F 
  88      E7
  89 0351 0E3EB63C 		.ascii	"\016>\266<\221\315d\262\247\214\344\231V\243)\032;\022"
  89      91CD64B2 
  89      A78CE499 
  89      56A3291A 
  89      3B12
  90 0363 3352A712 		.ascii	"3R\247\022\351\227\233\223F\"c\246\314\370K\211Dc\013"
  90      E9979B93 
  90      462263A6 
  90      CCF84B89 
  90      44630B
  91 0376 443C8A59 		.ascii	"D<\212Y\223n\271V\365\364\020h~\253J\213y\326$B\343"
  91      936EB956 
  91      F5F41068 
  91      7EAB4A8B 
  91      79D62442 
  92 038b 4EA2AEED 		.ascii	"N\242\256\355\347\217G\233\242g\210\231\310\346\222"
  92      E78F479B 
  92      A2678899 
  92      C8E692
  93 039a F1B6C319 		.ascii	"\361\266\303\031\242\007\023\247\315Ts$\005\201L2\223"
  93      A20713A7 
  93      CD547324 
  93      05814C32 
  93      93
  94 03ab CD9D7527 		.ascii	"\315\235u'\2224\3617\250-P1"
  94      9234F137 
  94      A82D5031 
  95              		.text
  96              		.section	.gnu.lto_st_lld_init.85a7cded9314ab1c,"",%progbits
  97 0000 789C9D94 		.ascii	"x\234\235\224ML\023A\024\307\347\277\273\335\226\"A"
  97      4D4C1341 
  97      14C7E7BF 
  97      BBDD9622 
  97      41
  98 0011 CFF6E0C5 		.ascii	"\317\366\340\305\003\036XA\342\325\203^L &\302\305\023"
  98      031E5841 
  98      E2D5835E 
ARM GAS  /tmp/ccmQEddI.s 			page 7


  98      4C2026C2 
  98      C513
  99 0023 F1231112 		.ascii	"\361#\021\022\022\214\020\257\035\204U\"\306h\014\304"
  99      128C10AF 
  99      1D845522 
  99      C6680CC4 
 100 0033 C4184C4C 		.ascii	"\304\030LL\370.-\212\037E\224RP\360\003\214\361[@\215"
 100      F82E2D8A 
 100      1F459452 
 100      50F0038C 
 100      F15B408D 
 101 0047 89D88887 		.ascii	"\211\330\210\2076V\364\002\365\275\331R0^\244\223t\266"
 101      3656F402 
 101      F5BDD952 
 101      305EA493 
 101      74B6
 102 0059 336FFAFB 		.ascii	"3o\372\373\275\2673SC@p;\352\022b'=7\323\007\272\200"
 102      BDB73353 
 102      4340703B 
 102      EA126227 
 102      3D37D307 
 103 006f 767E5A88 		.ascii	"v~Z\210\006\217\006\360\027\351\201\360k\360\343\247"
 103      068F06F0 
 103      17E981F0 
 103      6BF0E3A7 
 104 007f B6A4217A 		.ascii	"\266\244!zz>\254\025tJj\237\276t\024\313\256\010l]\210"
 104      7A3EAC15 
 104      744A6A9F 
 104      BE7414CB 
 104      AE086C5D 
 105 0094 94A64802 		.ascii	"\224\246H\002\235(\020\264\354\363\300rk\236\331\304"
 105      9D2810B4 
 105      ECF3C072 
 105      6B9ED9C4 
 106 00a4 CBB63841 		.ascii	"\313\2668At\301d]p\177D\246R\215R&\266\307\0126i\302"
 106      74C1645D 
 106      707F44A6 
 106      528D5226 
 106      B6C70A36 
 107 00ba D649499D 		.ascii	"\326II\235\213;\223;!\342\364\003V'4\215\237\372<\242"
 107      8B3B933B 
 107      21E2F403 
 107      5627348D 
 107      9FFA3CA2 
 108 00ce 43899725 		.ascii	"C\211\227%\214h\3249\2136;\372\314\235\324l]\003\333"
 108      8C68D439 
 108      8B363BFA 
 108      CC9DD46C 
 108      5D03DB
 109 00e1 6682530B 		.ascii	"f\202S\013\036g(\2576K\203\023\230<\223\327\216+\224"
 109      1E6728AF 
 109      364B8313 
 109      983C93D7 
 109      8E2B94
 110 00f4 9C8E1EF8 		.ascii	"\234\216\036\370\320\015\237\340\245\243\347b\035yV"
 110      D00D9FE0 
 110      A5A3E762 
ARM GAS  /tmp/ccmQEddI.s 			page 8


 110      1D7956
 111 0103 403635C8 		.ascii	"@65\310\215\266n\240\027\355XV\311\243\017\226\230G"
 111      8DB66EA0 
 111      17ED5856 
 111      C9A30F96 
 111      9847
 112 0115 E36FD3F1 		.ascii	"\343o\323\361\350\216jp|\342\224b\203Z\200(\224L\033"
 112      E88E6A70 
 112      7CE29462 
 112      835A8028 
 112      944C1B
 113 0128 78C93A2C 		.ascii	"x\311:,\375\253\226 ,b3e\350\302k\303Q\271\326\226\344"
 113      FDAB9620 
 113      2C623365 
 113      E8C26BC3 
 113      51B9D696 
 114 013d 5225B5BE 		.ascii	"R%\265\276\372\272\230\353\014e\310V%-\333\357z\323"
 114      FABA98EB 
 114      0C65C856 
 114      252DDBEF 
 114      7AD3
 115 014f 36130364 		.ascii	"6\023\003d\013\245m-c\227.{\327\330\256+\033\277l\334"
 115      0BA56D2D 
 115      63972E7B 
 115      D7D8AE2B 
 115      1BBF6CDC 
 116 0163 F8BB2676 		.ascii	"\370\273&v\375S\304\177s\007W\2717\271\012\2231\311"
 116      FD53C47F 
 116      730757B9 
 116      37B90A93 
 116      31C9
 117 0175 F89B2677 		.ascii	"\370\233&w\232\224\251\301\255j\230\016\374\212{\235"
 117      9A94A9C1 
 117      AD6A980E 
 117      FC8A7B9D 
 118 0185 211F04AE 		.ascii	"!\037\004\256\341Z\377\342\204\207\\\015<\261\213v\333"
 118      E15AFFE2 
 118      84875C0D 
 118      3CB18B76 
 118      DB
 119 0196 83DB64BC 		.ascii	"\203\333d\274\2256\366L%\177\270\331\010\366\335Q>u"
 119      9536F64C 
 119      257FB8D9 
 119      08F6DD51 
 119      3E75
 120 01a8 78C2B028 		.ascii	"x\302\260(<\336\362~\026\01440\262\025CN\035\311\320"
 120      3CDEF27E 
 120      160C3430 
 120      B215434E 
 120      1DC9D0
 121 01bb 6C268175 		.ascii	"l&\201u\341\357*\274\316\370a\205_\030\016\275u9\370"
 121      E1EF2ABC 
 121      CEF86185 
 121      5F180EBD 
 121      7539F8
 122 01ce 14B57CDC 		.ascii	"\024\265|\334K\033\342Y\032\356+\203\301\206\021e\310"
 122      4B1BE259 
ARM GAS  /tmp/ccmQEddI.s 			page 9


 122      1AEE2B83 
 122      C1861165 
 122      C8
 123 01df BC200302 		.ascii	"\274 \003\002\221\225\374\347\262\241\347`T\321\351"
 123      9195FCE7 
 123      B2A1E760 
 123      54D1E9
 124 01ee EE7228D5 		.ascii	"\356r(\32560g\026\005y\257\344\001\346Gaa\233O\035\271"
 124      36306716 
 124      0579AFE4 
 124      01E64761 
 124      619B4F1D 
 125 0203 31146564 		.ascii	"1\024ed\361\254d\006\306\225\314d\334\003\"gr\377\220"
 125      F1AC6406 
 125      C695CC64 
 125      DC032267 
 125      72FF90
 126 0216 1DEEA1C2 		.ascii	"\035\356\241\302\271\0317\261\006\027\317\0227\251p"
 126      B91937B1 
 126      0617CF12 
 126      37A970
 127 0225 1EC63D22 		.ascii	"\036\306=\"\\`%\273\217\331\341\036+\\\016\343\236\244"
 127      5C6025BB 
 127      8FD9E11E 
 127      2B5C0EE3 
 127      9EA4
 128 0237 7131D891 		.ascii	"q1\330\221\213/\324\225\341\365\341\360\367\031\267"
 128      8B2FD495 
 128      E1F5E1F0 
 128      F719B7
 129 0246 7F49364B 		.ascii	"\177I6K\276\032\336\024\337\012<\205\237c}\035\211H"
 129      BE1ADE14 
 129      DF0A3C85 
 129      9F637D1D 
 129      8948
 130 0258 3E6F722E 		.ascii	">or.\3621\005\037M\015\267\237\355\366:St-\340\263\365"
 130      F231051F 
 130      4D0DB79F 
 130      EDF63A53 
 130      742DE0B3 
 131 026d 0DE21B4E 		.ascii	"\015\342\033NF\236\227+ \2678!\350\277\216N{I\241\265"
 131      469E972B 
 131      20B73821 
 131      E8BF8E4E 
 131      7B49A1B5 
 132 0281 BBAAFA50 		.ascii	"\273\252\372P\365\276r\253\266\316\252:Xc\035\253=^"
 132      F5BE72AB 
 132      B6CEAA3A 
 132      58631DAB 
 132      3D5E
 133 0293 5F679557 		.ascii	"_g\225W\224\355(\266JK\367X\025{\313N\024q\244\262\256"
 133      94ED28B6 
 133      4A4BF758 
 133      157BCB4E 
 133      1471A4B2 
 134 02a8 BEB2A6E6 		.ascii	"\276\262\246\346H\341a\361\007\334_\343m"
 134      48E161F1 
ARM GAS  /tmp/ccmQEddI.s 			page 10


 134      07DC5FE3 
 134      6D
 135              		.text
 136              		.section	.gnu.lto_.symbol_nodes.85a7cded9314ab1c,"",%progbits
 137 0000 789C55C8 		.ascii	"x\234U\310\273\021\3020\020E\321\367\264\262lW\001T"
 137      BB11C230 
 137      1045D1F7 
 137      B4B26C57 
 137      0154
 138 0012 BACA4829 		.ascii	"\272\312H)B\035\3607\204\036\207\324@\240\220\241\004"
 138      421DF037 
 138      841E87D4 
 138      40A090A1 
 138      04
 139 0023 8645117B 		.ascii	"\206E\021{\223;s\"\2107\254\260\247\002\273\007`\233"
 139      933B7322 
 139      8837ACB0 
 139      A702BB07 
 139      609B
 140 0035 F2C6E440 		.ascii	"\362\306\344@\245\023^\250\241\011\220\363\332\340L"
 140      A5135EA8 
 140      A10990F3 
 140      DAE04C
 141 0044 1507376A 		.ascii	"\025\0077jt0Q;\007Wjrp\242\366\016\216\324\301\301\235"
 141      7430513B 
 141      07576A72 
 141      70A2F60E 
 141      8ED4C1C1 
 142 0059 3AFE8360 		.ascii	":\376\203`@y~(\350Q\333\023\312\262$A\207\271=\242\266"
 142      40797E28 
 142      E851DB13 
 142      CAB22441 
 142      87B93DA2 
 143 006e 0BCAF6B5 		.ascii	"\013\312\366\265\022\004\314\277sD\265\343\013\272<"
 143      1204CCBF 
 143      7344B5E3 
 143      0BBA3C
 144 007d 3B47     		.ascii	";G"
 145              		.text
 146              		.section	.gnu.lto_.refs.85a7cded9314ab1c,"",%progbits
 147 0000 789C6361 		.ascii	"x\234ca`\004B \000\000\0009\000\007"
 147      60044220 
 147      00000039 
 147      0007
 148              		.text
 149              		.section	.gnu.lto_.decls.85a7cded9314ab1c,"",%progbits
 150 0000 789CB558 		.ascii	"x\234\265XkP\024\331\025\236\333w\200a\030\301 \265"
 150      6B5014D9 
 150      159EDB77 
 150      806118C1 
 150      20B5
 151 0012 6552FE30 		.ascii	"eR\3760\033R\262\251\254#hv\223\374Z\035\237\225e\335"
 151      1B52B2A9 
 151      AC236876 
 151      93FC5A1D 
 151      9F9565DD 
 152 0026 1A702BB5 		.ascii	"\032p+\265\233\255\011\340(\223\345a`0\372'i\005]\300"
ARM GAS  /tmp/ccmQEddI.s 			page 11


 152      9BAD09E0 
 152      2893E561 
 152      6030FA27 
 152      69055DC0 
 153 003a 27E0039F 		.ascii	"'\340\003\237\200\"/Q\001E\004\344\241\010\202\302."
 153      80222F51 
 153      014504E4 
 153      A10882C2 
 153      2E
 154 004b 8E308288 		.ascii	"\2160\202\210\242\"\370\026QAT4\347\336\333=\3353\014"
 154      A222F816 
 154      51415434 
 154      E7DEDB3D 
 154      DD330C
 155 005e 963F9229 		.ascii	"\226?\222)Nw\237\333\337\371\316\271\347\334\356{\032"
 155      4E779FDB 
 155      DFF9CEB9 
 155      E7DCEE7B 
 155      1A
 156 006f A50229C8 		.ascii	"\245\002)\310\257\364\227\012E\216R\241H\004\365\035"
 156      AFF4970A 
 156      458E52A1 
 156      4804F51D 
 157 007f FC308C7D 		.ascii	"\3740\214}\003\302\201,\006)V\260\237\232`A\312@\252"
 157      03C2812C 
 157      062956B0 
 157      9F9A6041 
 157      CA40AA
 158 0092 416A41CE 		.ascii	"AjA\316\202\234\003i\000i\004i\002\371I1\366G\354&\012"
 158      829C0369 
 158      00690469 
 158      02F94931 
 158      F647EC26 
 159 00a7 BCDE203E 		.ascii	"\274\336 > \025 \323@.\011~ZA, '@>\202X|@:\340z*\234"
 159      201520D3 
 159      402E097E 
 159      5A412C20 
 159      27403E82 
 160 00c3 7F0D5205 		.ascii	"\177\015R\005\327$b\015\034&\011\234M\202\337\337\300"
 160      D724620D 
 160      1C26099C 
 160      4D82DFDF 
 160      C0
 161 00d4 D86F41A6 		.ascii	"\330oA\246\201|\002\362)b1i\021\213\317\037\3163\021"
 161      817C02F2 
 161      29623169 
 161      118BCF1F 
 161      CE3311
 162 00e7 8BF70F70 		.ascii	"\213\367\017p\376\034\344\317\210\315\241\332I\274d"
 162      FE1CE4CF 
 162      88CDA1DA 
 162      49BC64
 163 00f6 8E138478 		.ascii	"\216\023\204xI\214\337\003\366;!\236\177\300\331\204"
 163      498CDF03 
 163      F63B219E 
 163      7FC0D984 
 164 0106 A418FB60 		.ascii	"\244\030\373`\354\007\304\362\324\"\344)\020\364P\020"
ARM GAS  /tmp/ccmQEddI.s 			page 12


 164      EC07C4F2 
 164      D422E429 
 164      10F45010 
 165 0116 15882788 		.ascii	"\025\210'\210;\210\007\010\006\361\006\371\005\210+"
 165      3B880708 
 165      06F106F9 
 165      05882B
 166 0125 62392E1B 		.ascii	"b9.\033'g\243\034\352n\314?\214\237sh\232\032\221\312"
 166      2767A31C 
 166      EA6ECC3F 
 166      8C9F7368 
 166      9A1A91CA 
 167 0139 78C1D0B1 		.ascii	"x\301\320\261\207\345#\023\330\020A\334\030\311\233"
 167      87E52313 
 167      D81041DC 
 167      18C99B
 168 0148 3FBD9087 		.ascii	"?\275\220\207\337V\236\3478\311\324\262e0\333\015{P"
 168      DF569EE7 
 168      38C9D4B2 
 168      6530DB0D 
 168      7B50
 169 015a D0A584A2 		.ascii	"\320\245\204\242\275\204\306[\215\224\240>m\331}\333"
 169      BD84C65B 
 169      8D94A03E 
 169      6DD97DDB 
 170 016a 13541F35 		.ascii	"\023T\0375\232:\312q\015\233\216\227x ?u\016a\351\351"
 170      9A3ACA71 
 170      0D9B8E97 
 170      78203F75 
 170      0E61E9E9 
 171 017e CED694F3 		.ascii	"\316\326\224\363\374Dt\024\251Q\001\302(\037M'y\237"
 171      FC447414 
 171      A95101C2 
 171      281F4D27 
 171      799F
 172 0190 466695C8 		.ascii	"Ff\225\310\363k\371\255\361\274w\243\247\002\025\242"
 172      F36BF9AD 
 172      F1BC77A3 
 172      A70215A2 
 173 01a0 29E8309A 		.ascii	")\3500\232\242@G\220\037\211\206\000Q\036\014\346\302"
 173      A2404790 
 173      1F898600 
 173      511E0CE6 
 173      C2
 174 01b1 2078C9CF 		.ascii	" x\311\317N9\340\212\377B\002\340v\235(\030V\333\\t"
 174      4E39E08A 
 174      FF4202E0 
 174      769D2818 
 174      56DB5C74 
 175 01c5 AE9F5548 		.ascii	"\256\237UH\\\024\203\213c\222\013\3608\256\217\"'>\210"
 175      5C14838B 
 175      63920BF0 
 175      38AE8F22 
 175      273E88
 176 01d8 3DF82948 		.ascii	"=\370)Hi\257\300]\250\023\301\344\321D:}\204\330\021"
 176      69AFC05D 
 176      A813C1E4 
ARM GAS  /tmp/ccmQEddI.s 			page 13


 176      D1443A7D 
 176      84D811
 177 01eb 515130A1 		.ascii	"QQ0\241*\\p\364\250\220\206\220\010$G8pH\030S\330\310"
 177      2A5C70F4 
 177      A8908690 
 177      08244738 
 177      70481853 
 178 0201 E89F604F 		.ascii	"\350\237`O\237\021\372\243$\022;\022\214\220-\002z["
 178      9F11FAA3 
 178      24123B12 
 178      8C902D02 
 178      7A5B
 179 0213 C1EEDB58 		.ascii	"\301\356\333X\331\211\223\014d|,\\\201N\212\3316'$V"
 179      D989930C 
 179      647C2C5C 
 179      814E8AD9 
 179      36272456 
 180 0227 3733ED50 		.ascii	"73\355P\276\032\377\233Vw\264i\317nn\362\016\272\006"
 180      BE1AFF9B 
 180      5677B469 
 180      CF6E6EF2 
 180      0EBA06
 181 023a E2F9A94A 		.ascii	"\342\371\251J\364\315G\266\304)\320\0114\031\216\241"
 181      F4CD47B6 
 181      C429D009 
 181      34198EA1 
 182 024a 4A66B785 		.ascii	"Jf\267\205\257\262\242\2173\371\314\"\276'\343BtZ\011"
 182      AFB2A28F 
 182      33F9CC22 
 182      BE27E342 
 182      745A09
 183 025d CF27819D 		.ascii	"\317'\201\235\222\300\320q\251\026pIN%\250\013\002("
 183      92C0D071 
 183      A9167049 
 183      4E25A80B 
 183      0228
 184 026f 451F9355 		.ascii	"E\037\223U\263\361I\246\027>\215\250\317\274\347\355"
 184      B3F149A6 
 184      173E8DA8 
 184      CFBCE7ED 
 185 027f 0646535B 		.ascii	"\006FS[\226\212w\361\265\011\300\302Q\226\223\022\313"
 185      968A77F1 
 185      B509C0C2 
 185      51969312 
 185      CB
 186 0290 49394B19 		.ascii	"I9K\031e\2711\360\354\274\007nd,\031\327\236\036q\203"
 186      65B931F0 
 186      ECBC076E 
 186      642C19D7 
 186      9E1E7183 
 187 02a4 DAD135D2 		.ascii	"\332\3215\322\237\222s\\\2154~\311\322\002\220\317\004"
 187      9F92735C 
 187      8D347EC9 
 187      D20290CF 
 187      04
 188 02b5 55C21258 		.ascii	"U\302\022X\242\021\250\331B\332\365\363\262\247\361"
 188      A211A8D9 
ARM GAS  /tmp/ccmQEddI.s 			page 14


 188      42DAF5F3 
 188      B2A7F1
 189 02c4 C46F05D2 		.ascii	"\304o\005\322\240r\311\357\022\2150\333\253\215I*%Y"
 189      A072C9EF 
 189      128D30DB 
 189      AB8D492A 
 189      2559
 190 02d6 17040039 		.ascii	"\027\004\0009\200\261;\355\215\373\360\270\331\252\242"
 190      80B13BED 
 190      8DFBF0B8 
 190      D9AAA2
 191 02e5 D93A8D84 		.ascii	"\331:\215\204t5]N\031p\203y\366\200\263\232\324\177"
 191      74355D4E 
 191      19708379 
 191      F680B39A 
 191      D47F
 192 02f7 251C5C5F 		.ascii	"%\034\\_\273\025Q\024:%\271;E\247\011\027\325t\212\326"
 192      BB155114 
 192      3A25B93B 
 192      45A70917 
 192      D5748AD6 
 193 030b 2D8F9EBA 		.ascii	"-\217\236\272\340j\216\025g\347\313\303X`\260Z\277O"
 193      E06A8E15 
 193      67E7CBC3 
 193      5860B05A 
 193      BF4F
 194 031d 8DCF5C48 		.ascii	"\215\317\\H\263T#\231\327\210\346\265\324\374\346\213"
 194      B3542399 
 194      D788E6B5 
 194      D4FCE68B 
 195 032d F84E373C 		.ascii	"\370N7<\304\3147\227\275y\347\312\314k\007/h\300;\265"
 195      C4CC3797 
 195      BD79E7CA 
 195      CC6B072F 
 195      68C03BB5 
 196 0341 3E23599F 		.ascii	">#Y\237\021\255\317R\353\244\262\272M\030\247`j\315"
 196      11ADCF52 
 196      EBA4B2BA 
 196      4D18A760 
 196      6ACD
 197 0353 57759529 		.ascii	"Wu\225)\005\347\351{Vn\023\235\327I\346u\242\3719j\336"
 197      05E7E97B 
 197      566E139D 
 197      D749E675 
 197      A2F9396A 
 198 0368 7D7CFF88 		.ascii	"}|\377\210+\256g\346\005i\271\311\356b\354;\376f\213"
 198      2BAE67E6 
 198      0569B9C9 
 198      EE62EC3B 
 198      FE668B
 199 037b BD5E32AF 		.ascii	"\275^2\257\027\315\033\250\371\301\272\241\027\032|"
 199      17CD1BA8 
 199      F9C1BAA1 
 199      171A7C
 200 038a 9D9917B6 		.ascii	"\235\231\027\266\334(T\011\261?\227b?/Y\237\027\255"
 200      DC285409 
 200      B13F9762 
ARM GAS  /tmp/ccmQEddI.s 			page 15


 200      3F2F599F 
 200      17AD
 201 039c 1BA9F5E3 		.ascii	"\033\251\365\343\275\375\243\236\3178\234\255T\240&"
 201      BDFDA39E 
 201      CF389CAD 
 201      54A026
 202 03ab 3AB2A7ED 		.ascii	":\262\247\355\326A\016?c|?>\314\266r\264\232\344\305"
 202      D6410E3F 
 202      637C3F3E 
 202      CCB672B4 
 202      9AE4C5
 203 03be C1AAD97B 		.ascii	"\301\252\331{\355L\247\227m\354\"\242\203;wl\177\341"
 203      ED4CA797 
 203      6DEC22A2 
 203      833B776C 
 203      7FE1
 204 03d0 366E895B 		.ascii	"6n\211[h\211\233\305\022\017&%^\020'\231~k\305\256\022"
 204      68899BC5 
 204      120F2625 
 204      5E102799 
 204      7E6BC5AE 
 205 03e5 3EC19D60 		.ascii	">\301\235`\320\005)\316\013b\234?\321\250\216\026\276"
 205      D00529CE 
 205      0B629C3F 
 205      D1A88E16 
 205      BE
 206 03f6 2E5253A7 		.ascii	".RS\247\213\3058:\326\265\355\267{\006a\245J.[\251\313"
 206      8BC5383A 
 206      D6B5EDB7 
 206      7B0661A5 
 206      4A2E5BA9 
 207 040b 9F45977C 		.ascii	"\237E\227|\006\277\205\323\310\3279\000d\360KHC\275"
 207      06BF85D3 
 207      C8D73900 
 207      64F04B48 
 207      43BD
 208 041d C119D0AF 		.ascii	"\301\031\320\257\357\034\353\327\330\241O\330\241-H"
 208      EF1CEBD7 
 208      D8A14FD8 
 208      A12D48
 209 042c 7C28C825 		.ascii	"|(\310%\030\224\335\334^\343\316\336\366\035\304\335"
 209      1894DDDC 
 209      5EE3CEDE 
 209      F61DC4DD 
 210 043c EECAE717 		.ascii	"\356\312\347\027\\\230\256\"\267\037\037.\233\300\336"
 210      5C98AE22 
 210      B71F1F2E 
 210      9BC0DE
 211 044b FEB5E4F6 		.ascii	"\376\265\344\366\345\276\254\004\015\273\335J\364:\353"
 211      E5BEAC04 
 211      0DBBDD4A 
 211      F43AEB
 212 045a F901252E 		.ascii	"\371\001%.V\322\234\267\346&\266b5\274\223\343?\354"
 212      56D29CB7 
 212      E626B662 
 212      35BC93E3 
 212      3FEC
ARM GAS  /tmp/ccmQEddI.s 			page 16


 213 046c 9D0C26CD 		.ascii	"\235\014&\315\315\257[\\p\031\263\337P_\332 \354<\215"
 213      CDAF5B5C 
 213      7019B3DF 
 213      505FDA20 
 213      EC3C8D
 214 047f 44DF5651 		.ascii	"D\337VQW\351\201+\330\315\333\311\267\352\\q\015S\304"
 214      57E9812B 
 214      D8CDDBC9 
 214      B7EA5C71 
 214      0D53C4
 215 0492 B0BC85B0 		.ascii	"\260\274\205\2602\272^@\332\353\330\315\312\262\323"
 215      32BA5E40 
 215      DAEBD8CD 
 215      CAB2D3
 216 04a1 0DC21466 		.ascii	"\015\302\024f\220\275m\240y\237\007S'\202z\262\257\251"
 216      90BD6DA0 
 216      799F0753 
 216      27827AB2 
 216      AFA9
 217 04b3 41CD66C4 		.ascii	"A\315f\304#\320\253,\327\276\300\215\314\362\354`Q\256"
 217      23D0AB2C 
 217      D7BEC08D 
 217      CCF2EC60 
 217      51AE
 218 04c5 303B0CEA 		.ascii	"0;\014\352\223\341\003I*2\037^L&\334\220r\331K\266 "
 218      93E10349 
 218      2A321F5E 
 218      4C26DC90 
 218      72D94BB6 
 219 04da A49D826E 		.ascii	"\244\235\202n\263\271\374\270\357\306q\027\357\255\302"
 219      B3B9FCB8 
 219      EFC67117 
 219      EFADC2
 220 04e9 F6FA8599 		.ascii	"\366\372\205\231\256\262\233\000\357\241\360;\310[4"
 220      AEB29B00 
 220      EFA1F03B 
 220      C85B34
 221 04f8 22E8EB6F 		.ascii	"\"\350\353o\366\326c9\272\343}\350\243\007\017\355T"
 221      F6D66339 
 221      BAE37DE8 
 221      A3070FED 
 221      54
 222 0509 E36616E6 		.ascii	"\343f\026\346\236g\335\367\204\232\371\201\2323T\031"
 222      9E67DDF7 
 222      849AF981 
 222      9A335419 
 223 0519 AFC2ADEC 		.ascii	"\257\302\255\354^Z\365\276\0267\334\306\024q\357\366"
 223      5E5AF5BE 
 223      1637DCC6 
 223      1471EFF6 
 224 0529 A67B375A 		.ascii	"\246{7Z{e\016\356`wjRR\273\021\276\306\224\307\011w"
 224      7B650EEE 
 224      60776A52 
 224      52BB11BE 
 224      C694C709 
 225 053e 7A840C4D 		.ascii	"z\204\014M\006u\373\305\007\323\360Mv\353mc\3354\334"
 225      0675FBC5 
ARM GAS  /tmp/ccmQEddI.s 			page 17


 225      07D3F04D 
 225      76EB6D63 
 225      DD34DC
 226 0551 CFAE1B4E 		.ascii	"\317\256\033N\346\345\"\374\210)\203\273\033\036\250"
 226      E6E522FC 
 226      882983BB 
 226      1B1EA8
 227 0560 F153A664 		.ascii	"\361S\246dZ\366\236R\341\347L\311y\271#G\203G\230\322"
 227      5AF69E52 
 227      E1E74CC9 
 227      79B92347 
 227      834798D2 
 228 0574 56DE9EE8 		.ascii	"V\336\236\350\201\3372%\261\2708\335\003\257u\241\312"
 228      81DF3225 
 228      B1B838DD 
 228      03AF75A1 
 228      CA
 229 0585 DACACE14 		.ascii	"\332\312\316\024/\346\264\207>\234\207z3\335\205\272"
 229      2FE6B487 
 229      3E9C877A 
 229      33DD85BA 
 230 0595 B8829E6C 		.ascii	"\270\202\236li\036Fx=\003\227\356\263\356\367\030\277"
 230      691E4678 
 230      3D0397EE 
 230      B3EEF718 
 230      BF
 231 05a6 12AFC44A 		.ascii	"\022\257\304J\314\240\205\330\323\371\266\310KHm\255"
 231      CCA085D8 
 231      D3F9B6C8 
 231      4B486DAD 
 232 05b6 58887640 		.ascii	"X\210v@\267Q\364k\232\332WbjK\322\0165\250\344\350\216"
 232      B751F46B 
 232      9ADA5762 
 232      6A4BD20E 
 232      35A8E4E8 
 233 05cb F7A03F6A 		.ascii	"\367\240?j\274\321{\324\035\371:\374\374|}'\371\372"
 233      BCD17BD4 
 233      1DF93AFC 
 233      FC7C7D27 
 233      F9FA
 234 05dd 1EE013E2 		.ascii	"\036\340\023\342\371\236\262\373\177\177<\330\313\363"
 234      F99EB2FB 
 234      7F7F3CD8 
 234      CBF3
 235 05eb A91ACA74 		.ascii	"\251\032\312t\005\336\014[\271I\322\223`\245\264\205"
 235      05DE0C5B 
 235      B949D293 
 235      60A5B485 
 236 05fb E4A8A016 		.ascii	"\344\250\240\026\265%]\032~k\010E?qD?\036\203N\227\320"
 236      B5255D1A 
 236      7E6B0845 
 236      3F71443F 
 236      1E834E97 
 237 0610 CF1DD12C 		.ascii	"\317\035\321,d\177\011|B\002?r\004?p\004\267J\340\353"
 237      647F097C 
 237      42023F72 
 237      043F7004 
ARM GAS  /tmp/ccmQEddI.s 			page 18


 237      B74AE0EB 
 238 0624 8EE0EE31 		.ascii	"\216\340\3561q\234\226\320\375\216\350\033\216\324\273"
 238      719C96D0 
 238      FD8EE81B 
 238      8ED4BB
 239 0633 25F033E7 		.ascii	"%\3603\347A\313\251\333$t\227#\372\252=z\015_{\365;"
 239      41CBA9DB 
 239      24749723 
 239      FAAA3D7A 
 239      0D5F7BF5 
 240 0648 027E83BC 		.ascii	"\002~\203\274\321\210\000\026\253\207.;\306\261Mb\036"
 240      D1880016 
 240      AB872E3B 
 240      C6B14D62 
 240      1E
 241 0659 7264D63A 		.ascii	"rd\326:`-\022\366\232\363(d\340S\022\370\276#\370\256"
 241      602D12F6 
 241      9AF32864 
 241      E05312F8 
 241      BE23F8AE 
 242 066d 23B84802 		.ascii	"#\270H\002\0178/\270\014l\225\300\235\316\327\222\277"
 242      0F382FB8 
 242      0C6C95C0 
 242      9DCED792 
 242      BF
 243 067e 948B6A9A 		.ascii	"\224\213j\232\213>\310\305-\001+\276R\204\232\310\323"
 243      8B3EC8C5 
 243      2D012BBE 
 243      52849AC8 
 243      D3
 244 068f BC57621E 		.ascii	"\274Wb\036td\356\221\230i\373T\233\006`^E@\012a\007"
 244      7464EE91 
 244      9869FB54 
 244      9B06605E 
 244      45400A61 
 245 06a4 51D8882A 		.ascii	"Q\330\210*\273\246\220\256\016S\252{\316\247/w|Rr\374"
 245      BBA690AE 
 245      0E53AA7B 
 245      CEA72F77 
 245      7C5272FC 
 246 06b8 D0F9AA64 		.ascii	"\320\371\252d\350\024\341\355\310#\263\002\275\004\304"
 246      E814E1ED 
 246      C823B302 
 246      BD04C4
 247 06c7 30BD49F0 		.ascii	"0\275I\360\020\002\332\304\371\241\365\234/J\005y\207"
 247      1002DAC4 
 247      F9A1F59C 
 247      2F4A0579 
 247      87
 248 06d8 7C513C9C 		.ascii	"|Q<\2347\202\244\200$\201\274\2051\036\316[@\022A6\203"
 248      3782A480 
 248      2481BC85 
 248      311ECE5B 
 248      40124136 
 249 06ed AC05D900 		.ascii	"\254\005\331\000\262\006\344G\220\004\220d\220Q\300"
 249      B206E447 
 249      90049064 
ARM GAS  /tmp/ccmQEddI.s 			page 19


 249      9051C0
 250 06fc AEE37C65 		.ascii	"\256\343|e\223\332/\005\371\324yv\344S\332!\241_8]X"
 250      93DA2F05 
 250      F9D47976 
 250      E453DA21 
 250      A15F385D 
 251 0711 0C4CBAA6 		.ascii	"\014L\272\246fk\236'\256\241/6\256-\376H>B\223\374\234"
 251      666B9E27 
 251      AEA12F36 
 251      AE2DFE48 
 251      3E4293FC 
 252 0726 CE146D87 		.ascii	"\316\024m\207\011\376\277'\313\252\333\335\205Hu\267"
 252      09FEBF27 
 252      CBAADBDD 
 252      854875B7 
 253 0736 81B334CE 		.ascii	"\201\2634\316\326\312\220b\263&d\335\256+\236vm\305"
 253      D6CA9062 
 253      B32664DD 
 253      AE2B9E76 
 253      6DC5
 254 0748 36D90415 		.ascii	"6\331\004\025h\007\307\232\0208\223W\371\353#\025\302"
 254      6807C79A 
 254      10389357 
 254      F9EB2315 
 254      C2
 255 0759 B643DEE4 		.ascii	"\266C\336\344On\017\337z\3176\232\316\011/\357\235\034"
 255      4F6E0FDF 
 255      7ACF369A 
 255      CE092FEF 
 255      9D1C
 256 076b 7D7B3F4F 		.ascii	"}{?O^7,t\001n\344\343\241o\357f\015\333\027\376\010"
 256      5E372C74 
 256      016EE4E3 
 256      A16FEF66 
 256      0DDB17FE 
 257 0780 6AFBCBAA 		.ascii	"j\373\313\252W\032|\221fOy|\355\215,O\3447\005\001\031"
 257      571A7C91 
 257      664F797C 
 257      ED8D2C4F 
 257      E4370501 
 258 0795 62DF8BE4 		.ascii	"b\337\213\344\303V\201285\332\303a\361\343x7\017\336"
 258      C3568132 
 258      3835DAC3 
 258      61F1E378 
 258      370FDE
 259 07a8 07FE4386 		.ascii	"\007\376C\206\341ZE\317\364\323q\340\000\357:Y\201f"
 259      E15A45CF 
 259      F4D371E0 
 259      00EF3A59 
 259      8166
 260 07ba D29D03ED 		.ascii	"\322\235\003\355\205\024g\320h\366sS\320>\026\316\372"
 260      851467D0 
 260      68F67353 
 260      D03E16CE 
 260      FA
 261 07cb CC1D4F3C 		.ascii	"\314\035O<\244"
 261      A4
ARM GAS  /tmp/ccmQEddI.s 			page 20


 262 07d0 7D1A51EE 		.ascii	"}\032Q\356\335p\177\027G\242\317\344\274\3059P\005,"
 262      DD707F17 
 262      47A2CFE4 
 262      BCC53950 
 262      052C
 263 07e2 CEBC2949 		.ascii	"\316\274)Iu\261KV\225]\017\226%$+\213&\253?\227\037"
 263      75B14B56 
 263      955D0F96 
 263      25242B8B 
 263      26AB3F97 
 264 07f7 F6C4AD6C 		.ascii	"\366\304\255l\237\333\322m\331O\372\313Z\370\342\332"
 264      9FDBD26D 
 264      D94FFACB 
 264      5AF8E2DA 
 265 0807 F9646162 		.ascii	"\371dab\374\305\215|\346Z\376\013\326J\037\220*s\200"
 265      FCC58D7C 
 265      E65AFE0B 
 265      D64A1F90 
 265      2A7380
 266 081a 937D2C1D 		.ascii	"\223},\035\344H\24390t1\005\343\004WJd-=u\316M J\337"
 266      E448A339 
 266      30743105 
 266      E304574A 
 266      642D3D75 
 267 0833 63D811CF 		.ascii	"c\330\021\3177B\374\276\224&[\242\311\226\323\034\242"
 267      3742FCBE 
 267      94265BA2 
 267      C996D31C 
 267      A2
 268 0844 34754356 		.ascii	"4uCV\370\314\332\316h\272\371\321]^\002Mu\352\002;\232"
 268      F8CCDACE 
 268      68BAF9D1 
 268      5D5E024D 
 268      75EA023B 
 269 0859 1C892647 		.ascii	"\034\211&GN\223Kir\206_n\360\304y\214\246\277vc\376"
 269      4E934B69 
 269      72865F6E 
 269      F0C4798C 
 269      A6BF7663 
 270 086e 0446536B 		.ascii	"\004FSk\275\002\017\312\032^\370:\310\223H\362\344$"
 270      BD020FCA 
 270      1A5EF83A 
 270      C89348F2 
 270      E424
 271 0880 F994E4F9 		.ascii	"\371\224\344\371\232\264c*\\\302H\012\216\354/\362\304"
 271      9AB4632A 
 271      5CC2480A 
 271      8EEC2FF2 
 271      C4
 272 0891 B54CD970 		.ascii	"\265L\331p\266n\257+t\325\3500\265\"M\365\243\372\\"
 272      B66EAF2B 
 272      74D5E830 
 272      B5224DF5 
 272      A3FA5C
 273 08a4 2C845A35 		.ascii	",\204Z5\024\236>x\007\266`\236O@>\324Q\201\350\010\025"
 273      149E3E78 
 273      07B6609E 
ARM GAS  /tmp/ccmQEddI.s 			page 21


 273      4F403ED4 
 273      5181E808 
 274 08b9 724AA249 		.ascii	"rJ\242I\276\216P_/_\2349\243\302k\334(}V\375\341M^\266"
 274      BE8E505F 
 274      2F5F9C39 
 274      A3C26BDC 
 274      287D56FD 
 275 08d1 3AAC4AB7 		.ascii	":\254J\267\257\303Q)\350\243r\242c\224\350@Gg\211+\336"
 275      AFC35129 
 275      E8A372A2 
 275      6394E840 
 275      4767892B 
 276 08e6 CE88AEEF 		.ascii	"\316\210\256\357?\235\200\204\231\237\012e\237\276Y"
 276      3F9D8084 
 276      999F0A65 
 276      9FBE59
 277 08f5 ECD3B748 		.ascii	"\354\323\267Hb)\222\263\024S\226m\207\316')q\001c\031"
 277      622992B3 
 277      1453966D 
 277      87CE2729 
 277      71016319 
 278 0909 2A1A7DED 		.ascii	"*\032}\355b\253f\234]\031J$\232\0229\315qJ\323\324{"
 278      62AB669C 
 278      5D194A24 
 278      9A1239CD 
 278      714AD3D4 
 279 091e E4AC27AE 		.ascii	"\344\254'\256b4\226\224\241F\265\255\232\301v4'$\232"
 279      62349694 
 279      A146B5AD 
 279      9AC17634 
 279      27249A
 280 0931 13729A52 		.ascii	"\023r\232RJ\323\223\321\2376\001[\030M\365\272]9JaN"
 280      4AD393D1 
 280      9F36015B 
 280      184DF5BA 
 280      5D394A61 
 281 0946 2FEDAA79 		.ascii	"/\355\252yR\"9)')\243$\27177g\273\341\353n\343\0240"
 281      52223929 
 281      2729A324 
 281      B9373767 
 281      BBE1EB6E 
 282 095d ED645DB9 		.ascii	"\355d]\271\213\255\200_\357<\266^`\246\324\247l\365"
 282      8BAD805F 
 282      EF3CB65E 
 282      60A6D4A7 
 282      6CF5
 283 096f 2B87FA9D 		.ascii	"+\207\372\235\222\263W\260\372\245\257\203\356\364\001"
 283      92B357B0 
 283      FAA5AF83 
 283      EEF401
 284 097e 63BF68CD 		.ascii	"c\277h\315:\352\202\2372\245\245\277\330\342\206\207"
 284      3AEA829F 
 284      32A5A5BF 
 284      D8E28687 
 285 098e 99B2B3FC 		.ascii	"\231\262\263\374\326\200'~\307\224\224\272\027\317<"
 285      D680277E 
 285      C79494BA 
ARM GAS  /tmp/ccmQEddI.s 			page 22


 285      17CF3C
 286 099d 70BC8AC1 		.ascii	"p\274\212\301\222R\267s8\221)O[\353\222\335\361V\246"
 286      9252B773 
 286      3891294F 
 286      5BEB92DD 
 286      F156A6
 287 09b0 249FE95C 		.ascii	"$\237\351\\\357\216\323\231\222u\267<\315\013g0\345"
 287      EF8ED399 
 287      9275B73C 
 287      CD0B6730 
 287      E5
 288 09c1 7457A916 		.ascii	"tW\251\026\347\261\353\374\362M7]p1Sn\227%\014)q)SZ"
 288      E7B1EBFC 
 288      F24D375D 
 288      7031536E 
 288      97250C29 
 289 09d9 2B7AEE78 		.ascii	"+z\356x\342\012\246\210\3573o\366>\033<x,\003\011\037"
 289      E20AA688 
 289      EF336FF6 
 289      3E1B3C78 
 289      2C03091F 
 290 09ed 58F0CD31 		.ascii	"X\360\3151\261/=a\223\03294\226Bg\371\372\340\352\207"
 290      B12F3D61 
 290      931A3934 
 290      964267F9 
 290      FAE0EA87 
 291 0a01 16A9B3AC 		.ascii	"\026\251\263\254\206\224X\307\333:\307l\264dW\262\216"
 291      869458C7 
 291      DB3AC76C 
 291      B46457B2 
 291      8E
 292 0a12 EDD1E468 		.ascii	"\355\321\344hYsT\347\310\335\343\330\226\310:\272ZG"
 292      597354E7 
 292      C8DDE3D8 
 292      96C83ABA 
 292      5A47
 293 0a24 F0D8A6F5 		.ascii	"\360\330\246\365\355U\033\272\301\021\255}\317^z\326"
 293      ED551BBA 
 293      C111AD7D 
 293      CF5E7AD6 
 294 0a34 791C72B4 		.ascii	"y\034r\264\254\231\252rD\217\351\274R%\3609G\360\330"
 294      AC99AA72 
 294      448FE9BC 
 294      5225F039 
 294      47F0D8
 295 0a47 3E54D66A 		.ascii	">T\326j\237q>GY\2034r\2256HVg\015Ri\227\217\324 U:R"
 295      9F713E47 
 295      59833472 
 295      95364856 
 295      670D5269 
 296 0a62 8DE99665 		.ascii	"\215\351\226e\215Y\215\363\"\373\217i\217\232`Kj\244"
 296      8D598DF3 
 296      22FB8F69 
 296      8F9A604B 
 296      6AA4
 297 0a74 5B9255E8 		.ascii	"[\222U\350\030.\303v\326\011\273\375O W@.\2014\203\374"
 297      182EC376 
ARM GAS  /tmp/ccmQEddI.s 			page 23


 297      D609BBFD 
 297      4F205740 
 297      2E813483 
 298 0a89 0C620169 		.ascii	"\014b\001i\001i\007\271\000\322\012\322\001\322\006"
 298      016907B9 
 298      00D20AD2 
 298      01D206
 299 0a98 72D1AE0D 		.ascii	"r\321\256\015\332*\305R\357<c\262\300e_2\247\235\327"
 299      DA2AC552 
 299      EF3C63B2 
 299      C0655F32 
 299      A79DD7
 300 0aab 429EDE37 		.ascii	"B\236\3367\322\2428\357tQ\370\013-\323\213\302\302n"
 300      D2A238EF 
 300      7451F80B 
 300      2DD38BC2 
 300      C26E
 301 0abd 0F3C4C1F 		.ascii	"\017<L\037 n\244\243\375\026vl\231\304\331\243k0\351"
 301      206EA4A3 
 301      FD16766C 
 301      99C4D9A3 
 301      6B30E9
 302 0ad0 FF550258 		.ascii	"\377U\002X]\313Yk\324\005\244W\245\367\233Ul\215\366"
 302      5DCB596B 
 302      D405A457 
 302      A5F79B55 
 302      6C8DF6
 303 0ae3 150EDF55 		.ascii	"\025\016\337U\332\355\366]v\255Q\267\260\333w\323\335"
 303      DAEDF65D 
 303      76AD51B7 
 303      B0DB77D3 
 303      DD
 304 0af4 7EC4B279 		.ascii	"~\304\262y\235\013\216w\247\257\202\272\356\242\"\025"
 304      9D0B8E77 
 304      A7AF82BA 
 304      EEA22215 
 305 0b04 4E66CA68 		.ascii	"Nf\312hoM\217;N\241\212\353@r\266\005!\372\374Ob\271"
 305      6F4D8F3B 
 305      4EA18AEB 
 305      4072B605 
 305      21FAFC4F 
 306 0b1a AAB2C856 		.ascii	"\252\262\310V\320\015\210\243\357}\237.\255\026\351"
 306      D00D88A3 
 306      EF7D9F2E 
 306      AD16E9
 307 0b29 4BCE113B 		.ascii	"K\316\021;\246h\026\011\334\343\034\314\212&\244\303"
 307      A6681609 
 307      DCE31CCC 
 307      8A26A4C3 
 308 0b39 4297799F 		.ascii	"B\227y\237\263e^#\017\362\274\323 \2354\366\322?=\372"
 308      B3655E23 
 308      0FF2BCD3 
 308      209D34F6 
 308      D23F3DFA 
 309 0b4d 84C2F542 		.ascii	"\204\302\365B\341nB!\356\200\334\002\271-\024\004\322"
 309      E16E4221 
 309      EE80DC02 
ARM GAS  /tmp/ccmQEddI.s 			page 24


 309      B92D1404 
 309      D2
 310 0b5e 94DE3BDA 		.ascii	"\224\336;\332\203p:M\023\227\372\252\240Y\205\374&\261"
 310      83703A4D 
 310      1397FAAA 
 310      A05985FC 
 310      26B1
 311 0b70 C8DA5369 		.ascii	"\310\332Si\241\356\001I\277T\250>Z(\247\016\321]\360"
 311      A1EE0149 
 311      BF54A83E 
 311      5A28A70E 
 311      D15DF0
 312 0b83 F3013E37 		.ascii	"\363\001>7]\357,\302v%\276gW\342\373B\211\357\323\022"
 312      5DEF2CC2 
 312      7625BE67 
 312      57E2FB42 
 312      89EFD312 
 313 0b97 F76C7A58 		.ascii	"\367lzX\346e\207n\261k\377\036\010hrV-\370j\311T\235"
 313      E665876E 
 313      B16BFF1E 
 313      08687256 
 313      2DF86AC9 
 314 0bad BFBF426D 		.ascii	"\277\277Bm0\304\231\242\3143\003\014\346Y\332\270\330"
 314      30C499A2 
 314      CC33030C 
 314      E659DAB8 
 314      D8
 315 0bbe 186D484C 		.ascii	"\030mHL\344\247Q\321Q\306O\215!\241&\255)*,\"n\251Q"
 315      E4A751D1 
 315      51C64F8D 
 315      21A126AD 
 315      292A2C22 
 316 0bd5 1B191216 		.ascii	"\033\031\022\026n\2122j\015K\215\313B\342\"\314\006"
 316      6E8A326A 
 316      0D4B8DCB 
 316      42E222CC 
 316      06
 317 0be6 F3EA15C6 		.ascii	"\363\352\025\306\330\351\341\012\225h\375\311{\254c"
 317      D8E9E10A 
 317      9568FDC9 
 317      7BAC63
 318 0bf5 57C76A0D 		.ascii	"W\307j\015\261\346\245\000%&\337\030\303\314\3211\237"
 318      B1E6A500 
 318      2526DF18 
 318      C3CCD131 
 318      9F
 319 0c06 EB664DD7 		.ascii	"\353fM\327\352\302M\241\246\305A\332\350XmxH\204vEt"
 319      EAC24DA1 
 319      A6C541DA 
 319      E8586D78 
 319      48847645 
 320 0c1b 8C39561B 		.ascii	"\2149V\033\024\03483@\373\345\227s\265\301\213\002W"
 320      141C3833 
 320      40FBE597 
 320      73B5C18B 
 320      0257
 321 0c2d FA933B60 		.ascii	"\372\223;`m\210\210X:=L\341\301\256\014\246(\223\331"
ARM GAS  /tmp/ccmQEddI.s 			page 25


 321      6D888858 
 321      3A3D4CE1 
 321      C1AE0CA6 
 321      2893D9
 322 0c40 DB400C0C 		.ascii	"\333@\014\014\246\230\177\032\214+L\021\321\313\343"
 322      A6987F1A 
 322      8C2B4C11 
 322      D1CBE3
 323 0c4f 8CAA18E3 		.ascii	"\214\252\030\343r\010\302`\376\235\035yXtddt\224\300"
 323      7208C260 
 323      FE9D1D79 
 323      58746464 
 323      7494C0
 324 0c62 3F5B1FA8 		.ascii	"?[\037\250\013\\\245\015\013\017\213\2161B@\323?\020"
 324      0B5CA50D 
 324      0B0F8B8E 
 324      314240D3 
 324      3F10
 325 0c74 6A58F959 		.ascii	"jX\371Y$\300}\014KC\227\033\302\302\215a?\030\"\214"
 325      24C07D0C 
 325      4B43971B 
 325      C2C28D61 
 325      3F18228C 
 326 0c88 212B8D06 		.ascii	"!+\215\006Sl\314\307v\0341f\333\334\303\302\227\032"
 326      536CCCC7 
 326      761C3166 
 326      DBDCC3C2 
 326      971A
 327 0c9a 43E39683 		.ascii	"C\343\226\203\335\257dvqQ\021\321pZ\026\023\035I\254"
 327      DDAF6476 
 327      715111D1 
 327      705A1613 
 327      1D49AC
 328 0cad BDC3C283 		.ascii	"\275\303\302\203V\307\006\233\"\2151\013C\242\226F\030"
 328      56C7069B 
 328      228D310B 
 328      43A29646 
 328      18
 329 0cbe 63164D1D 		.ascii	"c\026M\035\237\020\322\011t\223\345a\310\311\344\361"
 329      9F10D209 
 329      7493E561 
 329      C8C9E4F1 
 330 0cce 19A3CCC6 		.ascii	"\031\243\314\306\030281j\245)l^THh\204\221\245\377\367"
 330      18323831 
 330      6AA5296C 
 330      5E544868 
 330      8491A5FF 
 331 0ce3 E3245F98 		.ascii	"\343$_\230\2760qb\005\276\\t\272@\375Ln\261^97p\266"
 331      BE307162 
 331      05BE5C74 
 331      BA40FD4C 
 331      6EB15E39 
 332 0cfa 1ECFD5E9 		.ascii	"\036\317\325\351\225s\346\006\353\261N\247\307z\220"
 332      9573E606 
 332      EBB14EA7 
 332      C77A90
 333 0d09 D97A3DFE 		.ascii	"\331z=\376:H\207u_\005+u\272yz\212\017\240G\177<o\201"
ARM GAS  /tmp/ccmQEddI.s 			page 26


 333      3A488775 
 333      5F052B75 
 333      BA797A8A 
 333      0FA0477F 
 334 0d20 9E0B02CB 		.ascii	"\236\013\002\313E\363\364\312\240@@\353\364\001 \376"
 334      45F3F4CA 
 334      A04040EB 
 334      F40120FE 
 335 0d30 80FCAB7E 		.ascii	"\200\374\253~\346\007\256\201Xs$Ye&R\000\017\233b0+"
 335      E607AE81 
 335      58732459 
 335      65265200 
 335      0F9B6230 
 336 0d45 C3C24362 		.ascii	"\303\302Cb\274\243cC\" \201_B\032\346C\026\026\005\351"
 336      BCA36343 
 336      2220815F 
 336      421AE643 
 336      161605E9 
 337 0d59 A78EE125 		.ascii	"\247\216\341%\030\222Gr\006\222\2114\3452\013o\272\226"
 337      18924772 
 337      06928934 
 337      E5320B6F 
 337      BA96
 338 0d6b EC32E96E 		.ascii	"\3542\351n\033\232`0,5\305\222\354\221\3256!$\342_!"
 338      1B9A6030 
 338      2C35C592 
 338      EC91D536 
 338      2124E25F 
 339 0d80 AB63610D 		.ascii	"\253ca\015F\300C\021\340l\371\030W\231\265\272\300\240"
 339      46C04311 
 339      E06CF918 
 339      5799B5BA 
 339      C0A0
 340 0d92 454152DD 		.ascii	"EAR\335\"cM\261\206\345a$\237\223H\020\213\355\013\356"
 340      22634DB1 
 340      86E56124 
 340      9F934810 
 340      8BED0BEE 
 341 0da6 234C6209 		.ascii	"#Lb\011]\032bP4J\273!\037\032\224\303\002\362\220\015"
 341      5D1A6250 
 341      344ABB21 
 341      1F1A94C3 
 341      02F2900D 
 342 0dba 6A0C5076 		.ascii	"j\014Pv1T\027\335\374\005\372\231\364\030\3406{\341"
 342      315417DD 
 342      FC05FA99 
 342      F418E036 
 342      7BE1
 343 0dcc 1C7D1029 		.ascii	"\034}\020)[\020\251\237N\3576\373\3539\376\363\276\242"
 343      5B10A99F 
 343      4EEF36FB 
 343      EB39FEF3 
 343      BEA2
 344 0dde E70038BB 		.ascii	"\347\0008\273\002\000N*2L\200\344\"\200Y,\322+\011\007"
 344      02004E2A 
 344      324C80E4 
 344      2280592C 
ARM GAS  /tmp/ccmQEddI.s 			page 27


 344      D22B0907 
 345 0df2 A7D3FFE9 		.ascii	"\247\323\377\351\375\323\015\012f\265\233?c\325*V\265"
 345      FDD30D0A 
 345      66B59B3F 
 345      63D52A56 
 345      B5
 346 0e03 65336605 		.ascii	"e3f\005\254\372\214\324M\257\323\031\202\341\3051\327"
 346      ACFA8CD4 
 346      4DAFD319 
 346      82E1C531 
 346      D7
 347 0e14 B8CC95F8 		.ascii	"\270\314\225\370\230\377\255\353\242\271\272\305s\347"
 347      98FFADEB 
 347      A2B9BAC5 
 347      73E7
 348 0e22 112D60FE 		.ascii	"\021-`\376\267\236s\347,\010\324-\0211\377\0050\332"
 348      B79E73E7 
 348      2C08D42D 
 348      1131FF05 
 348      30DA
 349 0e34 2468     		.ascii	"$h"
 350              		.text
 351              		.section	.gnu.lto_.symtab.85a7cded9314ab1c,"",%progbits
 352 0000 56656374 		.ascii	"Vector7C\000"
 352      6F723743 
 352      00
 353 0009 00       		.ascii	"\000"
 354 000a 00       		.ascii	"\000"
 355 000b 00       		.ascii	"\000"
 356 000c 00000000 		.ascii	"\000\000\000\000\000\000\000\000"
 356      00000000 
 357 0014 B5000000 		.ascii	"\265\000\000\000"
 358 0018 73745F6C 		.ascii	"st_lld_init\000"
 358      6C645F69 
 358      6E697400 
 359 0024 00       		.ascii	"\000"
 360 0025 00       		.ascii	"\000"
 361 0026 00       		.ascii	"\000"
 362 0027 00000000 		.ascii	"\000\000\000\000\000\000\000\000"
 362      00000000 
 363 002f B7000000 		.ascii	"\267\000\000\000"
 364 0033 5F706F72 		.ascii	"_port_irq_epilogue\000"
 364      745F6972 
 364      715F6570 
 364      696C6F67 
 364      756500
 365 0046 00       		.ascii	"\000"
 366 0047 02       		.ascii	"\002"
 367 0048 00       		.ascii	"\000"
 368 0049 00000000 		.ascii	"\000\000\000\000\000\000\000\000"
 368      00000000 
 369 0051 BE000000 		.ascii	"\276\000\000\000"
 370 0055 5F646267 		.ascii	"_dbg_check_leave_isr\000"
 370      5F636865 
 370      636B5F6C 
 370      65617665 
 370      5F697372 
ARM GAS  /tmp/ccmQEddI.s 			page 28


 371 006a 00       		.ascii	"\000"
 372 006b 02       		.ascii	"\002"
 373 006c 00       		.ascii	"\000"
 374 006d 00000000 		.ascii	"\000\000\000\000\000\000\000\000"
 374      00000000 
 375 0075 C0000000 		.ascii	"\300\000\000\000"
 376 0079 5F646267 		.ascii	"_dbg_check_unlock_from_isr\000"
 376      5F636865 
 376      636B5F75 
 376      6E6C6F63 
 376      6B5F6672 
 377 0094 00       		.ascii	"\000"
 378 0095 02       		.ascii	"\002"
 379 0096 00       		.ascii	"\000"
 380 0097 00000000 		.ascii	"\000\000\000\000\000\000\000\000"
 380      00000000 
 381 009f C2000000 		.ascii	"\302\000\000\000"
 382 00a3 63685379 		.ascii	"chSysTimerHandlerI\000"
 382      7354696D 
 382      65724861 
 382      6E646C65 
 382      724900
 383 00b6 00       		.ascii	"\000"
 384 00b7 02       		.ascii	"\002"
 385 00b8 00       		.ascii	"\000"
 386 00b9 00000000 		.ascii	"\000\000\000\000\000\000\000\000"
 386      00000000 
 387 00c1 C4000000 		.ascii	"\304\000\000\000"
 388 00c5 5F646267 		.ascii	"_dbg_check_lock_from_isr\000"
 388      5F636865 
 388      636B5F6C 
 388      6F636B5F 
 388      66726F6D 
 389 00de 00       		.ascii	"\000"
 390 00df 02       		.ascii	"\002"
 391 00e0 00       		.ascii	"\000"
 392 00e1 00000000 		.ascii	"\000\000\000\000\000\000\000\000"
 392      00000000 
 393 00e9 C6000000 		.ascii	"\306\000\000\000"
 394 00ed 5F646267 		.ascii	"_dbg_check_enter_isr\000"
 394      5F636865 
 394      636B5F65 
 394      6E746572 
 394      5F697372 
 395 0102 00       		.ascii	"\000"
 396 0103 02       		.ascii	"\002"
 397 0104 00       		.ascii	"\000"
 398 0105 00000000 		.ascii	"\000\000\000\000\000\000\000\000"
 398      00000000 
 399 010d C8000000 		.ascii	"\310\000\000\000"
 400 0111 6E766963 		.ascii	"nvicEnableVector\000"
 400      456E6162 
 400      6C655665 
 400      63746F72 
 400      00
 401 0122 00       		.ascii	"\000"
 402 0123 02       		.ascii	"\002"
ARM GAS  /tmp/ccmQEddI.s 			page 29


 403 0124 00       		.ascii	"\000"
 404 0125 00000000 		.ascii	"\000\000\000\000\000\000\000\000"
 404      00000000 
 405 012d CE000000 		.ascii	"\316\000\000\000"
 406              		.text
 407              		.section	.gnu.lto_.opts,"",%progbits
 408 0000 272D666D 		.ascii	"'-fmath-errno' '-fsigned-zeros' '-ftrapping-math' '"
 408      6174682D 
 408      6572726E 
 408      6F272027 
 408      2D667369 
 409 0033 2D666E6F 		.ascii	"-fno-trapv' '-fno-openmp' '-fno-openacc' '-mcpu=cor"
 409      2D747261 
 409      70762720 
 409      272D666E 
 409      6F2D6F70 
 410 0066 7465782D 		.ascii	"tex-m0' '-mno-thumb-interwork' '-mthumb' '-ggdb' '-"
 410      6D302720 
 410      272D6D6E 
 410      6F2D7468 
 410      756D622D 
 411 0099 4F322720 		.ascii	"O2' '-Werror' '-fomit-frame-pointer' '-falign-funct"
 411      272D5765 
 411      72726F72 
 411      2720272D 
 411      666F6D69 
 412 00cc 696F6E73 		.ascii	"ions=16' '-ffunction-sections' '-fdata-sections' '-"
 412      3D313627 
 412      20272D66 
 412      66756E63 
 412      74696F6E 
 413 00ff 666E6F2D 		.ascii	"fno-common' '-flto'\000"
 413      636F6D6D 
 413      6F6E2720 
 413      272D666C 
 413      746F2700 
 414              		.text
 415              		.comm	__gnu_lto_v1,1,1
 416              		.comm	__gnu_lto_slim,1,1
 417              		.ident	"GCC: (GNU Tools for ARM Embedded Processors) 5.4.1 20160609 (release) [ARM/embedded-5-bran
ARM GAS  /tmp/ccmQEddI.s 			page 30


DEFINED SYMBOLS
                            *ABS*:0000000000000000 hal_st_lld.c
                            *COM*:0000000000000001 __gnu_lto_v1
                            *COM*:0000000000000001 __gnu_lto_slim

NO UNDEFINED SYMBOLS
