ARM GAS  /tmp/ccwq0GZB.s 			page 1


   1              		.syntax unified
   2              		.cpu cortex-m0
   3              		.fpu softvfp
   4              		.eabi_attribute 20, 1
   5              		.eabi_attribute 21, 1
   6              		.eabi_attribute 23, 3
   7              		.eabi_attribute 24, 1
   8              		.eabi_attribute 25, 1
   9              		.eabi_attribute 26, 1
  10              		.eabi_attribute 30, 2
  11              		.eabi_attribute 34, 0
  12              		.eabi_attribute 18, 4
  13              		.thumb
  14              		.syntax unified
  15              		.file	"hal_pal.c"
  16              		.text
  17              	.Ltext0:
  18              		.section	.gnu.lto_.profile.a7465f0d1bc86797,"",%progbits
  19 0000 789C6361 		.ascii	"x\234ca`d`a`\000\222\021\206\000\001K\000\224"
  19      60646061 
  19      60009211 
  19      8600014B 
  19      0094
  20              		.text
  21              		.section	.gnu.lto_.icf.a7465f0d1bc86797,"",%progbits
  22 0000 789C6361 		.ascii	"x\234ca`d\000\0015\006\004`cX\263\360\325z^\306\331"
  22      60640001 
  22      35060460 
  22      6358B3F0 
  22      D57A5EC6 
  23 0015 8F565CE3 		.ascii	"\217V\\\343a\272\363i\331O&\346\363S>\2643\262\334;"
  23      61BAF369 
  23      D94F26E6 
  23      F3533EB4 
  23      33B2DC3B 
  24 0029 F9EC0D2F 		.ascii	"\371\354\015/\353\321\203\223\257\2623\000\000t\205"
  24      EBD18393 
  24      AFB23300 
  24      007485
  25 0038 1300     		.ascii	"\023\000"
  26              		.text
  27              		.section	.gnu.lto_.jmpfuncs.a7465f0d1bc86797,"",%progbits
  28 0000 789C6D8D 		.ascii	"x\234m\215\261\015\2000\020\003m\177D\211X\227\352#"
  28      B10D8030 
  28      10036D7F 
  28      44895897 
  28      EA23
  29 0012 A114D980 		.ascii	"\241\024\331\200\015\200)\030\212\016)\022\011)hp\353"
  29      0D802918 
  29      8A0E2912 
  29      09296870 
  29      EB
  30 0023 3B3B8068 		.ascii	";;\200hI\370b \351b\021\227\373\274F/q\215qJ\206l\265"
  30      49F86220 
  30      E9621197 
  30      FBBC462F 
  30      718D714A 
ARM GAS  /tmp/ccwq0GZB.s 			page 2


  31 003a E6460703 		.ascii	"\346F\007\003$\322\374\217c\266\272\312\275s\341\345"
  31      24D2FC8F 
  31      63B6BACA 
  31      BD73E1E5 
  32 004a 38F471CD 		.ascii	"8\364q\315\355\360GR6U\351\350\022\036\207V!\234"
  32      EDF04752 
  32      3655E9E8 
  32      121E8756 
  32      219C
  33              		.text
  34              		.section	.gnu.lto_.inline.a7465f0d1bc86797,"",%progbits
  35 0000 789C6361 		.ascii	"x\234ca`d\000\001\017\010\005\006\314\014\014\002\""
  35      60640001 
  35      0F080506 
  35      CC0C0C02 
  35      22
  36 0011 8C6C0C0A 		.ascii	"\214l\014\012Y\177\231\030\247\265\036:\317\376\205"
  36      597F9918 
  36      A7B51E3A 
  36      CFFE85
  37 0020 A9959999 		.ascii	"\251\225\231\231\221\201q9\243\014\003\203B6\224\316"
  37      91817139 
  37      A30C0383 
  37      423694CE 
  38 0030 004AAF59 		.ascii	"\000J\257Y\366\361\000?H\232\205\221\237q\005\243\014"
  38      F6F1003F 
  38      489A8591 
  38      9F7105A3 
  38      0C
  39 0041 B3038342 		.ascii	"\263\003\203B:\214\0012\023H0;\260r\256pc\340\274a\306"
  39      3A8C0132 
  39      1348303B 
  39      B072AE70 
  39      63E0BC61 
  40 0056 C4C0B240 		.ascii	"\304\300\262@\336\201\201q\011{\003#\007\023\003\353"
  40      DE818171 
  40      097B0323 
  40      071303EB 
  41 0066 1615200D 		.ascii	"\026\025 \015\262\222\211\233A\004\350\022&\006QIFv"
  41      B292899B 
  41      4104E812 
  41      26065149 
  41      4676
  42 0078 A0C5E836 		.ascii	"\240\305\3506\3416\232\021\304d\023|\321\302\210\333"
  42      E1369A11 
  42      C464137C 
  42      D1C288DB 
  43 0088 02A60BFC 		.ascii	"\002\246\013\374\015LH\326\2600\010\311\203\375G\274"
  43      0D4C48D6 
  43      B03008C9 
  43      83FD47BC 
  44 0098 35ACAC1D 		.ascii	"5\254\254\035\352x}\300\302\013\014\270\011~ \010\265"
  44      EA787DC0 
  44      C20B0CB8 
  44      097E2008 
  44      B5
  45 00a9 85010013 		.ascii	"\205\001\000\023\3014\226"
ARM GAS  /tmp/ccwq0GZB.s 			page 3


  45      C13496
  46              		.text
  47              		.section	.gnu.lto_.pureconst.a7465f0d1bc86797,"",%progbits
  48 0000 789C6361 		.ascii	"x\234ca`d`g```f\220b\222b\221\004\000\001\263\000c"
  48      60646067 
  48      60606066 
  48      90629262 
  48      91040001 
  49              		.text
  50              		.section	.gnu.lto_palReadBus.a7465f0d1bc86797,"",%progbits
  51 0000 789C8D52 		.ascii	"x\234\215R]KTQ\024\335\353\234{\347\336\031G\247\307"
  51      5D4B5451 
  51      14DDEB9C 
  51      7BE7DE19 
  51      47A7C7
  52 0013 1EA4A408 		.ascii	"\036\244\244\010\361!/\376\206z\350-\250\037\020*\201"
  52      F1212FFE 
  52      867AE82D 
  52      A81F102A 
  52      81
  53 0024 9290243E 		.ascii	"\222\220$>\317\321;7\024\"\364\241\017\264\260\036\314"
  53      CFD13B37 
  53      1422F4A1 
  53      0FB4B01E 
  53      CC
  54 0035 CC6FFBD4 		.ascii	"\314o\373\324\254\304\240/\2500\202\302\210\314BBzp"
  54      ACC4A02F 
  54      A83082C2 
  54      88CC4242 
  54      7A70
  55 0047 AC08229D 		.ascii	"\254\010\"\235\366>3\351<z\341\236s\366\276k\257\275"
  55      F63E33E9 
  55      3C7AE19E 
  55      73F6BE6B 
  55      AFBD
  56 0059 F63AD721 		.ascii	"\366:\327!\220<\255\232h\037\357\007\371E\214\240\272"
  56      903CAD9A 
  56      681FEF07 
  56      F9458CA0 
  56      BA
  57 006a 5E11B5F9 		.ascii	"^\021\265\371J9W\\2\011\275\372\214\310$\265r\336\006"
  57      4A39575C 
  57      3209BDFA 
  57      8CC824B5 
  57      72DE06
  58 007d 1CBA33BB 		.ascii	"\034\2723\2738r\340\346Q. \007\343\203\322J;.\322\370"
  58      3872E0E6 
  58      512E2007 
  58      E383D24A 
  58      3B2ED2F8 
  59 0091 A5D615E6 		.ascii	"\245\326\025\3463\343\227\364O\025i\202\303a\366e\317"
  59      33E397F4 
  59      4F156982 
  59      C361F665 
  59      CF
  60 00a2 97320981 		.ascii	"\2272\011\201\012\016{\315\233N\257j\300\230v\263\330"
  60      0A0E7BCD 
ARM GAS  /tmp/ccwq0GZB.s 			page 4


  60      9B4EAF6A 
  60      C09876B3 
  60      D8
  61 00b3 BFD4DC1D 		.ascii	"\277\324\334\035F\207\"\255(\247\010\327Q\216\001\224"
  61      468722AD 
  61      28A708D7 
  61      518E0194 
  62 00c3 8B964154 		.ascii	"\213\226AT16\232\277pZ\353= >\177\374\2648\350W\366"
  62      31369ABF 
  62      705AEB3D 
  62      203E7FFC 
  62      B438E857 
  63 00d8 4B9DE93E 		.ascii	"K\235\351>n\342\221\326\270\001]\\\307)\302\020*\005"
  63      6EE291D6 
  63      B8015D5C 
  63      C729C210 
  63      2A05
  64 00ea BE34B171 		.ascii	"\2764\261q\2564\2261\374Tt\362\224\214c\332a\304xpp"
  64      AE349631 
  64      FC5474F2 
  64      948C63DA 
  64      61C47870 
  65 00ff 62ECC8AC 		.ascii	"b\354\310\254\311\345Bczk\316\356M*H\235\303\014N\214"
  65      C9E54263 
  65      7A6BCEEE 
  65      4D2A489D 
  65      C30C4E8C 
  66 0113 17D7E325 		.ascii	"\027\327\343%\346K\030\227SB\226\022\022\235\264\312"
  66      E64B1897 
  66      53429612 
  66      129DB4CA 
  67 0123 AF8C9D55 		.ascii	"\257\214\235UJv\375\031\231\205p\354\214\026\356P\313"
  67      4A76FD19 
  67      998570EC 
  67      8C16EE50 
  67      CB
  68 0134 FCE7A3B9 		.ascii	"\374\347\243\271\327\236\014\254A\030\261\363\010\\"
  68      D79E0CAC 
  68      4118B1F3 
  68      085C
  69 0142 13BBA997 		.ascii	"\023\273\251\227\321>\215<V\314\371\375\364EG\262\017"
  69      D13E8D3C 
  69      56CCF9FD 
  69      F44547B2 
  69      0F
  70 0153 9711698F 		.ascii	"\227\021i\217\253\363p\316\367\177m\037\365\202\375"
  70      ABF370CE 
  70      F77F6D1F 
  70      F582FD
  71 0162 91F6318A 		.ascii	"\221\3661\212>l\210z\302\030\002\342~\357\365\026\301"
  71      3E6C887A 
  71      C21802E2 
  71      7EEFF516 
  71      C1
  72 0173 F0B5EC6C 		.ascii	"\360\265\354lJ\232\371Ha|\263\231C\0135\372\033\034"
  72      4A9AF948 
  72      617CB399 
ARM GAS  /tmp/ccwq0GZB.s 			page 5


  72      430B35FA 
  72      1B1C
  73 0185 010ADFD4 		.ascii	"\001\012\337\324\324\367\017^z\335t\030\263#\322\361"
  73      D4F70F5E 
  73      7ADD7418 
  73      B323D2F1 
  74 0195 9C121B26 		.ascii	"\234\022\033&\220\246b\275\011kt\370\347\321\2172\206"
  74      90A662BD 
  74      096B74F8 
  74      E7D18F32 
  74      86
  75 01a6 5EB4D084 		.ascii	"^\264\320\204\230'\351\347=C'Xh[\227M\227\340&_\367"
  75      9827E9E7 
  75      3D432758 
  75      685B974D 
  75      97E0265F 
  76 01bb 64416D6E 		.ascii	"dAmner4\316%;\205\343\026\353\265mq\033\351H'\255\036"
  76      657234CE 
  76      253B85E3 
  76      16EBB56D 
  76      711BE948 
  77 01d2 D77A25C3 		.ascii	"\327z%\303g\237\\-\310\217mg\376R\334\261\363\313\377"
  77      679F5C2D 
  77      C88F6D67 
  77      FE52DCB1 
  77      F3CBFF
  78 01e5 8ABB3CFF 		.ascii	"\212\273<\3772\346\376\033\350\025\213/\265\342\213"
  78      32E6FE1B 
  78      E8158B2F 
  78      B5E28B
  79 01f4 F8CAB803 		.ascii	"\370\312\270\003\356\025\370\336\255\255=N\006#&\303"
  79      EE15F8DE 
  79      ADAD3D4E 
  79      062326C3 
  80 0204 1F5298B2 		.ascii	"\037R\230\262\224\366\217\230\266\224\233w\342o\357"
  80      94F68F98 
  80      B6949B77 
  80      E26FEF
  81 0213 4EEE6FDD 		.ascii	"N\356o\335\311\214%\010\327by\202x(E~1gb;\234\012\017"
  81      C98C2508 
  81      D7627982 
  81      7828457E 
  81      3167623B 
  82 022a 2CA7B88D 		.ascii	",\247\270\215\207y\316\277\005\316\022K\233\240\025"
  82      8779CEBF 
  82      05CE124B 
  82      9BA015
  83 0239 A842423A 		.ascii	"\250BB:\257\262'l*\253\330]\035\034hh\254k<|48\331\022"
  83      AFB2276C 
  83      2AABD85D 
  83      1D1C6868 
  83      AC6B3C7C 
  84 0251 34D43605 		.ascii	"4\3246\005-\247\352e?\326\\\333T]O\272\256\265\345\037"
  84      2DA7EA65 
  84      3FD65CDB 
  84      545D4FBA 
  84      AEB5E51F 
ARM GAS  /tmp/ccwq0GZB.s 			page 6


  85 0265 27CF218F 		.ascii	"'\317!\217"
  86              		.text
  87              		.section	.gnu.lto_palWriteBus.a7465f0d1bc86797,"",%progbits
  88 0000 789C8D52 		.ascii	"x\234\215R[KTQ\024\336\337\331\347\234\271:3\365\324"
  88      5B4B5451 
  88      14DEDFD9 
  88      E79CB93A 
  88      33F5D4
  89 0013 83941424 		.ascii	"\203\224\024$\006y\3627\024AOA\375\200P\013\224\204"
  89      0679F237 
  89      14414F41 
  89      FD80500B 
  89      9484
  90 0025 A2A9E7D9 		.ascii	"\242\251\347\331:N\031\021\330C\026\242\030\201\251"
  90      3A4E1911 
  90      D84316A2 
  90      1881A9
  91 0034 79B78B69 		.ascii	"y\267\213i\226\223\021Vt\301\212\012#\2642\011\211\230"
  91      96931156 
  91      74C18A0A 
  91      23B43209 
  91      8998
  92 0046 D1A2889C 		.ascii	"\321\242\210\234i\255='\035zr\303Y\373\354\265\327\372"
  92      69AD3D27 
  92      1D7A72C3 
  92      59FBECB5 
  92      D7FA
  93 0058 D6B7BEB5 		.ascii	"\326\267\276\265M\001\301k\217)\3046\332w\321\007[\300"
  93      4D01C16B 
  93      8F29C436 
  93      DA77D107 
  93      5BC0
  94 006a 687C2644 		.ascii	"h|&D\255\3270\314K\226P~\231z(\204\012J\303|\345\320"
  94      ADD730CC 
  94      4B96507E 
  94      997A2884 
  94      0A4AC37C 
  95 0080 D11ADB48 		.ascii	"\321\032\333H'\023V.\312\002\370Gy!b\2064-\304\360\303"
  95      2713562E 
  95      CA02F847 
  95      79216286 
  95      342DC4F0 
  96 0095 58363071 		.ascii	"X60qj~\304(\351P\264f\037|\333\241:\223HH!\262\206."
  96      6A7EC428 
  96      E950B466 
  96      1F7CDBA1 
  96      3A934848 
  97 00ad 29D08112 		.ascii	")\320\201\022\212\232\252\037h\221\337\215\204\004L"
  97      8A9AAA1F 
  97      6891DF8D 
  97      84044C
  98 00bc 3AA69F36 		.ascii	":\246\2376\177\012\361\321@\021\035\023S\027NJ\271\031"
  98      7F0AF1D1 
  98      40111D13 
  98      53174E4A 
  98      B919
  99 00ce 82FEDFCF 		.ascii	"\202\376\337\317\314vy\213\333\225\252Sj\351\240\362"
ARM GAS  /tmp/ccwq0GZB.s 			page 7


  99      CC76798B 
  99      DB95AA53 
  99      6AE9A0F2 
 100 00de 25A4C455 		.ascii	"%\244\304UH\302C\027\012\321\211BA.\201n\024Stk\346"
 100      48C24317 
 100      0AD18942 
 100      412E816E 
 100      1453746B 
 101 00f3 F264406E 		.ascii	"\362d@n\325\231#m-]\266\2339|\2103M\364\374\237i\012"
 101      D599236D 
 101      2D5DB69B 
 101      397C8833 
 101      4DF4FC9F 
 102 0109 F4A298C3 		.ascii	"\364\242\230\303?\016f\316\027\330\365L\274\350\364"
 102      3F0E66CE 
 102      17D8F54C 
 102      BCE8F4
 103 0118 3FC6E883 		.ascii	"?\306\350\203Mb\201\034\375\373\222*\233\215+\365\262"
 103      4D62811C 
 103      FDFB922A 
 103      9B8D2BF5 
 103      B2
 104 0129 6C7CCB7A 		.ascii	"l|\313z\003\\\321$\004\313&c{\3008^\372\365\370\330"
 104      035CD124 
 104      04CB2663 
 104      7BC0385E 
 104      FAF5F8D8 
 105 013d F8D904F8 		.ascii	"\370\331\004\370:\310\246\200\217!6a6\0216B\244\250"
 105      3AC8A680 
 105      8F213661 
 105      36113642 
 105      A4A8
 106 014f 048B9836 		.ascii	"\004\213\2306\014\336\345\007\324O\307\227\316J\256"
 106      0CDEE507 
 106      D44FC797 
 106      CE4AAE
 107 015e 1A97AC66 		.ascii	"\032\227\254fSb\342\271\207\205\221\020\350'\306\274"
 107      5362E2B9 
 107      87859110 
 107      E827C6BC 
 108 016e D2861434 		.ascii	"\322\206\0244\0339\217\272Q\344bY\304\237\223\217\033"
 108      1B398FBA 
 108      51E46259 
 108      C49F938F 
 108      1B
 109 017f 826D6825 		.ascii	"\202mh%\275\275\224\235\013'\177\373\\]\237\307\331"
 109      BDBD949D 
 109      0B277FFB 
 109      5C5D9FC7 
 109      D9
 110 0190 9E903E0C 		.ascii	"\236\220>\014\240\015\031=\011\014\302\021T\357\255"
 110      A00D193D 
 110      090CC211 
 110      54EFAD
 111 019f 5C05E8B9 		.ascii	"\\\005\350\271\222N\206\271\230\017a\014\255\0243\305"
 111      924E86B9 
 111      980F610C 
ARM GAS  /tmp/ccwq0GZB.s 			page 8


 111      AD1433C5 
 112 01af 7499FC02 		.ascii	"t\231\374\002\223\003\265\256#_\337yb\313\252A\251H"
 112      9303B5AE 
 112      235FDF79 
 112      62CBAA41 
 112      A948
 113 01c1 42FAB306 		.ascii	"B\372\263\006\013t\0151\221\3177\240G\020\377=\276\024"
 113      0B740D31 
 113      91CF37A0 
 113      4710FF3D 
 113      BE14
 114 01d3 A2D08B3A 		.ascii	"\242\320\213:4\300\262\262\373Qs\367a\"Z\333\250\335"
 114      34C0B2B2 
 114      FB5173F7 
 114      61225ADB 
 114      A8DD
 115 01e5 41DCA0C7 		.ascii	"A\334\240\307s\335e\233]\030\352\363Q\312\006\306\270"
 115      73DD659B 
 115      5D18EAF3 
 115      51CA06C6 
 115      B8
 116 01f6 497C7559 		.ascii	"I|uY\014#\226\220\005\232\217\245\265\342\346\317\315"
 116      0C239690 
 116      059A8FA5 
 116      B5E2E6CF 
 116      CD
 117 0207 B8EDDB6B 		.ascii	"\270\355\333ki?\204[\272}~\374\030\241\366\011\"c\347"
 117      693F845B 
 117      BA7D7EFC 
 117      18A1F609 
 117      2263E7
 118 021a 0028C323 		.ascii	"\000(\303#\362\364\364\255\005\320\304\250\006\324\017"
 118      F2F4F4AD 
 118      05D0C4A8 
 118      06D40F
 119 0229 E5B6068C 		.ascii	"\345\266\006\214\377q\001\375\032\323\227\217\031X\333"
 119      FF7101FD 
 119      1AD3978F 
 119      1958DB
 120 0238 8CC65667 		.ascii	"\214\306Vgt'\207\331\344b\006s\030/ROZ\003\254\261\205"
 120      742787D9 
 120      E4620673 
 120      182F524F 
 120      5A03ACB1 
 121 024d 08EE1200 		.ascii	"\010\356\022\000\205\244\334\220\002]9\230\317$D\255"
 121      85A4DC90 
 121      025D3998 
 121      CF2444AD 
 122 025d E598AC44 		.ascii	"\345\230\254D\205\2657\300\256_\256+\242s\303\344\232"
 122      85B537C0 
 122      AE5FAE2B 
 122      A273C3E4 
 122      9A
 123 026e 68D27CF3 		.ascii	"h\322|\363\207\031\322\303\314\343N\0006\306]\356o\026"
 123      8719D2C3 
 123      CCE34E00 
 123      36C65DEE 
ARM GAS  /tmp/ccwq0GZB.s 			page 9


 123      6F16
 124 0280 17EF079D 		.ascii	"\027\357\007\235^UO\027\021$5}w\320g\346>\277\266\334"
 124      5E554F17 
 124      1124357D 
 124      77D067E6 
 124      3EBFB6DC 
 125 0294 AB75B807 		.ascii	"\253u\270\007'C\257\211\032\233\200C%\305\002\352\222"
 125      2743AF89 
 125      1A9B8043 
 125      25C502EA 
 125      92
 126 02a5 D9DD7AC0 		.ascii	"\331\335z\300\274R4\032\032-\365\276\251\324\331YU]"
 126      BC52341A 
 126      1A2DF5BE 
 126      A9D4D959 
 126      555D
 127 02b7 51BD77BF 		.ascii	"Q\275w\277s$\352T\225\3278\321c\225\274\0378Z^SZ)d\305"
 127      7324EA54 
 127      95D738D1 
 127      6395BC1F 
 127      385A5E53 
 128 02cf 89A85951 		.ascii	"\211\250YQ}<\372\027`W_\232"
 128      7D3CFA17 
 128      60575F9A 
 129              		.text
 130              		.section	.gnu.lto_palSetBusMode.a7465f0d1bc86797,"",%progbits
 131 0000 789C8D52 		.ascii	"x\234\215R[KTQ\024\336\337\336\34723\216\216\275\365"
 131      5B4B5451 
 131      14DEDFDE 
 131      E732338E 
 131      8EBDF5
 132 0013 20250589 		.ascii	" %\005\211A\236\374\015\005=\006\365\322[x\003%\303"
 132      419EFC0D 
 132      053D06F5 
 132      D25B7803 
 132      25C3
 133 0025 487A9EED 		.ascii	"Hz\236\355\214\247\354\245\204\350\202\024\3662\251"
 133      8CA7ECA5 
 133      84E88214 
 133      F632A9
 134 0034 698E976E 		.ascii	"i\216\227nc\232\203/\335\250\020z\010C\262\014\021\211"
 134      639A832F 
 134      DDA8107A 
 134      0843B20C 
 134      1189
 135 0046 98C14A10 		.ascii	"\230\301J\020tZk\317\224\026=\314\206s\366^\213o}\353"
 135      745A6BCF 
 135      94163DCC 
 135      8673F65E 
 135      8B6F7DEB 
 136 005a 5BDFDE96 		.ascii	"[\337\336\226\200\340\325\246\204\330O\373a\372\340"
 136      80E0D5A6 
 136      84D84FFB 
 136      61FAE0
 137 0069 08C8EE37 		.ascii	"\010\310\3567Bt\004\244\264n\333B\207T\346\271\020:"
 137      427404A4 
 137      B46EDB42 
ARM GAS  /tmp/ccwq0GZB.s 			page 10


 137      8754E6B9 
 137      103A
 138 007b ACA4F5CE 		.ascii	"\254\244\365\316\243\320\236\334E\221\005;\217\262\001"
 138      A3D09EDC 
 138      4591053B 
 138      8FB201
 139 008a 3EE80044 		.ascii	">\350\000DT*\313F\024?\344\206\304\314\205\245\224\254"
 139      542ACB46 
 139      143FE486 
 139      C4CC85A5 
 139      94AC
 140 009c EED3B416 		.ascii	"\356\323\264\026\022\353\007u\177\032>\365\311I\323"
 140      12EB0775 
 140      7F1A3EF5 
 140      C949D3
 141 00ab 52A00FD5 		.ascii	"R\240\017\325\204\232\355\034\271\251\276K_\001\026"
 141      849AED1C 
 141      B9A9BE4B 
 141      5F0116
 142 00ba 85D9D73D 		.ascii	"\205\331\327=\213e\034JTR\350\317^?\257\324\036\010"
 142      8B651C4A 
 142      5452E8CF 
 142      5E3FAFD4 
 142      1E08
 143 00cc 3ACF7F5C 		.ascii	":\317\177\\\030\010T%\264\216i\275\326\250\203\276R"
 143      18085425 
 143      B48E69BD 
 143      D6A883BE 
 143      52
 144 00dd B80B457C 		.ascii	"\270\013E|\030@\005\372Q!(%0\210*B\257\216'\256\224"
 144      184005FA 
 144      51212825 
 144      30882A42 
 144      AF8E27AE 
 145 00f2 A87DA6F2 		.ascii	"\250}\246\362\325\245\251\023\205\302\361&.\2640\364"
 145      D5A5A913 
 145      85C2F126 
 145      2EB430F4 
 146 0102 6FA12570 		.ascii	"o\241%p\017U\214\376<\272y\265\324\351d\335\225\027"
 146      0F558CFE 
 146      3CBA79B5 
 146      D4E964DD 
 146      9517
 147 0114 7F0BC630 		.ascii	"\177\013\3060\034\362\012\224H\036K\353\\.\256\365t"
 147      1CF20A94 
 147      481E4BEB 
 147      5C2EAEF5 
 147      74
 148 0125 EDB7BD61 		.ascii	"\355\267\275a\011nh\021\203\355\320\317q\351\347\006"
 148      096E6811 
 148      83EDD0CF 
 148      71E9E706 
 149 0135 380CF229 		.ascii	"8\014\362)\004C+2D\302.e\245\344]}B\347\\<yY1o\\\261"
 149      04432B32 
 149      44C22E65 
 149      A5E45D7D 
 149      42E75C3C 
ARM GAS  /tmp/ccwq0GZB.s 			page 11


 150 014f 5DD7FC99 		.ascii	"]\327\374\231\267.O\256 \220$M\274\262R\0112_-!6\201"
 150      B72E4FAE 
 150      2090244D 
 150      BCB25209 
 150      325F2D21 
 151 0165 3C965D5A 		.ascii	"<\226]Z{\366\262+\334\213[dh\200\252\363p\312'\276\304"
 151      7BF6B22B 
 151      DC8B5B64 
 151      6880AAF3 
 151      70CA27BE 
 152 017a 865DEF80 		.ascii	"\206]\357\200\257\202\030A/6\215\325\030\205'\250\337"
 152      AF821841 
 152      2F368DD5 
 152      188527A8 
 152      DF
 153 018b 7BB54530 		.ascii	"{\265E0t'\233\216p\263 \"\030\373\323\314\022s\265j"
 153      74279B8E 
 153      70B32022 
 153      18FBD3CC 
 153      1273B56A 
 154 019f 19160399 		.ascii	"\031\026\003\231/\225\372\372\301\215n\350.\255\313"
 154      2F95FAFA 
 154      C18D6EE8 
 154      2EADCB
 155 01ae 7D15CA49 		.ascii	"}\025\312I\266`\034Q\261]o\211\3618\276>\275ZF\320\033"
 155      B6601C51 
 155      B15D6F89 
 155      F138BE3E 
 155      BD5A46D0 
 156 01c3 065AC2C6 		.ascii	"\006Z\302\306q\372E\317\340)\022\332\321m\322a<\240"
 156      71FA45CF 
 156      E02912DA 
 156      D16DD261 
 156      3CA0
 157 01d5 D771BFA0 		.ascii	"\327q\277\2406\26726\034\244\222\235\314\361\220\364"
 157      36B73236 
 157      1CA4929D 
 157      CCF190F4 
 158 01e5 9AB67884 		.ascii	"\232\266x\204\250\257J\215\036\333x\305\303\317\376"
 158      A8AF4A8D 
 158      1EDB78C5 
 158      C3CFFE
 159 01f4 2C8CEF14 		.ascii	",\214\357\0243~\031\036\233\361\371u#E\343o\363\317"
 159      337E191E 
 159      9BF1F975 
 159      2345E36F 
 159      F3CF
 160 0206 2D862082 		.ascii	"-\206 \202\011C`\256\376\311\337\004\201\342.`r\353"
 160      094360AE 
 160      FEC9DF04 
 160      81E22E60 
 160      72EB
 161 0218 02A60C41 		.ascii	"\002\246\014A<\343\344\011\202$\202h\3042\234\377\033"
 161      3CE3E409 
 161      82248268 
 161      C4329CFF 
 161      1B
ARM GAS  /tmp/ccwq0GZB.s 			page 12


 162 0229 5D9EE3C6 		.ascii	"]\236\343\306xJF\323\300\246 \344\253\035b\005\261\364"
 162      784A46D3 
 162      C0A620E4 
 162      AB1D6205 
 162      B1F4
 163 023b FC1153C3 		.ascii	"\374\021S\303+C\363\221?\004\335]\343\035jn\251o9z\334"
 163      2B43F391 
 163      3F04DD5D 
 163      E31D6A6E 
 163      A96F397A 
 164 0250 6B6BF79A 		.ascii	"kk\367\232\353Z\275\366\263\015\274\237<S\327Z\323 "
 164      EB5ABDF6 
 164      B30DBC9F 
 164      3C53D75A 
 164      D320
 165 0262 54FDB976 		.ascii	"T\375\271v\353t[c\323/\273O%\005"
 165      EB745B63 
 165      D32FBB4F 
 165      2505
 166              		.text
 167              		.section	.gnu.lto_.symbol_nodes.a7465f0d1bc86797,"",%progbits
 168 0000 789C55C9 		.ascii	"x\234U\311\315\015\202@\024E\341s\337\014\272\247\001"
 168      CD0D8240 
 168      1445E173 
 168      DF0CBAA7 
 168      01
 169 0011 B4D2370B 		.ascii	"\264\3227\013\303\232\215\035\320\001\370G\021\322\210"
 169      C39A8D1D 
 169      D001F847 
 169      11D288
 170 0020 1B3B7002 		.ascii	"\033;p\002\2220ws\222\373E\304\225<\033\344\320\275"
 170      92307773 
 170      92FB45C4 
 170      953C1BE4 
 170      D0BD
 171 0032 21674A67 		.ascii	"!gJg\250\036\"\325\020l\224\253\244\247\264\322Mn%\275"
 171      A81E22D5 
 171      106C94AB 
 171      A4A7B4D2 
 171      4D6E25BD 
 172 0046 640BE92E 		.ascii	"d\013\351.\017\013AJ'\320$\217\373#p\340\362\235\025"
 172      0F0B414A 
 172      27D0248F 
 172      FB2370E0 
 172      F29D15
 173 0059 ECDFB8F5 		.ascii	"\354\337\270\365H\337~\032~\342\346\"\214"
 173      48DF7E1A 
 173      7EE2E622 
 173      8C
 174              		.text
 175              		.section	.gnu.lto_.refs.a7465f0d1bc86797,"",%progbits
 176 0000 789C6361 		.ascii	"x\234ca`d\020``\000\222L\214,\214LL\314,\214,L\254,"
 176      60641060 
 176      6000924C 
 176      8C2C8C4C 
 176      4CCC2C8C 
 177 0018 0C0002D5 		.ascii	"\014\000\002\325\000:"
ARM GAS  /tmp/ccwq0GZB.s 			page 13


 177      003A
 178              		.text
 179              		.section	.gnu.lto_.decls.a7465f0d1bc86797,"",%progbits
 180 0000 789CA558 		.ascii	"x\234\245X{P\024\311\031\237\236\336\305uwY,\364\256"
 180      7B5014C9 
 180      199F9EDE 
 180      C5757759 
 180      2CF4AE
 181 0013 FC8354D4 		.ascii	"\374\203T\324pJR97\350\225\225\344\217\324=\320\323"
 181      704A5239 
 181      37E89595 
 181      E48FD43D 
 181      D0D3
 182 0025 4483B5DE 		.ascii	"D\203\265\336\243\256*U\033\016\360\240\202b\261K\252"
 182      A3AE2A55 
 182      1B0EF0A0 
 182      8262B14B 
 182      AA
 183 0036 EEAF1B60 		.ascii	"\356\257\033`\345e\214\200\010\010\342\203\207\362\024"
 183      E5658C80 
 183      0808E283 
 183      87F214
 184 0045 445001D1 		.ascii	"DP\001\321\025OOy\373\000y\370\000\361\364\364\364n"
 184      154F4F79 
 184      FB0079F8 
 184      00F1F4F4 
 184      F46E
 185 0057 11EF7889 		.ascii	"\021\357x\211\344\353\356\231\235\331\2055\251\312\026"
 185      E4EBEE99 
 185      9DD98535 
 185      A9CA16
 186 0066 3D3DDDFD 		.ascii	"==\335\375\353\337\367\373\276\376zz\006\025\2078\362"
 186      EBDFF7FB 
 186      BEFE7A7A 
 186      06158738 
 186      F2
 187 0077 DBB988E3 		.ascii	"\333\271\210\3432y\216\033\204\346\014\374T\320\367"
 187      32798E1B 
 187      84E60CFC 
 187      54D0F7
 188 0086 09143594 		.ascii	"\011\0245\224:(\215P\232\241\374\002\306\027\262)tl"
 188      3A288D50 
 188      9AA1FC02 
 188      C617B229 
 188      746C
 189 0098 19DCAF80 		.ascii	"\031\334\257\200b\204\362\016\224?B\301\320\377'\250"
 189      6284F20E 
 189      943F42C1 
 189      D0FF27A8 
 190 00a8 DF831224 		.ascii	"\337\203\022$b\245\037\301/\200\332\027\012\230\344"
 190      62A51FC1 
 190      2F80DA17 
 190      0A98E4
 191 00b7 3A45CE60 		.ascii	":E\316`\250u\204\013j?\321\306Z\304l\327BY\015\367\006"
 191      A875840B 
 191      6A3FD1C6 
 191      5AC46CD7 
ARM GAS  /tmp/ccwq0GZB.s 			page 14


 191      42590DF7 
 192 00cc 285A28DD 		.ascii	"(Z(\335\320&\372\336\200\3737\241L\301\375b\250y\221"
 192      D026FADE 
 192      80FB37A1 
 192      4CC1FD62 
 192      A87991
 193 00df 9FE840A2 		.ascii	"\237\350@\242\006\345\217\350\364\025\375\222\354\023"
 193      06E58FE8 
 193      F415FD92 
 193      EC13
 194 00ed DB448327 		.ascii	"\333D\203'\373\304\357\0067\373\016\216iP+4\020\373"
 194      FBC4EF06 
 194      37FB0E8E 
 194      69502B34 
 194      10FB
 195 00ff 2FA1FD03 		.ascii	"/\241\375\003\307t\254P\350x\317M\207\321\203\216\337"
 195      C774AC50 
 195      E878CF4D 
 195      87D1838E 
 195      DF
 196 0110 BC260E24 		.ascii	"\274&\016$\366\027\024:\210\346uP\377A\214\267R\007"
 196      F617143A 
 196      88E67550 
 196      FF418CB7 
 196      5207
 197 0122 E65CD783 		.ascii	"\346\\\327\203\230w_\207i\036]\263U\037\300/x\344\253"
 197      98775F87 
 197      691E5DB3 
 197      551FC02F 
 197      78E4AB
 198 0135 452A688E 		.ascii	"E*h\216\264\347\016\033\240\271H\213\226@s\332\3215"
 198      B4E70E1B 
 198      A0B9488B 
 198      964073DA 
 198      D135
 199 0147 AD67A35A 		.ascii	"\255g\243Zh\366\227\317\234\362\322&\013\360KK\020|"
 199      68F697CF 
 199      9CF2D226 
 199      0BF04B4B 
 199      107C
 200 0159 AF18C840 		.ascii	"\257\030\310@\011\362C\307\220\037X(CZ\270\032\375P"
 200      09F243C7 
 200      901F5828 
 200      435AB81A 
 200      FD50
 201 016b 2934017E 		.ascii	")4\001~\253\317V\217\330l\0354O\017\355;?\237q\367\222"
 201      ABCF568F 
 201      D86C1D34 
 201      4F0FED3B 
 201      3F9F71F7 
 202 0180 E1EEF1A6 		.ascii	"\341\356\361\246I=\346\021\334\253N\306\337;b@\001~"
 202      493DE611 
 202      DCAB4EC6 
 202      DF3B6240 
 202      017E
 203 0192 08C890F6 		.ascii	"\010\310\220\366(\265 \010<\207N -\252DXR\234+\200u"
 203      28B52008 
ARM GAS  /tmp/ccwq0GZB.s 			page 15


 203      3C874E20 
 203      2DAA4458 
 203      529C2B80 
 204 01a7 C757A41B 		.ascii	"\307W\244\033\3565\264\206\236x\301Q x-\346\320j?\364"
 204      EE35B486 
 204      9E78C151 
 204      20782DE6 
 204      D06A3FF4 
 205 01bb 3B3F0E1D 		.ascii	";?\016\035G\001t\210C\325@X\305\344\364<\315NB\276i"
 205      47017488 
 205      43D54058 
 205      C5E4F43C 
 205      CD4E42BE 
 206 01d0 22F7BB88 		.ascii	"\"\367\273\210rW\300x9U_\203|%\037\010\272\377\2336"
 206      7257C078 
 206      39555F83 
 206      7C251F08 
 206      BAFF9B36 
 207 01e4 1BF59570 		.ascii	"\033\365\225p\247\3757\356\261\322\342\021\203\222\373"
 207      A7FD37EE 
 207      B1D2E211 
 207      8392FB
 208 01f3 E4EBB853 		.ascii	"\344\353\270S+N\305k\364\251\204[\214c-\362U\004\262"
 208      2B4EC56B 
 208      F4A9845B 
 208      8C632DF2 
 208      5504B2
 209 0206 0EE989B3 		.ascii	"\016\351\211\263\244\006t\302\300\253f\037\317Q?%E\275"
 209      A40674C2 
 209      C0AB661F 
 209      CF513F25 
 209      45BD
 210 0218 9C4999FA 		.ascii	"\234I\231\372.\263O\214:\231\035\337\330\227\356\303"
 210      2EB34F8C 
 210      3A991DDF 
 210      D897EEC3 
 211 0228 A23E4886 		.ascii	"\242>H\206\023\204\244\351YQ8\003l\247)[=UzJRzfwE\223"
 211      1384A4E9 
 211      59513803 
 211      6CA7295B 
 211      3D557A4A 
 212 0242 97BB5F1E 		.ascii	"\227\273_\036\321\3053O\366y\271\370\325\340\342W\243"
 212      D1C5334F 
 212      F679B9F8 
 212      D5E0E257 
 212      A3
 213 0253 E8572355 		.ascii	"\350W#UV\370\244\376\242\232\011\365\206fJk\333\224"
 213      56F8A4FE 
 213      A29A09F5 
 213      86664A6B 
 213      DB94
 214 0265 C6B39B4D 		.ascii	"\306\263\233M\222\233g\231\233\323\267\343^\361l\266"
 214      929B6799 
 214      9BD3B7E3 
 214      5EF16CB6 
 215 0275 019A338F 		.ascii	"\001\2323\217\373\012\305\344r\220\341Gy)-*w7\317\003"
 215      FB0AC5E4 
ARM GAS  /tmp/ccwq0GZB.s 			page 16


 215      7290E147 
 215      79292D2A 
 215      7737CF03 
 216 0289 DB39CA66 		.ascii	"\3339\312f\247\302\233$\341\266k}\245\330\335M\217\350"
 216      A7C29B24 
 216      E1B66B7D 
 216      A5D8DD4D 
 216      8FE8
 217 029b 570F6B66 		.ascii	"W\017kf\274]\334\274\340\342f\263\350f3u3\267\361E\213"
 217      BC5DDCBC 
 217      E0E266B3 
 217      E8663375 
 217      33B7F145 
 218 02b0 E8A68608 		.ascii	"\350\246\206\010=Z\235\242\301\363H\326\243;WJ\313\311"
 218      3D5A9DA2 
 218      C1F348D6 
 218      A33B574A 
 218      CBC9
 219 02c2 E65BA145 		.ascii	"\346[\241E\344q\353\003]UO\353'\274Y\027A\334\233(Y"
 219      E471EB03 
 219      5D554FEB 
 219      27BC5917 
 219      41DC9B28 
 220 02d7 B7B242DA 		.ascii	"\267\262B\332\016~\362\276\275\276\347y\321<\374\006"
 220      0E7EF2BE 
 220      BDBEE779 
 220      D13CFC06 
 221 02e7 01F19777 		.ascii	"\001\361\227w\237\254\321\241\000\266m\006\323\213\365"
 221      9FACD1A1 
 221      00B66D06 
 221      D38BF5
 222 02f6 F582B000 		.ascii	"\365\202\260\000\265\200\013W\020F\337\240\225D\314"
 222      B5800B57 
 222      1046DFA0 
 222      9544CC
 223 0305 0A223E59 		.ascii	"\012\">Y\326\3149\005\243\253\220\321`\217\000\321e"
 223      D6CC3905 
 223      A3AB90D1 
 223      608F00D1 
 223      65
 224 0316 E8BCC422 		.ascii	"\350\274\304\"\\Z\224^\340\205?\246&\366\327\226\215"
 224      5C5A945E 
 224      E0853FA6 
 224      26F6D796 
 224      8D
 225 0327 699D26A6 		.ascii	"i\235&\246\023\337\251 &\332\301D\253l\242\005y\266"
 225      13DFA920 
 225      26DAC144 
 225      AB6CA205 
 225      79B6
 226 0339 D136B70D 		.ascii	"\3216\267\015\333\327?\247{\343dD\215d\335\314\036\325"
 226      DBD73FA7 
 226      7BE36444 
 226      8D64DDCC 
 226      1ED5
 227 034b 216DC0DC 		.ascii	"!m\300\334\014]s009\003-_\025\355\204\360\240N\320\323"
 227      0C5D7330 
ARM GAS  /tmp/ccwq0GZB.s 			page 17


 227      3039032D 
 227      5F15ED84 
 227      F0A04ED0 
 228 0360 21EB6997 		.ascii	"!\353i\227\026\254{\344y\226\001\267Q+(o\364\316\343"
 228      16AC7BE4 
 228      799601B7 
 228      512B286F 
 228      F4CEE3
 229 0373 F96C3D02 		.ascii	"\371l=\002\024O<_\366\304\033?\362 \203\3077\030\264"
 229      144F3C5F 
 229      F6C41B3F 
 229      F22083C7 
 229      3718B4
 230 0386 EB587217 		.ascii	"\353Xr\027&)\231\360?;T=\2239\350\215{\331\374\037l"
 230      262999F0 
 230      3F3B543D 
 230      9339E88D 
 230      7BD9FC1F 
 231 039b DF0EEA18 		.ascii	"\337\016\352\030\367bhV\216\337;\245\306w\330\330\356"
 231      F7626856 
 231      8EDF3BA5 
 231      C677D8D8 
 231      EE
 232 03ac CCE66615 		.ascii	"\314\346f\025\276\317\032\205\373\323\223\324\370\021"
 232      BECF1A85 
 232      FBD393D4 
 232      F811
 233 03ba 6B9466A4 		.ascii	"k\224f\244Uk\361c\326\270\356h\313\327\261\274^\000"
 233      556BF163 
 233      D6B8EE68 
 233      CBD7B1BC 
 233      5E00
 234 03cc CD4B3363 		.ascii	"\315K3cv\037\306\310C3\247\354\326\344|\374=\203\026"
 234      761FC6C8 
 234      4333A7EC 
 234      D6E47CFC 
 234      3D8316
 235 03df 4F4E3948 		.ascii	"ON9H6-'\331\204\025\271\264\234\345\322\371\326\253"
 235      362D27D9 
 235      8415B9B4 
 235      9CE5D2F9 
 235      D6AB
 236 03f1 47F57884 		.ascii	"G\365x\204\305\272\310\036\277\023I\261\006\377\264"
 236      C5BAC81E 
 236      BF1349B1 
 236      06FFB4
 237 0400 25E0DC6D 		.ascii	"%\340\334m\360\343\016qn\030\234[.:7\010\235\367\234"
 237      F0E30E71 
 237      6E189C5B 
 237      2E3A3708 
 237      9DF79C
 238 0413 B14E7FF6 		.ascii	"\261N\177\366\347\004A@\350>\204zH\016\365r1\322\347"
 238      E7044140 
 238      E83E847A 
 238      480EF572 
 238      31D2E7
 239 0426 D2071E6A 		.ascii	"\322\007\036j\361Kf\243\324\321V\341\343\321\306C\217"
ARM GAS  /tmp/ccwq0GZB.s 			page 18


 239      F14B66A3 
 239      D4D156E1 
 239      E3D1C643 
 239      8F
 240 0437 36A61397 		.ascii	"6\246\023\227\323\364\372\026l<\220m\334\227\2263~\274"
 240      D3F4FA16 
 240      6C3C906D 
 240      DC979633 
 240      7EBC
 241 0449 E0AC06EF 		.ascii	"\340\254\006\357d'Gef\337!/\344\277\320?\240\200\230"
 241      64274765 
 241      66DF212F 
 241      E4BFD03F 
 241      A08098
 242 045c 191C488D 		.ascii	"\031\034H\215\332\233\224(t\375\235N\177\004\323\037"
 242      DA9B9428 
 242      74FD9D4E 
 242      7F04D31F 
 243 046c A385B255 		.ascii	"\243\205\262U#\331\240\201d#\245\323]e\007gb8\305\346"
 243      23D9A081 
 243      6423A5D3 
 243      5D650767 
 243      6238C5E6 
 244 0480 25683088 		.ascii	"%h0\210\276\007y\337!\177\364\004\371\323=G\331\355"
 244      BE0779DF 
 244      217FF404 
 244      F9D33D47 
 244      D9ED
 245 0492 357BF412 		.ascii	"5{\364\022\365\3359\251o\023\022\346\207\375P'/\300"
 245      F5DD39A9 
 245      6F1312E6 
 245      87FD5027 
 245      2FC0
 246 04a4 1905204E 		.ascii	"\031\005 N\364\201m^UA\301\345\223\032\264\310\337?"
 246      F4816D5E 
 246      5541C1E5 
 246      931AB4C8 
 246      DF3F
 247 04b6 20437CDC 		.ascii	" C|\334\011\310\252\024\361\024-\242\"~\004\021?\200"
 247      09C8AA14 
 247      F1142DA2 
 247      227E0411 
 247      3F80
 248 04c8 8867B208 		.ascii	"\210g\262\010\340\255\353\304q\202=\236\231\037\000"
 248      E0ADEBC4 
 248      71823D9E 
 248      991F00
 249 04d7 1904EE4C 		.ascii	"\031\004\356LL\331C&9\277\323o\277`\267a\272[\373=\243"
 249      4CD94326 
 249      39BFD36F 
 249      BF60B761 
 249      BA5BFB3D 
 250 04ec 99E6BC3D 		.ascii	"\231\346\274=\006\242\0310\256\232\321\217\317\363z"
 250      06A21930 
 250      AE9AD18F 
 250      CFF37A
 251 04fb 7C1681DE 		.ascii	"|\026\201\3368\317z9\027\261\212\354\365e\331k\273\330"
ARM GAS  /tmp/ccwq0GZB.s 			page 19


 251      38CF7A39 
 251      17B18AEC 
 251      F565D96B 
 251      BBD8
 252 050d 5DA7C729 		.ascii	"]\247\307)t\341\320\267\255U\361\032\274\2335\016\266"
 252      74E1D0B7 
 252      AD55F11A 
 252      BC9B350E 
 252      B6
 253 051e 1F6F55E3 		.ascii	"\037oU\343t\326h,?~\235\307\331\254QQ\357\330\205\360"
 253      74D6682C 
 253      3F7E9DC7 
 253      D9AC5151 
 253      EFD885F0 
 254 0532 21D61849 		.ascii	"!\326\030I\252\262\342\243\354\336\226\237\326)\036"
 254      AAB2E2A3 
 254      ECDE969F 
 254      D6291E
 255 0541 00BF8566 		.ascii	"\000\277\205fV\312\201A\225x\316\221\255Q\323S\322\250"
 255      56CA8141 
 255      9578CE91 
 255      AD51D353 
 255      D2A8
 256 0553 C11514EB 		.ascii	"\301\025\024\353\235\227u\342&$\011\371-$\227\000\177"
 256      9D9775E2 
 256      262409F9 
 256      2D249700 
 256      7F
 257 0564 FF02C196 		.ascii	"\377\002\301\226 \330\263\245\340tCpF!8\002\277P\016"
 257      20D8B3A5 
 257      E0744370 
 257      46213802 
 257      BF500E
 258 0577 CE0852C4 		.ascii	"\316\010R\304\322\0061?\335\3113\270\003\034\356s\207"
 258      D206313F 
 258      DDC933B8 
 258      031CEE73 
 258      87
 259 0588 DF728103 		.ascii	"\337r\201\003\373L\207\202}\314\035ntC\237\353\324\013"
 259      FB4C8782 
 259      7DCC1D6E 
 259      74439FEB 
 259      D40B
 260 059a 6921143B 		.ascii	"i!\024;\351\216\275\356N}F\006\367\316\255\243\004\311"
 260      E98EBDEE 
 260      4E7D4606 
 260      F7CEADA3 
 260      04C9
 261 05ac 592EB005 		.ascii	"Y.\260\005\233\000\3048\035$x\222`;\371\0004\015k\226"
 261      9B00C438 
 261      1D247892 
 261      603BF900 
 261      340D6B96 
 262 05c0 C8FB231B 		.ascii	"\310\373#\033\224x(S\320\216\203\372%\3243P\022\340"
 262      94782853 
 262      D08E83FA 
 262      25D43350 
ARM GAS  /tmp/ccwq0GZB.s 			page 20


 262      12E0
 263 05d2 3E09CA2B 		.ascii	">\011\312+g\022\022\0019\262\200\347s\307\215\011`\350"
 263      67121201 
 263      39B280E7 
 263      73C78D09 
 263      60E8
 264 05e4 4C19FDC2 		.ascii	"L\031\375\302\035}q\026\272AF\367\270\243o\270G\"C\006"
 264      1D7D7116 
 264      BA4146F7 
 264      B8A36FB8 
 264      47224306 
 265 05f8 FF3437B5 		.ascii	"\37747\265\"\275\247:\364$\275\001\244LoF\224\256\314"
 265      22BDA73A 
 265      F424BD01 
 265      A44C6F46 
 265      94AECC
 266 060b 859FE75C 		.ascii	"\205\237\347\\-\245\310\263\262\335\233s\213dh\310E"
 266      2DA5C8B3 
 266      B2DD9B73 
 266      8B6468C8 
 266      45
 267 061c 7BFB78AD 		.ascii	"{\373x\255\032W\323\\\344\207\257N:0\012X\310\004]\353"
 267      1A57D35C 
 267      E487AF4E 
 267      3A300A58 
 267      C8045DEB 
 268 0630 4444502A 		.ascii	"DDP*\314N\346\235\217:\242\317\303\332\241\024X\262"
 268      CC4EE69D 
 268      8F3AA2CF 
 268      C3DAA114 
 268      58B2
 269 0642 FF67F940 		.ascii	"\377g\371@O\373\345\336\013\256\357\237\251\012\365"
 269      4FFBE5DE 
 269      0BAEEF9F 
 269      A90AF5
 270 0651 1CDAC5EB 		.ascii	"\034\332\305\353E%\344\265=%\347\2217nb\3423nO\357\007"
 270      4525E4B5 
 270      3D25E791 
 270      376E62E2 
 270      336E4FEF 
 271 0666 F17A26FE 		.ascii	"\361z&\376F\226\037\021\377o\200\377K\026\017\263\241"
 271      46961F11 
 271      FF6F80FF 
 271      4B160FB3 
 271      A1
 272 0677 F2C48E76 		.ascii	"\362\304\216v\203f\027\003/\366\366\3373\340+\274\313"
 272      83661703 
 272      2FF6F6DF 
 272      33E02BBC 
 272      CB
 273 0688 2B51F0EC 		.ascii	"+Q\360\354W\242`v\214=\355\352\274\201p'\323\2233T6"
 273      57A26076 
 273      8C3DEDEA 
 273      BC817027 
 273      D3933354 
 274 069d AEF2F8CA 		.ascii	"\256\362\370\312\220\011\246\202\305#&\235\367Ci\274"
 274      9009A682 
ARM GAS  /tmp/ccwq0GZB.s 			page 21


 274      C523269D 
 274      F74369BC 
 275 06ad 74C44C64 		.ascii	"t\304Ld\2559O\216\230\275\274\026e\310\322\203\331\011"
 275      AD394F8E 
 275      98BDBC16 
 275      65C8D283 
 275      D909
 276 06bf A3EEBF95 		.ascii	"\243\356\277\225\277K\207\374\345Seo\356\3372\216%\222"
 276      BF4B87FC 
 276      E553656F 
 276      EEDF328E 
 276      2592
 277 06d1 F52633F6 		.ascii	"\365&3\366\300\214l\017y\306\036\272g[hr\220\310\\C"
 277      C08C6C0F 
 277      79C61EBA 
 277      675B6872 
 277      90C85C43 
 278 06e5 6E60F723 		.ascii	"n`\367#H\\`\371\255:[\\\335\375 ?\013V.\007\312>^y\014"
 278      485C60F9 
 278      AD3A5B5C 
 278      DDFD203F 
 278      0B562E07 
 279 06fe F5327AF2 		.ascii	"\3652z\362\276\363\365\234\364%\212c\250\256\205\346"
 279      BEF3F59C 
 279      F4258A63 
 279      A8AE85E6 
 280 070e 7C36EF76 		.ascii	"|6\357v\014\241\211\322\321\027\030\027c\032\311\202"
 280      0CA189D2 
 280      D1171817 
 280      631AC982 
 281 071e 9F7A0B90 		.ascii	"\237z\013\2203-G[hZ\036\000\342\\9<\331\263\323RR\215"
 281      332D475B 
 281      685A1E00 
 281      E25C393C 
 281      D9B3D352 
 282 0734 F240ECEB 		.ascii	"\362@\354\353\204\203\275\243\303m\267\365.iw\300%\355"
 282      8483BDA3 
 282      C36DB7F5 
 282      2E6977C0 
 282      25ED
 283 0746 F279F6DE 		.ascii	"\362y\366\336\0145\240\313\322\273\033\360\000<e\341"
 283      0C35A0CB 
 283      D2BB1BF0 
 283      003C65E1 
 284 0756 4B1A2DA0 		.ascii	"K\032-\240\034\010\261+\242\205c\2056\341\206\347\304"
 284      1C08B12B 
 284      A2856385 
 284      36E186E7 
 284      C4
 285 0767 AF5CA90B 		.ascii	"\257\\\251\013I@r\205\013\217\304>\316IF\377\304\371"
 285      49407285 
 285      0B8FC43E 
 285      CE4946FF 
 285      C4F9
 286 0779 F43F1EF4 		.ascii	"\364?\036\364GIdv$NBN\005t\230c\343NVV\361\362\004\005"
 286      47496476 
 286      244E424E 
ARM GAS  /tmp/ccwq0GZB.s 			page 22


 286      05749863 
 286      E34E5656 
 287 0791 1F932BD2 		.ascii	"\037\223+\322\311\232\235>!)DC\327\317Nkp9]\0224a+\031"
 287      C99A9D3E 
 287      21294443 
 287      D7CF4E6B 
 287      70395D12 
 288 07a9 E4553C8B 		.ascii	"\344U<\213\010\372\\E?b\317w\374\250[\234%\2766,Q\321"
 288      08FA5C45 
 288      3F62CF77 
 288      FCA85B9C 
 288      25BE362C 
 289 07bf 1C904378 		.ascii	"\034\220Cx\204_\014\327\303\274\212\321\215U>\025\370"
 289      845F0CD7 
 289      C3BC8AD1 
 289      8D553E15 
 289      F8
 290 07d0 658785C3 		.ascii	"e\207\205\303\325\302\340\235\201\240\241BH\3418\370"
 290      D5C2E09D 
 290      81A0A142 
 290      48E138F8 
 291 07e0 C0A14074 		.ascii	"\300\241@tH^Y\270%\325A~\000\204\025\360\313`\356\261"
 291      485E59B8 
 291      25D5417E 
 291      008415F0 
 291      CB60EEB1 
 292 07f4 9C84561D 		.ascii	"\234\204V\035\356aR*k\223\307\275\251\024b\217I\251"
 292      EE61522A 
 292      6B93C7BD 
 292      A914628F 
 292      49A9
 293 0806 6F9CAAD0 		.ascii	"o\234\252\320:\345\025\361\264s8\271n\236R\336'o*\324"
 293      3AE515F1 
 293      B47338B9 
 293      6E9E52DE 
 293      276F2AD4 
 294 081a 1DA5EA8A 		.ascii	"\035\245\352\212%u}\225-W\325L\235\375\247DL\036\276"
 294      25757D95 
 294      2D57D54C 
 294      9DFDA744 
 294      4C1EBE
 295 082d 02798D07 		.ascii	"\002y\215\007\030*\224\265\025*\265\035\243\332\246"
 295      182A94B5 
 295      152AB51D 
 295      A3DAA6
 296 083c EF0E3FE7 		.ascii	"\357\016?\347\361}\246\255\254\275\364\245\012;X\032"
 296      F17DA6AD 
 296      ACBDF4A5 
 296      0A3B581A 
 297 084c C74FEEAA 		.ascii	"\307O\356\252\323x| \224\363\036\277!R\327\025\323o"
 297      D3787C20 
 297      94F31EBF 
 297      2152D715 
 297      D36F
 298 085e 8832D8DF 		.ascii	"\2102\330\337\245\374\354o\210\261\241\244\253\230z"
 298      A5FCEC6F 
 298      88B1A1A4 
ARM GAS  /tmp/ccwq0GZB.s 			page 23


 298      AB987A
 299 086d 4B102C02 		.ascii	"K\020,\002#\303\343\017\275\234\021\250`\021\030\250"
 299      23C3E30F 
 299      BD9C11A8 
 299      601118A8 
 300 087d 79D067F0 		.ascii	"y\320g\360\030\202\3434\004\225R\010&\222\362\273\015"
 300      1882E334 
 300      04955208 
 300      2692F2BB 
 300      0D
 301 088e CE05B20E 		.ascii	"\316\005\262\016\325\010B\012LT\021\034*\221e\224(c"
 301      D508420A 
 301      4C54111C 
 301      2A916594 
 301      2863
 302 08a0 50456360 		.ascii	"PEc`w\024\345`<\301b\360}\371\303\036\203\313\326:\351"
 302      7714E560 
 302      3CC162F0 
 302      7DF9C31E 
 302      83CBD63A 
 303 08b5 921727D8 		.ascii	"\222\027'\330\326\002\344\325\213\255\361\314\217\023"
 303      D602E4D5 
 303      8BADF1CC 
 303      8F13
 304 08c3 CEA44A6C 		.ascii	"\316\244Jl\312\277\253\362(\371$\225\\#I\036>q\300\241"
 304      CABFABF2 
 304      28F92495 
 304      5C23491E 
 304      3E71C0A1 
 305 08d7 05C98310 		.ascii	"\005\311\203\020\265\354\373\233;\252\037\010\311\276"
 305      B5ECFB9B 
 305      3BAA1F08 
 305      C9BE
 306 08e5 1485AA65 		.ascii	"\024\205\252e\301\325<\373\237\015\252\245b\237\025"
 306      C1D53CFB 
 306      9F0DAAA5 
 306      629F15
 307 08f4 27ECF5C1 		.ascii	"'\354\365\301E*\344)\224S\007^<\222\023\354\024\013"
 307      452AE429 
 307      9453075E 
 307      3C9213EC 
 307      140B
 308 0906 E5AD245B 		.ascii	"\345\255$[;\333\000\344Az\232u>\353\337\363D\357Ql="
 308      3BDB00E4 
 308      417A9A75 
 308      3EEBDFF3 
 308      44EF516C 
 309 091b 157B4612 		.ascii	"\025{F\022\233;v\263^'\212\355O\335\232S#\330\346\023"
 309      9B3B76B3 
 309      5E278AED 
 309      4FDD9A53 
 309      23D8E613 
 310 092f 0CAA93A5 		.ascii	"\014\252\223\245\326IR\033\250\324\212\254\275%\372"
 310      D649521B 
 310      A8D48AAC 
 310      BD25FA
 311 093e A50DAA43 		.ascii	"\245\015\252C\360\374\253\205\017\177\350\032}yx\020"
ARM GAS  /tmp/ccwq0GZB.s 			page 24


 311      F0FCAB85 
 311      0F7FE81A 
 311      7D797810 
 312 094e E3CB4CFD 		.ascii	"\343\313L\375\221\366\321,-\276\311\0327l\235\025\370"
 312      91F6D12C 
 312      2DBEC91A 
 312      376C9D15 
 312      F8
 313 095f AD42A1EB 		.ascii	"\255B\241\3530Y\277\265'\342\355B\312\273\364\2779M"
 313      3059BFB5 
 313      27E2ED42 
 313      CABBF4BF 
 313      394D
 314 0971 60003692 		.ascii	"`\0006\222\342\237@g\241\247\221_\312\241s\374[05\256"
 314      E29F4067 
 314      A1A7915F 
 314      CAA173FC 
 314      5B3035AE 
 315 0985 C89E6F58 		.ascii	"\310\236oXz\207\332i`v.5\235\276\245\303O\030uuon\356"
 315      7A87DA69 
 315      60762E35 
 315      9DBEA5C3 
 315      4F187575 
 316 099c 3C466D1F 		.ascii	"<Fm\037_\227\234\026Ga\224\0276\201\342\270\260C\317"
 316      5F979C16 
 316      47619417 
 316      3681E2B8 
 316      B043CF
 317 09af 79C27B81 		.ascii	"y\302{\201\362>\236\354\370l\3518\245\275\300h\217\017"
 317      F23E9EEC 
 317      F86CE938 
 317      A5BDC068 
 317      8F0F
 318 09c1 7754E970 		.ascii	"wT\351p\222\232\322\266\034\274R\345#\322\366|Hi/\210"
 318      929AD2B6 
 318      1CBC52E5 
 318      23D2F67C 
 318      48692F88 
 319 09d5 B490578A 		.ascii	"\264\220W\212\177z\\\204\236fB\3735\245\355o<3\344\343"
 319      7F7A5C84 
 319      9E6642FB 
 319      35A5ED6F 
 319      3C33E4E3 
 320 09e9 9A612445 		.ascii	"\232a$E\235\201\277$>\274/\321\207\367\316\335w\277"
 320      9D81BF24 
 320      3EBC2FD1 
 320      87F7CEDD 
 320      77BF
 321 09fb 51B9A0EB 		.ascii	"Q\271\240\353]\320\227E4\251U\241\021!1\252m!\226\177"
 321      5DD09745 
 321      34A955A1 
 321      112131AA 
 321      6D21967F 
 322 0a0f 683EFCEB 		.ascii	"h>\374\353\307K>\010\014\344\264fsl\344v\353\352Uf\353"
 322      C74B3E08 
 322      0CE4B466 
 322      736CE476 
ARM GAS  /tmp/ccwq0GZB.s 			page 25


 322      EBEA5566 
 323 0a24 3BC6584B 		.ascii	";\306XK\2141$f\333\333\333\243\267\207\277\035\036\362"
 323      8C312466 
 323      DBDBDBA3 
 323      B787BF1D 
 323      1EF2
 324 0a36 79A43172 		.ascii	"y\2441r{hTlX\270q[HhD\344\366p\2439,|kHl\224\325l\375"
 324      7B68546C 
 324      58B8715B 
 324      486844E4 
 324      F670A339 
 325 0a53 7247B865 		.ascii	"rG\270ee\004\247\221f\377\3725\263-_Z\214f\2135\014"
 325      6504A791 
 325      66FFFA35 
 325      B32D5F5A 
 325      8C668B35 
 326 0a68 A030451F 		.ascii	"\2400E\037\031\275#:\306Jd\230\255kV\032?\210\210\374"
 326      19BD233A 
 326      C64A6498 
 326      AD6B561A 
 326      3F8888FC 
 327 0a7c 3C32788B 		.ascii	"<2x\2131\332b\214\010\2112\2221\213q\313G\233V\2572"
 327      31DA628C 
 327      08893292 
 327      318B71CB 
 327      479B56AF 
 328 0a91 6EDC1864 		.ascii	"n\334\030d\374p\363\206\340\177\256\"C\346\035P\242"
 328      FC70F386 
 328      E07FAE22 
 328      43E61D50 
 328      A2
 329 0aa2 A2C280C3 		.ascii	"\242\302\200\303\213\240\"\303T\357\2553\255'\227\215"
 329      8BA022C3 
 329      54EFAD33 
 329      AD27978D 
 330 0ab2 AA8D1FFC 		.ascii	"\252\215\037\374\305\244z\177\213\311\204>E\353\325"
 330      C5A47A7F 
 330      8BC9843E 
 330      45EBD5
 331 0ac1 A151E121 		.ascii	"\241Q\341!1\242o\201k\314V\215t\203-\341V\034\034d\302"
 331      31A26F81 
 331      6BCC568D 
 331      74832DE1 
 331      561C1C64 
 332 0ad6 1B824CEA 		.ascii	"\033\202L\352\315\037o\0162\315\013\336\262y\355\332"
 332      CD1F6F0E 
 332      32CD0BDE 
 332      B279EDDA 
 333 0ae6 209357F0 		.ascii	" \223W\360G\237m^kRo\012\016Zk\302\357\233Lz\213u\033"
 333      479F6D5E 
 333      6B526F0A 
 333      0E5A6BC2 
 333      EF9B4C7A 
 334 0afd 78F6C58E 		.ascii	"x\366\305\216\310h\263U\313DG\206\231\255^\321[\267"
 334      C868B355 
 334      CB444786 
 334      99AD5ED1 
ARM GAS  /tmp/ccwq0GZB.s 			page 26


 334      5BB7
 335 0b0f 028B9E50 		.ascii	"\002\213\236P\232\267\206X\254\2777[\375_\347\275\344"
 335      9AB78658 
 335      ACBF375B 
 335      FD5FE7BD 
 335      E4
 336 0b20 F8AF66F9 		.ascii	"\370\257f\371*AD\347\000\243\336\020\374~\254E\013\015"
 336      2A4144E7 
 336      00A3DE10 
 336      FC7EAC45 
 336      0B0D
 337 0b32 53784818 		.ascii	"SxH\030\334\376r\326$KL\250sB(\247\203\352\323\230H"
 337      DCFE72D6 
 337      244B4CA8 
 337      734228A7 
 337      83EAD398 
 338 0b47 6B3860BD 		.ascii	"k8`\275\341~K\270\025\3566E\207\205k\"\243\267Ae\266"
 338      E17E4BB8 
 338      15EE3645 
 338      87856B22 
 338      A3B74165 
 339 0b5c CE0F8DD8 		.ascii	"\316\017\215\330\362\245e}H\224u\211\013Y\214\325) "
 339      F2A5657D 
 339      48947589 
 339      0B598CD5 
 339      2920
 340 0b6e 3402D608 		.ascii	"4\002\326\010\314\277!\305\330\014\036~\021\023\035"
 340      CCBF21C5 
 340      D80C1E7E 
 340      11131D
 341 0b7d BB8350E8 		.ascii	"\273\203P\350d9\234\267\331\2745v{\250\331\274r\315"
 341      64399CB7 
 341      D9BC3576 
 341      7BA8D9BC 
 341      72CD
 342 0b8f EAC0408D 		.ascii	"\352\300@\215\324\322+d\270b\326\030\\T\271\014\256"
 342      D4D22B64 
 342      B862D618 
 342      5C54B90C 
 342      AE
 343 0ba0 0AFC0FED 		.ascii	"\012\374\017\355\243\324T"
 343      A3D454
 344              		.text
 345              		.section	.gnu.lto_.symtab.a7465f0d1bc86797,"",%progbits
 346 0000 70616C52 		.ascii	"palReadBus\000"
 346      65616442 
 346      757300
 347 000b 00       		.ascii	"\000"
 348 000c 00       		.ascii	"\000"
 349 000d 00       		.ascii	"\000"
 350 000e 00000000 		.ascii	"\000\000\000\000\000\000\000\000"
 350      00000000 
 351 0016 22010000 		.ascii	"\"\001\000\000"
 352 001a 70616C57 		.ascii	"palWriteBus\000"
 352      72697465 
 352      42757300 
 353 0026 00       		.ascii	"\000"
ARM GAS  /tmp/ccwq0GZB.s 			page 27


 354 0027 00       		.ascii	"\000"
 355 0028 00       		.ascii	"\000"
 356 0029 00000000 		.ascii	"\000\000\000\000\000\000\000\000"
 356      00000000 
 357 0031 27010000 		.ascii	"'\001\000\000"
 358 0035 70616C53 		.ascii	"palSetBusMode\000"
 358      65744275 
 358      734D6F64 
 358      6500
 359 0043 00       		.ascii	"\000"
 360 0044 00       		.ascii	"\000"
 361 0045 00       		.ascii	"\000"
 362 0046 00000000 		.ascii	"\000\000\000\000\000\000\000\000"
 362      00000000 
 363 004e 2F010000 		.ascii	"/\001\000\000"
 364 0052 63685379 		.ascii	"chSysHalt\000"
 364      7348616C 
 364      7400
 365 005c 00       		.ascii	"\000"
 366 005d 02       		.ascii	"\002"
 367 005e 00       		.ascii	"\000"
 368 005f 00000000 		.ascii	"\000\000\000\000\000\000\000\000"
 368      00000000 
 369 0067 34010000 		.ascii	"4\001\000\000"
 370 006b 5F70616C 		.ascii	"_pal_lld_setgroupmode\000"
 370      5F6C6C64 
 370      5F736574 
 370      67726F75 
 370      706D6F64 
 371 0081 00       		.ascii	"\000"
 372 0082 02       		.ascii	"\002"
 373 0083 00       		.ascii	"\000"
 374 0084 00000000 		.ascii	"\000\000\000\000\000\000\000\000"
 374      00000000 
 375 008c 3A010000 		.ascii	":\001\000\000"
 376              		.text
 377              		.section	.gnu.lto_.opts,"",%progbits
 378 0000 272D666D 		.ascii	"'-fmath-errno' '-fsigned-zeros' '-ftrapping-math' '"
 378      6174682D 
 378      6572726E 
 378      6F272027 
 378      2D667369 
 379 0033 2D666E6F 		.ascii	"-fno-trapv' '-fno-openmp' '-fno-openacc' '-mcpu=cor"
 379      2D747261 
 379      70762720 
 379      272D666E 
 379      6F2D6F70 
 380 0066 7465782D 		.ascii	"tex-m0' '-mno-thumb-interwork' '-mthumb' '-ggdb' '-"
 380      6D302720 
 380      272D6D6E 
 380      6F2D7468 
 380      756D622D 
 381 0099 4F322720 		.ascii	"O2' '-Werror' '-fomit-frame-pointer' '-falign-funct"
 381      272D5765 
 381      72726F72 
 381      2720272D 
 381      666F6D69 
ARM GAS  /tmp/ccwq0GZB.s 			page 28


 382 00cc 696F6E73 		.ascii	"ions=16' '-ffunction-sections' '-fdata-sections' '-"
 382      3D313627 
 382      20272D66 
 382      66756E63 
 382      74696F6E 
 383 00ff 666E6F2D 		.ascii	"fno-common' '-flto'\000"
 383      636F6D6D 
 383      6F6E2720 
 383      272D666C 
 383      746F2700 
 384              		.text
 385              		.comm	__gnu_lto_v1,1,1
 386              		.comm	__gnu_lto_slim,1,1
 387              		.ident	"GCC: (GNU Tools for ARM Embedded Processors) 5.4.1 20160609 (release) [ARM/embedded-5-bran
ARM GAS  /tmp/ccwq0GZB.s 			page 29


DEFINED SYMBOLS
                            *ABS*:0000000000000000 hal_pal.c
                            *COM*:0000000000000001 __gnu_lto_v1
                            *COM*:0000000000000001 __gnu_lto_slim

NO UNDEFINED SYMBOLS
