ARM GAS  /tmp/ccq9zD0r.s 			page 1


   1              		.syntax unified
   2              		.cpu cortex-m0
   3              		.fpu softvfp
   4              		.eabi_attribute 20, 1
   5              		.eabi_attribute 21, 1
   6              		.eabi_attribute 23, 3
   7              		.eabi_attribute 24, 1
   8              		.eabi_attribute 25, 1
   9              		.eabi_attribute 26, 1
  10              		.eabi_attribute 30, 2
  11              		.eabi_attribute 34, 0
  12              		.eabi_attribute 18, 4
  13              		.thumb
  14              		.syntax unified
  15              		.file	"hal_lld.c"
  16              		.text
  17              	.Ltext0:
  18              		.section	.gnu.lto_.profile.be14fc8d199eff83,"",%progbits
  19 0000 789C6361 		.ascii	"x\234ca`d`a`\000\222\351\321\000\001\223\000\315"
  19      60646061 
  19      600092E9 
  19      D1000193 
  19      00CD
  20              		.text
  21              		.section	.gnu.lto_.icf.be14fc8d199eff83,"",%progbits
  22 0000 789C6361 		.ascii	"x\234ca`d\000\001)\006\004`aX\374k\346$\016\306\231"
  22      60640001 
  22      29060460 
  22      6158FC6B 
  22      E6240EC6 
  23 0015 BFB79F66 		.ascii	"\277\267\237fd\232\370g\346vf\346-\277wt\2611\000\000"
  23      649AF867 
  23      E67666E6 
  23      2DBF7774 
  23      B1310000 
  24 0029 A3B00BE8 		.ascii	"\243\260\013\350"
  25              		.text
  26              		.section	.gnu.lto_.jmpfuncs.be14fc8d199eff83,"",%progbits
  27 0000 789C6361 		.ascii	"x\234ca`d\000\001\036\006\004`\006b\220(\023\020\003"
  27      60640001 
  27      1E060460 
  27      06629028 
  27      131003
  28 0013 00021200 		.ascii	"\000\002\022\000\030"
  28      18
  29              		.text
  30              		.section	.gnu.lto_.inline.be14fc8d199eff83,"",%progbits
  31 0000 789C6361 		.ascii	"x\234ca`d\000\001\027\006\004`f`\020\023bd`R;\361\233"
  31      60640001 
  31      17060460 
  31      66601013 
  31      62646052 
  32 0017 91816D81 		.ascii	"\221\201m\201<\023H\220\221AP\022(&5\3414\222\030\027"
  32      3C134890 
  32      91415012 
  32      282635E1 
  32      34921817 
ARM GAS  /tmp/ccq9zD0r.s 			page 2


  33 002b 906062B0 		.ascii	"\220`b\260Z\303\004\224\311kX\255\002\227a\000\000F"
  33      5AC30494 
  33      C96B58AD 
  33      02976100 
  33      0046
  34 003d 920910   		.ascii	"\222\011\020"
  35              		.text
  36              		.section	.gnu.lto_.pureconst.be14fc8d199eff83,"",%progbits
  37 0000 789C6361 		.ascii	"x\234ca`d`g```f\220b\224b\222\002\000\001\254\000a"
  37      60646067 
  37      60606066 
  37      90629462 
  37      92020001 
  38              		.text
  39              		.section	.gnu.lto_hal_lld_backup_domain_init.be14fc8d199eff83,"",%progbits
  40 0000 789C9D53 		.ascii	"x\234\235SKL\023Q\024\275\367\315\247\245\264\015\304"
  40      4B4C1351 
  40      14BDF7CD 
  40      A7A5B40D 
  40      C4
  41 0011 B841A226 		.ascii	"\270A\242&\256\3300\"\033VnL\330\021\023qo\374, i\202"
  41      AED83022 
  41      1B566E4C 
  41      D8111371 
  41      6FFC2C20 
  42 0027 1117EC78 		.ascii	"\021\027\354x\265\255\032b\214.\304\215J](\250\320R"
  42      B5AD1A62 
  42      8C2EC48D 
  42      4A5D28A8 
  42      D052
  43 0039 FF549052 		.ascii	"\377T\220RA](\304\0045\001\027HH%\212\246MJ\"\211\245"
  43      415D28C4 
  43      04350117 
  43      4848258A 
  43      A64D4A22 
  44 004f BEFBDED0 		.ascii	"\276\373\336\320\001\027\006\230d\356\314\274wr\316"
  44      01170698 
  44      64EECCBC 
  44      7772CE
  45 005e B9E7DDD1 		.ascii	"\271\347\335\321\001\201\256%\035\240^<\233\304\215"
  45      0181AE25 
  45      1DA05E3C 
  45      9BC48D
  46 006d 2E407665 		.ascii	".@ve\022 \350fL\2136\000\367\350\331\235\300\275\032"
  46      1220E866 
  46      4C8B3600 
  46      F7E8D99D 
  46      C0BD1A
  47 0080 EA6A5967 		.ascii	"\352jYg\306\264%\226\315\341\335b\331@S-\233\210\364"
  47      C6B42596 
  47      CDE1DD62 
  47      D940532D 
  47      9B88F4
  48 0093 C2DD089D 		.ascii	"\302\335\010\235L\323\015\023;q\231\025\030\246/d\206"
  48      4CD30D13 
  48      3B719915 
  48      18A62F64 
ARM GAS  /tmp/ccq9zD0r.s 			page 3


  48      86
  49 00a4 584D2F17 		.ascii	"XM/\027\327\334\304\254\237\367\2450\242\001\024\231"
  49      D7DCC4AC 
  49      9FF7A530 
  49      A2011499 
  50 00b4 D406ECC5 		.ascii	"\324\006\354\305\032\020\260\371\304\3525\237\031&\330"
  50      1A10B0F9 
  50      C4EA359F 
  50      1926D8
  51 00c3 5EB5897D 		.ascii	"^\265\211}h\222\301\370\221\024/\026C\234\217\324%\367"
  51      6892C1F8 
  51      91142F16 
  51      439C8FD4 
  51      25F7
  52 00d5 EDD021A2 		.ascii	"\355\320!\242\241A\305E\305M\245\234\212\227\212\217"
  52      A141C545 
  52      C54DA59C 
  52      8A978A8F 
  53 00e5 8A9F4A05 		.ascii	"\212\237J\005\225J*\000YAG\346r\214\321S\313`:\231\033"
  53      954A2A00 
  53      594147E6 
  53      728CD153 
  53      CB603A99 
  54 00fa DE450221 		.ascii	"\336E\002!M\027\342\335\221\364\224+\317\"\032C\362"
  54      4D17E2DD 
  54      91F4942B 
  54      CF221A43 
  54      F2
  55 010b 72BB108E 		.ascii	"r\273\020\216\225\251O>\027\344\204\270\365\356\313"
  55      95A94F3E 
  55      17E484B8 
  55      F5EECB
  56 011a B8A7076F 		.ascii	"\270\247\007o\012\357\032\336\307j\274\207\325@\330"
  56      0AEF1ADE 
  56      C76ABC87 
  56      D540D8
  57 0129 C9A9AEBC 		.ascii	"\311\251\256\274\313\032\340\341 \257\210h:>\300\036"
  57      CB1AE0E1 
  57      20AF8868 
  57      3A3EC01E 
  58 0139 5C95BD61 		.ascii	"\\\225\275a?Z\220\301\320oS\011\031J+\2668z\303C\344"
  58      3F5A90C1 
  58      D06F5309 
  58      194A2BB6 
  58      387AC343 
  59 014e 889CE180 		.ascii	"\210\234\341\200\240\021v\272\2210[\321\2119:q\264\004"
  59      A01176BA 
  59      91305BD1 
  59      89393A71 
  59      B404
  60 0160 3BD124AF 		.ascii	";\321$\257\036TZ\256\365M\031\262\251\331\370\373\037"
  60      1E545AAE 
  60      F54D19B2 
  60      A9D9F8FB 
  60      1F
  61 0171 6EF5C9A3 		.ascii	"n\365\311\243\027eS\363o\273|J\313\304\204\320\032\264"
  61      176553F3 
ARM GAS  /tmp/ccq9zD0r.s 			page 4


  61      6FBB7C4A 
  61      CBC484D0 
  61      1AB4
  62 0183 B5C62E2F 		.ascii	"\265\306./\336\365\221\026\222\322C\251D'\201\217TG"
  62      DEF59116 
  62      92D243A9 
  62      4427818F 
  62      5447
  63 0195 7FCE4F33 		.ascii	"\177\316O3\245\343VR\013w\026\242evO&>\0264_1<\033\252"
  63      A5E35652 
  63      0B7716A2 
  63      65764F26 
  63      3E16345F 
  64 01ad B2410271 		.ascii	"\262A\002q\375\347J\225\015\320\361\011\351\000\235"
  64      FDE74A95 
  64      0DD0F109 
  64      E9009D
  65 01bc 8706D106 		.ascii	"\207\006\321\006:\216\374\340\350\036;\001\333T\220"
  65      3A8EFCE0 
  65      E81E3B01 
  65      DB5490
  66 01cb 26A10EFE 		.ascii	"&\241\016\376o\355\251c\355\031Zb\373\333\257\376K."
  66      6FEDA963 
  66      ED195A62 
  66      FBDBAFFE 
  66      4B2E
  67 01dd 5B47083D 		.ascii	"[G\010=W\351\346\263\333b\037r\330\223\222\275\224\250"
  67      57E9E6B3 
  67      DB621F72 
  67      D89392BD 
  67      94A8
  68 01ef 8E802F64 		.ascii	"\216\200/d\0239\246\227F*\3611\241\251\216\3137\035"
  68      1339A697 
  68      462AF131 
  68      A1A98ECB 
  68      371D
  69 0201 EEB0A331 		.ascii	"\356\260\2431\362o\270^ET\210\316\024\214\265\236\030"
  69      F26FB85E 
  69      455488CE 
  69      148CB59E 
  69      18
  70 0212 BE54E9CE 		.ascii	"\276T\351\316\254\245\353\025\220\370\322\320\212OA"
  70      ACA5EB15 
  70      90F8D2D0 
  70      8A4F41
  71 0221 00474BE9 		.ascii	"\000GK\351\0320m)g\237r\2663\337f\234\331#\226r\274"
  71      1A306D29 
  71      679F72B6 
  71      33DF669C 
  71      D9239672 
  72 0236 8D6D1C65 		.ascii	"\215m\034e\277 \222\247\270~t7K\233vh_\321\344\372\345"
  72      BF2092A7 
  72      B87E7437 
  72      4B9B7668 
  72      5FD1E4FA 
  73 024b E47EF88C 		.ascii	"\344~\370\214\212\273b\013T\343\016\325\304F\207\225"
  73      8ABB620B 
ARM GAS  /tmp/ccq9zD0r.s 			page 5


  73      54E30ED5 
  73      C4468795 
  74 025b 824846B5 		.ascii	"\202HF\265\035\207\257\035\3327\344\260R\246i\312\203"
  74      1D87AF1D 
  74      DA37E4B0 
  74      52A669CA 
  74      83
  75 026c FE8EE752 		.ascii	"\376\216\347R\313\215D(C\316\012\230X\026?b]\255u\250"
  75      CB8D4428 
  75      43CE0A98 
  75      58163F62 
  75      5DAD75A8 
  76 0280 A5F544EB 		.ascii	"\245\365D\353\341f\253\255\335j9\036\260N\267\2359\333"
  76      E166ABAD 
  76      DD6A391E 
  76      B04EB79D 
  76      39DB
  77 0292 6E351F6D 		.ascii	"n5\037m\252?\240j\343\376\216\016\3329\026\010\234\252"
  77      AA3FA06A 
  77      E3FE8E0E 
  77      DA391608 
  77      9CAA
  78 02a4 3D097F01 		.ascii	"=\011\177\001,\366\244\235"
  78      2CF6A49D 
  79              		.text
  80              		.section	.gnu.lto_hal_lld_init.be14fc8d199eff83,"",%progbits
  81 0000 789C9D93 		.ascii	"x\234\235\223\277O\024A\024\307\337wf\357X\222\333\034"
  81      BF4F1441 
  81      14C7DF77 
  81      66EF5892 
  81      DB1C
  82 0012 BD147686 		.ascii	"\275\024v\206\206\001\357O0\2613$bk\214?\012H.\201\010"
  82      8601EF4F 
  82      30B13324 
  82      626B8C3F 
  82      0A482E81 
  83 0027 05DD0D1E 		.ascii	"\005\335\015\036\033\211\205B!\035\301J@\304\023\177"
  83      1B898542 
  83      211DC14A 
  83      40C4137F 
  84 0037 2077A02E 		.ascii	" w\240.\347\217\320\250\321\366bbL\274\020\305\004D"
  84      E78FD0A8 
  84      D1F66262 
  84      4CBC10C5 
  84      0444
  85 0049 136372AC 		.ascii	"\023cr\254\363v\200\325r\357%\373f7\363\346\363\276"
  85      F37680D5 
  85      72EF25FB 
  85      6637F3E6 
  85      F3BE
  86 005b DF991D87 		.ascii	"\337\231\035\207@\034g\035\242\234\031\217\230\007\222"
  86      401C671D 
  86      A29C198F 
  86      980792
  87 006a 2026DE12 		.ascii	" &\336\022\215\272\002\340\027\355\202\012\002\005\374"
  87      8DBA02E0 
  87      17ED820A 
ARM GAS  /tmp/ccq9zD0r.s 			page 6


  87      0205FC
  88 0079 120D81EA 		.ascii	"\022\015\201\352\325zYt\314j\023\237\374\037\335z.\200"
  88      D57A5974 
  88      CC6A139F 
  88      FC1FDD7A 
  88      2E80
  89 008b 2F894211 		.ascii	"/\211B\021\221\010\263\350 S\366yi\357\246\227\036\343"
  89      9108B3E8 
  89      2053F679 
  89      69EFA697 
  89      1EE3
  90 009d B2A37612 		.ascii	"\262\243v\022sHs\273\322\351@\207aQ\353\335\256\357"
  90      734873BB 
  90      D2E94087 
  90      6151EBDD 
  90      AEEF
  91 00af C7DA04F9 		.ascii	"\307\332\004\371\022)N.\247VN\031N\036'\242m\263\224"
  91      12294E2E 
  91      A7564E19 
  91      4E1E27A2 
  91      6DB394
  92 00c2 45EC08C1 		.ascii	"E\354\010\301\243\254\243Z\331\371\222cXQ\262\236)\277"
  92      A3ACA35A 
  92      D9F99263 
  92      5851B29E 
  92      29BF
  93 00d4 FAAEE5A7 		.ascii	"\372\256\345\247\360\245\000\367\255\225\336|s\355\247"
  93      F0A500F7 
  93      AD95DE7C 
  93      73EDA7
  94 00e3 BE35AE1D 		.ascii	"\2765\256\035\226\262q\315\233\301\264\221)q\007\355"
  94      96B271CD 
  94      9BC1B491 
  94      297107ED 
  95 00f3 98473B71 		.ascii	"\230G;q\351\372\365\315\333\236Z\324c\243\272\315\227"
  95      E9FAF5CD 
  95      DB9E5AD4 
  95      63A3BACD 
  95      97
  96 0104 0E163083 		.ascii	"\016\0260\203\275\310\006\356B\221\3514\314m\022\020"
  96      BDC806EE 
  96      4291E934 
  96      CC6D1210 
  97 0114 1663C23D 		.ascii	"\026c\302=(S\360qc~A\262\032 4\221E\311\254L\002\006"
  97      2853F071 
  97      637E41B2 
  97      1A203491 
  97      45C9AC4C 
  98 012a 63EFC7D8 		.ascii	"c\357\307\330\245\010{\350\331\001\341\201EV&\353\322"
  98      A5087BE8 
  98      D901E181 
  98      455626EB 
  98      D2
  99 013b EE4A2A81 		.ascii	"\356J*\201\342\207\021\232\217\005\217\232\363\3748"
  99      E287119A 
  99      8F058F9A 
  99      F3FC38
ARM GAS  /tmp/ccq9zD0r.s 			page 7


 100 014a 262C4335 		.ascii	"&,C5g\360I\314X1\214\003G\357\017\034\271\011\364\224"
 100      67F049CC 
 100      58318C03 
 100      47EF0F1C 
 100      B909F494 
 101 015e 2356F4C3 		.ascii	"#V\364\303U\"G\305\337iKi\265\240\0177&\202\314\341"
 101      552247C5 
 101      DF694B69 
 101      B5A00F37 
 101      2682CCE1 
 102 0172 9934B258 		.ascii	"\2314\262X\265\355\246\220\320\371Z\334\351)\224\341"
 102      B5EDA690 
 102      D0F95ADC 
 102      E92994E1 
 103 0182 2737FE2C 		.ascii	"'7\376,F<\377\307\370\344\326\276\361L\0029A\304\222"
 103      463CFFC7 
 103      F8E4D6BE 
 103      F14C0239 
 103      41C492
 104 0195 CC5AFFDF 		.ascii	"\314Z\377\337\270gA\257+\177v\367\215\363\265\004\252"
 104      B86741AF 
 104      2B7F76F7 
 104      8DF3B504 
 104      AA
 105 01a6 4D1A7F11 		.ascii	"M\032\177\021wz\311\306=\332D1X\3162\206\353\313\345"
 105      777AC9C6 
 105      3DDA4431 
 105      58CE3286 
 105      EBCBE5
 106 01b9 AD5A4BA1 		.ascii	"\255ZK\241\241\3075\327\247B>Y\274B\301\334\3504}\305"
 106      A1C735D7 
 106      A7423E59 
 106      BC42C1DC 
 106      E8347DC5 
 107 01cd 95A0D613 		.ascii	"\225\240\326\023\225rl\233Is\257\315\026tw\252\023}"
 107      95726C9B 
 107      4973AFCD 
 107      167477AA 
 107      137D
 108 01df FD17FA7B 		.ascii	"\375\027\372{z\325\300\220\352;\237W\203\003\227\207"
 108      7AD5C090 
 108      EA3B9F57 
 108      83039787 
 109 01ef 8754EF99 		.ascii	"\207T\357\231S\271\3436\237\354\032\031\341\231s\371"
 109      53B9E336 
 109      9FEC1A19 
 109      E19973F9 
 110 01ff FCA5CE8B 		.ascii	"\374\245\316\213\364\027\365\334r5"
 110      F417F5DC 
 110      7235
 111              		.text
 112              		.section	.gnu.lto_stm32_clock_init.be14fc8d199eff83,"",%progbits
 113 0000 789C9D57 		.ascii	"x\234\235W[oTU\024>k\237\271\234\231\316\231k[\032\212"
 113      5B6F5455 
 113      143E6B9F 
 113      B99C99CE 
 113      996B5B1A 
ARM GAS  /tmp/ccq9zD0r.s 			page 8


 114 0015 A1A1A1A1 		.ascii	"\241\241\241\24142T\342\017\230\230\370fL\304\370j\274"
 114      343254E2 
 114      0F9898F8 
 114      664CC4F8 
 114      6ABC
 115 0027 C440D204 		.ascii	"\304@\322\004#\306\360\306)\355 Qb|\260<\230\030x\022"
 115      23C6F0C6 
 115      29ED2051 
 115      627CB03C 
 115      98187812 
 116 003b BCD4B65A 		.ascii	"\274\324\266Z/\035\024\206\332a\240\330\326B\253B\275"
 116      2F1D1486 
 116      DA61A0D8 
 116      D642AB42 
 116      BD
 117 004c 149CA915 		.ascii	"\024\234\251\025\252t\314 Bk\307\275\366\332gv\247M"
 117      AA74CC20 
 117      426BC7BD 
 117      F6DA6776 
 117      A74D
 118 005e CCCC9C87 		.ascii	"\314\314\234\207o\317\354\265\373\355\265\277\365\355"
 118      6FCFECB5 
 118      FBEDB5BF 
 118      F5ED
 119 006c 35A70E0D 		.ascii	"5\247\016\0154|:}\232\266\213\217\017\360\257P\247\001"
 119      347C3A7D 
 119      9AB68B8F 
 119      0FF0AF50 
 119      A701
 120 007e 7B739C4F 		.ascii	"{s\234O\032\014t\372\240\263\332\243iM\263\274\216n"
 120      1A0C74FA 
 120      A0B3DAA3 
 120      694DB3BC 
 120      8E6E
 121 0090 B766F96A 		.ascii	"\267f\371ji>\346\000'\305\235,Bq\227\210Gh>\346\002"
 121      693EE600 
 121      27C59D2C 
 121      42719788 
 121      47683EE6 
 122 00a5 37C5DD2C 		.ascii	"7\305\335,LqC\304\3034\0373\300Cq\017\013Q\334+\342"
 122      4C7143C4 
 122      C3341F33 
 122      C043710F 
 122      0B51DC2B 
 123 00ba 219A8F79 		.ascii	"!\232\217y\241\206\3425,Hq\237\210\007i>\346\003\223"
 123      A186E235 
 123      2C48719F 
 123      8807693E 
 123      E60393
 124 00cd E2260B50 		.ascii	"\342&\013P\334/\342\001\232\217\371\001p\264\014\320"
 124      DC2FE201 
 124      9A8FF901 
 124      70B40CD0 
 125 00dd 0E32BDD6 		.ascii	"\0162\275\326\341\214\270\334a\303\023\362\326\004}"
 125      E18CB8DC 
 125      61C313F2 
 125      D6047D
ARM GAS  /tmp/ccq9zD0r.s 			page 9


 126 00ec 66C00F07 		.ascii	"f\300\017\007\335\272F\217S\216n9z\344X#GS\216w\330"
 126      DDBA468F 
 126      538E6E39 
 126      7AE45823 
 126      47538E77 
 127 0101 BF0C865F 		.ascii	"\277\014\206_\235\033b\255'-\376\314\246\012\355\326"
 127      9D1B62AD 
 127      272DFECC 
 127      A60AEDD6 
 128 0111 A924C439 		.ascii	"\251$\3049Q\201\321\0328\011\255\032_vc`\245\307tu\343"
 128      5181D11A 
 128      3809AD1A 
 128      5F766360 
 128      A5C77475 
 129 0126 B2260AC2 		.ascii	"\262&\012\302)p\241\340}O$\255B\241\313\262\226v\366"
 129      2970A1E0 
 129      7D4F24AD 
 129      42A1CBB2 
 129      9676F6
 130 0139 B63DC8B4 		.ascii	"\266=\310\264\270\016:\202\023\301\205\340F0\020\274"
 130      B80E3A82 
 130      13C185E0 
 130      463010BC 
 131 0149 083E0413 		.ascii	"\010>\004\023\301\217\020@\010#D\020\352\020\352\021"
 131      C18F1040 
 131      08234410 
 131      EA10EA11 
 132 0159 36203420 		.ascii	"6 4 lDhD\330\214\320\204\260\005\241\031a+B\013\302"
 132      6C446844 
 132      D88CD084 
 132      B005A119 
 132      612B420B 
 133 016e 36845684 		.ascii	"6\204V\204\355\010m\010\232\266\310\263\345J\346\030"
 133      ED086D08 
 133      9AB6C8B3 
 133      E54AE618 
 134 017e E3833E07 		.ascii	"\343\203>\007\303\211\\jP\307\364\273tT\340X|x\302\235"
 134      C3895C6A 
 134      50C7F4BB 
 134      7454E058 
 134      7C78C29D 
 135 0192 67719D01 		.ascii	"gq\235\001\236t\246o\354\226A_\255\023G,\007\036\376"
 135      9E74A66F 
 135      EC96415F 
 135      AD13472C 
 135      071EFE
 136 01a5 C26BE671 		.ascii	"\302k\346qx\207\013\243\303\373\260\011\336\203M\032"
 136      78870BA3 
 136      C3FBB009 
 136      DE834D1A 
 137 01b5 2E3DF7C6 		.ascii	".=\367\306\374\273f\264\327\352\356\264\202q\335\001"
 137      FCBB66B4 
 137      D7EAEEB4 
 137      8271DD01 
 138 01c5 1FC07158 		.ascii	"\037\300qX\021\302\301\207\020\325\346\240\353\037\027"
 138      11C2C187 
 138      10D5E6A0 
ARM GAS  /tmp/ccq9zD0r.s 			page 10


 138      EB1F17
 139 01d4 EDA3D356 		.ascii	"\355\243\323V\203#\351\303\202\033\370\323\313Yx6\307"
 139      8323E9C3 
 139      821BF8D3 
 139      CB597836 
 139      C7
 140 01e5 009754B0 		.ascii	"\000\227T\260\313Gj\227>\210rn\376)\307t\215\273C\234"
 140      CB476A97 
 140      3E88726E 
 140      FE29C774 
 140      8DBB439C 
 141 01f9 6EE07C5E 		.ascii	"n\340|^\236\316Y\016+ g\277\342\034\240\314\227\017"
 141      9ECE590E 
 141      2B2067BF 
 141      E21CA0CC 
 141      970F
 142 020b 6718B148 		.ascii	"g\030\261H\242T\341n2@\2713\370\230\263\\\207\356k]"
 142      A254E16E 
 142      3240B933 
 142      F898B35C 
 142      87EE6B5D 
 143 021f 2FC8357C 		.ascii	"/\3105|A\337\302\320=\223\026h\360\011n\243\241\370"
 143      41DFC2D0 
 143      3D931668 
 143      F0096EA3 
 143      A1F8
 144 0231 B51A7733 		.ascii	"\265\032w3\344\230\303V\177`lJ\346\347\256\340\324\203"
 144      E498C356 
 144      7F606C4A 
 144      E6E7AEE0 
 144      D483
 145 0243 2243341C 		.ascii	"\"C4\034|*3\224\332\032Dt\346\357\370+\264\373r\241"
 145      7C2A3394 
 145      DA1A4474 
 145      E6EFF82B 
 145      B4FB72A1 
 146 0257 5008C067 		.ascii	"P\010\300gU\312\373\271\332\350\013\224\327@\226\304"
 146      55CAFBB9 
 146      DAE80B94 
 146      D74096C4 
 147 0267 E4988376 		.ascii	"\344\230\203v\363V@5\244\250\022\"\347\312\2639\255"
 147      F3564035 
 147      A4A81222 
 147      E7CAB339 
 147      AD
 148 0278 28BEC46C 		.ascii	"(\276\304l\274\242\330NU\354\361\214\024\323Wv\261\277"
 148      BCA2D84E 
 148      55ECF18C 
 148      14D35776 
 148      B1BF
 149 028a 529C67EC 		.ascii	"R\234g\354b/\310b\233D\2644\377\326U 5}p\226\212=c\027"
 149      622FC862 
 149      9B44B434 
 149      FFD65520 
 149      357D7096 
 150 02a2 DB5C55DD 		.ascii	"\333\\U\335\210\254\256\253X\335)\373n\371+8fR\371\357"
 150      88ACAEAB 
ARM GAS  /tmp/ccq9zD0r.s 			page 11


 150      58DD29FB 
 150      6EF92B38 
 150      6652F9EF 
 151 02b6 5C697503 		.ascii	"\\iu\003D\324w1\236\226\011\335\003\030\256\262\266"
 151      44D47731 
 151      9E9609DD 
 151      0318AEB2 
 151      B6
 152 02c7 5FAB6D46 		.ascii	"_\253mFP\315\000\262\344\027\247\310\220\212\250\023"
 152      50CD00B2 
 152      E417A7C8 
 152      908AA813 
 153 02d7 FB9CF9FF 		.ascii	"\373\234\371\377*\246\224\212\347!\272\272\2178\270"
 153      2AA6948A 
 153      E721BABA 
 153      8F38B8
 154 02e6 FFD39461 		.ascii	"\377\323\224ab ;\"\345\010W\220\347\005\301-\272\354"
 154      62203B22 
 154      E5085790 
 154      E705C12D 
 154      BAEC
 155 02f8 C5D24612 		.ascii	"\305\322F\022\341DUw\216QE{\011\217\037\021fr\027\315"
 155      E1445577 
 155      8E51457B 
 155      098F1F11 
 155      667217CD 
 156 030c 94CBDA9D 		.ascii	"\224\313\332\235\243\256l3}\2438\307\326\232\251\236"
 156      A3AE6C33 
 156      7DA338C7 
 156      D69AA99E 
 157 031c 13AD6B15 		.ascii	"\023\255k\025\365\253\334\023\226\3561\212\356\311\333"
 157      F5ABDC13 
 157      96EE318A 
 157      EEC9DB
 158 032b 726DA8E0 		.ascii	"rm\250\340\\\343\"\007\354\2030Q*W\003'\252Z\256o\025"
 158      5CE32207 
 158      EC833051 
 158      2A570327 
 158      AA5AAE6F 
 159 0340 ED24CAD5 		.ascii	"\355$\312\325 \344\362(\271\362\366\335\333X\266\\\227"
 159      20E4F228 
 159      B9F2F6DD 
 159      DB58B65C 
 159      97
 160 0351 15E795B5 		.ascii	"\025\347\225\265\215\266\221\023\255\223\253q\225\\"
 160      8DB69113 
 160      AD93AB71 
 160      955C
 161 035f 21299757 		.ascii	"!)\227W\312\225\357\277\233\251\302\271S\312\271\323"
 161      CA95EFBF 
 161      9BA9C2B9 
 161      53CAB9D3 
 162 036f C2B93D99 		.ascii	"\302\271=\231C\213:9\327\262N\000|G\202\345\373\227"
 162      438B3A39 
 162      D7B24E00 
 162      7C4782E5 
 162      FB97
ARM GAS  /tmp/ccq9zD0r.s 			page 12


 163 0381 ABA1FF5E 		.ascii	"\253\241\377^\320;\220\376\007\210\3327!\337\277R\015"
 163      D03B90FE 
 163      0788DA37 
 163      21DFBF52 
 163      0D
 164 0392 D9554186 		.ascii	"\331UA\206o4pM\221%r#\323R\372\315\025\024tF]\377\037"
 164      6F34704D 
 164      91257223 
 164      D352FACD 
 164      15147446 
 165 03a9 4B7DD244 		.ascii	"K}\322DD\223\331\373\023\036\3522<5\003~\252\3229?\253"
 165      4493D9FB 
 165      131EEA32 
 165      3C35037E 
 165      AAD2393F 
 166 03be 8D7E41E7 		.ascii	"\215~A\3474\011\347\324\250\256\235\272#\323\337R\266"
 166      3409E7D4 
 166      A8AE9DBA 
 166      23D3DF52 
 166      B6
 167 03cf 736615E7 		.ascii	"sf\025\347\365\265\316i&\242K\205\243\267\235\305\364"
 167      F5B5CE69 
 167      26A24B85 
 167      A3B79DC5 
 167      F4
 168 03e0 8370638D 		.ascii	"\203pc\215\227\232Wy)(\275\344\263\275\264\230\316\332"
 168      979A5779 
 168      2928BDE4 
 168      B3BDB498 
 168      CEDA
 169 03f2 F5297632 		.ascii	"\365)v2\247x#\272\237M\275n\320W+IoD=\313\231\034\263"
 169      A77823BA 
 169      9F4DBD6E 
 169      D0572B49 
 169      6F443DCB 
 170 0409 4BD8CEDF 		.ascii	"K\330\316\337\263\\\220\341\231\377*3_:2\333m\0243\317"
 170      B35C90E1 
 170      99FF2A33 
 170      5F3A32DB 
 170      6D1433CF 
 171 041d 8ACC5D98 		.ascii	"\212\314]\230\371\234\360[\342lz\324$\277\205\3407\273"
 171      F99CF05B 
 171      E26C7AD4 
 171      24BF85E0 
 171      37BB
 172 042f 538EDB25 		.ascii	"S\216\333%\335Z\201\322\363\312\313\277\227\226\264"
 172      DD5A81D2 
 172      F3CACBBF 
 172      9796B4
 173 043e 851389DB 		.ascii	"\205\023\211\333TM\001o*\332[X\300\026Q@S]\375\361\254"
 173      544D016F 
 173      2ADA5B58 
 173      C0165140 
 173      535DFDF1 
 174 0453 4C765BD9 		.ascii	"Lv[\331\005\\P\234\177\254\355\224\255\234h\335\357"
 174      055C509C 
 174      7FACED94 
ARM GAS  /tmp/ccq9zD0r.s 			page 13


 174      AD9C68DD 
 174      EF
 175 0464 6C2BA778 		.ascii	"l+\247x\373t~T\226\324\200?\213\325\013\310\352\371"
 175      FB747E54 
 175      96D4803F 
 175      8BD50BC8 
 175      EAF9
 176 0476 8BAFB4D3 		.ascii	"\213\257\264\323\017\323\037m\257\340\224\267EF\370"
 176      0FD31F6D 
 176      AFE094B7 
 176      4546F8
 177 0485 6F022C96 		.ascii	"o\002,\226\212\327\306\211\252\356\2339E\373\027\212"
 177      8AD7C689 
 177      AAEE9B39 
 177      45FB178A 
 178 0495 D7A6DD84 		.ascii	"\327\246\335\204C\311\231\247\220F\346\017<o\356\345"
 178      43C999A7 
 178      9046E60F 
 178      3C6FEEE5 
 179 04a5 F61DD147 		.ascii	"\366\035\321G\366\354}v\357\343\273\243\373\366G\367"
 179      F6EC7D76 
 179      EFE3BBA3 
 179      FBF647F7 
 180 04b5 3CD3117D 		.ascii	"<\323\021}q\337K/\357\217\356~\362\261]\017\021>\272"
 180      71DF4B2F 
 180      EF8FEE7E 
 180      F2B15D0F 
 180      113EBA
 181 04c8 F3C0018C 		.ascii	"\363\300\001\214<\335\321\361\374\216\347\264\377\000"
 181      3CDDD1F1 
 181      FC8EE7B4 
 181      FF00
 182 04d6 5E441127 		.ascii	"^D\021'"
 183              		.text
 184              		.section	.gnu.lto_.symbol_nodes.be14fc8d199eff83,"",%progbits
 185 0000 789C6361 		.ascii	"x\234ca`d\360f\000\002\246\365\214\365\014\014\023\316"
 185      6064F066 
 185      0002A6F5 
 185      8CF50C0C 
 185      13CE
 186 0012 313000A9 		.ascii	"10\000\251\235\015\013\033\230\201b\033\030\353\031"
 186      9D0D0B1B 
 186      9881621B 
 186      18EB19
 187 0021 6162BB1A 		.ascii	"ab\273\032\024\201\"\033\031\353\231PDX\327124\012\001"
 187      1481221B 
 187      19EB9950 
 187      4458D731 
 187      32340A01 
 188 0035 0D606664 		.ascii	"\015`fd`8\324\376F\236\001\000\335\270\0223"
 188      6038D4FE 
 188      469E0100 
 188      DDB81233 
 189              		.text
 190              		.section	.gnu.lto_.refs.be14fc8d199eff83,"",%progbits
 191 0000 789C6361 		.ascii	"x\234ca`\004B \000\000\0009\000\007"
 191      60044220 
ARM GAS  /tmp/ccq9zD0r.s 			page 14


 191      00000039 
 191      0007
 192              		.text
 193              		.section	.gnu.lto_.decls.be14fc8d199eff83,"",%progbits
 194 0000 789CAD56 		.ascii	"x\234\255ViP\024G\024\236\236^\004v\271J,\313J\371\303"
 194      69501447 
 194      149E9E5E 
 194      0476B94A 
 194      2CCB4AF9 
 195 0015 32A4243F 		.ascii	"2\244$?d\004\255T\362#U\201\005\217J<j\326#\371\265"
 195      6404AD54 
 195      F2235581 
 195      058F4A3C 
 195      6AD623F9 
 196 002a C5B1965B 		.ascii	"\305\261\226[rX\356\222\302\177\243\240\"\306c\361\210"
 196      7258EE92 
 196      C27FA3A0 
 196      22C663F1 
 196      88
 197 003b A246C513 		.ascii	"\242F\305\023\345\366\300E\324\365\"\210\027\340\305"
 197      E5F6C045 
 197      D4F52288 
 197      17E0C5
 198 004a 21022297 		.ascii	"!\002\"\227\032\004<7\242\346u\367\354\316\262,V*\225"
 198      1A043C37 
 198      A2E675F7 
 198      ECCEB22C 
 198      562A95
 199 005d 29BEE9E9 		.ascii	")\276\351\351\356\357}\375\272\373\275\307\2528\304"
 199      EEEF7DFD 
 199      BAFBBDC7 
 199      AA38C4
 200 006c 9167BD3F 		.ascii	"\221g\275?\307=\200\317)\200O\360\250`l!\247<\030P\000"
 200      C73D80CF 
 200      29804FF0 
 200      A8606C21 
 200      A73C1850 
 201 0081 28029400 		.ascii	"(\002\224\000\210U\0057\364!\363\336\262\335$\3005@"
 201      88550537 
 201      F421F3DE 
 201      B2DD24C0 
 201      3540
 202 0093 15E03CA0 		.ascii	"\025\340<\240\017\320\013\340\001W\001\335\262F\001"
 202      0FD00BE0 
 202      015701DD 
 202      B24601
 203 00a2 37FC2972 		.ascii	"7\374)r\323q\330\022\235~@>\200\370\327\016h\001<\001"
 203      D371D812 
 203      9D7E403E 
 203      80F8D70E 
 203      68013C01 
 204 00b6 B4CADA45 		.ascii	"\264\312\332E#h\226|FS\015\216\370\002|\340\3739\240"
 204      2368967C 
 204      46530D8E 
 204      F8027CE0 
 204      FB39A0
 205 00c9 0DF008D0 		.ascii	"\015\360\010\320\014x\006\350\002|\004t\310>\227x\320"
ARM GAS  /tmp/ccq9zD0r.s 			page 15


 205      0C7806E8 
 205      027C0474 
 205      C83E9778 
 205      D0
 206 00da FFC0A363 		.ascii	"\377\300\243c\226{\345\270\0115 \360\003\005\321Q\204"
 206      967BE5B8 
 206      093520F0 
 206      0305D151 
 206      84
 207 00eb D81B5170 		.ascii	"\330\033Qp\014\264\013\037<}s\312\020r\020\311\033^"
 207      0CB40B1F 
 207      3C7D73CA 
 207      107210C9 
 207      1B5E
 208 00fd 3C92C738 		.ascii	"<\222\3078\247\030\375\223\355\351=\321\207\212(\352"
 208      A718FD93 
 208      EDE93DD1 
 208      878A28EA 
 209 010d 4836424E 		.ascii	"H6BN\017\3504\307\346\235\252\254\341\025\003\027=\346"
 209      0FE834C7 
 209      E69DAAAC 
 209      E1150317 
 209      3DE6
 210 011f AE2CA7F8 		.ascii	"\256,\247\370\354\334\023rlzO}\356y\036\363\210|\267"
 210      ECDC1372 
 210      6C7A4F7D 
 210      EE791EF3 
 210      887CB7
 211 0132 D88F4E0F 		.ascii	"\330\217N\017\313\227\340\331,I\374\367\312\311\324"
 211      CB97E0D9 
 211      2C49FCF7 
 211      CAC9D4
 212 0141 6614EFC6 		.ascii	"f\024\357\306\257x4Z\215T\320\355\277\231\323\036\000"
 212      AF78345A 
 212      8D54D0ED 
 212      BF99D31E 
 212      00
 213 0152 DD316A34 		.ascii	"\3351j4\001\272\037\256\355\312\341\307m\247v\351\322"
 213      01BA1FAE 
 213      EDCAE1C7 
 213      6DA776E9 
 213      D2
 214 0163 04155A38 		.ascii	"\004\025Z8\026\035G\343\32114\036\026\312G\343\340\035"
 214      161D47E3 
 214      D131341E 
 214      16CA47E3 
 214      E01D
 215 0175 A7624A27 		.ascii	"\247bJ'wv\235\306\023\367I\266b\251u\217u\251%]\252"
 215      77769DC6 
 215      13F749B6 
 215      62A9758F 
 215      75A9255D 
 216 018a 02B30984 		.ascii	"\002\263\011\204\205\216\"\214\362P\030\361\016>Is\004"
 216      858E228C 
 216      F25018F1 
 216      0E3E4973 
 216      04
ARM GAS  /tmp/ccq9zD0r.s 			page 16


 217 019b 3581DB05 		.ascii	"5\201\333\005h\"X\356\374cS1\306?SG{w\024l\362\007\225"
 217      682258EE 
 217      FC635331 
 217      C63F5347 
 217      7B77146C 
 218 01b2 7DC592CD 		.ascii	"}\305\222\315\262\011\357\224l\031\240\302S\225BE\245"
 218      B209EF94 
 218      6C19A0C2 
 218      53954245 
 218      A5
 219 01c3 D055A588 		.ascii	"\320U\245\210\252H\335g\037\006b\003U\311\257\261w\370"
 219      AA48DD67 
 219      1F066203 
 219      55C9AFB1 
 219      77F8
 220 01d5 CA2A83B7 		.ascii	"\312*\203\267\375\244\315+%\351\007\252Q\254h\024\273"
 220      FDA4CD2B 
 220      25E907AA 
 220      51AC6814 
 220      BB
 221 01e6 6A94508D 		.ascii	"j\224P\215\346\252\274\343\3444&\251\0219\354@\030*"
 221      E6AABCE3 
 221      E43426A9 
 221      1139EC40 
 221      182A
 222 01f8 7A6EB5FB 		.ascii	"zn\265\373\263!\242\\\267i\340\2407\376\225|\363\225"
 222      B321A25C 
 222      B769E0A0 
 222      37FE957C 
 222      F395
 223 020a 1B4E946A 		.ascii	"\033N\224jP\250\37209\237\326-\325\321\226\265\304\325"
 223      50A8FA30 
 223      399FD62D 
 223      D5D196B5 
 223      C4D5
 224 021c D3488D4E 		.ascii	"\323H\215N*\313LR\303;S\222V\221#\034]\025\3009O\020"
 224      2ACB4C52 
 224      C33B5392 
 224      5691231C 
 224      5D15C039 
 225 0232 9D42A144 		.ascii	"\235B\241D\227\020\321\011\030,\205AX#\357\240%w\024"
 225      9710D109 
 225      182C8541 
 225      5823EFA0 
 225      257714
 226 0245 3E8DE822 		.ascii	">\215\350\";O\036{\253v.\362i\3754\270\305 d\2055\312"
 226      3B4F1E7B 
 226      AB762EF2 
 226      69FD34B8 
 226      C5206485 
 227 025b 943560C9 		.ascii	"\2245`\311\021\0279\343y\221C\365\225\353\275a_DI\252"
 227      111739E3 
 227      799143F5 
 227      95EBBD61 
 227      5F4449AA 
 228 026f EF1F0B43 		.ascii	"\357\037\013C\305\007;\276\304=tYT\375.\353E\340W\007"
 228      C5073BBE 
ARM GAS  /tmp/ccq9zD0r.s 			page 17


 228      C43D7459 
 228      54FD2EEB 
 228      45E05707 
 229 0283 A47DB970 		.ascii	"\244}\271p\233\347D\270\315\231\224z\226-\352\022\005"
 229      9BE744B8 
 229      CD99947A 
 229      962DEA12 
 229      05
 230 0294 64A49C2C 		.ascii	"d\244\234,T\201\276\002\303\232\362\326\216\000lg*5"
 230      5481BE02 
 230      C39AF2D6 
 230      8E006C67 
 230      2A35
 231 02a6 47326BB0 		.ascii	"G2k\260\032\374J\377\327~\345\234}U\355\305\002\322"
 231      1AFC4AFF 
 231      D77EE59C 
 231      7D55EDC5 
 231      02D2
 232 02b8 07BA65BD 		.ascii	"\007\272e\275\307\313\374Y@\332\310\364\357\326\307"
 232      C7CBFC59 
 232      40DAC8F4 
 232      EFD6C7
 233 02c7 7D017890 		.ascii	"}\001x\220\312\2536\346\035\350\345QphH\210\205\206"
 233      CAAB36E6 
 233      1DE8E551 
 233      70684888 
 233      8586
 234 02d9 A84D9290 		.ascii	"\250M\222\220\231C6P\273@}\273\204\202\251\267\227a"
 234      99433650 
 234      BB407DBB 
 234      8482A9B7 
 234      9761
 235 02eb ADAB2804 		.ascii	"\255\253(\004]A!4\360\331aZ\262\027lO'7\0064N>J\362"
 235      5D412134 
 235      F0D9615A 
 235      B2176C4F 
 235      27370634 
 236 0303 E44A19E9 		.ascii	"\344J\031\351\222\255\251q\014\211>\214\316\303\266"
 236      92ADA971 
 236      0C893E8C 
 236      CEC3B6
 237 0312 2FC22689 		.ascii	"/\302&\211\230\323{\201\310\037'\213\310\364\372F\010"
 237      98D37B81 
 237      C81F278B 
 237      C8F4FA46 
 237      08
 238 0323 B3584A3E 		.ascii	"\263XJ>\347\221\034>\236\345IN\351\225\013\336\270\234"
 238      E7911C3E 
 238      9EE5494E 
 238      E9950BDE 
 238      B89C
 239 0335 E6255F5E 		.ascii	"\346%_^\372\242\304\027\205\006S\207l\315\215H\222|"
 239      FAA2C417 
 239      85065387 
 239      6CCD8D48 
 239      927C
 240 0347 5015D856 		.ascii	"P\025\330V*\227K\274\3438\217;D\177\302\306F\332$\254"
ARM GAS  /tmp/ccq9zD0r.s 			page 18


 240      2A974BBC 
 240      E3388F3B 
 240      447FC2C6 
 240      46DA24AC 
 241 035b B5E140EE 		.ascii	"\265\341@\356\026?\277,%.\250\266rw\327\220\037\255"
 241      163FBF2C 
 241      252EA8B6 
 241      7277D790 
 241      1FAD
 242 036d 1BD002FB 		.ascii	"\033\320\002\373lYE\245|\364S\240\373n\307\352#\010"
 242      6C5945A5 
 242      7CF453A0 
 242      FB6EC7EA 
 242      2308
 243 037f 57B202B2 		.ascii	"W\262\002\262\353es\217/\233\013\205\356\365\373\373"
 243      EB65738F 
 243      2F9B0B85 
 243      EEF5FBFB 
 244 038f 0BBDF00D 		.ascii	"\013\275\360\0156w\263\253\244\316\033\327\261\216\243"
 244      3677B3AB 
 244      A4CE1BD7 
 244      B18EA3
 245 039e 828C6615 		.ascii	"\202\214f\025\304r\371\365K\015nds\275\031\035\255\032"
 245      C472F9F5 
 245      4B0D6E64 
 245      73BD191D 
 245      AD1A
 246 03b0 36378ED8 		.ascii	"67\216\330\255\313\336\306\343\026\331\256\346r\226"
 246      ADCBDEC6 
 246      E316D9AE 
 246      E67296
 247 03bf 2FEE629D 		.ascii	"/\356b\235\272\276\033{db\020t\263.6\254\361\305/\330"
 247      BABE1B7B 
 247      64621074 
 247      B32E36AC 
 247      F1C52FD8 
 248 03d3 DCFE6EEB 		.ascii	"\334\376n\353\226@\374\206u*\232N\011\370\023\373\316"
 248      9640FC86 
 248      752A9A4E 
 248      09F813FB 
 248      CE
 249 03e4 B36E68F3 		.ascii	"\263nh\363\302\231\230v\332\3132\336\250\360o\254s\264"
 249      C2999876 
 249      DACB32DE 
 249      A8F06FAC 
 249      73B4
 250 03f6 73F7463F 		.ascii	"s\367F?&\367-t\007\016\024\355ErLa\350\337\265\336\313"
 250      26F72D74 
 250      070E14ED 
 250      45724C61 
 250      E8DFB5DE 
 251 040b D4600BE5 		.ascii	"\324`\013\345\006u\356\310\330\240F!\216\007b+\030\032"
 251      0675EEC8 
 251      D8A04621 
 251      8E07622B 
 251      181A
 252 041d 76C77B9B 		.ascii	"v\307{\233\334B\242\307\365\226o#\367\2308\335\344\214"
ARM GAS  /tmp/ccq9zD0r.s 			page 19


 252      DC42A2C7 
 252      F5966F23 
 252      F79838DD 
 252      E48C
 253 042f 8987EEEC 		.ascii	"\211\207\356\354\352a\354\255\012\373\276;\373.r\206"
 253      EA61ECAD 
 253      0AFBBE3B 
 253      FB2E7286 
 254 043f 1023E728 		.ascii	"\020#\347(\344:wr\3550\351\217Jp6\270\263\207E\362v"
 254      E43A7772 
 254      ED30E98F 
 254      4A7036B8 
 254      B38745F2 
 255 0454 45FA9E67 		.ascii	"E\372\236g?\\\331\305\012\373\226;\373\206\273\327\331"
 255      3F5CD9C5 
 255      0AFB963B 
 255      FB86BBD7 
 255      D9
 256 0465 0AF9813B 		.ascii	"\012\371\201;\371\3020\351\035\012\373\216\347=Ri\226"
 256      F9C230E9 
 256      1D0AFB8E 
 256      E73D5269 
 256      96
 257 0476 3B76D822 		.ascii	";v\330\"\344N\217\247T>\345zo\327=\337\204\213\227\273"
 257      E44E8FA7 
 257      543EE57A 
 257      6FD73DDF 
 257      848B97BB 
 258 048a 95756B3C 		.ascii	"\225uk<_2%[\344\177\2474#\233\200\320H\347z\344t\354"
 258      5F32255B 
 258      E47FA734 
 258      239B80D0 
 258      48E77AE4 
 259 04a0 84747C0E 		.ascii	"\204t|\016\351\330\006x\012x\002h\001<\006t\000Z\001"
 259      E9D80678 
 259      0A780268 
 259      013C0674 
 259      005A01
 260 04b3 DD806640 		.ascii	"\335\200f@;\340\031\240\013\360HN_\346\313f\305\227"
 260      3BE019A0 
 260      0BF0484E 
 260      5FE6CB66 
 260      C597
 261 04c5 7ACF27E6 		.ascii	"z\317'\346\342x\251B\276\351\371.\\\217wph\305\032\036"
 261      E278A942 
 261      BEE9F92E 
 261      5C8F7770 
 261      68C51A1E 
 262 04d9 148E8AF5 		.ascii	"\024\216\212\365:?\277Y\203\267\321\374\340\355\365"
 262      3A3FBF59 
 262      83B7D1FC 
 262      E0EDF5
 263 04e8 F71E63A8 		.ascii	"\367\036c\250\271\036w\217^\300\246\377\257\003`\367"
 263      B91E778F 
 263      5EC0A6FF 
 263      AF0360F7 
 264 04f8 6A6DA235 		.ascii	"jm\2425\261\027D\377Rjb\017\255\211\344GN\376\333n\325"
ARM GAS  /tmp/ccq9zD0r.s 			page 20


 264      B11744FF 
 264      526A620F 
 264      AD89E447 
 264      4EFEDB6E 
 265 050d 900AD73B 		.ascii	"\220\012\327;\244\302\365\311\025\256\217V\270\367\035"
 265      A4C2F5C9 
 265      15AE8F56 
 265      B8F71D
 266 051c 455D43EB 		.ascii	"E]C\353!\371M\240\260\373\221\237c\205~j\320y\320z\213"
 266      21F94DA0 
 266      B0FB919F 
 266      63857E6A 
 266      D079D07A 
 267 0531 C7FB5919 		.ascii	"\307\373Y\031\351\275\224m\304\207\330wci[\333(\\\310"
 267      E9BD946D 
 267      C487D877 
 267      63695BDB 
 267      285CC8
 268 0544 3A033995 		.ascii	":\0039\225\317\324\270\204uv\025\036\313\300\370$\353"
 268      CFD4B884 
 268      7576151E 
 268      CBC0F824 
 268      EB
 269 0555 3CAC5879 		.ascii	"<\254Xy%\000W\260N\333\336UO\274\360E\326yWQ\233\313"
 269      250057B0 
 269      4EDBDE55 
 269      4FBCF045 
 269      D6795751 
 270 056b B39A1442 		.ascii	"\263\232\024B~\241\332\326WaV\223\366\361\320?|\333"
 270      7EA1DAD6 
 270      57615693 
 270      F6F1D03F 
 270      7CDB
 271 057d BE15E1AB 		.ascii	"\276\025\341\253\224\253\351\254\253\277;J\256I\301"
 271      94ABE9AC 
 271      ABBF3B4A 
 271      AE49C1
 272 058c A426B10B 		.ascii	"\244&\261\013\264\337q\011\353\327p8\253\370\317\346"
 272      B4DF7109 
 272      EBD77038 
 272      ABF8CFE6 
 273 059c 53F67DE7 		.ascii	"S\366}\347\205\277wg\337v\217\245\201;N\362;w\262\340"
 273      85BF7767 
 273      DF768FA5 
 273      813B4EF2 
 273      3B77B2E0 
 274 05b0 C61D54B8 		.ascii	"\306\035T\270\257\334\271\303+\306\033\205\375\306\263"
 274      AFDCB9C3 
 274      2BC61B85 
 274      FDC6B3
 275 05bf D32ED21F 		.ascii	"\323.\322\037\025\362Kwr\355\010\271\3707\020\354t\216"
 275      15F24B77 
 275      72ED08B9 
 275      F83710EC 
 275      748E
 276 05d1 D04928AE 		.ascii	"\320I(\256\346C\321G\010\255t>\004I\200A\370^\003\355"
 276      E643D147 
ARM GAS  /tmp/ccq9zD0r.s 			page 21


 276      08AD743E 
 276      04498041 
 276      F85E03ED 
 277 05e5 27685742 		.ascii	"'hWB\233\001\3700$\357^)\353\276\365\270}\327\035mV"
 277      9B01F830 
 277      24EF5E29 
 277      EBBEF5B8 
 277      7DD71D6D 
 278 05fa 0E76C0B3 		.ascii	"\016v\300\263\223\214\315\"\272\345\016\255T\300\032"
 278      938CCD22 
 278      BAE50EAD 
 278      54C01A
 279 0609 5EA9DEBB 		.ascii	"^\251\336\273^\3519\317g\351H\3135\015R\275\006W\263"
 279      5EE939CF 
 279      67E948CB 
 279      350D52BD 
 279      0657B3
 280 061c B46CAF7D 		.ascii	"\264l\257}\2727\320\371Cb\333}\2324\353\300x-\357L\032"
 280      BA37D0F9 
 280      4362DB7D 
 280      9A34EBC0 
 280      782DEF4C 
 281 0631 B2E20847 		.ascii	"\262\342\010G\2052\341\204\376\313i\201\037g\266<y<"
 281      8532E184 
 281      FECB6981 
 281      1F67B63C 
 281      793C
 282 0643 3405D7F1 		.ascii	"4\005\327\361\256)\230\305\263\024$\355\027Kb\023\365"
 282      AE2998C5 
 282      B31424ED 
 282      174B6213 
 282      F5
 283 0654 898909FA 		.ascii	"\211\211\011\372\270\330\370\245\251\313\364\011)I\261"
 283      B8D8F8A5 
 283      A9CBF409 
 283      2949B1
 284 0663 C664BD31 		.ascii	"\306d\2751\331h\366\2311g\301\004mx8\027\036&h\227\030"
 284      D968F699 
 284      3167C104 
 284      6D783817 
 284      1E266897 
 285 0678 E38C7375 		.ascii	"\343\214suB\212I\000\003aY\312r\263I\320\315\237=5\202"
 285      428A4900 
 285      036159CA 
 285      72B349D0 
 285      CD9F3D35 
 286 068d BDA74F49 		.ascii	"\275\247OIK\023d\251\260x\316\317\241Jt\202L\346\244"
 286      4B1364A9 
 286      B078CECF 
 286      A14A7482 
 286      4CE6A4
 287 06a0 A911FAF8 		.ascii	"\251\021\372\370\304\224\370\245t@\255\327\247\032\223"
 287      C494F8A5 
 287      7440ADD7 
 287      A71A93
 288 06af CD30669E 		.ascii	"\3150f\236&\244\232\226\013\261\313\223&'\247$\033&"
 288      26A49A96 
ARM GAS  /tmp/ccq9zD0r.s 			page 22


 288      0BB1CB93 
 288      2627A724 
 288      1B26
 289 06c1 1B62E38C 		.ascii	"\033b\343\214\20219>15\301 $\305\306/1&\033\004}\202"
 289      8231393E 
 289      3135C120 
 289      24C5C62F 
 289      31261B04 
 290 06d7 61716C6A 		.ascii	"aqlj\242Yo^\261\314`\012[\302\3718\254\277\376\214\265"
 290      A2596F5E 
 290      B1CC600A 
 290      5BC2F938 
 290      ACBFFE8C 
 291 06ec 698549D0 		.ascii	"i\205I\320\233\314\011@\005\223@\335\012\223\331\220"
 291      9BCC0940 
 291      059340DD 
 291      0A93D990 
 292 06fc A44D596E 		.ascii	"\244MYn\320\022?x\255\210\265:\361\273!;\213OIJJI\026"
 292      D0123F78 
 292      AD88B53A 
 292      F1BB213B 
 292      8B4F494A 
 293 0713 0C696641 		.ascii	"\014ifA;[7K\007[s\331\035\335\305\342)\323\"\322\276"
 293      3B5B374B 
 293      075B73D9 
 293      1DDDC5E2 
 293      29D322D2 
 294 0728 0141CDBC 		.ascii	"\001A\315\274E\242~>8\024mX\354\245\235>C\234J\337\021"
 294      45A27E3E 
 294      38146D58 
 294      ECA59D3E 
 294      439C4ADF 
 295 073d DE9133A3 		.ascii	"\336\2213\243D\335|Q\025\025\255\025\275#\347E\205\307"
 295      44DD7C51 
 295      1515AD15 
 295      BD23E745 
 295      85C7
 296 074f CCA16D04 		.ascii	"\314\241m\004\264\243`\022\032\0372LH\344#\202|`\355"
 296      B4A36012 
 296      1A1F324C 
 296      48E42382 
 296      7C60ED
 297 0762 2C5145EC 		.ascii	",QE\354\261V\214\320\210Z\255C\032\317\215\022}\304"
 297      B1568CD0 
 297      885AAD43 
 297      1ACF8D12 
 297      7DC4
 298 0774 185D8CB8 		.ascii	"\030]\214\2700&\232\217\024y\235\350=w\336\374\037c"
 298      30269A8F 
 298      14799DE8 
 298      3D77DEFC 
 298      1F63
 299 0786 7E1155E4 		.ascii	"~\021U\344\205#\265\242j\2218O\364\237\376S\244n\246"
 299      8523B5A2 
 299      6A91384F 
 299      F49FFE53 
 299      A46EA6
ARM GAS  /tmp/ccq9zD0r.s 			page 23


 300 0799 C3EC1F46 		.ascii	"\303\354\037F<~\010"
 300      3C7E08
 301              		.text
 302              		.section	.gnu.lto_.symtab.be14fc8d199eff83,"",%progbits
 303 0000 68616C5F 		.ascii	"hal_lld_init\000"
 303      6C6C645F 
 303      696E6974 
 303      00
 304 000d 00       		.ascii	"\000"
 305 000e 00       		.ascii	"\000"
 306 000f 00       		.ascii	"\000"
 307 0010 00000000 		.ascii	"\000\000\000\000\000\000\000\000"
 307      00000000 
 308 0018 AF000000 		.ascii	"\257\000\000\000"
 309 001c 73746D33 		.ascii	"stm32_clock_init\000"
 309      325F636C 
 309      6F636B5F 
 309      696E6974 
 309      00
 310 002d 00       		.ascii	"\000"
 311 002e 00       		.ascii	"\000"
 312 002f 00       		.ascii	"\000"
 313 0030 00000000 		.ascii	"\000\000\000\000\000\000\000\000"
 313      00000000 
 314 0038 B1000000 		.ascii	"\261\000\000\000"
 315 003c 53797374 		.ascii	"SystemCoreClock\000"
 315      656D436F 
 315      7265436C 
 315      6F636B00 
 316 004c 00       		.ascii	"\000"
 317 004d 00       		.ascii	"\000"
 318 004e 00       		.ascii	"\000"
 319 004f 00000000 		.ascii	"\000\000\000\000\000\000\000\000"
 319      00000000 
 320 0057 BC000000 		.ascii	"\274\000\000\000"
 321              		.text
 322              		.section	.gnu.lto_.opts,"",%progbits
 323 0000 272D666D 		.ascii	"'-fmath-errno' '-fsigned-zeros' '-ftrapping-math' '"
 323      6174682D 
 323      6572726E 
 323      6F272027 
 323      2D667369 
 324 0033 2D666E6F 		.ascii	"-fno-trapv' '-fno-openmp' '-fno-openacc' '-mcpu=cor"
 324      2D747261 
 324      70762720 
 324      272D666E 
 324      6F2D6F70 
 325 0066 7465782D 		.ascii	"tex-m0' '-mno-thumb-interwork' '-mthumb' '-ggdb' '-"
 325      6D302720 
 325      272D6D6E 
 325      6F2D7468 
 325      756D622D 
 326 0099 4F322720 		.ascii	"O2' '-Werror' '-fomit-frame-pointer' '-falign-funct"
 326      272D5765 
 326      72726F72 
 326      2720272D 
 326      666F6D69 
ARM GAS  /tmp/ccq9zD0r.s 			page 24


 327 00cc 696F6E73 		.ascii	"ions=16' '-ffunction-sections' '-fdata-sections' '-"
 327      3D313627 
 327      20272D66 
 327      66756E63 
 327      74696F6E 
 328 00ff 666E6F2D 		.ascii	"fno-common' '-flto'\000"
 328      636F6D6D 
 328      6F6E2720 
 328      272D666C 
 328      746F2700 
 329              		.text
 330              		.comm	__gnu_lto_v1,1,1
 331              		.comm	__gnu_lto_slim,1,1
 332              		.ident	"GCC: (GNU Tools for ARM Embedded Processors) 5.4.1 20160609 (release) [ARM/embedded-5-bran
ARM GAS  /tmp/ccq9zD0r.s 			page 25


DEFINED SYMBOLS
                            *ABS*:0000000000000000 hal_lld.c
                            *COM*:0000000000000001 __gnu_lto_v1
                            *COM*:0000000000000001 __gnu_lto_slim

NO UNDEFINED SYMBOLS
