ARM GAS  /tmp/ccYPinpX.s 			page 1


   1              		.syntax unified
   2              		.cpu cortex-m0
   3              		.fpu softvfp
   4              		.eabi_attribute 20, 1
   5              		.eabi_attribute 21, 1
   6              		.eabi_attribute 23, 3
   7              		.eabi_attribute 24, 1
   8              		.eabi_attribute 25, 1
   9              		.eabi_attribute 26, 1
  10              		.eabi_attribute 30, 2
  11              		.eabi_attribute 34, 0
  12              		.eabi_attribute 18, 4
  13              		.thumb
  14              		.syntax unified
  15              		.file	"hal_st.c"
  16              		.text
  17              	.Ltext0:
  18              		.section	.gnu.lto_.profile.69b3adde4268e0f,"",%progbits
  19 0000 789C6361 		.ascii	"x\234ca`d`a`\000\222\356r\000\001\026\000p"
  19      60646061 
  19      600092EE 
  19      72000116 
  19      0070
  20              		.text
  21              		.section	.gnu.lto_.icf.69b3adde4268e0f,"",%progbits
  22 0000 789C6361 		.ascii	"x\234ca`d\000\001#\006\004\340`\230?\363\3201.\306\025"
  22      60640001 
  22      230604E0 
  22      60983FF3 
  22      D0312EC6 
  23 0015 67AFDDE5 		.ascii	"g\257\335\345a:\374\356\322Mf\346\373\235\247\2470\263"
  23      613AFCEE 
  23      D24D66E6 
  23      FB9DA7A7 
  23      30B3
  24 0027 CCFEB4E2 		.ascii	"\314\376\264\342\025\013\353\3679G\2672\262\255j\354"
  24      150BEBF7 
  24      3947B732 
  24      B2AD6AEC 
  25 0037 7FC8CABE 		.ascii	"\177\310\312\276u\327\227\016~\006\000y\204\030N"
  25      75D7970E 
  25      7E060079 
  25      84184E
  26              		.text
  27              		.section	.gnu.lto_.jmpfuncs.69b3adde4268e0f,"",%progbits
  28 0000 789C6361 		.ascii	"x\234ca`d\000\201J\006\004`\005\021\214@P\317\304\370"
  28      60640081 
  28      4A060460 
  28      05118C40 
  28      50CFC4F8 
  29 0014 9789B1F9 		.ascii	"\227\211\261\371\327\376\317|\365\177\033f44\010\264"
  29      D7FECF7C 
  29      F57F1B66 
  29      343408B4 
  30 0024 32337432 		.ascii	"23t2\203d\2273\32630\2620\000\331,8\0242v2\003\215f"
  30      83649733 
  30      D63330B2 
ARM GAS  /tmp/ccYPinpX.s 			page 2


  30      3000D92C 
  30      38143276 
  31 003c 5C0151C8 		.ascii	"\\\001Q\310\306\300\200]\015\023P\315J\210\032\006\000"
  31      C6C0805D 
  31      0D1350CD 
  31      4A881A06 
  31      00
  32 004d C1D4200D 		.ascii	"\301\324 \015"
  33              		.text
  34              		.section	.gnu.lto_.inline.69b3adde4268e0f,"",%progbits
  35 0000 789C6361 		.ascii	"x\234ca`d\000\201r\006\004`e``\341ad`\0022\331\026\310"
  35      60640081 
  35      72060460 
  35      656060E1 
  35      61646002 
  36 0018 83280646 		.ascii	"\203(\006F.\020\301\300\303\013\024\346\333\220\013"
  36      2E10C1C0 
  36      C30B14E6 
  36      DB900B
  37 0027 1767E206 		.ascii	"\027g\342\006\01133\2600\003%\230.\360\303%X\030\270"
  37      093333B0 
  37      30032598 
  37      2EF0C325 
  37      5818B8
  38 003a B881425C 		.ascii	"\270\201B\\\023\374\320\324\262\341\222`\000\000'K\010"
  38      13FCD0D4 
  38      B2E19260 
  38      0000274B 
  38      08
  39 004b ED       		.ascii	"\355"
  40              		.text
  41              		.section	.gnu.lto_.pureconst.69b3adde4268e0f,"",%progbits
  42 0000 789C6361 		.ascii	"x\234ca`d\340f```e\220`\224b\226b\221b\223\002\000\003"
  42      6064E066 
  42      60606065 
  42      90609462 
  42      96629162 
  43 0018 FA00A4   		.ascii	"\372\000\244"
  44              		.text
  45              		.section	.gnu.lto_stInit.69b3adde4268e0f,"",%progbits
  46 0000 789C6361 		.ascii	"x\234ca`d\000\201\225@\254\000\304\322@\314\310\314"
  46      60640081 
  46      9540AC00 
  46      C4D240CC 
  46      C8CC
  47 0012 C0C834E1 		.ascii	"\300\3104\341\034\003C#\007\023##\210\321\300\301\310"
  47      1C034323 
  47      07132323 
  47      88D1C0C1 
  47      C8
  48 0023 50CFC458 		.ascii	"P\317\304X\317\370\225\351/\023\343\241\366g;\2314\227"
  48      CFF895E9 
  48      2F13E3A1 
  48      F6673B99 
  48      3497
  49 0035 3700C183 		.ascii	"7\000\301\203\326\371\314\015+\0160\266230\374g\002"
  49      D6F9CC0D 
ARM GAS  /tmp/ccYPinpX.s 			page 3


  49      2B0E30B6 
  49      323330FC 
  49      6702
  50 0047 9BC4C0B8 		.ascii	"\233\304\300\270\234Q\223\001\250\354\321\306\177Sy"
  50      9C519301 
  50      A8ECD1C6 
  50      7F5379
  51 0056 D95A40CA 		.ascii	"\331Z@\312\024 \222\214+\030\331@\326\255\017:\320\360"
  51      1420928C 
  51      2B18D940 
  51      D6AD0F3A 
  51      D0F0
  52 0068 FF7F7343 		.ascii	"\377\177sC\303u\203\377L@\235\037\200\222 k>21\201h"
  52      C37583FF 
  52      4C409D1F 
  52      8092206B 
  52      3E323181 
  53 007d E6178CCD 		.ascii	"\346\027\214\315\007\376\362\202T\203\314\331\271\363"
  53      07FEF282 
  53      5483CCD9 
  53      B9F3
  54 008b CD6DF6FA 		.ascii	"\315m\366\372\277\015\035\015\015\002\255\314\214\377"
  54      BF0D1D0D 
  54      0D02ADCC 
  54      8CFF
  55 0099 99804630 		.ascii	"\231\200F0\256d\254ghefbx\305\330t\340?+X)\010|\000"
  55      AE64AC67 
  55      68656662 
  55      78C5D874 
  55      E03F2B58 
  56 00b1 4A024D00 		.ascii	"J\002M\000\232'\247\247\357\234\221\231\224\351\037"
  56      9A27A7A7 
  56      EF9C9199 
  56      94E91F
  57 00c0 AC9F5FAC 		.ascii	"\254\237_\254\237\221\230\243_\\\224\014\242\343\213"
  57      9F9198A3 
  57      5F5C940C 
  57      A2E38B
  58 00cf 4BF49219 		.ascii	"K\364\222\031\000\2024H\023"
  58      00823448 
  58      13
  59              		.text
  60              		.section	.gnu.lto_stStartAlarm.69b3adde4268e0f,"",%progbits
  61 0000 789C9D53 		.ascii	"x\234\235S[HTQ\024=\353\234\353\275:\345\343'\350C\314"
  61      5B485451 
  61      143DEB9C 
  61      EBBD3AE5 
  61      E327E843 
  62 0015 8890FAF0 		.ascii	"\210\220\372\3606\325w\021E\020$A\366\323O\221\025("
  62      36D57711 
  62      45102441 
  62      F6D34F91 
  62      1528
  63 0027 198623FD 		.ascii	"\031\206#\375\316\321\231\333\213>\"HJ\022?D\324\311"
  63      CED199DB 
  63      8B3E2248 
  63      4A123F44 
ARM GAS  /tmp/ccYPinpX.s 			page 4


  63      D4C9
  64 0039 670F6BB4 		.ascii	"g\017k\264\3626j\022Q\022T?=\260\002\01310\324\304^"
  64      F2366A12 
  64      5112543F 
  64      3DB0020B 
  64      3130D4C4 
  65 004e D3DE6726 		.ascii	"\323\336g&(\373\252\003\367\236\273\317\254\275\327"
  65      28FBAA03 
  65      F79EBBCF 
  65      ACBDD7
  66 005d 5E67EDB1 		.ascii	"^g\355\261\004\004\257-\226\020e\264o\244\007\031\002"
  66      0404AF2D 
  66      961065B4 
  66      6FA40719 
  66      02
  67 006e F2DC6321 		.ascii	"\362\334c!j3\245T\375\005B\007\254\347\256\320K\025"
  67      6A33A554 
  67      FD054207 
  67      ACE7AED0 
  67      4B15
  68 0080 ACD4B105 		.ascii	"\254\324\261\005\360\207\316\204\010Ke!\2149\371]\""
  68      F087CE84 
  68      084B6521 
  68      8C39F95D 
  68      22
  69 0091 7172222E 		.ascii	"qr\".\327\264jZ\343-\357\327\3516\037\236\022\")\015"
  69      D7B46A5A 
  69      E32DEFD7 
  69      E9361F9E 
  69      1222290D 
  70 00a5 85402BD6 		.ascii	"\205@+\326\020\352I\264\347\262\232\225\236\002,\012"
  70      10EA49B4 
  70      E7B29A95 
  70      9E022C0A 
  71 00b5 3F3D6A78 		.ascii	"?=jx\227\303\241D!\205_c=/s\325J\010\372\37608~\036"
  71      97C3A144 
  71      21855F63 
  71      3D2F73D5 
  71      4A08FAFE 
  72 00cd 452D5AD7 		.ascii	"E-Z\327i\375\365\220\316\362\224B\014\212\352\241\035"
  72      69FDF590 
  72      CEF29442 
  72      0C8AEAA1 
  72      1D
  73 00de F96843BE 		.ascii	"\371hC\276\240#\201+(b\370\333\336\037\027\262\355("
  73      A023812B 
  73      2862F8DB 
  73      DE1F17B2 
  73      ED28
  74 00f0 D3179EFE 		.ascii	"\323\027\236\376\305\213\016\330$\021t\320\275\333\327"
  74      C58B0ED8 
  74      241174D0 
  74      BDDBD7
  75 00ff C96444EB 		.ascii	"\311dD\353\306`lU \003\234gS\005\313\341\227\020\323"
  75      C6606C55 
  75      20039C67 
  75      5305CBE1 
ARM GAS  /tmp/ccYPinpX.s 			page 5


  75      9710D3
  76 0112 8467599F 		.ascii	"\204gY\237\244\344]M \321\277\320\3218\232\373gm\377"
  76      A4E45D4D 
  76      20D1BFD0 
  76      D1389AFB 
  76      676DFF
  77 0125 E158D094 		.ascii	"\341X\320\224MJ,\246\025\350\204Ml]\260#\312\246\037"
  77      4D4A2CA6 
  77      15E8844D 
  77      6C5DB023 
  77      CAA61F
  78 0138 EBBDC498 		.ascii	"\353\275\304\230\303\3522\014\366q\347\374t \0252\236"
  78      C3EA320C 
  78      F671E7FC 
  78      74201532 
  78      9E
  79 0149 F537777D 		.ascii	"\3657w}\036\315lBc-\305y\236\262\321C\322\272I\032\343"
  79      1ECD6C42 
  79      632DC579 
  79      9EB2D143 
  79      D2BA491A 
  80 015e 638F6667 		.ascii	"c\217fg\034\267SGk\365\370\265\271\374M\236r\320\213"
  80      1CB75347 
  80      6BF5F8B5 
  80      B9FC4D9E 
  80      72D08B
  81 0171 26FCA056 		.ascii	"&\374\240V\015\025\256\302\025\023\210|;1e\245X\235"
  81      0D15AEC2 
  81      1513887C 
  81      3B3165A5 
  81      589D
  82 0183 14F14872 		.ascii	"\024\361Hr\336\317e&\013\022\327\250\334\033D_\014Q"
  82      DECF6526 
  82      0B12D7A8 
  82      DC1B445F 
  82      0C51
  83 0195 EBDC39A1 		.ascii	"\353\3349\241\010\322=\025_\310NA\004\2563\243`\361"
  83      08D23D15 
  83      5FC84E41 
  83      04AE33A3 
  83      60F1
  84 01a7 4AF417A8 		.ascii	"J\364\027\250\017\260\030\310=\304\343S/\234\360w}\312"
  84      0FB018C8 
  84      3DC4E353 
  84      2F9CF077 
  84      7DCA
  85 01b9 F4979994 		.ascii	"\364\227\231\224\314}\003a\361\273\274,#/\362ep&\207"
  85      CC7D0361 
  85      F1BBBC2C 
  85      232FF265 
  85      702687
  86 01cc A0170D34 		.ascii	"\240\027\0154\213M\340\343\007\015W\216\260\302s\346"
  86      8B4DE0E3 
  86      070D578E 
  86      B0C273E6 
  87 01dc 38809B34 		.ascii	"8\200\23340}i\205\311\311\253]Y\224\262\234k\334\"i"
  87      307D6985 
ARM GAS  /tmp/ccYPinpX.s 			page 6


  87      C9C9AB5D 
  87      5994B29C 
  87      6BDC2269 
  88 01f0 86167184 		.ascii	"\206\026q\204=\265\304\364c\0313\336\242.\217\361\247"
  88      3DB5C4F4 
  88      631933DE 
  88      A22E8FF1 
  88      A7
  89 0201 FD33C301 		.ascii	"\3753\303\001\265\317\3205\305\372\246\260\272\231\347"
  89      B5CFD035 
  89      C5FAA6B0 
  89      BA99E7
  90 0210 C31F38A1 		.ascii	"\303\0378\241.i?Z\3103\322\377\347\214\230\331\033\300"
  90      2E693F5A 
  90      C833D2FF 
  90      E78C98D9 
  90      1BC0
  91 0222 EA88CAA0 		.ascii	"\352\210\312\240\253J4,t\014x9\213=}\032dH\332W\365"
  91      AB4A342C 
  91      740C7839 
  91      8B3D7D1A 
  91      6448DA57 
  92 0237 B7AFB78D 		.ascii	"\267\257\267\215\257w`\377\223e\037\227\255\360\324"
  92      AF7760FF 
  92      93651F97 
  92      ADF0D4
  93 0246 52DC3596 		.ascii	"R\3345\226!U\205E\327\367\276\262\203\335\214\321{\331"
  93      21558545 
  93      D7F7BEB2 
  93      83DD8CD1 
  93      7BD9
  94 0258 D341B858 		.ascii	"\323A\270XK\371\006\000\037\301t\257\263=\257\353\234"
  94      4BF90600 
  94      1FC174AF 
  94      B33DAFEB 
  94      9C
  95 0269 7F64D59B 		.ascii	"\177d\325\233\271\342=C)\323\025\023p\177w\313\241V"
  95      B9E23D43 
  95      29D31513 
  95      707F77CB 
  95      A156
  96 027b 86289319 		.ascii	"\206(\223\031\246\377\227a\370\327\034\032\206\021\303"
  96      A6FF9761 
  96      F8D71C1A 
  96      8611C3
  97 028a 70BBE96C 		.ascii	"p\273\351l{ \305 q\2372\311\266\361\226\311\345\346"
  97      7B20C520 
  97      719F32C9 
  97      B6F196C9 
  97      E5E6
  98 029c 5FC8F72B 		.ascii	"_\310\367+&Q\347?\333nL\3465M\267B\366R\231\202bwky"
  98      2651E73F 
  98      DB6E4CE6 
  98      354DB742 
  98      F6529982 
  99 02b4 4559C5AE 		.ascii	"EY\305\256R\267*\344\226\037\250tC\325\007y\337\037"
  99      52B72AE4 
ARM GAS  /tmp/ccYPinpX.s 			page 7


  99      961FA874 
  99      43D50779 
  99      DF1F
 100 02c6 AA293E28 		.ascii	"\252)>(\234\003e\241\232\212\243\2077\376\005;VU]\023"
 100      9C0365A1 
 100      9A8AA387 
 100      37FE053B 
 100      56555D13 
 101 02da 724BF794 		.ascii	"rK\367\224lX\357\356\334\271\315\335\263\243\344x0\235"
 101      6C58EFEE 
 101      DCB9CDDD 
 101      B3A3E478 
 101      309D
 102 02ec B8BFB2F2 		.ascii	"\270\277\262\362Pq\271\2608\363'\236\206\233\367"
 102      5071B9B0 
 102      38F3279E 
 102      869BF7
 103              		.text
 104              		.section	.gnu.lto_stStopAlarm.69b3adde4268e0f,"",%progbits
 105 0000 789C6361 		.ascii	"x\234ca`d\000\001\013 \025\012\244\245\201\230\221\231"
 105      60640001 
 105      0B20150A 
 105      A4A58198 
 105      9199
 106 0012 819169C2 		.ascii	"\201\221i\3029\006\206F\016&FF\020\243\201\203\221\241"
 106      39068646 
 106      0E264646 
 106      10A38183 
 106      91A1
 107 0024 9E89B19E 		.ascii	"\236\211\261\236\361+\323_&\306C\355\317v2i.o\000\202"
 107      F12BD35F 
 107      26C643ED 
 107      CF763269 
 107      2E6F0082 
 108 0038 074FDF19 		.ascii	"\007O\337\0314\2548\300\330\312\314\300\360\237\011"
 108      34AC38C0 
 108      D8CACCC0 
 108      F09F09
 109 0047 6C1203E3 		.ascii	"l\022\003\343rFM\006\240\262G\033\377M\345ek\001)S\200"
 109      72464D06 
 109      A0B2471B 
 109      FF4DE565 
 109      6B012953 
 110 005c 4832AE60 		.ascii	"H2\256`d\003Y\267>\350@\303\377\377\315\015\015\037"
 110      640359B7 
 110      3EE840C3 
 110      FFFFCD0D 
 110      0D1F
 111 006e 0DF62903 		.ascii	"\015\366)\003u~\000J\202\254\371\310\304\004\242\231"
 111      757E004A 
 111      82ACF9C8 
 111      C404A299 
 112 007e 9F311EFA 		.ascii	"\2371\036\372\362c\311\371\243\334\250\246\0348}\317"
 112      F263C9F9 
 112      A3DCA8A6 
 112      1C387DCF 
 113 008e 106CC67F 		.ascii	"\020l\306\177&F\014\013\030W2\262\001mX\305\310\006"
ARM GAS  /tmp/ccYPinpX.s 			page 8


 113      26460C0B 
 113      185732B2 
 113      016D58C5 
 113      C806
 114 00a0 9499D67A 		.ascii	"\224\231\326z\350<\373\027\246VfF\260\302sk\277\177"
 114      E83CFB17 
 114      A6566646 
 114      B0C2736B 
 114      BF7F
 115 00b2 E0827041 		.ascii	"\340\202pA\212Y\200B\213\327};\3161\237qn#\220/\320"
 115      8A598042 
 115      8BD77D3B 
 115      CE319F71 
 115      6E23902F 
 116 00c7 CACCC4B8 		.ascii	"\312\314\304\270\206Q\206q5\243\014\003H\375\252\263"
 116      86518671 
 116      35A30C03 
 116      48FDAAB3 
 117 00d7 5F3EB3EB 		.ascii	"_>\263\353\257mhilx0y\257\230|+33\343Z\306\371\214\377"
 117      AF6D6869 
 117      6C783079 
 117      AF987C2B 
 117      3333E35A 
 118 00ef 80EE04DB 		.ascii	"\200\356\004\333\303\270\216Q\037\331\032fF\006\306"
 118      C3B88E51 
 118      1FD91A66 
 118      4606C6
 119 00fe F540CDAF 		.ascii	"\365@\315\257\030\233\036\034}\317\001r#8(>\000\035"
 119      189B1E1C 
 119      7DCF0172 
 119      2338283E 
 119      001D
 120 0110 0AF41050 		.ascii	"\012\364\020P\233\234\236\276sFfR\246\177\260~~\261"
 120      9B9C9EBE 
 120      73466652 
 120      A67FB07E 
 120      7EB1
 121 0122 7E46628E 		.ascii	"~Fb\216~qQ2\210\216/.\321Kf0\301\220.\310/*)\326\017"
 121      7E715132 
 121      888E2F2E 
 121      D14B6630 
 121      C1902EC8 
 122 013b 0EF13536 		.ascii	"\016\36156\322\367\361q\321\017\361\364-3\204j\210\317"
 122      D2F7F171 
 122      D10FF1F4 
 122      2D33846A 
 122      88CF
 123 014d C949D1CB 		.ascii	"\311I\321\313`\000\000\207\037\217\205"
 123      60000087 
 123      1F8F85
 124              		.text
 125              		.section	.gnu.lto_stSetAlarm.69b3adde4268e0f,"",%progbits
 126 0000 789C9552 		.ascii	"x\234\225RKHUQ\024=\353\236\353}O\3637\313\201\230\021"
 126      4B485551 
 126      143DEB9E 
 126      EB7D4FF3 
 126      37CB8198 
ARM GAS  /tmp/ccYPinpX.s 			page 9


 127 0015 2236F0F6 		.ascii	"\"6\360\366\312q\223\202\010\224 \2354I\374\004J\206"
 127      CA719382 
 127      0894209D 
 127      3449FC04 
 127      4A86
 128 0027 E19366F1 		.ascii	"\341\223f\361\216\276w3\033I\220\244$\016D4\377\237"
 128      8EBE7733 
 128      1B4990A4 
 128      240E4434 
 128      FF9F
 129 0039 B29E655E 		.ascii	"\262\236e^\254\220\010\215&\015\372a\006\"f\241\370"
 129      AC90088D 
 129      260DFA61 
 129      062266A1 
 129      F8
 130 004a C34A5F7B 		.ascii	"\303J_{\237g\220:\352\300\275\347\356s\327\336k\257"
 130      9F67903A 
 130      EAC0BDE7 
 130      EE73D7DE 
 130      6BAF
 131 005c B3B62920 		.ascii	"\263\266) x]\227B\024\323\236C\017b\004\214\206i!j\274"
 131      785D9742 
 131      14D39E43 
 131      0F62048C 
 131      8669216A 
 132 0071 862147D3 		.ascii	"\206!G\323\204\2123\337\331B\305K\230\321c\023\340\017"
 132      848A33DF 
 132      D942C54B 
 132      98D16313 
 132      E00F
 133 0083 E5850818 		.ascii	"\345\205\010\030\322D\000k\306\226\201\211\272\271\260"
 133      D244006B 
 133      C6968189 
 133      BAB9B0
 134 0092 91D5A168 		.ascii	"\221\325\241h\315\264\257\037S\235.\034\252\03314\205"
 134      CDB4AF1F 
 134      539D2E1C 
 134      AA1B3134 
 134      85
 135 00a3 4007B208 		.ascii	"@\007\262\010\36564pO\256\032\216\004L\012\227\247\232"
 135      F5363470 
 135      4FAE1A8E 
 135      044C0A97 
 135      A79A
 136 00b5 BF267268 		.ascii	"\277&rh \235\302_]\003\037\223\344a\010\372\236\037"
 136      209DC25F 
 136      5D031F93 
 136      E46108FA 
 136      9E1F
 137 00c7 9FB98DCC 		.ascii	"\237\271\215\314v\245j\225\332(U\261\216\224\350\202"
 137      76A56A95 
 137      DA2855B1 
 137      8E94E882 
 138 00d7 A47AB88F 		.ascii	"\244z\270\217Tt\"U\320\221@72\031>;\270}'\301\0121}"
 138      54742255 
 138      D0914037 
 138      32193E3B 
ARM GAS  /tmp/ccYPinpX.s 			page 10


 138      B87D27C1 
 139 00ee 7AFD5F5E 		.ascii	"z\375_^\364\300\"\211\240\203\376\363\256\212D\202J"
 139      F4C02289 
 139      A083FEF3 
 139      AE8A4482 
 139      4A
 140 00ff 35F93E1F 		.ascii	"5\371>\037\361\306\200\363,\252`z\370%\304\022\341Y"
 140      F1C680F3 
 140      2CAA607A 
 140      F825C412 
 140      E159
 141 0111 D6B261F0 		.ascii	"\326\262a\360.\34701\272\331\3232\231\264\273\266\373"
 141      2EE73031 
 141      BAD9D332 
 141      99B4BBB6 
 141      FB
 142 0122 FABB4F97 		.ascii	"\372\273O\227\215\030\330K+\320\013\213\330\372`\005"
 142      8D18D84B 
 142      2BD00B8B 
 142      D8FA6005 
 143 0132 A5453F1B 		.ascii	"\245E?\033\235\2117\036V\027\243\261\323\275\033Kq\321"
 143      9D89371E 
 143      5617A3B1 
 143      D3BD1B4B 
 143      71D1
 144 0144 90F1ACBF 		.ascii	"\220\361\254\277\255o}\322\333\212\226\032\212\223\035"
 144      AD6F7DD2 
 144      DB8A961A 
 144      8A931D
 145 0153 696180A4 		.ascii	"ia\200\244\365\2234\306wM\255\256x\354^\025\252Q3\303"
 145      F59334C6 
 145      774DADAE 
 145      78EC5E15 
 145      AA5133C3 
 146 0167 6BA9271D 		.ascii	"k\251'\035\351\301 Z\261M\255j*\014\301\026s\010\376"
 146      E9C1205A 
 146      B14DAD6A 
 146      2A0CC116 
 146      7308FE
 147 017a BEB16846 		.ascii	"\276\261hFY=Q\342\227\221\0157\211\231L\030\030\246"
 147      593D51E2 
 147      97910D37 
 147      89994C18 
 147      18A6
 148 018c 725F107A 		.ascii	"r_\020z\377\234Z\347\316\011E\220\376\305\360fB\024"
 148      FF9C5AE7 
 148      CE094590 
 148      FEC5F066 
 148      4214
 149 019e 22F08019 		.ascii	"\"\360\200\031\005\213\227b4M\316\303d \367\020\016"
 149      058B9762 
 149      344DCEC3 
 149      6420F710 
 149      0E
 150 01af 2F7EF004 		.ascii	"/~\360\004\266\324M\335\2377b0\367C\004\304\277\362"
 150      B6D44DDD 
 150      9F376230 
ARM GAS  /tmp/ccYPinpX.s 			page 11


 150      F74304C4 
 150      BFF2
 151 01c1 62B5BCE0 		.ascii	"b\265\274\340\317\361\225D\202\336\325\320X6\201\217"
 151      CFF19544 
 151      82DED5D0 
 151      5836818F 
 152 01d1 5F35775F 		.ascii	"_5w_f\205\015\3728\016\217h`Fv\024F\026\206\372b)%\205"
 152      66850DFA 
 152      380E8F68 
 152      60467614 
 152      461686FA 
 153 01e9 6B3C2669 		.ascii	"k<&i\232\026a\004\034y@\367cj3fQ\233\314\370z\367\326"
 153      9A166104 
 153      1C7940F7 
 153      636A3366 
 153      519BCCF8 
 154 0200 8B387951 		.ascii	"\2138yQ\323\265v\215,\"\243\215\347\303\035\256\223"
 154      D3B5768D 
 154      2C22A38D 
 154      E7C31DAE 
 154      93
 155 0211 4DCA0DA5 		.ascii	"M\312\015\245\363\214\214\356\236\021={O\220\021\224"
 155      F38C8CEE 
 155      9E113D7B 
 155      4F901194 
 156 0221 31745513 		.ascii	"1tU\023\315\233=\337\234\304\275\236\376\3601d\307W"
 156      CD9B3DDF 
 156      9CC4BD9E 
 156      FEF03164 
 156      C757
 157 0233 B9DFD7A7 		.ascii	"\271\337\327\247\332\3271X\377eY\357\301C\216\214\307"
 157      DAD73158 
 157      FF6559EF 
 157      C1438E8C 
 157      C7
 158 0244 336D19A2 		.ascii	"3m\031\242UXt\343\340'\313\327\317\030u\201=\035\207"
 158      555874E3 
 158      E027CBD7 
 158      CF187581 
 158      3D1D87
 159 0257 8DA394AF 		.ascii	"\215\243\224\257\001p\341\343^I\362L\373F\212\236`\356"
 159      0170E1E3 
 159      5E49F24C 
 159      FB468A9E 
 159      60EE
 160 0269 4D2CA0D6 		.ascii	"M,\240\326\035;\243/\210\327\022U\244\253!;\322\262"
 160      1D3BA32F 
 160      88D71255 
 160      A4AB213B 
 160      D2B2
 161 027b ED5365E5 		.ascii	"\355Se\345\305\345\347\362\355J\277]VTa\373\253Jx/\364"
 161      C5E5E7F2 
 161      ED4ABF5D 
 161      565461FB 
 161      AB4A782F 
 162 0290 57679708 		.ascii	"Wg\227\010OQ\261\277\272\374\312\245\234}\260\253\225"
 162      4F51B1BF 
ARM GAS  /tmp/ccYPinpX.s 			page 12


 162      BAFCCAA5 
 162      9C7DB0AB 
 162      95
 163 02a1 55D57E3B 		.ascii	"U\325~;\277 \357\304q;7\367\264]p6\357\232o'\261\260"
 163      BF20EFC4 
 163      713B37F7 
 163      B45D7036 
 163      EF9A6F27 
 164 02b7 A2A234BB 		.ascii	"\242\2424\273L\230\234\371\007w\202X\321"
 164      4C989CF9 
 164      07778258 
 164      D1
 165              		.text
 166              		.section	.gnu.lto_stGetAlarm.69b3adde4268e0f,"",%progbits
 167 0000 789C9552 		.ascii	"x\234\225RMHTQ\024>\337\275o\336\214\226\332\256\026"
 167      4D485451 
 167      143EDFBD 
 167      6FDE8C96 
 167      DAAE16
 168 0013 22422B5B 		.ascii	"\"B+[\370\232r\335\246\026\011J\220\006\355\244l\241"
 168      F89A72DD 
 168      A616094A 
 168      9006EDA4 
 168      6CA1
 169 0025 24188EB4 		.ascii	"$\030\216\264\235\2533/rgD\022\226\270H\2614\035\265"
 169      9DAB332F 
 169      72674412 
 169      96B848B1 
 169      341DB5
 170 0038 DF99A2C4 		.ascii	"\337\231\242\304\020\221\320~\026-\212`*\220\020\027"
 170      1091D07E 
 170      162D8A60 
 170      2A901017 
 171 0048 8A9A4C34 		.ascii	"\212\232L4\363:\347\315\004\245\253.\274w\337\271\347"
 171      F33AE7CD 
 171      04A5AB2E 
 171      BC77DFB9 
 171      E7
 172 0059 BBE7FBBE 		.ascii	"\273\347\373\276s\236E Y\353\212\350\014\3575\374 @"
 172      739E4520 
 172      59EB8AE8 
 172      0CEF35FC 
 172      2040
 173 006b 50BD4B44 		.ascii	"P\275KD]!\245t\252\202L\261\365\301!\263W\303\312\037"
 173      5D21A574 
 173      AA824CB1 
 173      F5C121B3 
 173      57C3CA1F 
 174 007f 5B807C98 		.ascii	"[\200|\230\020(\252\264\205(\266TV\341]|\362\266\336"
 174      1028AAB4 
 174      8528B654 
 174      56E15D7C 
 174      F2B6DE
 175 0092 54AE2658 		.ascii	"T\256&X\034\256/\366\177+\225\020\250\344\360\226y\337"
 175      1CAE2FF6 
 175      7F2B9510 
 175      A8E4F096 
ARM GAS  /tmp/ccYPinpX.s 			page 13


 175      79DF
 176 00a4 13AC1A31 		.ascii	"\023\254\0321\246\333\244\207sg\257\305\334\223\256"
 176      A6DBA487 
 176      7367AFC5 
 176      DC93AE
 177 00b3 56E429C2 		.ascii	"V\344)\302]\224c\004\345\302}\017U\304\340\257S\271"
 177      5D946304 
 177      E5C27D0F 
 177      55C4E0AF 
 177      53B9
 178 00c5 1B2576DC 		.ascii	"\033%v\334\360\252\354\321$(N\216\302f\271\340\203\304"
 178      F0AAECD1 
 178      24284E8E 
 178      C266B9E0 
 178      83C4
 179 00d7 E919E379 		.ascii	"\351\031\343y1c2\207s\007\203\232\270R\200_\332\226"
 179      31633287 
 179      7307839A 
 179      B852805F 
 179      DA96
 180 00e9 17D11AC3 		.ascii	"\027\321\032\303E\341\272R\262\353e\314\2462C\003\363"
 180      45E1BA52 
 180      B2EB65CC 
 180      A6324303 
 180      F3
 181 00fa 65FF969E 		.ascii	"e\377\226\236y\235\015\373U=\205\235\254\2041\330Lv"
 181      799D0DFB 
 181      553D859D 
 181      AC8431D8 
 181      4C76
 182 010c 1F764C07 		.ascii	"\037vL\0078\331\347\316\276\011\212\035\313\307.\215"
 182      38D9E7CE 
 182      BE098A1D 
 182      CBC72E8D 
 183 011c 6FAF15E7 		.ascii	"o\257\025\347C\301\213\341;\023?\346C\203\030\350\342"
 183      43C18BE1 
 183      3B133FE6 
 183      438318E8 
 183      E2
 184 012d 789FAB03 		.ascii	"x\237\253\003\230`_\343\342\213\223\243\213\233\033"
 184      98605FE3 
 184      E28B93A3 
 184      8B9B1B
 185 013c 4167DCC4 		.ascii	"Ag\334\304\273L\372\372V\3711W\333H`\0209\226\352Sa"
 185      BB4CFAFA 
 185      56F93157 
 185      DB486010 
 185      3996EA53 
 186 0151 120E2D23 		.ascii	"\022\016-#\366\353\312\252\225g-\020\317y\3333e\302"
 186      F6EBCAAA 
 186      95672D10 
 186      CF79DB33 
 186      65C2
 187 0163 A4A130C5 		.ascii	"\244\2410\305\345\276 \376\361\025K\027\345\214bHb5"
 187      E5BE20FE 
 187      F1154B17 
 187      E58C6248 
ARM GAS  /tmp/ccYPinpX.s 			page 14


 187      6235
 188 0175 9929C943 		.ascii	"\231)\311C\010\323~'\305\274\246T\205\376\016K\200\242"
 188      08D37E27 
 188      C5BCA654 
 188      85FE0E4B 
 188      80A2
 189 0187 21995CFD 		.ascii	"!\231\\\375\024\214f\315U__\320S\302\375\000Q\372\333"
 189      148C66CD 
 189      555F5FD0 
 189      53C2FD00 
 189      51FADB
 190 019a 5EC8B717 		.ascii	"^\310\267\027\373\371r\243\224\2417}hHf \307\013\375"
 190      FBF972A3 
 190      94A1377D 
 190      68486620 
 190      C70BFD
 191 01ad 6317C561 		.ascii	"c\027\305a\257\177\\\204G<\373\207\005\207\336\312\364"
 191      AF7F5C84 
 191      473CFB87 
 191      0587DECA 
 191      F4
 192 01be 44115F39 		.ascii	"D\021_9 5\036\2635\237\026O\020uu\261\257\307\3723\214"
 192      20351EB3 
 192      359F164F 
 192      107575B1 
 192      AFC7FA33 
 193 01d3 1799216F 		.ascii	"\027\231!o\316\3361\214\205\034\012\303\320\273\207"
 193      CEDE318C 
 193      851C0AC3 
 193      D0BB87
 194 01e2 F1D41F46 		.ascii	"\361\324\037FR\014\353\377juv\177\255\253\367 \345\267"
 194      520CEBFF 
 194      6A75767F 
 194      ADABF720 
 194      E5B7
 195 01f4 1AF94222 		.ascii	"\032\371B\"\266o\352\263\035N\010\306\014@\206\361\014"
 195      B66FEAB3 
 195      1D4E08C6 
 195      0C4086F1 
 195      0C
 196 0205 0E0E7101 		.ascii	"\016\016q\001\037\201\347\010\323\012\272\323\303\336"
 196      1F81E708 
 196      D30ABAD3 
 196      C3DE
 197 0213 5BE4FB2C 		.ascii	"[\344\373,\035\340\037\013\342\201\373VQ\355\034oi="
 197      1DE01F0B 
 197      E281FB56 
 197      51ED1C6F 
 197      693D
 198 0225 DF7AAAC1 		.ascii	"\337z\252\301i\2178-\347\332\234HG\263\354M\221\316"
 198      698F382D 
 198      E7DA9C48 
 198      47B3EC4D 
 198      91CE
 199 0237 EA66AAD9 		.ascii	"\352f\252\331\225\276\324\336\321\031q\032\032\353\217"
 199      95BED4DE 
 199      D119711A 
ARM GAS  /tmp/ccYPinpX.s 			page 15


 199      1AEB8F
 200 0246 1E71EAEA 		.ascii	"\036q\352\352N8\215\265\365\227\303\205\013Mmm\027\252"
 200      4E388DB5 
 200      F597C385 
 200      0B4D6D6D 
 200      17AA
 201 0258 5BE8372E 		.ascii	"[\3507.])o"
 201      5D296F
 202              		.text
 203              		.section	.gnu.lto_.symbol_nodes.69b3adde4268e0f,"",%progbits
 204 0000 789C558A 		.ascii	"x\234U\212\301\015\202@\024\005\347\355_\210\\\255\000"
 204      C10D8240 
 204      1405E7ED 
 204      5F885CAD 
 204      00
 205 0011 7BB0BFBF 		.ascii	"{\260\277\277\007\012\260\010\317\242 \230X\2045X\211"
 205      070AB008 
 205      CFA22098 
 205      58843558 
 205      89
 206 0022 61B35CDC 		.ascii	"a\263\\\334w\231d\346E\304J^\270\311\341\362\201\214"
 206      779964E6 
 206      45C44A5E 
 206      B8C9E1F2 
 206      818C
 207 0034 773A6533 		.ascii	"w:e3\312U\231f\021\351\010\026\356\362P\237\037r\253"
 207      CA559966 
 207      11E90816 
 207      EEF2509F 
 207      1F72AB
 208 0047 CFABB49F 		.ascii	"\317\253\264\237'y\254\323K\241$\315\362\246$H\251\007"
 208      2779ACD3 
 208      4BA124CD 
 208      F2A62448 
 208      A907
 209 0059 3DE5EDBF 		.ascii	"=\345\355\2770\016\\\277?\231:\206\345lqG[\300\0062"
 209      300E5CBF 
 209      3F993A86 
 209      E56C7147 
 209      5BC00632 
 210 006d CC2942   		.ascii	"\314)B"
 211              		.text
 212              		.section	.gnu.lto_.refs.69b3adde4268e0f,"",%progbits
 213 0000 789C6361 		.ascii	"x\234ca`d\020````ddbbadabeadcbga\000\000\003%\000D"
 213      60641060 
 213      60606064 
 213      64626261 
 213      64616265 
 214              		.text
 215              		.section	.gnu.lto_.decls.69b3adde4268e0f,"",%progbits
 216 0000 789CB558 		.ascii	"x\234\265XmL\024I\032\356\352\032\276\206\001<4\306"
 216      6D4C1449 
 216      1AEEEA1A 
 216      BE86013C 
 216      34C6
 217 0012 5CC8463D 		.ascii	"\\\310F=\214\\.2\"\256\331\273\\6\253\243\247&\353\356"
 217      8C5C2E32 
ARM GAS  /tmp/ccYPinpX.s 			page 16


 217      22AED9BB 
 217      5C36ABA3 
 217      A726EBEE 
 218 0026 65F03697 		.ascii	"e\3606\227\334\2179D\366 A\360\230q\023\177\\\256\005"
 218      DC8F3944 
 218      F62041F0 
 218      9871137F 
 218      5CAE05
 219 0039 14747505 		.ascii	"\024tu\005?\020\021\344CQ\021D\004\005q\000GQ@\005\017"
 219      3F1011E4 
 219      43511144 
 219      04057100 
 219      47514005 
 220 004e 51411C11 		.ascii	"QA\034\021T@]\025\021Qt\021\271\267>z\272g\004o/\271"
 220      54405D15 
 220      11517411 
 220      B9B73E7A 
 220      BA67046F 
 221 0064 EBCCDBD3 		.ascii	"\353\314\333\323o\325S\317\373T\275\325]\325\255\021"
 221      6FD553CF 
 221      FB54BDD5 
 221      5DD5AD11 
 222 0074 90408EED 		.ascii	"\220@\216\355\223\005\341\262(\010S\300\306\340p\207"
 222      9305E1B2 
 222      280853C0 
 222      C6E07087 
 223 0084 B26FC0C0 		.ascii	"\262o\300\300\025N\201U\013\354\360\000;\007\326\002"
 223      154E8155 
 223      0BECF000 
 223      3B07D602 
 224 0094 D60A7603 		.ascii	"\326\012v\003\254\035\254\003\354.\030\006\273\017\326"
 224      AC1DAC03 
 224      EC2E1806 
 224      BB0FD6
 225 00a3 0BF64870 		.ascii	"\013\366Hp>\316\361z\302\373\030\314\306\313E^\327!"
 225      3ECEF17A 
 225      C2FB18CC 
 225      C6CB455E 
 225      D721
 226 00b5 7C789038 		.ascii	"|x\2208>\274\215?\330\024\260&\260\331`s@\372o\300\236"
 226      3EBC8D3F 
 226      D814B026 
 226      B0D96073 
 226      40FA6FC0 
 227 00ca C3753062 		.ascii	"\303u0b:O\202u\202\215\362X\277\204\362\231`\277\002"
 227      3A4F8275 
 227      828DF258 
 227      BF84F299 
 227      60BF02
 228 00dd D370BE05 		.ascii	"\323p\276\005\210i\375\014\376\021\327\253>H\2774<\246"
 228      8869FD0C 
 228      FE11D7AB 
 228      3E48BF34 
 228      3CA6
 229 00ef 3A06E27C 		.ascii	":\006\342|\"\307\374\016}\250\367\306\177\241\227\214"
 229      22C7FC0E 
 229      7DA8F7C6 
ARM GAS  /tmp/ccYPinpX.s 			page 17


 229      7FA1978C 
 230 00ff A955A557 		.ascii	"\251U\245WT\351\325p.Y\353\357\271\326^\227xd\354u\377"
 230      54E9D570 
 230      2E59EBEF 
 230      B9D65E97 
 230      7864EC75 
 231 0114 8358EDAA 		.ascii	"\203X\355\252X\237\363X\256\371\033\025\321\265\244"
 231      589FF358 
 231      AEF91B15 
 231      D1B5A4
 232 0123 D22C3C24 		.ascii	"\322,<$\"\177-\322\200\373\2429\363\201/\270S\264h:"
 232      227F2DD2 
 232      80FBA239 
 232      F3812FB8 
 232      53B4683A 
 233 0137 B8238F76 		.ascii	"\270#\217vu V\253\003wSF}\245\2276E\202#5Q\362o\364"
 233      752056AB 
 233      03775346 
 233      7DA59736 
 233      45822335 
 234 014f 25154750 		.ascii	"%\025GP\000:\214\002 \302Q\244\205\263>\000\025\202"
 234      003A8C02 
 234      20C251A4 
 234      85B33E00 
 234      1582
 235 0161 0BF0033F 		.ascii	"\013\360\003?V\325\271\261\326>\340\336\311\337U\240"
 235      56D5B9B1 
 235      D63EE0DE 
 235      C9DF55A0 
 236 0171 61DC8F48 		.ascii	"a\334\217H\365\31575?\351\260\210\340ZS\236\320\225"
 236      F5CD3735 
 236      3FE9B088 
 236      E05A539E 
 236      D095
 237 0183 E78B8202 		.ascii	"\347\213\202\002\020\220!\355!\032A\222D\001\235@Zt"
 237      109021ED 
 237      211A4192 
 237      44019D40 
 237      5A74
 238 0195 0C615971 		.ascii	"\014aYq\246\004\321\007\376I\212\341\332\223\376CI\202"
 238      A604D107 
 238      FE498AE1 
 238      DA93FE43 
 238      4982
 239 01a7 34902FB9 		.ascii	"4\220/\271O\023Ph\000\232\033 \240\022\024D\253\004"
 239      4F135068 
 239      009A1B20 
 239      A0121444 
 239      AB04
 240 01b9 540A84C7 		.ascii	"T\012\204\307\231\234\241\273\275\201\376\251\234\372"
 240      999CA1BB 
 240      BD81FEA9 
 240      9CFA
 241 01c7 0B44A98B 		.ascii	"\013D\251\213\241\272\210\212/C\376r\027\010\370vCS"
 241      A1BA888A 
 241      2F43FE72 
 241      1708F876 
ARM GAS  /tmp/ccYPinpX.s 			page 18


 241      4353
 242 01d9 92BB9653 		.ascii	"\222\273\226S\247\376'j\353\231;\035nj\356\362\217q"
 242      A7FE276A 
 242      EB993B1D 
 242      6E6AEEF2 
 242      8F71
 243 01eb 8F6DAD7D 		.ascii	"\217m\255}\242\325m!\334|\030O\"\177\3258\236Bd\002"
 243      A2D56D21 
 243      DC7C184F 
 243      227FD538 
 243      9E426402 
 244 01ff D07F408F 		.ascii	"\320\177@\217\016\264\214\352\330(j\211\260\242\261"
 244      0EB48CEA 
 244      D8286A89 
 244      B0A2B1
 245 020e 0AF78973 		.ascii	"\012\367\211sP)\347\240\202)k\357H\252\342\031\364\006"
 245      5029E7A0 
 245      82296BEF 
 245      48AAE219 
 245      F406
 246 0220 B7F2DEEE 		.ascii	"\267\362\336\356\263^,\007\267Hu\333\323=\311\310uP"
 246      B35E2C07 
 246      B74875DB 
 246      D33DC9C8 
 246      7550
 247 0232 AA80ED34 		.ascii	"\252\200\3554e;C\205W\312\302\207\013\013^\370\272v"
 247      653B4385 
 247      57CAC287 
 247      0B0B5EF8 
 247      BA76
 248 0244 7342F496 		.ascii	"sB\364\226\342\212\004O\247nZ\235\272Y\315\273YM\273"
 248      E28A044F 
 248      A76E5A9D 
 248      BA59CDBB 
 248      594DBB
 249 0257 7934EDE6 		.ascii	"y4\355\346\031lG\035\010&2\232D\223\215\020;#j\0023"
 249      196C471D 
 249      0826329A 
 249      44938D10 
 249      3B236A02 
 250 026c EAC28528 		.ascii	"\352\302\205(\360I-\027!\031H\316p\022\021/\023\034"
 250      F0492D17 
 250      211948CE 
 250      7012112F 
 250      131C
 251 027e 64F4C7DB 		.ascii	"d\364\307\333\323\207\"=(\211\302\216x#\344P@\253\005"
 251      D387223D 
 251      2889C28E 
 251      7823E450 
 251      40AB05
 252 0291 56EF6065 		.ascii	"V\357`e\177\242\322@\305\307\344r:E\263\243OH\276\373"
 252      7FA2D240 
 252      C5C7E472 
 252      3A45B3A3 
 252      4F48BEFB 
 253 02a5 92CBFABB 		.ascii	"\222\313\372\273\334\260\007\271\005P\327\333#\177\010"
 253      DCB007B9 
ARM GAS  /tmp/ccYPinpX.s 			page 19


 253      0550D7DB 
 253      237F08
 254 02b4 2E9667FE 		.ascii	".\226g\376'\312-:zi_\2468-\235g|\272\006}3U5\21264\015"
 254      27CA2D3A 
 254      7A695FA6 
 254      382D9D67 
 254      7CBA067D 
 255 02cf CEAB340C 		.ascii	"\316\2534\014{u\263$y\314\314\225rK\245\356\256\201"
 255      7B75B324 
 255      79CCCC95 
 255      724BA5EE 
 255      AE81
 256 02e1 D0BD922D 		.ascii	"\320\275\222-\011\232\211\004\205j\021FgQ0\211_K\357"
 256      099A8904 
 256      856A1146 
 256      67513089 
 256      5F4BEF
 257 02f4 285483EC 		.ascii	"(T\203\354 \354\034\232\011-\023\213ooq\303\013\250"
 257      20EC1C9A 
 257      092D138B 
 257      6F6F71C3 
 257      0BA8
 258 0306 94CEC6C2 		.ascii	"\224\316\306\302\"\362P\230\255E\244C~Pt\374i\325[\037"
 258      22F25098 
 258      AD45A443 
 258      7E5074FC 
 258      69D55B1F 
 259 031a 564410AD 		.ascii	"VD\020\255\333\007\017z`\003\271\026\353\267\225\227"
 259      DB070F7A 
 259      6003B916 
 259      EBB79597 
 260 032a 79A32076 		.ascii	"y\243 v\327v\327\324/NK&!\033`n\\TB\316&\263\"E\231"
 260      D776D7D4 
 260      2F4E4B26 
 260      211B606E 
 260      5C5442CE 
 261 0343 0C82A30F 		.ascii	"\014\202\243\017\250\036n)\340%@t\001\012\353\330\324"
 261      A81E6E29 
 261      E0254074 
 261      010AEBD8 
 261      D4
 262 0354 2D3C9896 		.ascii	"-<\230\226\357\216\023\021\015\262\367\344\321a\255"
 262      EF8E1311 
 262      0DB2F7E4 
 262      D161AD
 263 0363 2348D596 		.ascii	"#H\325\226\3710R\223\320e\210\321\250\304h@\023\007"
 263      F9305293 
 263      D06588D1 
 263      A8C46840 
 263      1307
 264 0375 B9347E90 		.ascii	"\2714~\220\355\247\354\357\374p\005\0132\366\272\357"
 264      EDA7ECEF 
 264      FC70050B 
 264      32F6BAEF 
 265 0385 14DC6541 		.ascii	"\024\334eA\34334\217\303\300\344\244]\375\364(\221\323"
 265      E333348F 
 265      C3C0E4A4 
ARM GAS  /tmp/ccYPinpX.s 			page 20


 265      5DFDF428 
 265      91D3
 266 0397 0472AE28 		.ascii	"\004r\256(r.\313wBNQ\347\001\017\015\231\330\004\001"
 266      722ECB77 
 266      424E51E7 
 266      010F0D99 
 266      D80401
 267 03aa B982B28A 		.ascii	"\271\202\262\212\322\355/\334&\314\352\277hV\257\"\236"
 267      D2ED2FDC 
 267      26CCEABF 
 267      6856AF22 
 267      9E
 268 03bb D6AC67DB 		.ascii	"\326\254g\333\373\335\344\264\016\351\322\023\245Fh"
 268      FBDDE4B4 
 268      0EE9D213 
 268      A54668
 269 03ca 379DC0D0 		.ascii	"7\235\300\320y%\340yuZ[hZ/\215\224\371\342>\304f\230"
 269      7925E079 
 269      755A5B68 
 269      5A2F8D94 
 269      F9E23EC4 
 270 03e0 7D6BBE96 		.ascii	"}k\276\226\261\330^\327\353\244\324\015\344&&S\343\232"
 270      B1D85ED7 
 270      EBA4D40D 
 270      E4262653 
 270      E39A
 271 03f2 C2714DCD 		.ascii	"\302qM\315\321J9v\224\017\347\270\341AFRq\253\257W\344"
 271      D14A3976 
 271      940FE7B8 
 271      E1414652 
 271      71ABAF57 
 272 0407 24650D32 		.ascii	"$e\0152\011\021r]!\271\256&\271AI\212\207Z\312|\360"
 272      0911725D 
 272      21B9AE26 
 272      B941498A 
 272      875ACA7C 
 273 041c 2823B930 		.ascii	"(#\2710v\365\246\207\272\363d\\\224\336\2679\315\351"
 273      76F5A687 
 273      BAF3645C 
 273      94DEB739 
 273      CDE9
 274 042e 86BA7B29 		.ascii	"\206\272{)\262\354\227\015>\2169\015(tS\211yS\035\263"
 274      B2EC970D 
 274      3E8E390D 
 274      28745389 
 274      79531DB3 
 275 0442 9DC67CB1 		.ascii	"\235\306|\261\365y\256\037N\241K\014\252\034~\327\347"
 275      F579AE1F 
 275      4EA14B0C 
 275      AA1C7ED7 
 275      E7
 276 0453 0334DD90 		.ascii	"\0034\335\220\260\216\326\177l8\260\311\226\212\350"
 276      B08ED67F 
 276      6C38B0C9 
 276      968AE8
 277 0462 FD836E29 		.ascii	"\375\203n),\267\370Z\003\017\"\302`\0338\230\201\361"
 277      2CB7F85A 
ARM GAS  /tmp/ccYPinpX.s 			page 21


 277      030F22C2 
 277      601B3898 
 277      81F1
 278 0474 25C6F0A4 		.ascii	"%\306\360\244\250\257\315\327\351\201V\356$\333\316"
 278      A8AFCDD7 
 278      E98156EE 
 278      24DBCE
 279 0483 1E6864D4 		.ascii	"\036hd\324\353\256$`\232p(\343\011\337T\223}W3a\302"
 279      EBAE2460 
 279      9A7028E3 
 279      09DF5493 
 279      7D573361 
 280 0498 3B6997EF 		.ascii	";i\227\357\310\011\177p\"k@\313\305\266\245\257\333"
 280      C8097F70 
 280      226B40CB 
 280      C5B6A5AF 
 280      DB
 281 04a9 9598BB8C 		.ascii	"\225\230\273\214@\320mE\351mY\351]\252tt`s\212f\306"
 281      40D06D45 
 281      E96D59E9 
 281      5DAA7474 
 281      60738A66 
 282 04be 909803AB 		.ascii	"\220\230\003\253\",'t\332mx\226\347\215\0230\025\237"
 282      222C2774 
 282      DA6D7896 
 282      E78D1330 
 282      159F
 283 04d0 D7FC325D 		.ascii	"\327\3742]\213S\231\223]p\241C\234u@j\201\010]\357t"
 283      8B539993 
 283      5D70A143 
 283      9C75406A 
 283      81085DEF 
 284 04e5 3BA5A446 		.ascii	";\245\244FICW\241{\020\000f\216j\361\352\206\222.4C"
 284      494357A1 
 284      7B100066 
 284      8E6AF1EA 
 284      86922E34 
 285 04fa 40F7D12C 		.ascii	"@\367\321,\322\215\352\373\311~3\366b\022\307\312\342"
 285      D28DEAFB 
 285      C97E33F6 
 285      6212C7CA 
 285      E2
 286 050b 34949715 		.ascii	"4\224\227\025`\\\300\250\213\213R\236bFm\253X\232\222"
 286      605CC0A8 
 286      8B8B529E 
 286      62466DAB 
 286      589A92
 287 051e BA81C228 		.ascii	"\272\201\302(/L\004\325j\321\003%\017\010o/\345}u\347"
 287      2F4C04D5 
 287      6AD10325 
 287      0F086F2F 
 287      E57D75E7 
 288 0532 76AD6646 		.ascii	"v\255fF\271\232\267\245\260\240I\213\3172\336g\031\366"
 288      B99AB7A5 
 288      B0A0498B 
 288      CF32DE67 
 288      19F6
ARM GAS  /tmp/ccYPinpX.s 			page 22


 289 0544 561DE77D 		.ascii	"V\035\347}\355\314\333\356\304\373\020J\372\010\357"
 289      EDCCDBEE 
 289      C4FB104A 
 289      FA08EF
 290 0553 23CA3BD2 		.ascii	"#\312;\322{\374\241\316)i$\343\312\300?\206\004\361"
 290      7BFCA1CE 
 290      296924E3 
 290      CAC03F86 
 290      04F1
 291 0565 117D4C17 		.ascii	"\021}L\027\"y\211\364\347Kd\246u\3502\337\305x\222\352"
 291      227989F4 
 291      E74B64A6 
 291      75E832DF 
 291      C57892EA 
 292 0579 FEA24A1F 		.ascii	"\376\242J\037\266\202\332H\365\365\276\274$\276<\267"
 292      B682DA48 
 292      F5F5BEBC 
 292      24BE3CB7 
 293 0589 10BFAEAD 		.ascii	"\020\277\256\255a@\203\233\231\350\226\303)-\230,\326"
 293      6140839B 
 293      99E896C3 
 293      292D982C 
 293      D6
 294 059a 893FFB81 		.ascii	"\211?\373\201\324\3244\322\354\206\257\263\366\337_"
 294      D4D434D2 
 294      EC86AFB3 
 294      F6DF5F
 295 05a9 3C55CF77 		.ascii	"<U\317wg\215\304\337u\246\316\352\215\333X\345\203-"
 295      678DC4DF 
 295      75A6CEEA 
 295      8DDB58E5 
 295      832D
 296 05bb F7EBDCB1 		.ascii	"\367\353\334\261\2359\262,\177.+\307\376\3522\302]\254"
 296      9D39B22C 
 296      7F2E2BC7 
 296      FEEA32C2 
 296      5DAC
 297 05cd D25A595D 		.ascii	"\322ZY]\317\2730\227<\274\007\232\262\275\231;\211\334"
 297      CFBB3097 
 297      3CBC079A 
 297      B2BD993B 
 297      89DC
 298 05df D17D97EA 		.ascii	"\321}\227\352\265\254G\022\002\277\246\365\316\027\270"
 298      B5AC4712 
 298      02BFA6F5 
 298      CE17B8
 299 05ee 87B53C3F 		.ascii	"\207\265<?Xz\230\367\016\203\373|8\177\263\347\304\233"
 299      587A98F7 
 299      0E83FB7C 
 299      387FB3E7 
 299      C49B
 300 0600 8F1179F3 		.ascii	"\217\021y\363\361\023\353KrvW\271j[d\241\317\3537\000"
 300      F113EB4B 
 300      727657B9 
 300      6A5B64A1 
 300      CFEB3700 
 301 0614 1FA6F077 		.ascii	"\037\246\360wt\2770\"?%\357\276\313\272\210\325\350"
ARM GAS  /tmp/ccYPinpX.s 			page 23


 301      74BF3022 
 301      3F25EFBE 
 301      CBBA88D5 
 301      E8
 302 0625 E71F4397 		.ascii	"\347\037C\227\034(\330\243\305\217\230\314}/;\037\363"
 302      1C28D8A3 
 302      C58F98CC 
 302      7D2F3B1F 
 302      F3
 303 0636 9C05817B 		.ascii	"\234\005\201{\350\2655\321\023?eu;k\263\233=\360\000"
 303      E8B535D1 
 303      133F6575 
 303      3B6BB39B 
 303      3DF000
 304 0649 73E4FDAD 		.ascii	"s\344\375\255?\333\337&\264/\302C\254\346l\332\216N"
 304      3FDBDF26 
 304      B42FC243 
 304      ACE66CDA 
 304      8E4E
 305 065b 84DF30A7 		.ascii	"\204\3370\247?\251\267\233\217\3204pw_y2\033\217\262"
 305      3FA9B79B 
 305      8FD03470 
 305      775F7932 
 305      1B8FB2
 306 066e AAF78D75 		.ascii	"\252\367\215u\263q\242\206^\327W\0349\214\360f\346\014"
 306      B371A286 
 306      5ED7571C 
 306      398CF066 
 306      E60C
 307 0680 66D63FD1 		.ascii	"f\326?\321\342m\314\311m\315:\355\211S\231s\350M\372"
 307      E26DCCC9 
 307      6DCD3AED 
 307      89539973 
 307      E84DFA
 308 0693 211DDECD 		.ascii	"!\035\336\315\234\033U7S\274q&sRN\234\310\360\306\373"
 308      9C1B5537 
 308      53BC7126 
 308      73524E9C 
 308      C8F0C6FB 
 309 06a7 999360ED 		.ascii	"\231\223`\355H\363cA\273\211\337S\320\223\313\367j\222"
 309      48F36341 
 309      BB89DF53 
 309      D093CBF7 
 309      6A92
 310 06b9 3BD94FB5 		.ascii	";\331O\2656\015#\234\317\300\247\262\333\366{O\234\211"
 310      360D239C 
 310      CFC0A7B2 
 310      DBF67B4F 
 310      9C89
 311 06cb 34916762 		.ascii	"4\221gb.M\304\276\216\367\245~|hmr\"\236\002\372\011"
 311      2E4DC4BE 
 311      8EF7A57E 
 311      7C686D72 
 311      229E02FA 
 312 06e0 45EF10FD 		.ascii	"E\357\020\375\3456\004]\266\263\240\336S\215~\376\021"
 312      E536045D 
 312      B6B3A0DE 
ARM GAS  /tmp/ccYPinpX.s 			page 24


 312      538D7EFE 
 312      11
 313 06f1 F4D4C6AE 		.ascii	"\364\324\306\256\236\022/\024\350r\004\005\006N\016"
 313      9E122F14 
 313      E8720405 
 313      064E0E
 314 0700 0CCC9792 		.ascii	"\014\314\227\222\022\245\356\234\007\177\355\037\354"
 314      12A5EE9C 
 314      077FED1F 
 314      EC
 315 070d 91A41D3A 		.ascii	"\221\244\035:\312\324\0177\350aq\262r'<\243\264G\310"
 315      CAD40F37 
 315      E86171B2 
 315      72273CA3 
 315      B447C8
 316 0720 59A02D6C 		.ascii	"Y\240-levXX\302)z\223\350\202\336(\272\2423\024\364"
 316      65765858 
 316      C2297A93 
 316      E882DE28 
 316      BAA23314 
 317 0735 F7AE6826 		.ascii	"\367\256h&9D\001\237T\300I\256\340\004\321\005\334\242"
 317      3944019F 
 317      54C049AE 
 317      E004D105 
 317      DCA2
 318 0747 805FB9AA 		.ascii	"\200_\271\252\036\372@u\265\202~\357\212~\355\252#S"
 318      1EFA4075 
 318      B5827EEF 
 318      8A7EEDAA 
 318      2353
 319 0759 016F195F 		.ascii	"\001o\031_\264\232\372\206\202\036t\245~\341\214\336"
 319      B49AFA86 
 319      821E74A5 
 319      7EE18CDE 
 320 0769 20D96EFF 		.ascii	" \331n\377\205\200w\212\376(\225S\313\331C?\272\352"
 320      8580778A 
 320      FE289553 
 320      CBD9433F 
 320      BAEA
 321 077b D8A5306F 		.ascii	"\330\2450os\325\241w\301\266*\330\227\343\253P\201O"
 321      73D5A177 
 321      C1B62AD8 
 321      97E3AB50 
 321      814F
 322 078d 2BE00DAE 		.ascii	"+\340\015\256\304c\256\340R\005\234<~\302U\3406\005"
 322      C463AEE0 
 322      52059C3C 
 322      7EC255E0 
 322      3605
 323 079f 3C30FE5C 		.ascii	"<0\376\\\012Q\306\242\226\216\305(,\025o9V~\244\360"
 323      0A51C6A2 
 323      968EC528 
 323      2C156F39 
 323      567EA4F0 
 324 07b3 9CA88739 		.ascii	"\234\250\2079Ka\336\354*cXa\246\273>\333N\000\303b\005"
 324      4B61DEEC 
 324      2A635861 
ARM GAS  /tmp/ccYPinpX.s 			page 25


 324      A6BB3EDB 
 324      4E00C362 
 325 07c8 2081AF20 		.ascii	" \201\257 \202\203\310j"
 325      8283C86A 
 326 07d0 0F20FB14 		.ascii	"\017 \373\024L\251\244\361\273\257\016\\\241\004N\034"
 326      4CA9A4F1 
 326      BBAF0E5C 
 326      A1044E1C 
 327 07e0 7F563274 		.ascii	"\177V2t\032\177:J\310\"\240\355b\000\372\201V\022<H"
 327      1A7F3A4A 
 327      C822A0ED 
 327      6200FA81 
 327      56123C48 
 328 07f4 4007C520 		.ascii	"@\007\305 \224-\006\242B\260t\260L\260\003`G\300r\301"
 328      942D06A2 
 328      42B074B0 
 328      4CB00360 
 328      47C072C1 
 329 0808 7683ED01 		.ascii	"v\203\355\001;\004\226\003V\000\266\027,\037,\003l?"
 329      3B049603 
 329      5600B617 
 329      2C1F2C03 
 329      6C3F
 330 081a D83EB03C 		.ascii	"\330>\260<\260]`Yb\240\252S\373\025\221)\343\217\216"
 330      B05D6059 
 330      62A0AA53 
 330      FB159129 
 330      E38F8E
 331 082d BA4BE90A 		.ascii	"\272K\351\012z\353\270\023\213\201\311\353FS\333\021"
 331      7AEBB813 
 331      8B81C9EB 
 331      4653DB11 
 332 083d 5F6CA70F 		.ascii	"_l\247\0176\361F\342\261B\204&\007\215\333ST\014\035"
 332      36F146E2 
 332      B1428426 
 332      078DDB53 
 332      540C1D
 333 0850 FC7F7796 		.ascii	"\374\177w\226e\267\323\216Hv\213 \330Q\321\261\351\""
 333      65B7D38E 
 333      48768B20 
 333      D851D1B1 
 333      E922
 334 0862 C9A69AA5 		.ascii	"\311\246\232\245\215{\333\235\367\202E\252\016\012\350"
 334      8D7BDB9D 
 334      F78245AA 
 334      0E0AE8
 335 0871 98C85E6E 		.ascii	"\230\310^n\341\237\274\264[O\337\363sBw:mBJ8\272\204"
 335      E19FBCB4 
 335      5B4FDFF3 
 335      7342773A 
 335      6D424A38 
 336 0887 A2AFBE6B 		.ascii	"\242\257\276k<\341\216\037\262\007}\363\305\353\031"
 336      3CE18E1F 
 336      B2077DF3 
 336      C5EB19
 337 0896 1EF83D75 		.ascii	"\036\370=u4=%'a\361\367b\237I\202\222\351\327\211\204"
 337      343D2527 
ARM GAS  /tmp/ccYPinpX.s 			page 26


 337      61F1F762 
 337      9F498292 
 337      E9D78984 
 338 08aa DCE97F77 		.ascii	"\334\351\177w|\2358\011crB\364\"\337\034`\310\312a\310"
 338      7C9D3809 
 338      637242F4 
 338      22DF1C60 
 338      C8CA61C8 
 339 08be E8571228 		.ascii	"\350W\022(\241_N&\321K\365\347\025\321\013\225\212\216"
 339      A15F4E26 
 339      D14BF5E7 
 339      15D10B95 
 339      8A8E
 340 08d0 CF2B643F 		.ascii	"\317+d?\323\377\300\346\364^B \252o\023\242zk\336\321"
 340      D3FFC0E6 
 340      F45E4220 
 340      AA6F13A2 
 340      7A6BDED1 
 341 08e4 907AC91D 		.ascii	"\220z\311\035\266\251\266R\262\247^QW\260\211\274\017"
 341      B6A9B652 
 341      B2A75E51 
 341      57B089BC 
 341      0F
 342 08f5 E42EA338 		.ascii	"\344.\2438t\\\031\267\343\242js^!\222\015k^\371P\246"
 342      745C19B7 
 342      E3A26A73 
 342      5E21920D 
 342      6B5EF950 
 343 090a 0F4E72A3 		.ascii	"\017Nr\243\275<~u\364\216\037#\262\015^\3261\026\372"
 343      BD3C7E75 
 343      F48E1F23 
 343      B20D5ED6 
 343      3116FA
 344 091d 5651A990 		.ascii	"VQ\251\220T\252INS\022\373XU\256\017\336\303H\212\367"
 344      54AA494E 
 344      5312FB58 
 344      55AE0FDE 
 344      C3488AF7 
 345 0931 8D3EF1E0 		.ascii	"\215>\361\340$\231Wd\022\262\335\253RH\252\324$g(\311"
 345      24995764 
 345      12B2DDAB 
 345      5248AAD4 
 345      246728C9 
 346 0945 D9C70733 		.ascii	"\331\307\00735\270\220\221\224\014\276\336\310\273d"
 346      35B89091 
 346      940CBEDE 
 346      C8BB64
 347 0954 6BBDA256 		.ascii	"k\275\242VbUH\254j\222jJR\261g\367\347\370\014\343\370"
 347      625548AC 
 347      6A926A4A 
 347      52B167F7 
 347      E7F80CE3 
 348 0969 E1EC8B1E 		.ascii	"\341\354\213\036O\3161r%\200\275\261\344\2617\226\032"
 348      4FCE3172 
 348      2580BDB1 
 348      E4B13796 
 348      1A
ARM GAS  /tmp/ccYPinpX.s 			page 27


 349 097a 85A546CD 		.ascii	"\205\245F\315R+\316\0244\021Q\341\361\356f\313\362\330"
 349      522BCE14 
 349      341151E1 
 349      F1EE66CB 
 349      F2D8
 350 098c 688BE7D2 		.ascii	"h\213\347\322\257\3764\335\020\022\"|\022\2547DE\257"
 350      AFFE34DD 
 350      1012227C 
 350      12AC3744 
 350      45AF
 351 099e 8AFE3A4C 		.ascii	"\212\376:L\037g\326G\205\307\350\315\361\021\344\337"
 351      1F67D647 
 351      85C7E8CD 
 351      F111E4DF 
 352 09ae 64B60447 		.ascii	"d\266\004G\010:\263%\314\022\036oY\030\023\036\277F"
 352      083AB325 
 352      CC121E6F 
 352      5918131E 
 352      BF46
 353 09c0 6B32AD8B 		.ascii	"k2\255\213\216\265\204\3163Y\346\353\327\231\343\365"
 353      8EB584CE 
 353      3359E6EB 
 353      D799E3F5 
 354 09d0 50362736 		.ascii	"P6'6.6rNd\370\252h}tlD\314\272\325\221\3725\341\021"
 354      2E36724E 
 354      64F8AA68 
 354      7D746C44 
 354      CCBAD591 
 355 09e8 51D1B191 		.ascii	"Q\321\261\221z\323\352\310o\303\327\305XL\226\365k#"
 355      7AD3EAC8 
 355      6FC3D7C5 
 355      584C96F5 
 355      6B23
 356 09fa CDC15182 		.ascii	"\315\301Q\202\247\334\372\327\037im^o\326C\354\325\000"
 356      A7DCFAD7 
 356      1F696D5E 
 356      6FD643EC 
 356      D500
 357 0a0c 85265EE0 		.ascii	"\205&^\340Z\242\327D\232,\263\234\204\306[\034\015\""
 357      5AA2D744 
 357      9A2CB39C 
 357      84C65B1C 
 357      0D22
 358 0a1e A2088687 		.ascii	"\242\010\206\207\360&z\343\3262\271p\035i\221/\227\362"
 358      F0267AE3 
 358      D632B970 
 358      1D69912F 
 358      97F2
 359 0a30 4B409862 		.ascii	"K@\230bbV\233\242a\024\346\177\320\371\265q\361\026"
 359      62569BA2 
 359      6114E67F 
 359      D0F9B571 
 359      F116
 360 0a42 B33E6CE5 		.ascii	"\263>l\345\212\320y\372/\277\\\254_\271|\305w!|8H3\""
 360      8AD079FA 
 360      2FBF5CAC 
 360      5FB97CC5 
ARM GAS  /tmp/ccYPinpX.s 			page 28


 360      77217C38 
 361 0a59 29222A6C 		.ascii	")\"*l\275yYx\214e\372G%\001\324G=z\202\217\311\364\355"
 361      BD795978 
 361      8C65FA47 
 361      2501D447 
 361      3D7A828F 
 362 0a70 BAD80893 		.ascii	"\272\330\010\223)xA\350g\363=e\317[\221\351\004\371"
 362      297841E8 
 362      67F33D65 
 362      CF5B91E9 
 362      04F9
 363 0a82 6D88B7A2 		.ascii	"m\210\267\242\332\271\346S7\203a\2051T\374\332\250Y"
 363      DAB9E653 
 363      37836185 
 363      3154FCDA 
 363      A859
 364 0a94 BC62A111 		.ascii	"\274b\241\021/6\0305\213\026\2574b\203\301\210\215`"
 364      2F361835 
 364      8B16AF34 
 364      6283C188 
 364      8D60
 365 0aa6 0B8D46FC 		.ascii	"\013\215F\374\3070\0036|\265Rc0,1R\374<z\016\301K\226"
 365      C7300336 
 365      7CB55263 
 365      302C3152 
 365      FC3C7A0E 
 366 0abd 1AC53068 		.ascii	"\032\3050h\271|\211Q\023\266\002\320\006\343<\260\020"
 366      B97C8951 
 366      13B602D0 
 366      06E33CB0 
 366      10
 367 0ace 40FED918 		.ascii	"@\376\331\030\3723\207\304lYC2\031\275\206\015:wL\226"
 367      FA3387C4 
 367      6C594332 
 367      19BD860D 
 367      3A774C96 
 368 0ae2 A9F2F09A 		.ascii	"\251\362\360\232M\341D\270)<\302\022\375]\244\233iQ"
 368      4DE144B8 
 368      293CC212 
 368      FD5DA49B 
 368      6951
 369 0af4 5C5C8C3F 		.ascii	"\\\\\214?\2574\223Aa\365\277p\024\305\255e%\223\344"
 369      AF349341 
 369      61F5BF70 
 369      14C5AD65 
 369      2593E4
 370 0b07 92488B73 		.ascii	"\222H\213s\301\337\344\202\177\003V\335\311q"
 370      C1DFE482 
 370      7F0356DD 
 370      C971
 371              		.text
 372              		.section	.gnu.lto_.symtab.69b3adde4268e0f,"",%progbits
 373 0000 7374496E 		.ascii	"stInit\000"
 373      697400
 374 0007 00       		.ascii	"\000"
 375 0008 00       		.ascii	"\000"
 376 0009 00       		.ascii	"\000"
ARM GAS  /tmp/ccYPinpX.s 			page 29


 377 000a 00000000 		.ascii	"\000\000\000\000\000\000\000\000"
 377      00000000 
 378 0012 C1000000 		.ascii	"\301\000\000\000"
 379 0016 73745374 		.ascii	"stStartAlarm\000"
 379      61727441 
 379      6C61726D 
 379      00
 380 0023 00       		.ascii	"\000"
 381 0024 00       		.ascii	"\000"
 382 0025 00       		.ascii	"\000"
 383 0026 00000000 		.ascii	"\000\000\000\000\000\000\000\000"
 383      00000000 
 384 002e D0000000 		.ascii	"\320\000\000\000"
 385 0032 73745374 		.ascii	"stStopAlarm\000"
 385      6F70416C 
 385      61726D00 
 386 003e 00       		.ascii	"\000"
 387 003f 00       		.ascii	"\000"
 388 0040 00       		.ascii	"\000"
 389 0041 00000000 		.ascii	"\000\000\000\000\000\000\000\000"
 389      00000000 
 390 0049 D2000000 		.ascii	"\322\000\000\000"
 391 004d 73745365 		.ascii	"stSetAlarm\000"
 391      74416C61 
 391      726D00
 392 0058 00       		.ascii	"\000"
 393 0059 00       		.ascii	"\000"
 394 005a 00       		.ascii	"\000"
 395 005b 00000000 		.ascii	"\000\000\000\000\000\000\000\000"
 395      00000000 
 396 0063 D4000000 		.ascii	"\324\000\000\000"
 397 0067 73744765 		.ascii	"stGetAlarm\000"
 397      74416C61 
 397      726D00
 398 0072 00       		.ascii	"\000"
 399 0073 00       		.ascii	"\000"
 400 0074 00       		.ascii	"\000"
 401 0075 00000000 		.ascii	"\000\000\000\000\000\000\000\000"
 401      00000000 
 402 007d D7000000 		.ascii	"\327\000\000\000"
 403 0081 73745F6C 		.ascii	"st_lld_init\000"
 403      6C645F69 
 403      6E697400 
 404 008d 00       		.ascii	"\000"
 405 008e 02       		.ascii	"\002"
 406 008f 00       		.ascii	"\000"
 407 0090 00000000 		.ascii	"\000\000\000\000\000\000\000\000"
 407      00000000 
 408 0098 D9000000 		.ascii	"\331\000\000\000"
 409 009c 63685379 		.ascii	"chSysHalt\000"
 409      7348616C 
 409      7400
 410 00a6 00       		.ascii	"\000"
 411 00a7 02       		.ascii	"\002"
 412 00a8 00       		.ascii	"\000"
 413 00a9 00000000 		.ascii	"\000\000\000\000\000\000\000\000"
 413      00000000 
ARM GAS  /tmp/ccYPinpX.s 			page 30


 414 00b1 DE000000 		.ascii	"\336\000\000\000"
 415              		.text
 416              		.section	.gnu.lto_.opts,"",%progbits
 417 0000 272D666D 		.ascii	"'-fmath-errno' '-fsigned-zeros' '-ftrapping-math' '"
 417      6174682D 
 417      6572726E 
 417      6F272027 
 417      2D667369 
 418 0033 2D666E6F 		.ascii	"-fno-trapv' '-fno-openmp' '-fno-openacc' '-mcpu=cor"
 418      2D747261 
 418      70762720 
 418      272D666E 
 418      6F2D6F70 
 419 0066 7465782D 		.ascii	"tex-m0' '-mno-thumb-interwork' '-mthumb' '-ggdb' '-"
 419      6D302720 
 419      272D6D6E 
 419      6F2D7468 
 419      756D622D 
 420 0099 4F322720 		.ascii	"O2' '-Werror' '-fomit-frame-pointer' '-falign-funct"
 420      272D5765 
 420      72726F72 
 420      2720272D 
 420      666F6D69 
 421 00cc 696F6E73 		.ascii	"ions=16' '-ffunction-sections' '-fdata-sections' '-"
 421      3D313627 
 421      20272D66 
 421      66756E63 
 421      74696F6E 
 422 00ff 666E6F2D 		.ascii	"fno-common' '-flto'\000"
 422      636F6D6D 
 422      6F6E2720 
 422      272D666C 
 422      746F2700 
 423              		.text
 424              		.comm	__gnu_lto_v1,1,1
 425              		.comm	__gnu_lto_slim,1,1
 426              		.ident	"GCC: (GNU Tools for ARM Embedded Processors) 5.4.1 20160609 (release) [ARM/embedded-5-bran
ARM GAS  /tmp/ccYPinpX.s 			page 31


DEFINED SYMBOLS
                            *ABS*:0000000000000000 hal_st.c
                            *COM*:0000000000000001 __gnu_lto_v1
                            *COM*:0000000000000001 __gnu_lto_slim

NO UNDEFINED SYMBOLS
