ARM GAS  /tmp/ccNkUFFH.s 			page 1


   1              		.syntax unified
   2              		.cpu cortex-m0
   3              		.fpu softvfp
   4              		.eabi_attribute 20, 1
   5              		.eabi_attribute 21, 1
   6              		.eabi_attribute 23, 3
   7              		.eabi_attribute 24, 1
   8              		.eabi_attribute 25, 1
   9              		.eabi_attribute 26, 1
  10              		.eabi_attribute 30, 2
  11              		.eabi_attribute 34, 0
  12              		.eabi_attribute 18, 4
  13              		.thumb
  14              		.syntax unified
  15              		.file	"main.c"
  16              		.text
  17              	.Ltext0:
  18              		.section	.gnu.lto_.profile.5da2e66e2280daab,"",%progbits
  19 0000 789C6361 		.ascii	"x\234ca`d`a`\000\222\006<\000\000\326\000G"
  19      60646061 
  19      60009206 
  19      3C0000D6 
  19      0047
  20              		.text
  21              		.section	.gnu.lto_.icf.5da2e66e2280daab,"",%progbits
  22 0000 789C6361 		.ascii	"x\234ca`d\000\001a\006\004`f\370\366v\2329\323\325\265"
  22      60640001 
  22      61060460 
  22      66F8F676 
  22      9A39D3D5 
  23 0015 33567130 		.ascii	"3Vq0\177o=s\205\217\001\000ZO\010\307"
  23      7F6F3D73 
  23      858F0100 
  23      5A4F08C7 
  24              		.text
  25              		.section	.gnu.lto_.jmpfuncs.5da2e66e2280daab,"",%progbits
  26 0000 789C6361 		.ascii	"x\234ca`d\000\201\231\014\010\300\304\300\310\010\""
  26      60640081 
  26      990C08C0 
  26      C4C0C808 
  26      22
  27 0011 199818FF 		.ascii	"\031\230\030\37721\316\2351\361/\347\027\246Vf\006\306"
  27      3231CE9D 
  27      31F12FE7 
  27      17A65666 
  27      06C6
  28 0023 17EC8CCB 		.ascii	"\027\354\214\313\031e\030\030\270@\342;w\276\271\315"
  28      19651818 
  28      B840E23B 
  28      77BEB9CD 
  29 0033 5EFFB7A1 		.ascii	"^\377\267\241\243\241A\240\225\231\261\223\031\250\223"
  29      A3A141A0 
  29      9599B193 
  29      19A893
  30 0042 7105633D 		.ascii	"q\005c=\003#\007\003H~\376\204]-\274 }L\214'\230\030"
  30      03230703 
  30      487EFE84 
ARM GAS  /tmp/ccNkUFFH.s 			page 2


  30      5D2DBC20 
  30      7D4C8C27 
  31 0058 5782F481 		.ascii	"W\202\364\201\204\267=;y\214\013b\\\003#\343*\2300\252"
  31      84B73D3B 
  31      798C0B62 
  31      5C0323E3 
  31      2A9830AA 
  32 006c 69CCFF99 		.ascii	"i\314\377\231@\246\255\006\232\006t\213\236\014\310"
  32      40A6AD06 
  32      9A06748B 
  32      9E0CC8
  33 007b 4C200000 		.ascii	"L \000\000+@*:"
  33      2B402A3A 
  34              		.text
  35              		.section	.gnu.lto_.inline.5da2e66e2280daab,"",%progbits
  36 0000 789C6361 		.ascii	"x\234ca`d\000\001\007\006\004`b``abd`bY \317\300\002"
  36      60640001 
  36      07060460 
  36      62606061 
  36      62646062 
  37 0019 E2818478 		.ascii	"\342\201\204x\336s0\202\3310\021nF\240V6~\006\006V\260"
  37      DE733082 
  37      D930116E 
  37      46A05636 
  37      7E060656 
  38 002e 26462E18 		.ascii	"&F.\030\301\000\000r\317\002g"
  38      C1000072 
  38      CF0267
  39              		.text
  40              		.section	.gnu.lto_.pureconst.5da2e66e2280daab,"",%progbits
  41 0000 789C6361 		.ascii	"x\234ca`d`e```b0e2\001\000\001Z\000x"
  41      60646065 
  41      60606062 
  41      30653201 
  41      00015A00 
  42              		.text
  43              		.section	.gnu.lto_Thread1.5da2e66e2280daab,"",%progbits
  44 0000 789C6552 		.ascii	"x\234eR\317k\023A\030\2357\263\331\215\261\226\202\202"
  44      CF6B1341 
  44      189D37B3 
  44      D98DB196 
  44      8282
  45 0012 970AE921 		.ascii	"\227\012\351!\224^\272x\321\243\210\177\200\240\202"
  45      945EBA78 
  45      D1A3887F 
  45      80A082
  46 0021 57631A9B 		.ascii	"Wc\032\233\200\215\220\326\203\247L\323,m\255\210\007"
  46      808D90D6 
  46      83A74CD3 
  46      2C6DAD88 
  46      07
  47 0032 B5B11A82 		.ascii	"\265\261\032\202?B[\265iZ\265&-B(\212\340O\002\266\""
  47      3F425BB5 
  47      695AB526 
  47      2D42288A 
  47      E04F02B6 
  48 0047 BD845873 		.ascii	"\275\204XsP\017)X<5\361\233\335\200\006\007vg\346\233"
ARM GAS  /tmp/ccNkUFFH.s 			page 3


  48      500F2958 
  48      3C35F19B 
  48      DD800607 
  48      7667E69B 
  49 005b 37DF7BDF 		.ascii	"7\337{\337\373Fc`j\2448cGh>D\037\\\014\374\332\007\306"
  49      FB466360 
  49      6AA43863 
  49      47683E44 
  49      1F5C0CFC 
  50 0072 86DD1CC2 		.ascii	"\206\335\034\302Y\010h\316Bs\"G\301b\\h\240\037s\306"
  50      590868CE 
  50      42732247 
  50      C1625C68 
  50      A01F73C6 
  51 0086 36DFE158 		.ascii	"6\337\341X\035\255\026x\317\264\244Q\316\214\266\311"
  51      1DAD1678 
  51      CFB4A451 
  51      CE8CB6C9 
  52 0096 99222C02 		.ascii	"\231\",\0024\270\203\3014z\010UJ\344\356\210_\334\022"
  52      34B883C1 
  52      347A0855 
  52      4AE4EE88 
  52      5FDC12
  53 00a9 8046DBAD 		.ascii	"\200F\333\255\367S_\333\325\226\303K\333\037r\342\005"
  53      F7535FDB 
  53      D596C34B 
  53      DB1F72E2 
  53      05
  54 00ba 84078CD6 		.ascii	"\204\007\214\326k\353\263\247\2723R\306\245\\\224\022"
  54      6BEBB3A7 
  54      BA3352C6 
  54      A55C9412 
  55 00ca 9A25041E 		.ascii	"\232%\004\036BP>\314\242\0233\350d\024bx\204n\005\257"
  55      42503ECC 
  55      A21333E8 
  55      64146278 
  55      846E05AF 
  56 00de 2CD46FEC 		.ascii	",\324o\354\321\023\212\336\353\220\3421tU\341\374\211"
  56      D1138ADE 
  56      EB90E231 
  56      7455E1FC 
  56      89
  57 00ef A26C3446 		.ascii	"\242l4F\244\234<\230\345\232\240[\032c5B\200mq\312&"
  57      A49C3C98 
  57      E59AA05B 
  57      1A633542 
  57      806D71CA 
  58 0104 2A8877A8 		.ascii	"*\210w\250\024\361\312\322:D\273\315\376\345\366f\315"
  58      14F1CAD2 
  58      3A44BBCD 
  58      FEE5F666 
  58      CD
  59 0115 F0DD57F4 		.ascii	"\360\335W\364\305\2253\267d1\341\265\204\013s\255\002"
  59      C59533B7 
  59      6431E1B5 
  59      840B73AD 
  59      02
ARM GAS  /tmp/ccNkUFFH.s 			page 4


  60 0126 ECC2B2F0 		.ascii	"\354\302\262\360\321\205\372\347\267%\275koZ&\011\250"
  60      D185FAE7 
  60      B725BD6B 
  60      6F5A2609 
  60      A8
  61 0137 AB14939F 		.ascii	"\253\024\223\237\356U=\261\035\231\224\262X\312\223"
  61      EE553DB1 
  61      1D9994B2 
  61      58CA93
  62 0146 1906E6D1 		.ascii	"\031\006\346\321\245T1\344\020cU\304\227\013\251\344"
  62      A55431E4 
  62      106355C4 
  62      970BA9E4 
  63 0156 37BD557D 		.ascii	"7\275U}q\342\272P9m\375\015\216\377\212\303\002e`X\204"
  63      71E2BA50 
  63      396DFD0D 
  63      8EFF8AC3 
  63      02656058 
  64 016b 3E22041D 		.ascii	">\"\004\035\336\264V?\032\312C\267\215-\024~n\030D;"
  64      DEB4563F 
  64      1ACA43B7 
  64      8D2D147E 
  64      6E18443B 
  65 017f 266507C5 		.ascii	"&e\007\305\306U\223(\374\375\335\332KO\032\251ai\307"
  65      C6559328 
  65      FCFDDDDA 
  65      4B4F1AA9 
  65      6169C7
  66 0192 77E12962 		.ascii	"w\341)bx\242j\240\303\253\371\334\270\333\234\263{\267"
  66      78A26AA0 
  66      C3ABF9DC 
  66      B8DB9CB3 
  66      7BB7
  67 01a4 5DDEE7B2 		.ascii	"]\336\347\262\250\007\317\220F]\271\244\350\010\363"
  67      A807CF90 
  67      465DB9A4 
  67      E808F3
  68 01b3 EA4AE941 		.ascii	"\352J\351A\023#\017\223\207X\202Y'y\3669\236\303T\005"
  68      13230F93 
  68      87588259 
  68      2779F639 
  68      9EC35405 
  69 01c7 4DDD3DA0 		.ascii	"M\335=\240\204\375\253J\263U\375~\375f\254\355/\375"
  69      84FDAB4A 
  69      B355FD7E 
  69      FD66ACED 
  69      2FFD
  70 01d9 6E928E7C 		.ascii	"n\222\216|\223=\263\031\317\032\315\314\247\225\313"
  70      933DB319 
  70      CF1ACDCC 
  70      A795CB
  71 01e8 059B9A37 		.ascii	"\005\233\2327S/\303lu\263l]\336\337\342\346\012\271"
  71      532FC36C 
  71      75B36C5D 
  71      DEDFE2E6 
  71      0AB9
  72 01fa A95A2A18 		.ascii	"\251Z*\030\275OQ\343\232\232Q\343\316\3736\006\374\341"
ARM GAS  /tmp/ccNkUFFH.s 			page 5


  72      BD4F51E3 
  72      9A9A51E3 
  72      CEFB3606 
  72      FCE1
  73 020c 486F8009 		.ascii	"Ho\200\011\177\264_\213\370\007\202\3729\177_0\312|"
  73      7FB45F8B 
  73      F80782FA 
  73      397F5F30 
  73      CA7C
  74 021e BDE6B150 		.ascii	"\275\346\261P\370l\370\370I\363\302\240\031\0352\303"
  74      F86CF8F8 
  74      49F3C2A0 
  74      191D32C3 
  75 022e 91C0F98B 		.ascii	"\221\300\371\213}A3\020\212\006\373\303\203C\321K\275"
  75      7D413310 
  75      8A06FBC3 
  75      8343D14B 
  75      BD
  76 023f 21F6073C 		.ascii	"!\366\007<_\377\010"
  76      5FFF08
  77              		.text
  78              		.section	.gnu.lto_main.5da2e66e2280daab,"",%progbits
  79 0000 789C7552 		.ascii	"x\234uR\277K[Q\024>\337\2717yI\314\263.\322%\203\253"
  79      BF4B5B51 
  79      143EDFB9 
  79      377949CC 
  79      B32ED225 
  80 0016 8B38B9FB 		.ascii	"\2138\271\373/\270v\022'\207\366_x7$\017\332\315\202"
  80      2FB87612 
  80      2787F65F 
  80      7837240F 
  80      DACD82
  81 0029 161394B8 		.ascii	"\026\023\224\270\371\253\376l\033\210S\020\221\0264"
  81      F9ABFE6C 
  81      1B885310 
  81      911634
  82 0038 C521934B 		.ascii	"\305!\223KiQ\2028\030h\207\212\361y\216\027DP\017\334"
  82      69518238 
  82      1868878A 
  82      F1798E17 
  82      44500FDC 
  83 004c FBEEF9CE 		.ascii	"\373\356\371\316w\277\363\343>K \265WL\224\225\357\230"
  83      77BFF3E3 
  83      3E4B20B5 
  83      574C9495 
  83      EF98
  84 005e 2CA4083C 		.ascii	",\244\010<\323\"*f\030\306\037\014\254?X\217\214\203"
  84      D3222A66 
  84      18C61F0C 
  84      AC3F588F 
  84      8C83
  85 0070 223616B2 		.ascii	"\"6\026\262\221\267\177\334c\234\224\267\027\314_\216"
  85      91B77FDC 
  85      639C94B7 
  85      17CC5F8E 
  86 0080 0DC18ADB 		.ascii	"\015\301\212\333=\256\376\351W\027\030\022\267=\273"
  86      3DAEFEE9 
ARM GAS  /tmp/ccNkUFFH.s 			page 6


  86      57171812 
  86      B73DBB
  87 008f B99E1F5E 		.ascii	"\271\236\037^vb\277\316Z\\Yi\332\3300%LXA\001\313(h"
  87      7662BFCE 
  87      5A5C5969 
  87      DAD83025 
  87      4C584101 
  88 00a6 F6550C93 		.ascii	"\366U\014\223\220\177\357\334\316\205\351\262\222\207"
  88      907FEFDC 
  88      CE85E9B2 
  88      9287
  89 00b4 94229135 		.ascii	"\224\"\2215\244\265\332\255\211\246K\222\222s'\2437"
  89      A4B5DAAD 
  89      89A64B92 
  89      927327A3 
  89      37
  90 00c5 1C105D49 		.ascii	"\034\020]I\020\324e\2211\035\224\232\225P\231\252\321"
  90      10D46591 
  90      311D949A 
  90      955099AA 
  90      D1
  91 00d6 685C9E06 		.ascii	"h\\\236\006Q\317\275wn 6&a\271\216uD\024\033KJ\255\342"
  91      51CFBD77 
  91      6E203626 
  91      61B98E75 
  91      44141B4B 
  92 00ed 45AA8A7E 		.ascii	"E\252\212~~\240\316\273\316\353\347\251\251DG\200\015"
  92      7EA0CEBB 
  92      CEEBE7A9 
  92      A9444780 
  92      0D
  93 00fe A14AEC53 		.ascii	"\241J\354S\274\3773\320\216\245\322'\324\364\007\035"
  93      BCFF33D0 
  93      8EA5D227 
  93      D4F4071D 
  94 010e 96C01747 		.ascii	"\226\300\027G\355\203\\\015\213Ew\217\007\330B\204M"
  94      ED835C0D 
  94      8B45778F 
  94      07D84284 
  94      4D
  95 011f 6D5F824B 		.ascii	"m_\202K\327\377\333y\177\307\275Q\241m\324|\231\330"
  95      D7FFDB79 
  95      7FC7BD51 
  95      A16DD47C 
  95      99D8
  96 0131 412484DA 		.ascii	"A$\204\332\314^9\324\034\031|g\354\242 X\375\374\307"
  96      CC5E39D4 
  96      1C197C67 
  96      ECA22058 
  96      FDFCC7
  97 0144 614EB12C 		.ascii	"aN\261,\034\360\345\036{\224\334\005\261\311%l\275\314"
  97      1CF0E51E 
  97      7B94DC05 
  97      B1C9256C 
  97      BDCC
  98 0156 57C93652 		.ascii	"W\3116R\210M\237T\323\225\352\345Aep\345\346\351\340"
  98      884D9F54 
ARM GAS  /tmp/ccNkUFFH.s 			page 7


  98      D395EAE5 
  98      416570E5 
  98      E6E9E0
  99 0169 F32DE613 		.ascii	"\363-\346\023NI\213\337|\213\213\363\037{Y\237\252\023"
  99      4E498BDF 
  99      7C8B8BF3 
  99      1F7B599F 
  99      AA13
 100 017b A00E110A 		.ascii	"\240\016\021\012I_\301\252\020\256\330\377Q\301\333"
 100      495FC1AA 
 100      10AED8FF 
 100      51C1DB
 101 018a C9E97723 		.ascii	"\311\351w#St\007\221z\276\366"
 101      53740791 
 101      7ABEF6
 102              		.text
 103              		.section	.gnu.lto_.symbol_nodes.5da2e66e2280daab,"",%progbits
 104 0000 789C558A 		.ascii	"x\234U\212;\012BA\020\004\253wv}\271'\360J\236h&03\321"
 104      3B0A4241 
 104      1004AB77 
 104      767DB927 
 104      F04A9E68 
 105 0018 0B8882B1 		.ascii	"\013\210\202\261\177A\214\215\015\215\015<\207\270."
 105      7F418C8D 
 105      0D8D0D3C 
 105      87B82E
 106 0027 08BE4E0A 		.ascii	"\010\276N\012\252:#\026\324\245\255\034fw\250\270,\347"
 106      AA3A2316 
 106      D4A5AD1C 
 106      6677A8B8 
 106      2CE7
 107 0039 6150CED2 		.ascii	"aP\316\322\350\333vr\375\3325\306\265lD\014\301t\222"
 107      E8DB7672 
 107      FDDA35C6 
 107      B56C440C 
 107      C17492
 108 004c A79620A2 		.ascii	"\247\226 \242\236u\224[O\034\344\271'\366\362\362/,"
 108      9E75945B 
 108      4F1CE4B9 
 108      27F6F2F2 
 108      2F2C
 109 005e 75AC9F6F 		.ascii	"u\254\237oY\032pk,\274\0323\223\325c\332\361\001x\274"
 109      591A706B 
 109      2CBC1A33 
 109      93D563DA 
 109      F10178BC 
 110 0072 2652     		.ascii	"&R"
 111              		.text
 112              		.section	.gnu.lto_.refs.5da2e66e2280daab,"",%progbits
 113 0000 789C6361 		.ascii	"x\234ca`d\340c`\000\222\014\214L@\300\314\314\304\300"
 113      6064E063 
 113      6000920C 
 113      8C4C40C0 
 113      CCCCC4C0 
 114 0014 CC000002 		.ascii	"\314\000\000\002\012\000)"
 114      0A0029
 115              		.text
ARM GAS  /tmp/ccNkUFFH.s 			page 8


 116              		.section	.gnu.lto_.decls.5da2e66e2280daab,"",%progbits
 117 0000 789CB55A 		.ascii	"x\234\265ZyPT\351v\347\273_o4\015L\324\274\362\017\222"
 117      795054E9 
 117      76E7BB5F 
 117      6F340D4C 
 117      D4BCF20F 
 118 0015 4CA69848 		.ascii	"L\246\230HR\031\031g\234\311LU*o^\231\314\313$\231\347"
 118      52191967 
 118      9CC94C55 
 118      2A6F5E99 
 118      CCCB2499 
 119 002a D49B9997 		.ascii	"\324\233\231\227T%U<l{\2047li\256[\376\310\273,.\270"
 119      5425553C 
 119      6C7B8437 
 119      6C69AE5B 
 119      FEC8BB2C 
 120 0040 B1290AB8 		.ascii	"\261)\012\270 \213\202\250l*\312\"-\212\242\250\250"
 120      208B82A8 
 120      6C2ACA22 
 120      2D8AA2A8 
 120      A8
 121 0051 080AC8A6 		.ascii	"\010\012\310\246\210\202\270\260(\273\344|K\367\275"
 121      8882B8B0 
 121      28BBE47C 
 121      4BF7BD
 122 0060 DDDC56FF 		.ascii	"\335\334V\377I\353\241\373\334{\276\363;\347|\347|\333"
 122      49EBA1FB 
 122      DC7BBEF3 
 122      3BE77CE7 
 122      7CDB
 123 0072 BD1A0FE4 		.ascii	"\275\032\017\344A>\273\376\326\303\343\266\326\303\343"
 123      413EBBFE 
 123      D6C3E3B6 
 123      D6C3E3
 124 0081 636067E1 		.ascii	"c`g\341\203\341\332\357\2004@\213\200\252\200\226\003"
 124      83E1DAEF 
 124      8034408B 
 124      80AA8096 
 124      03
 125 0092 D578B08F 		.ascii	"\325x\260\217\016\250\026\250\016\3506P\026\264\313"
 125      0EA816A8 
 125      0EE83650 
 125      16B4CB
 126 00a1 01CA0312 		.ascii	"\001\312\003\022\200?\014\337/\221\207\323\207\310\233"
 126      803F0CDF 
 126      2F9187D3 
 126      87C89B
 127 00b0 B8DE7940 		.ascii	"\270\336y@\013\200~\004\212\000\271/\201&\201\246\200"
 127      0B807E04 
 127      8A00B92F 
 127      812681A6 
 127      80
 128 00c1 A6814681 		.ascii	"\246\201F\201\036\003E\002\021[\236\302\367\003\240"
 128      1E034502 
 128      115B9EC2 
 128      F703A0
 129 00d0 9D5C3FD1 		.ascii	"\235\\?\321E~\020\010W\034b\223\217\002\343; \004\262"
ARM GAS  /tmp/ccNkUFFH.s 			page 9


 129      457E1008 
 129      571C6293 
 129      8F02E33B 
 129      2004B2
 130 00e3 D9A4ADC0 		.ascii	"\331\244\255\300|\251\344\376,\342>\035 8p\257I\341"
 130      7CA9E4FE 
 130      2CE23E1D 
 130      203870AF 
 130      49E1
 131 00f5 1FD193C7 		.ascii	"\037\321\223\307\375\"\376\325r_\021\367O\371\231\021"
 131      FD22FED5 
 131      725F11F7 
 131      4FF99911 
 132 0105 D0CDF8E2 		.ascii	"\320\315\370\342\275xT@\363\214H\003\354\320\265\214"
 132      BD785440 
 132      F38C4803 
 132      ECD0B58C 
 133 0115 073EC02E 		.ascii	"\007>\300.0\242\367\201\315\034\351\350\367dw\003\200"
 133      30A2F781 
 133      CD1CE9E8 
 133      F7647703 
 133      80
 134 0126 9DD8BEBD 		.ascii	"\235\330\276\275Mk\334,\301')N\232W\357Cn\344#?t\030"
 134      4D6BDC2C 
 134      C127294E 
 134      9A57EF43 
 134      6EE4233F 
 135 013c F901C211 		.ascii	"\371\001\302\021d\204\277\201~\250\000X\020?\220T\021"
 135      6484BF81 
 135      7EA80058 
 135      103F9054 
 135      11
 136 014d EFCD5AD7 		.ascii	"\357\315Z\327\013\300\2676\265Uz2\345\266\005\300?\315"
 136      0BC0B736 
 136      B5557A32 
 136      E5B605C0 
 136      3FCD
 137 015f BB5E4AF8 		.ascii	"\273^J\370\000#\372#\260E\203g&\274\031KZwM\344\177"
 137      0023FA23 
 137      B0458367 
 137      26BC194B 
 137      5A774DE4 
 138 0174 BDF828C5 		.ascii	"\275\370(\305\222$\022\001\273\311{\223\357\357\366"
 138      92241201 
 138      BBC97B93 
 138      EFEFF6
 139 0183 C45E5428 		.ascii	"\304^T(\243r\364\212\226A\030\200-\177VX\356\315\021"
 139      A372F48A 
 139      96411880 
 139      2D7F5658 
 139      EECD11
 140 0196 E0B6B0AB 		.ascii	"\340\266\260\253`<[@\306\00009V\312\212\223>\210)\361"
 140      603C5B40 
 140      C6003039 
 140      56CA8A93 
 140      3E8829F1 
 141 01aa F340A560 		.ascii	"\363@\245`q\011\230\210N\240\000\202V\204\026{\240\343"
ARM GAS  /tmp/ccNkUFFH.s 			page 10


 141      71099888 
 141      4EA00082 
 141      5684167B 
 141      A0E3
 142 01bc 70F1185C 		.ascii	"p\361\030\\<D\020\273;\006\275\317H\322{\250\014\031"
 142      3C4410BB 
 142      3B06BDCF 
 142      48D27BA8 
 142      0C19
 143 01ce 5131C254 		.ascii	"Q1\302T\004|\01302\0236\305\347'z\341\177%&\010\373"
 143      047C0B30 
 143      321336C5 
 143      E7277AE1 
 143      7F252608 
 144 01e3 935F551A 		.ascii	"\223_U\032\335c\224\273\305h\335\370\017G\011\306)\300"
 144      DD6394BB 
 144      C568DDF8 
 144      0F4709C6 
 144      29C0
 145 01f5 38296394 		.ascii	"8)c\224!\016\322Y\324~A\203\377\227\202\324\236j\035"
 145      210ED259 
 145      D47E4183 
 145      FF9782D4 
 145      9E6A1D
 146 0208 D2B907A9 		.ascii	"\322\271\007\251p\013Rv%\342\340\006\210\037:\003(\247"
 146      700B5276 
 146      25E2E006 
 146      881F3A03 
 146      28A7
 147 021a 65945376 		.ascii	"e\224Sv\224\307\323\361/\264\363\222x\234\277\332\343"
 147      94C7D3F1 
 147      2FB4F392 
 147      789CBFDA 
 147      E3
 148 022b 43258F82 		.ascii	"C%\217\202\222B\332\251\225h\236\275k\211\370\371\204"
 148      9242DAA9 
 148      95689EBD 
 148      6B89F8F9 
 148      84
 149 023c 17ED46D3 		.ascii	"\027\355F\323\026b\006O\001\020P\344@\025\"\305B\277"
 149      1662064F 
 149      011050E4 
 149      401522C5 
 149      42BF
 150 024e 41FAF8D1 		.ascii	"A\372\370\321\251b\243\206d\374\217&\264BC\024\334\335"
 150      A962A386 
 150      64FC8F26 
 150      B4424314 
 150      DCDD
 151 0260 707BBFB0 		.ascii	"p{\277\2600\215\347\320\373\032\364\273_(\232\237E\013"
 151      308DE7D0 
 151      FB1AF4BB 
 151      5F289A9F 
 151      450B
 152 0272 E16F35D2 		.ascii	"\341o5\32204\351\200\224(8\241\201\200B\274\006\231"
 152      3034E980 
 152      942838A1 
ARM GAS  /tmp/ccNkUFFH.s 			page 11


 152      818042BC 
 152      0699
 153 0284 EC0ED550 		.ascii	"\354\016\325P\300#\311\315\025\270\035\265\222\312A"
 153      C023C9CD 
 153      15B81DB5 
 153      92CA41
 154 0293 EFD18C41 		.ascii	"\357\321\214A\210\375E\224<\030Q\226\026\030b\245a\277"
 154      88FD4594 
 154      3C185196 
 154      161862A5 
 154      61BF
 155 02a5 84EC82E4 		.ascii	"\204\354\202\344/\374\021\020\277\346\341PF\377\363"
 155      2FFC1110 
 155      BFE6E150 
 155      46FFF3
 156 02b4 F674D8A1 		.ascii	"\366t\330\241\037\252D\326\216x#\344\260\200\336\366"
 156      1FAA44D6 
 156      8E7823E4 
 156      B080DEF6 
 157 02c4 60F71D5A 		.ascii	"`\367\035Z\331\227 7P\350c\346ru\262\315\016\237\220"
 157      D9972037 
 157      50E863E6 
 157      7275B2CD 
 157      0E9F90
 158 02d7 BD209E1C 		.ascii	"\275 \236\034:3\353\215O Z\021m\215\207\333u\037dI\266"
 158      3A33EB8D 
 158      4F205A11 
 158      6D8D87DB 
 158      751F6449 
 159 02ec 12A97BA2 		.ascii	"\022\251{\242\301gO\251$%@\25454r\347\344\004\200\237"
 159      C1674FA9 
 159      242540AC 
 159      353472E7 
 159      E404809F 
 160 0300 E4CB86DA 		.ascii	"\344\313\206\332Ak-\372\000\232\246_mH\305\370\002\323"
 160      416B2DFA 
 160      009AA65F 
 160      6D48C5F8 
 160      02D3
 161 0312 33733933 		.ascii	"3s93\303\251\237\276S\226\372\005\332O+x7\305\216\226"
 161      C3A99FBE 
 161      5396FA05 
 161      DA4F2B78 
 161      37C58E96 
 162 0326 67F80266 		.ascii	"g\370\002fV\211d\033\273m\222\222b \223\210\014:/\003"
 162      5689641B 
 162      BB6D9292 
 162      62209388 
 162      0C3A2F03 
 163 033a 9E5702D6 		.ascii	"\236W\002\326Q\300\214\244\204z\037|\231\001v\324\027"
 163      51C08CA4 
 163      847A1F7C 
 163      990176D4 
 163      17
 164 034b 14929168 		.ascii	"\024\222\221h\221\021\021\377}\025#\302\"6\"\334J\034"
 164      911111FF 
 164      7D1523C2 
ARM GAS  /tmp/ccNkUFFH.s 			page 12


 164      223622DC 
 164      4A1C
 165 035d CED5E3DB 		.ascii	"\316\325\343\333T\\\270\270\275\254\324\013\222\236"
 165      545CB8B8 
 165      BDACD40B 
 165      929E
 166 036b D76BAE89 		.ascii	"\327k\256\211\326k\003\344\356e\031s\021\311\332\315"
 166      D66B03E4 
 166      EE651973 
 166      11C9DACD 
 167 037b 72FA7838 		.ascii	"r\372x8\\@W\240d\026\361\222\251\207\213\227\330\230"
 167      5C4057A0 
 167      6416F192 
 167      A9878B97 
 167      D898
 168 038d 55909B9C 		.ascii	"U\220\233\234\255\303]\014#\375\304\2211\243\003\243"
 168      ADC35D0C 
 168      23FDC491 
 168      31A303A3 
 169 039d 75E3525A 		.ascii	"u\343RZ\257\327\001\343\252\214\321\200\334\203\\S\007"
 169      AFD701E3 
 169      AA8CD180 
 169      DC835C53 
 169      07
 170 03ae 493CD93E 		.ascii	"I<\331>\355\213\0373\220\331W}'\035\343\307\034\015"
 170      ED8B1F33 
 170      90D9577D 
 170      271DE3C7 
 170      1C0D
 171 03c0 37553430 		.ascii	"7U40s\232\033?;B\314\271\001\3464\312\346\\\267W\352"
 171      739A1B3F 
 171      3B42CCB9 
 171      01E634CA 
 171      E65CB757 
 172 03d5 81C28E1C 		.ascii	"\201\302\216\034=\255=\"\301\212\357Tq\342\220\326m"
 172      3DAD3D22 
 172      C18AEF54 
 172      71E290D6 
 172      6D
 173 03e6 F135D14E 		.ascii	"\3615\321N\275e/\276\224{9I&\350\325n\000\033J\371\307"
 173      BD652FBE 
 173      947B3949 
 173      26E8D56E 
 173      001B4AF9 
 174 03fb F89C8DB6 		.ascii	"\370\234\215\266$D\245\320E\031\357\"\355V\370q\233"
 174      2444A5D0 
 174      4519EF22 
 174      ED56F871 
 174      9B
 175 040c 76697341 		.ascii	"visA\313i=\256\026h\207\251\224\177Qm\356\240\0017\322"
 175      CB693DAE 
 175      166887A9 
 175      947F516D 
 175      EEA00137 
 176 0421 FB424EFD 		.ascii	"\373BN\375\256C\030\231\002\334\0258\324q\200\242\306"
 176      AE431899 
 176      02DC1538 
ARM GAS  /tmp/ccNkUFFH.s 			page 13


 176      D47180A2 
 176      C6
 177 0432 A9DFB6E4 		.ascii	"\251\337\266\344\215\013$\311\200\356\302\345;\262\031"
 177      8D0B24C9 
 177      80EEC2E5 
 177      3BB219
 178 0441 3574DC01 		.ascii	"5t\334\001\200\015\305'*\231\333D\242\005QTi\347\324"
 178      800DC527 
 178      2A99DB44 
 178      A2055154 
 178      69E7D4
 179 0454 016F7C87 		.ascii	"\001o|\207\241f\356\256\251\326\272\015x\207\273\200"
 179      A166EEAE 
 179      A9D6BA0D 
 179      7887BB80 
 180 0464 67CDB6FC 		.ascii	"g\315\266\3749\001\276\007\321lW\211\367\311S1\031\314"
 180      3901BE07 
 180      D16C5789 
 180      F7C95331 
 180      19CC
 181 0476 5922D1C6 		.ascii	"Y\"\321\306\200\355I\275|nR/gI\235;\361\274\334\204"
 181      80ED49BD 
 181      7C6E522F 
 181      67499D3B 
 181      F1BCDC84 
 182 048a D331352D 		.ascii	"\32315-k\373\261~\255#\341\2223\377k\204\216\335\017"
 182      6BFBB17E 
 182      AD23E192 
 182      33FF6B84 
 182      8EDD0F
 183 049d 40618F0C 		.ascii	"@a\217\014\271\334}\302\335\007\353\227s\353\273\341"
 183      B9DC7DC2 
 183      DD07EB97 
 183      73EBBBE1 
 184 04ad 62174BB8 		.ascii	"b\027K\270\364\272\316l\201\332FTu2\333J\007\356\\\321"
 184      F4BACE6C 
 184      81DA4654 
 184      7532DB4A 
 184      07EE5CD1 
 185 04c1 DA7BA797 		.ascii	"\332{\247\227]\263O\240\363\330\004\212\362\373\366"
 185      5DB34FA0 
 185      F3D8048A 
 185      F2FBF6
 186 04d0 EE3031FE 		.ascii	"\35601\376\013`o\337\350\314\303\270\211\032\213\356"
 186      0B606FDF 
 186      E8CCC3B8 
 186      891A8BEE 
 187 04e0 956D3F6F 		.ascii	"\225m?o\300\367\030\223to\242\312\013\3672\246p,\376"
 187      C0F71893 
 187      746FA2CA 
 187      0BF732A6 
 187      702CFE
 188 04f3 A42FEE67 		.ascii	"\244/\356g\314d\352\231\223^\3709c.<h\252\327\342\227"
 188      CC64EA99 
 188      935EF839 
 188      632E3C68 
 188      AAD7E297 
ARM GAS  /tmp/ccNkUFFH.s 			page 14


 189 0507 8CC9AAED 		.ascii	"\214\311\252\355\371\010o\324\320\337\025\273\252\236"
 189      F9086FD4 
 189      D0DF15BB 
 189      AA9E
 190 0515 1AF056C6 		.ascii	"\032\360V\306\234\233i\335k\304\231\214\271\365\342"
 190      9C9B69DD 
 190      6BC4998C 
 190      B9F5E2
 191 0524 EA3E2F66 		.ascii	"\352>/f\302{$\205\373._4\262)^B\300O\3475\3365\340\034"
 191      C27B2485 
 191      FB2E5F34 
 191      B2295E42 
 191      C04FE735 
 192 053c 265B595E 		.ascii	"&[Y^u\221/\007>\0066\256w_\217\017>\312\356]L\214\337"
 192      75912F07 
 192      3E0636AE 
 192      775F8F0F 
 192      3ECAEE5D 
 193 0553 66C42729 		.ascii	"f\304')#\224\366e\356\363t\004z\266\345\237nn\"\201"
 193      2394F665 
 193      EEF37404 
 193      7AB6E59F 
 193      6E6E2281 
 194 0567 1E87E8BC 		.ascii	"\036\207\350\274r\355[\365H\217\271\031?*F\362t\370"
 194      72ED5BF5 
 194      488FB919 
 194      3F2A46F2 
 194      74F8
 195 0579 1C83BC3F 		.ascii	"\034\203\274?\373\372\017\370\012\373\235p4\341\242"
 195      FBFA0FF8 
 195      0AFB9D70 
 195      34E1A2
 196 0588 0FBEC598 		.ascii	"\017\276\305\230\354\232\312A=\276\317\030\373\232k"
 196      EC9ACA41 
 196      3DBECF18 
 196      FB9A6B
 197 0597 1E5B73E5 		.ascii	"\036[s\345\017tMc<\304\356\365\334\273T\354\203G\270"
 197      0F744D63 
 197      3CC4EEF5 
 197      DCBB54EC 
 197      8347B8
 198 05aa 77639995 		.ascii	"wc\231\225\276x\2221\327\036\314\016\033q\214\2262\345"
 198      BE789231 
 198      D71ECC0E 
 198      1B718C96 
 198      32E5
 199 05bc 19AF6D1A 		.ascii	"\031\257m\032\274\2311\033\266\037\333M\"\244c9\247"
 199      BC99311B 
 199      B61FDB4D 
 199      22A46339 
 199      A7
 200 05cd 874BBD2F 		.ascii	"\207K\275/&Oi\330%\342\360:\270\264/\375^\211\017\336"
 200      264F69D8 
 200      25E2F03A 
 200      B8B42FFD 
 200      5E890FDE 
 201 05e1 469B0835 		.ascii	"F\233\0105cE\027\015\362`:\275,N\222\020\332$\030\321"
ARM GAS  /tmp/ccNkUFFH.s 			page 15


 201      6345170D 
 201      F2603ABD 
 201      2C4E9210 
 201      DA2418D1 
 202 05f5 06C1110D 		.ascii	"\006\301\021\015\035\017\20647\030\033\205\000\242\233"
 202      1D0F8634 
 202      37181B85 
 202      00A29B
 203 0604 06235EF0 		.ascii	"\006#^\360Cq\002\015\306\360\304\213\023\032\234\306"
 203      4371020D 
 203      C6F0C48B 
 203      131A9CC6 
 204 0614 30AAB70C 		.ascii	"0\252\267\014V{*\006\323\305\205d\364\332\002\030\233"
 204      567B2A06 
 204      D3C58564 
 204      F4DA0218 
 204      9B
 205 0625 650C8074 		.ascii	"e\014\200t\013\222\240\016\322#M\245\233\360~\006R\271"
 205      0B92A00E 
 205      D2234DA5 
 205      9BF07E06 
 205      52B9
 206 0637 A5A343C3 		.ascii	"\245\243C\303j[E\303v\025\015\366\014\370\232e\3006"
 206      6A5B45C3 
 206      76150DF6 
 206      0CF89A65 
 206      C036
 207 0649 B067AB6C 		.ascii	"\260g\253l\317\026\201W\367\326]O\017\371\340\\\026"
 207      CF168157 
 207      F7D65D4F 
 207      0FF9E05C 
 207      16
 208 065a E1A9C73B 		.ascii	"\341\251\307;[\021\3531\262\350\210\255lM\366e)\331"
 208      5B11EB31 
 208      B2E888AD 
 208      6C4DF665 
 208      29D9
 209 066c 4D337672 		.ascii	"M3vr\363k\015.a\262w\2665\265\353\360\031f^iBk\272\326"
 209      F36B0D2E 
 209      61B277B6 
 209      35B5EBF0 
 209      19665E69 
 210 0684 AD793BDD 		.ascii	"\255y;\335\231gK\321\201i\251`Z\212\212i\027\033\263"
 210      99674BD1 
 210      8169A960 
 210      5A8A8A69 
 210      171BB3
 211 0697 460CB886 		.ascii	"F\014\270\206\301\235IN\201:\252cL\347\236\255\225^"
 211      C19D494E 
 211      813AAA63 
 211      4CE79EAD 
 211      955E
 212 06a9 F82E63CE 		.ascii	"\370.c\316&\016\237\366\304]\214\3314~\277\030f \255"
 212      260E9FF6 
 212      C45D8CD9 
 212      347EBF18 
 212      6620AD
ARM GAS  /tmp/ccNkUFFH.s 			page 16


 213 06bc 53852D60 		.ascii	"S\205-`\0256\020g\353\321\340\347\354^\321\206\336\002"
 213      15361067 
 213      EBD1E0E7 
 213      EC5ED186 
 213      DE02
 214 06ce 03DCF383 		.ascii	"\003\334\363\203dB\212\321\313\217\215^'l#\3074x\224"
 214      64428AD1 
 214      CB8F8D5E 
 214      276C23C7 
 214      347894
 215 06e1 7977B3AC 		.ascii	"yw\263\254\265N\356\341\216\321_\321,\312\002\263\367"
 215      B54EEEE1 
 215      8ED15FD1 
 215      2CCA02B3 
 215      F7
 216 06f2 CB66FB39 		.ascii	"\313f\3739J\352E\266\244[\350\201>\365C\037\203\363"
 216      4AEA45B6 
 216      A45BE881 
 216      3EF5431F 
 216      83F3
 217 0704 07C0793F 		.ascii	"\007\300y?\356\374>p~/\353\335\202\003\371\027\274\361"
 217      EEFC3E70 
 217      7E2FEBDD 
 217      8203F917 
 217      BCF1
 218 0716 6B06F074 		.ascii	"k\006\360t\347\223\315X\221B~4\205r\000\340\240\014"
 218      E793CD58 
 218      91427E34 
 218      857200E0 
 218      A00C
 219 0728 9025B841 		.ascii	"\220%\270A\310VG\210Mm:\352\2117\352(\302\316c\307\012"
 219      C8564788 
 219      4D6D3AEA 
 219      8937EA28 
 219      C2CE63C7 
 220 073d E542984D 		.ascii	"\345B\230M\373e5A8\004\010\2712B\216;\204<u\204]\031"
 220      FB653541 
 220      380408B9 
 220      32428E3B 
 220      843C7584 
 221 0753 7D0BF10E 		.ascii	"}\013\361\016\012\200\266n{]\204\361N\2066V\235s\302"
 221      0A80B66E 
 221      7B5D84F1 
 221      4E863656 
 221      9D73C2
 222 0766 1130DB38 		.ascii	"\0210\3338z\017\035\001\244\374w@*PG\352\330\367|D\203"
 222      7A0F1D01 
 222      A4FC7740 
 222      2A5047EA 
 222      D8F77C44 
 223 077b F732A8DC 		.ascii	"\3672\250\334\363E7\3658\233A\315t=-\367q@M\002\324"
 223      F34537F5 
 223      389B41CD 
 223      743D2DF7 
 223      71404D02 
 224 0790 71803AFA 		.ascii	"q\200:\372\016P\307\324\241\236\305?\354\346\303\362"
 224      0E50C7D4 
ARM GAS  /tmp/ccNkUFFH.s 			page 17


 224      A19EC53F 
 224      ECE6C3F2 
 225 07a0 4232CAEF 		.ascii	"B2\312\357\334\363).d\300\207n\016\2468\257\332\311"
 225      DCF3292E 
 225      64C0876E 
 225      0EA638AF 
 225      DAC9
 226 07b2 96425E67 		.ascii	"\226B^g\224\010&\276r\215\275\177\252\005\341R\326\254"
 226      940826BE 
 226      728DBD7F 
 226      AA05E152 
 226      D6AC
 227 07c4 79BC7AD2 		.ascii	"y\274z\322\204\313)\243)\213\355:"
 227      84CB29A3 
 227      298BED3A 
 228 07d0 08F6FA21 		.ascii	"\010\366\372!h\205\230\325d\033\010\373)0\273L\300\366"
 228      688598D5 
 228      641B08FB 
 228      2930BB4C 
 228      C0F6
 229 07e2 2D6C8604 		.ascii	"-l\206\004&\277\370#\271\014\277\015\364[\305\211\023"
 229      26BFF823 
 229      B90CBF0D 
 229      F45BC589 
 229      13
 230 07f3 E004B905 		.ascii	"\340\004\271\005\033\037p\341$s\241\355\322\325x\235"
 230      1B1F70E1 
 230      2473A1ED 
 230      D2D5789D 
 231 0803 914B27BD 		.ascii	"\221K'\275M\372Ia_\213\217\223W\247\005\245Wg\034^\235"
 231      4DFA4961 
 231      5F8B8F93 
 231      57A705A5 
 231      57671C5E 
 232 0818 BB1657E0 		.ascii	"\273\026W\340\205\253\230W\367g\016\366\352q-c\306\367"
 232      85AB9857 
 232      F7670EF6 
 232      EA712D63 
 232      C6F7
 233 082a 5CCEF5C6 		.ascii	"\\\316\365\306\365\214I9z\343\216\016_eL\347\361\327"
 233      F58C4939 
 233      7AE38E0E 
 233      5F654CE7 
 233      F1D7
 234 083c 553ADCC8 		.ascii	"U:\334\310\230\003\367\206\216\351\361-\326s\217\222"
 234      9803F786 
 234      8EE9F12D 
 234      D6738F92 
 235 084c 0F95195D 		.ascii	"\017\225\031]\026I\212e\033:\007\306\376\350\264D\202"
 235      16498A65 
 235      1B3A07C6 
 235      FEE8B444 
 235      82
 236 085d 4DDF4F43 		.ascii	"M\337OCqd4\263\011&T#\367\361\217|\215T\337\274\265"
 236      716434B3 
 236      09265423 
 236      F7F18F7C 
ARM GAS  /tmp/ccNkUFFH.s 			page 18


 236      8D54DFBC 
 237 0872 4683DB19 		.ascii	"F\203\333\031\330\341\206nI\213;\031S\265\245a\332\200"
 237      D8E1866E 
 237      498B3B19 
 237      53B5A561 
 237      DA80
 238 0884 7B189351 		.ascii	"{\030\223Q\261)\326\210{\031\323\035{\261\311\200\037"
 238      B129D688 
 238      7B19D31D 
 238      7BB1C980 
 238      1F
 239 0895 3166E8D9 		.ascii	"1f\350\331\355io\374\2041\322\304\3316\035~\316\230"
 239      ED696FFC 
 239      8431D2C4 
 239      D9361D7E 
 239      CE98
 240 08a7 F65DE3DD 		.ascii	"\366]\343\335\236x\2301\205\263#\211&\374\222\373^u"
 240      9E789831 
 240      85B32389 
 240      26FC92FB 
 240      5E75
 241 08b9 335B6009 		.ascii	"3[`\011\343Ovj\266\255\365\230\015:Y\302\214\340\265"
 241      E34F766A 
 241      B6ADF598 
 241      0D3A59C2 
 241      8CE0B5
 242 08cc 39BF2EDE 		.ascii	"9\277.\336\027\371\323\317|\177\377\000\377l\342ow\352"
 242      17F9D3CF 
 242      7C7FFF00 
 242      FF6CE26F 
 242      77EA
 243 08de 64C8E95B 		.ascii	"d\310\351[\275\222\224b\242\316\324\2033M\302|\331\373"
 243      BD929462 
 243      A2CED483 
 243      334DC27C 
 243      D9FB
 244 08f0 4012FA7C 		.ascii	"@\022\372|\322\001\036\264\201m\377u\330\177\004S\341"
 244      D2011EB4 
 244      816DFF75 
 244      D87F0453 
 244      E1
 245 0901 8BAEC225 		.ascii	"\213\256\302%\310U\372\204,}\336U\272H \322Kd\341\323"
 245      C855FA84 
 245      2C7DDE55 
 245      BA4820D2 
 245      4B64E1D3 
 246 0915 B2F05957 		.ascii	"\262\360YW\341\031\344\"|J\026\256U\327\254\264c\217"
 246      E119E422 
 246      7C4A16AE 
 246      55D7ACB4 
 246      638F
 247 0927 2C7D59D5 		.ascii	",}Y\325E\2529\231\227\201\204D\017t\025R\263A ;\031"
 247      45AA3999 
 247      97818444 
 247      0F741552 
 247      B341203B 
 248 093c DE003A19 		.ascii	"\336\000:\031\265@2\334\022\374\3215\240f\240\353@\267"
ARM GAS  /tmp/ccNkUFFH.s 			page 19


 248      B54032DC 
 248      12FCD135 
 248      A066A0EB 
 248      40B7
 249 094e 81EE0035 		.ascii	"\201\356\0005\002\335\004\272!\370\323\322a\310\305"
 249      02DD04BA 
 249      21F8D3D2 
 249      61C8C5
 250 095d 32729D2B 		.ascii	"2r\235+\362\220\253S{e\341K\352\301\245\302l\220\331"
 250      F290AB53 
 250      7B65E14B 
 250      EAC1A5C2 
 250      6C90D9
 251 0970 BDC344D6 		.ascii	"\275\303D\326\313 \344\301\023PF-\273\276 ]\262\305"
 251      CB20E4C1 
 251      1350462D 
 251      BBBE205D 
 251      B2C5
 252 0982 63AAEA82 		.ascii	"c\252\352\202:.\213\017\244\312\346\331#\365\276N\225"
 252      3A2E8B0F 
 252      A4CAE6D9 
 252      23F5BE4E 
 252      95
 253 0993 A7948685 		.ascii	"\247\224\206\205\276\243\362:\253\262\307\274q\261\236"
 253      BEA3F23A 
 253      ABB2C7BC 
 253      71B19E
 254 09a2 241CAE4F 		.ascii	"$\034\256O\355\273\011\031\0250\237eR\331\226o\207\363"
 254      EDBB0919 
 254      15309F65 
 254      52D9966F 
 254      87F3
 255 09b4 3612F341 		.ascii	"6\022\363A\036U\003\346=\365(3\353\313\266P\353\357"
 255      1E5503E6 
 255      3DF52833 
 255      EBCBB650 
 255      EBEF
 256 09c6 395B9FCC 		.ascii	"9[\237\314'n\332\003\3626\205+#=\320\016=\320\306#L"
 256      276EDA03 
 256      F236852B 
 256      233DD00E 
 256      3DD0C623 
 257 09db 4A20F6D1 		.ascii	"J \366\321S\214\253\251E\350I_a\213\200k\031\263\267"
 257      538CABA9 
 257      45E8495F 
 257      618B806B 
 257      19B3B7
 258 09ee ABB6939F 		.ascii	"\253\266\223\237\255]\240{\263\256\235\011&^\020\344"
 258      AD5DA07B 
 258      B3AE9D09 
 258      265E10E4 
 259 09fe 28EED1AB 		.ascii	"(\356\321\253W-0<0\341\262\331\202\215\030\337\242\314"
 259      572D303C 
 259      30E1B2D9 
 259      828D18DF 
 259      A2CC
 260 0a10 DF6F7BD8 		.ascii	"\337o{\330\331\343\203H\225\370\233\346\363\377\344"
ARM GAS  /tmp/ccNkUFFH.s 			page 20


 260      D9E38348 
 260      95F89BE6 
 260      F3FFE4
 261 0a1f 5F4000F9 		.ascii	"_@\000\371\202\277\013\330\035(\"\177\223\011\376\220"
 261      82BF0BD8 
 261      1D28227F 
 261      9309FE90 
 262 0a2f 1FF60FDC 		.ascii	"\037\366\017\334\016\010`\021\031{\375\325\325aV[d\341"
 262      0E086011 
 262      197BFDD5 
 262      D561565B 
 262      64E1
 263 0a41 FB1216BE 		.ascii	"\373\022\026\276\275\312\220\214*\272\301)\365\272!"
 263      BDCA908C 
 263      2ABAC129 
 263      F5BA21
 264 0a50 F5BA48EA 		.ascii	"\365\272H\352u\012\254\011q<\003\007\240t\354\217\366"
 264      750AAC09 
 264      713C0307 
 264      A074EC8F 
 264      F6
 265 0a61 00ED064A 		.ascii	"\000\355\006J\003\332\005\264\023(\025(\005(\031(\011"
 265      03DA05B4 
 265      13281528 
 265      05281928 
 265      09
 266 0a72 6806D270 		.ascii	"h\006\322p\014\350\005\320\003\240G@}@\017\235R\263"
 266      0CE805D0 
 266      03A04740 
 266      7D400F9D 
 266      52B3
 267 0a84 39F5CF58 		.ascii	"9\365\317X\222\300\360\326#\270\030\327\347\232\233"
 267      92C0F0D6 
 267      23B818D7 
 267      E79A9B
 268 0a93 E54D7E4C 		.ascii	"\345M~L\232l\277\036\273\372\362hN\351\037\260k\177"
 268      9A6CBF1E 
 268      BBFAF268 
 268      4EE91FB0 
 268      6B7F
 269 0aa5 0CE9D0AF 		.ascii	"\014\351\320\257.O\325+\023\257\337)\361\036\263\304"
 269      2E4FD52B 
 269      13AFDF29 
 269      F11EB3C4 
 270 0ab5 738ACD30 		.ascii	"s\212\3150\334%\371\213F@e?\217\315>\210\315^\360\373"
 270      DC25F98B 
 270      4640653F 
 270      8FCD3E88 
 270      CD5EF0FB 
 271 0ac9 29F838A0 		.ascii	")\3708\240\364\261{r6jw\234T\3771z\002V\014\360&\252"
 271      F4B17B72 
 271      366A779C 
 271      54FF317A 
 271      02560CF0 
 272 0adf 0396D28C 		.ascii	"\003\226\322\214A'3\236\274\311\214\375\000\375V3l\343"
 272      4127339E 
 272      BCC98CFD 
ARM GAS  /tmp/ccNkUFFH.s 			page 21


 272      00FD5633 
 272      6CE3
 273 0af1 16294187 		.ascii	"\026)A\207\236\201\015O\324m\230\023\211\347N&\220\226"
 273      9E810D4F 
 273      D46D9813 
 273      89E74E26 
 273      9096
 274 0b03 AC4AD413 		.ascii	"\254J\324\023%\023\220\377\237\022E\"\211\374]\303p"
 274      251390FF 
 274      9F124522 
 274      89FC5DC3 
 274      70
 275 0b14 3C4DE421 		.ascii	"<M\344!\000\231\340\235\3518\036-p\227\310\016\211W"
 275      0099E09D 
 275      E9381E2D 
 275      7097C80E 
 275      8957
 276 0b26 50B523DC 		.ascii	"P\265#\334\276\227\360{\0240\206\235\"\324\264\205\247"
 276      BE97F07B 
 276      1430869D 
 276      22D4B485 
 276      A7
 277 0b37 0B71F519 		.ascii	"\013q\365\031 \214\270\231\206\030\200\315\005\340)"
 277      208CB899 
 277      861880CD 
 277      05E029
 278 0b46 6FE11EE0 		.ascii	"o\341\036\340\306\025:\266>\343y0W\275bp\252a\203\323"
 278      C6153AB6 
 278      3EE37930 
 278      57BD6270 
 278      AA6183D3 
 279 0b5a 88F3E0C4 		.ascii	"\210\363\340\304\317\205\022\177HN \223?\011\305sy3"
 279      CF85127F 
 279      484E2093 
 279      3F09C573 
 279      7933
 280 0b6c 4B84E580 		.ascii	"K\204\345\200\375\376\212\275\362Aj\3225\373\013\220"
 280      FDFE8ABD 
 280      F2416AD2 
 280      35FB0B90 
 281 0b7c CB9CE33A 		.ascii	"\313\234\343:\342M\203\013\223\334\235)\370=\341\344"
 281      E24D830B 
 281      93DC9D29 
 281      F83DE1E4 
 282 0b8c 4A993256 		.ascii	"J\2312V\304\231\3117\315g\256\272\247x\003W\335\314"
 282      C499C937 
 282      CD67AEBA 
 282      A7780357 
 282      DDCC
 283 0b9e F512E6FA 		.ascii	"\365\022\346\372\244\252\353\215\377\026C]'NM\313\256"
 283      A4AAEB8D 
 283      FF16435D 
 283      274E4DCB 
 283      AE
 284 0baf 4F3AB9BE 		.ascii	"O:\271\276\3562w\375\265\260\000\275vu}F\221+)j\366"
 284      EE3277FD 
 284      B5B000BD 
ARM GAS  /tmp/ccNkUFFH.s 			page 22


 284      76757D46 
 284      912B296A 
 285 0bc4 79D076C4 		.ascii	"y\320v\304\270DH\344\035\220\244\333\201\266\001m\006"
 285      B84448E4 
 285      1D90A4DB 
 285      81B6016D 
 285      06
 286 0bd5 DA041403 		.ascii	"\332\004\024\003$\001\315:\005\245\342\026\355_2\322"
 286      2401CD3A 
 286      05A5E216 
 286      ED5F32D2 
 287 0be5 CE022851 		.ascii	"\316\002(Q\242\022\022&\233\231\242\030\233$\341-\322"
 287      A2121226 
 287      9B99A218 
 287      9B24E12D 
 287      D2
 288 0bf6 E38D5473 		.ascii	"\343\215Ts,6\241\030\367\262\312\342\215\303\312\342"
 288      2C36A118 
 288      F7B2CAE2 
 288      8DC3CAE2 
 289 0c06 858673C6 		.ascii	"\205\206s\306\217$\250\334DR\271;@#\021'\016o\004\207"
 289      8F24A8DC 
 289      4452B93B 
 289      40231127 
 289      0E6F0487 
 290 0c1a 378063F1 		.ascii	"7\200c\361XY}3\331\353\323\016\323\211\225l\236c\271"
 290      58597D33 
 290      D9EBD30E 
 290      D389956C 
 290      9E63B9
 291 0c2d BCDAF841 		.ascii	"\274\332\370A\345mmZ2\326\220\354\034DL\326Q%\256y\336"
 291      E56D6D5A 
 291      32D690EC 
 291      1C444CD6 
 291      5125AE79 
 292 0c42 7A1091CE 		.ascii	"z\020\221\316\006\031\227%\004\355\310\3778\313;\222"
 292      06199725 
 292      04EDC8FF 
 292      38CB3B92 
 293 0c52 EC8C93DF 		.ascii	"\354\214\223\337\026\245\352D\036\323\004\210\323\256"
 293      16A5EA44 
 293      1ED30488 
 293      D3AE
 294 0c60 778BD316 		.ascii	"w\213\323\026\020\225\343\224\300\342\344n\024D[!<\362"
 294      1095E394 
 294      C0E2E46E 
 294      14445B21 
 294      3CF2
 295 0c72 4068AFC6 		.ascii	"@h\257\306\257\317\3213<\242*M^\212?\243c\266}\036^"
 295      AFCFD133 
 295      3CA22A4D 
 295      5E8A3FA3 
 295      63B67D1E 
 296 0c87 5735CA3C 		.ascii	"W5\312<\201\231n\367\033\035!\007\240\215|\242#n\357"
 296      81996EF7 
 296      1B1D2107 
 296      A08D7CA2 
ARM GAS  /tmp/ccNkUFFH.s 			page 23


 296      236EEF
 297 0c9a 799BF430 		.ascii	"y\233\3640[\262\021\331t\367\262,\334\315\327i\270A"
 297      5BB211D9 
 297      74F7B22C 
 297      DCCDD769 
 297      B841
 298 0cac 66EE8A6D 		.ascii	"f\356\212m\246\301o\267d\213\301t3\234\311gc\276_b5"
 298      A6C16FB7 
 298      648BC174 
 298      339CC967 
 298      63BE5F62 
 299 0cc1 9321C8C1 		.ascii	"\223!\310\301\036n\360\222\212\177O\267\263\207\325"
 299      1E6EF092 
 299      8A7F4FB7 
 299      B387D5
 300 0cd0 643F9545 		.ascii	"d?\225E\333\230(\331\216\026\252\211*\272\360\346V\336"
 300      DB9828D9 
 300      8E16AA89 
 300      2ABAF0E6 
 300      56DE
 301 0ce2 85B08344 		.ascii	"\205\260\203D\305\256+\202\271\253\352\375\015\324w"
 301      C5AE2B82 
 301      B9ABEAFD 
 301      0DD477
 302 0cf1 D899A152 		.ascii	"\330\231\241Rui\205\362\244\006\307\370[\341*\254\\"
 302      756985F2 
 302      A406C7F8 
 302      5BE12AAC 
 302      5C
 303 0d02 9032E9D7 		.ascii	"\2202\351\327\362h]\251.\255\350\203\251+\366\245\011"
 303      F2685DA9 
 303      2EADE883 
 303      A92BF6A5 
 303      09
 304 0d13 8855B98A 		.ascii	"\210U\271\212\317\335\225\2143\345d!\323\241.\255P\376"
 304      CFDD958C 
 304      33E56421 
 304      D3A12EAD 
 304      50FE
 305 0d25 EA5F88AC 		.ascii	"\352_\210\254\275\234\234\346=\327\376}\311\306\316"
 305      BD9C9CE6 
 305      3DD7FE7D 
 305      C9C6CE
 306 0d34 5EF5B1F3 		.ascii	"^\365\261\363\227\025\344\254\203d\364}9O{\025C\347"
 306      9715E4AC 
 306      8364F47D 
 306      394F7B15 
 306      43E7
 307 0d46 D4EC77BB 		.ascii	"\324\354w\273\017KJ\264\3767\241\215\004\023\260~\025"
 307      0F4B4AB4 
 307      FE37A18D 
 307      0413B07E 
 307      15
 308 0d57 305BEB43 		.ascii	"0[\353C\232hd\031\363B\036\246\373)\026\254v7^k.1)\037"
 308      9A686419 
 308      F3421EA6 
 308      FB2916AC 
ARM GAS  /tmp/ccNkUFFH.s 			page 24


 308      76375E6B 
 309 0d6f 539030CB 		.ascii	"S\2200\313ux\000\223\347\024\017\355\317)N\327M\337"
 309      75780093 
 309      E7140FED 
 309      CF294ED7 
 309      4DDF
 310 0d81 428EE714 		.ascii	"B\216\347\024\341M\3749\005H\241fYy\263\3759E\026&\317"
 310      E14DFC39 
 310      0548A166 
 310      5979B3FD 
 310      39451626 
 311 0d96 29AA47EB 		.ascii	")\252G\353\352L\270\306\240\376\254\313\351\261H6V>"
 311      EA4CB8C6 
 311      A0FEACCB 
 311      E9B14836 
 311      563E
 312 0da8 EBCA4BEF 		.ascii	"\353\312K\357J\323q\264\262C\337\\/\356\2256\317\243"
 312      4AD371B4 
 312      B243DF5C 
 312      2FEE9536 
 312      CFA3
 313 0dba 42E82076 		.ascii	"B\350 v\240\301O\206\226C\321^\224I\367\215x\200\241"
 313      A0C14F86 
 313      9643D15E 
 313      9449F78D 
 313      7880A1
 314 0dcd A51EBC7F 		.ascii	"\245\036\274\177[\3175\334>\374Mu\251\024\357I\333\347"
 314      5BCF35DC 
 314      3EFC4D75 
 314      A914EF49 
 314      DBE7
 315 0ddf CAED73ED 		.ascii	"\312\355s\355\355\363h\373g\307_&z\343\024O\266G?wg"
 315      EDF368FB 
 315      67C75F26 
 315      7AE3144F 
 315      B6473F77 
 316 0df4 E9873992 		.ascii	"\351\2079\222\0154\214o\365\211\221l\013\3513\330C\254"
 316      0D348C6F 
 316      F589916C 
 316      0BE933D8 
 316      43AC
 317 0e06 B5E2D1ED 		.ascii	"\265\342\321\355!\242\004\035\306\037\222c\310\321\261"
 317      21A2041D 
 317      C61F9263 
 317      C8D1B1
 318 0e15 5A23DECB 		.ascii	"Z#\336\3134$\307\214\344\363\255\3074=>\036\350\355"
 318      3424C78C 
 318      E4F3ADC7 
 318      343D3E1E 
 318      E8ED
 319 0e27 16F80126 		.ascii	"\026\370\001&9.~\336\023\227\353\213\0170\341\231\212"
 319      392E7EDE 
 319      1397EB8B 
 319      0F30E199 
 319      8A
 320 0e38 CCAB469C 		.ascii	"\314\253F\234\303\230\342\244\230\030\214\013\031\023"
 320      C398E2A4 
ARM GAS  /tmp/ccNkUFFH.s 			page 25


 320      98188C0B 
 320      1913
 321 0e46 2B3D49D4 		.ascii	"+=I\324\222}Y\334\333ND\262\0326_\367\304'Y\263\253"
 321      927D59DC 
 321      DB4E44B2 
 321      1A365FF7 
 321      C42759B3 
 322 0e5b 0727127D 		.ascii	"\007'\022}q\035e\264\351\0035[\264\210\356U\324\347"
 322      711D65B4 
 322      E903355B 
 322      B488EE55 
 322      D4E7
 323 0e6d 9F2270AB 		.ascii	"\237\"p\253\204\317?'`\200=\011\363O)P\031v^\001\376"
 323      84CF3F27 
 323      60803D09 
 323      F34F2950 
 323      19765E01 
 324 0e82 733F9F0C 		.ascii	"s?\237\014\310$t\2247rsL\000\031X\321f\262\317X\305"
 324      C8247494 
 324      3772734C 
 324      001958D1 
 324      66B2CF58 
 325 0e97 AEC27376 		.ascii	"\256\302sv\262\023\273i\335\224\270NC\361q\222-=\343"
 325      B213BB69 
 325      DD94B84E 
 325      43F17192 
 325      2D3DE3
 326 0eaa AF586D1F 		.ascii	"\257Xm\037\207\001\376\230*\356\022\276\217\355IxY\244"
 326      8701FE98 
 326      2AEE12BE 
 326      8FED4978 
 326      59A4
 327 0ebc C1D7A9E3 		.ascii	"\301\327\251\343B\332\361\227\305&4?@\335\353\323\340"
 327      42DAF197 
 327      C526343F 
 327      40DDEBD3 
 327      E0
 328 0ecd E99BBCB6 		.ascii	"\351\233\274\266\327l8[\357\224\203\350)9{\210\241\024"
 328      D76C385B 
 328      EF9483E8 
 328      29397B88 
 328      A114
 329 0edf 71624F7F 		.ascii	"qbO\177\2027\356`q\177\\\377\352\241\001\3672\246\347"
 329      8237EE60 
 329      717F5CFF 
 329      EAA101F7 
 329      32A6E7
 330 0ef2 686D820E 		.ascii	"hm\202\016\0170&\277|g\241\027~\316\014\333Q\231u\316"
 330      0F3026BF 
 330      7C67A117 
 330      7ECE0CDB 
 330      519975CE 
 331 0f06 130598B8 		.ascii	"\023\005\230\270\353\354i\333Yp\256\012\273<ms\373\330"
 331      EBEC69DB 
 331      5970AE0A 
 331      BB3C6D73 
 331      FBD8
ARM GAS  /tmp/ccNkUFFH.s 			page 26


 332 0f18 AE1A2B1F 		.ascii	"\256\032+\037\333\001\200\355DE\231\011\2173\264\241"
 332      DB0180ED 
 332      44459909 
 332      8F33B4A1 
 333 0f28 E97DE53C 		.ascii	"\351}\345<\373\310[ 3]IIz\276\357%'\314\307\262F\366"
 333      FBC85B20 
 333      335D4949 
 333      7ABEEF25 
 333      27CCC7B2 
 334 0f3e 619CC0CE 		.ascii	"a\234\300\316\227mS\247\333Mx;e\214u\303G\257\371@\310"
 334      976D53A7 
 334      DB4D783B 
 334      658C75C3 
 334      47AFF940 
 335 0f53 FC4DFE73 		.ascii	"\374M\376s\023\346\034\366C6\014\3405`\346\005\036\272"
 335      13E61CF6 
 335      43360CE0 
 335      3560E605 
 335      1EBA
 336 0f65 AB60C845 		.ascii	"\253`\310E\010\333\025\240\006\240k@\365\312\020\332"
 336      08DB15A0 
 336      06A06B40 
 336      F5CA10DA 
 337 0f75 522FF913 		.ascii	"R/\371\023\377.C\203\363\262\177\027\360|\305\354\034"
 337      FF2E4383 
 337      F3B27F17 
 337      F07CC5EC 
 337      1C
 338 0f86 7597CFCE 		.ascii	"u\227\317\316\2270[\316^P\357be<.;\255\260.\261\225"
 338      97305BCE 
 338      5E50EF62 
 338      653C2E3B 
 338      ADB02EB1 
 339 0f9b 033F196A 		.ascii	"\003?\031j\241"
 339      A1
 340 0fa0 A907537D 		.ascii	"\251\007S}-v\321\245\2309\324\235\253\003\207\336\305"
 340      2D76D1A5 
 340      9839D49D 
 340      AB0387DE 
 340      C5
 341 0fb1 393EFF31 		.ascii	"9>\3771$b\3663U\263\225\223NI\013\237\244\310\343\342"
 341      2462F633 
 341      55B39593 
 341      4E490B9F 
 341      A4C8E3E2 
 342 0fc5 0A57CBE6 		.ascii	"\012W\313\346\324Df\032\255\211\013s\226fd\375oWE\322"
 342      D444661A 
 342      AD890B73 
 342      966664FD 
 342      6F5745D2 
 343 0fd9 A6525D95 		.ascii	"\246R]\225\343t'\357\334+\233\021\357c\375\235\3275"
 343      E37427EF 
 343      DC2B9B11 
 343      EF63FD9D 
 343      D735
 344 0feb DEE3854F 		.ascii	"\336\343\205O0ff\303\206\021\0159\237\215{\267\347\342"
 344      306666C3 
ARM GAS  /tmp/ccNkUFFH.s 			page 27


 344      86110D39 
 344      9F8D7BB7 
 344      E7E2
 345 0ffd 3382EE   		.ascii	"3\202\356"
 346 1000 D58534C9 		.ascii	"\325\2054\311\007\321\023\017v\354c\353H\343k\006{\347"
 346      07D1130F 
 346      76EC63EB 
 346      48E36B06 
 346      7BE7
 347 1012 B5A8771E 		.ascii	"\265\250w\036\253\346\011G\020\260\0215b\027\351\271"
 347      ABE60947 
 347      10B01135 
 347      6217E9B9 
 348 1022 33F5288B 		.ascii	"3\365(\213\260=d*\322\212\220\265\263\220\265\250\205"
 348      B03D642A 
 348      D28A90B5 
 348      B390B5A8 
 348      85
 349 1033 6C4869E6 		.ascii	"lHi\3463U3U\366\257\216]\376u\016N\362\3426\344\305"
 349      33553355 
 349      F6AF8E5D 
 349      FE750E4E 
 349      F2E236E4 
 350 1048 4DC88566 		.ascii	"M\310\205f\240&\240[\330q\032\225z\245t@\217\253\214"
 350      A026A05B 
 350      D8711A95 
 350      7AA57440 
 350      8FAB8C
 351 105b 6C042A6F 		.ascii	"l\004*o\317\307(`\276}\241\272*f+\031KZA\315\035\271"
 351      CFC72860 
 351      BE7DA1BA 
 351      2A662B19 
 351      4B5A41CD 
 352 1071 145A6829 		.ascii	"\024Zh)\250\243\336\005\244w@=]\375\364\023V\357~\344"
 352      A8A3DE05 
 352      A477403D 
 352      5DFDF413 
 352      56EF7EE4 
 353 1085 496FC790 		.ascii	"Io\307\220\215?m\352&\365^|}\307^o|\213u\371\261\344"
 353      8D3F6DEA 
 353      26F55E7C 
 353      7DC75E6F 
 353      7C8B75F9 
 354 109b 985401DF 		.ascii	"\230T\001\337eL\353\246\321+Z\334G\031\303\203\272\301"
 354      654CEBA6 
 354      D12B5ADC 
 354      4719C383 
 354      BAC1
 355 10ad 362FC48F 		.ascii	"6/\304\217\207\035\007X\337u\362\322t,\333\346\226\223"
 355      871D0758 
 355      DF75F2D2 
 355      742CDBE6 
 355      9693
 356 10bf 72D82FBF 		.ascii	"r\330/\277\343\027C\303\354X/\251o?\370\201\357\035"
 356      E31743C3 
 356      EC582FA9 
 356      6F3FF881 
ARM GAS  /tmp/ccNkUFFH.s 			page 28


 356      EF1D
 357 10d1 E77598FB 		.ascii	"\347u\230\373m\0159 \330\255\330\364V\252\233\242\020"
 357      6D0D3920 
 357      D8ADD8F4 
 357      56AA9BA2 
 357      10
 358 10e2 6FBBE358 		.ascii	"o\273\343X@vb\027a\305\332\324)\360\3550\014\264\221"
 358      40766217 
 358      61C5DAD4 
 358      29F0ED30 
 358      0CB491
 359 10f5 61A083B7 		.ascii	"a\240\203\267 \201\357\203\300wC\300{\200\036\002\335"
 359      2081EF83 
 359      C07743C0 
 359      7B801E02 
 359      DD
 360 1106 07EA027A 		.ascii	"\007\352\002z\240\234 m\325w\\\227\240\356\022\233\345"
 360      A09C206D 
 360      D5775C97 
 360      A0EE129B 
 360      E5
 361 1117 EA4936E5 		.ascii	"\352I6\345\365:\347*y\224\374<\255_\203\237\261\024"
 361      F53AE72A 
 361      7994FC3C 
 361      AD5F839F 
 361      B114
 362 1129 9A4EBE97 		.ascii	"\232N\276\227\251w\235\304\034V\366\223C\237w\264\322"
 362      A9779DC4 
 362      1C56F693 
 362      439F77B4 
 362      D2
 363 113a 3EA1FD7B 		.ascii	">\241\375{\017}\014\373\030\232=\222\223\260\327>\241"
 363      0F7D0CFB 
 363      189A3D92 
 363      93B0D73E 
 363      A1
 364 114b DD18CD81 		.ascii	"\335\030\315\201ik\212\345GZ\337\265aO\274\201\276\011"
 364      696B8AE5 
 364      475ADFB5 
 364      614FBC81 
 364      BE09
 365 115d A81BEE6E 		.ascii	"\250\033\356n.\362%\013\011\327\211\341\010\230S@\314"
 365      2EF2250B 
 365      09D789E1 
 365      08985340 
 365      CC
 366 116e 19007D83 		.ascii	"\031\000}\203\334\234\027`\316S\200\177\016\364\014"
 366      DC9C1760 
 366      CE53807F 
 366      0EF40C
 367 117d 68C86535 		.ascii	"h\310e5\361\325 ?O\"\206\334\343\015\035\216\271\356"
 367      F1D5203F 
 367      4F2286DC 
 367      E30D1D8E 
 367      B9EE
 368 118f B18AFF93 		.ascii	"\261\212\377\223t%\231\204\013\271\250c\"/\230\223\202"
 368      74259984 
ARM GAS  /tmp/ccNkUFFH.s 			page 29


 368      0BB9A863 
 368      222F9893 
 368      82
 369 11a0 7BA830A9 		.ascii	"{\2500\251\2623\\\330QO\312\035\014\237~3h7\014\252"
 369      B2335CD8 
 369      514FCA1D 
 369      0C9F7E33 
 369      68370CAA 
 370 11b4 6C806D67 		.ascii	"l\200mg\332y.\223%\373\023\256\313q\342\2468\300$\313"
 370      DA792E93 
 370      25FB13AE 
 370      CB71E2A6 
 370      38C024CB 
 371 11c8 DD0DF1AF 		.ascii	"\335\015\361\257\274q\022\015\225\360\370\356\213sz"
 371      BC71120D 
 371      95F0F8EE 
 371      8B737A
 372 11d7 45E18B07 		.ascii	"E\341\213\007i\314G\211)r\314\007\347\026\276#\224#"
 372      69CC4789 
 372      2972CC07 
 372      E716BE23 
 372      9423
 373 11e9 10BEB785 		.ascii	"\020\276\267\205\022P\037\274n\312E\260T\355fgt\223"
 373      12501FBC 
 373      6ECA45B0 
 373      54ED6667 
 373      7493
 374 11fb 77E361AD 		.ascii	"w\343a\255Lq\362\371b\325\256\321\203\\\201\277/\351"
 374      4C71F2F9 
 374      62D5AED1 
 374      835C81BF 
 374      2FE9
 375 120d 62F5726E 		.ascii	"b\365rn\3054\177\353D\013\354\376\304\323yF\367\257"
 375      C5347FEB 
 375      440BECFE 
 375      C4D37946 
 375      F7AF
 376 121f 9D8E61FE 		.ascii	"\235\216a\376\332\351+L\037\324\365N\035\253\340\357"
 376      DAE92B4C 
 376      1FD4F54E 
 376      1DABE0EF 
 377 122f 53E814EF 		.ascii	"S\350\024\357\204,`\357\204\014\364\364\247\232\344"
 377      842C60EF 
 377      840CF4F4 
 377      A79AE4
 378 123e F71D117D 		.ascii	"\367\035\021}\2408\001f\214S3&\361<\273J\312\220\307"
 378      A0380166 
 378      8C533326 
 378      F13CBB4A 
 378      CA90C7
 379 1251 B755A5C5 		.ascii	"\267U\245\305\316\257<\302u\005\376\024\233\334\311"
 379      CEAF3CC2 
 379      7505FE14 
 379      9BDCC9
 380 1260 3779229E 		.ascii	"7y\"\2366\264\303\313Iz\324i)0\315\245\247\251tO\363"
 380      36B4C3CB 
 380      497AD469 
ARM GAS  /tmp/ccNkUFFH.s 			page 30


 380      2930CDA5 
 380      A7A9744F 
 381 1275 C09801EF 		.ascii	"\300\230\001\357e/\263^>\337\020\213\351\0139d\307\312"
 381      652FB35E 
 381      3EDF108B 
 381      E90B3964 
 381      C7CA
 382 1287 DE97DA58 		.ascii	"\336\227\332X\275\257S\343vk2K\267&\2571\337\233<\350"
 382      BDAF53E3 
 382      766B324B 
 382      B726AF31 
 382      DF9B3CE8 
 383 129b AEACD090 		.ascii	"\256\254\320\220w\377\212\245\356\263\225\241\371\354"
 383      77FF8AA5 
 383      EEB395A1 
 383      F9EC
 384 12a9 DDBF5A0D 		.ascii	"\335\277Z\015\221C3r\327\316`\305\253x\222\206\3540"
 384      91433372 
 384      D7CE60C5 
 384      AB789286 
 384      EC30
 385 12bb A61E163D 		.ascii	"\246\036\026=29\231Mv$2R\214\306\361\246%\374\204\006"
 385      3239994D 
 385      76243252 
 385      8CC6F1A6 
 385      25FC8406 
 386 12cf 23978FA4 		.ascii	"#\227\217\244`\247\006\007\234\032\304j\230\237\261"
 386      60A70607 
 386      9C1AC46A 
 386      989FB1
 387 12de 54BAE76C 		.ascii	"T\272\347lc\203\306\371\021\216\323\213\234q\\\232|"
 387      6383C6F9 
 387      118ED38B 
 387      9C715C9A 
 387      7C
 388 12ef 1B7EFD9B 		.ascii	"\033~\375\233\037\337_\266d\211\2071(huh\204\370\371"
 388      1FDF5FB6 
 388      64898731 
 388      28687568 
 388      84F8F9
 389 1302 D2207169 		.ascii	"\322 qi\340\352hk`\2605\374\243\210\310\010\313G\226"
 389      E0EA686B 
 389      60B035FC 
 389      A388C808 
 389      CB4796
 390 1315 E015A181 		.ascii	"\340\025\241\201\241\021\346\260\325+-\201\341\301\346"
 390      A111E6B0 
 390      D52B2D81 
 390      E1C1E6
 391 1324 90D0084B 		.ascii	"\220\320\010K`\320J\313O\301\253\303\304 q}\224%zq\210"
 391      60D04ACB 
 391      4FC1ABC3 
 391      C420717D 
 391      94257A71 
 392 1339 87C1DEFA 		.ascii	"\207\301\336\372\257\337\320:z}t`P\264\270\022D\241"
 392      AFDFD03A 
 392      7A7D7460 
ARM GAS  /tmp/ccNkUFFH.s 			page 31


 392      50B4B812 
 392      44A1
 393 134b 89315AFC 		.ascii	"\2111Z\37498,tUD\220\3707\213\003\227\205\204\256\010"
 393      39382C74 
 393      554490F8 
 393      378B0397 
 393      8584AE08 
 394 135f 5DFE7D60 		.ascii	"]\376}`dt\24092<<2\"0*\322*F\007\376\352\267\337.\373"
 394      6474A039 
 394      323C3C32 
 394      22302AD2 
 394      2A4607FE 
 395 1378 765DA039 		.ascii	"v]\2409\304\034i\265@+\375\017!VK\360\312%\372\360\340"
 395      C41C69B5 
 395      402BFD0F 
 395      21564BF0 
 395      CA25FAF0 
 396 138d D088C566 		.ascii	"\320\210\305f\017\015\3716\232C~\010Y\371}\230\305\022"
 396      0F0DF936 
 396      9A437E08 
 396      59F97D98 
 396      C512
 397 139f C51DF9F4 		.ascii	"\305\035\371\364\223 \321`\377\341\011\300bh\270%H\374"
 397      9320D160 
 397      FFE109C0 
 397      6268B825 
 397      48FC
 398 13b1 D009C82A 		.ascii	"\320\011\310*:L3\207\020\031\356\214\277{)\221\242\023"
 398      3A4C3387 
 398      1019EE8C 
 398      BF7B2991 
 398      A213
 399 13c3 A13FA198 		.ascii	"\241?\241\230\313\200\025-\337\213\301b\250Y/\376\264"
 399      CB80152D 
 399      DF8BC162 
 399      A8592FFE 
 399      B4
 400 13d4 3AC21C24 		.ascii	":\302\034$\352\305(khd\220\370\345\333\275\212\014\217"
 400      EAC5286B 
 400      686490F8 
 400      E5DBBD8A 
 400      0C8F
 401 13e6 0A0DB358 		.ascii	"\012\015\263X\243\003\177\275l\031\321\316\015\320E"
 401      A3037FBD 
 401      6C19D1CE 
 401      0DD045
 402 13f5 87FE0F58 		.ascii	"\207\376\017X\373\011\215eX\350\212\300Uf\263KL?[\274"
 402      FB098D65 
 402      58E88AC0 
 402      5566B34B 
 402      4C3F5BBC 
 403 1409 74F11239 		.ascii	"t\361\0229\262\342J\350\021\322\017`O\030\201\327\207"
 403      B2E24AE8 
 403      11D20F60 
 403      4F1881D7 
 403      87
 404 141a 8BEBC242 		.ascii	"\213\353\302B\243EM\204e\235\250\215\\\033a\261j\377"
ARM GAS  /tmp/ccNkUFFH.s 			page 32


 404      A3454D84 
 404      659DA88D 
 404      5C1B61B1 
 404      6AFF
 405 142c 7BB565B5 		.ascii	"{\265e\265\345=sH\020\367\"\210^\320DY-k|\235.\201\017"
 405      E53D7348 
 405      10F72288 
 405      5ED04459 
 405      2D6B7C9D 
 406 1443 E1AB45CB 		.ascii	"\341\253E\313:\210!H\323\237\006K\224%\002zn\225\227"
 406      3A882148 
 406      D39F064B 
 406      9425027A 
 406      6E9597
 407 1456 658D2542 		.ascii	"e\215%B\014\017\216\376\031\356\206G\257\242\015\364"
 407      0C0F8EFE 
 407      19EE8647 
 407      AFA20DF4 
 408 1466 6B834345 		.ascii	"k\203CE\270\351\253PN\320}\224L\220\210V\353,kIS\335"
 408      B8E9AB50 
 408      4ED07D94 
 408      4C908856 
 408      EB2C6B49 
 409 147c 5A11EC8B 		.ascii	"Z\021\354\213\202\257hKx\0246G\210\236AA\274\267\364"
 409      82AF684B 
 409      78143647 
 409      889E4141 
 409      BCB7F4
 410 148f FC5B0B57 		.ascii	"\374[\013W\203D\023h\004\231\340\250\020\350\177}4\201"
 410      83441368 
 410      0499E0A8 
 410      10E87F7D 
 410      3481
 411 14a1 8E5EA505 		.ascii	"\216^\245\005\002\201\265\242h\215\232\307 \202\254"
 411      0281B5A2 
 411      688D9AC7 
 411      2082AC
 412 14b0 969F2C56 		.ascii	"\226\237,VK\204\031\214\007\265\221+\376\020e\260\254"
 412      4B84198C 
 412      07B5912B 
 412      FE1065B0 
 412      AC
 413 14c1 0B15CD91 		.ascii	"\013\025\315\221+-:\353\312\365\320B\003\"\321\236,"
 413      2B2D3AEB 
 413      CAF5D042 
 413      0322D19E 
 413      2C
 414 14d2 3FBE001C 		.ascii	"?\276\000\034\373\267H\256\203\272\237\302\202WE\353"
 414      FBB748AE 
 414      83BA9FC2 
 414      825745EB 
 415 14e2 C5706801 		.ascii	"\305ph\001\\4\364\251\305 \322/\2422xEp\264E\023\021"
 415      5C34F4A9 
 415      C520D22F 
 415      A2327845 
 415      70B44513 
 416 14f7 1C6ED198 		.ascii	"\034n\321\230C\202\255\332\310\260\225\020\322\010\313"
ARM GAS  /tmp/ccNkUFFH.s 			page 33


 416      4382ADDA 
 416      C8B09510 
 416      D208CB
 417 1506 5A8B159B 		.ascii	"Z\213\025\233\305uBt\224\020f\205\360\257\202~\012\022"
 417      C5754274 
 417      94106685 
 417      F0AF827E 
 417      0A12
 418 1518 05EBDF09 		.ascii	"\005\353\337\011\326\317\005\353g\202u)\266.Y\002\364"
 418      D6CF05EB 
 418      67827529 
 418      B62E5902 
 418      F4
 419 1529 B160FD52 		.ascii	"\261`\375R\260~\341E2\200\370\012\215\026\277c\336\007"
 419      B07EE145 
 419      3280F80A 
 419      8D16BF63 
 419      DE07
 420 153b ADF93C1C 		.ascii	"\255\371<\034:\327D\233\232##\240?D\015\351eOG\274\265"
 420      3AD7449B 
 420      9A2323A0 
 420      3F440DE9 
 420      654F47BC 
 421 1550 E1519191 		.ascii	"\341Q\221\221a\006\036\014\361/\337\220\350\346\220"
 421      61061E0C 
 421      F12FDF90 
 421      E8E690
 422 155f 95A0EC7D 		.ascii	"\225\240\354}\367\022\3205o\026\200\016\001\001\000"
 422      F712D035 
 422      6F16800E 
 422      010100
 423 156e FF7E7DF4 		.ascii	"\377~}\3647\021\241\342\233D\327\223\204\326\207\004"
 423      3711A1E2 
 423      9B44D793 
 423      84D68704 
 424 157e 8711C1BF 		.ascii	"\207\021\301\277p\022\204\213\016I\370MT\256\015\346"
 424      7012848B 
 424      0E49F84D 
 424      54AE0DE6 
 425 158e F52D9843 		.ascii	"\365-\230C\360\312\025\253\364\241\321\326 \222\036"
 425      F0CA15AB 
 425      F4A1D1D6 
 425      20921E
 426 159d 51C111A1 		.ascii	"Q\301\021\241\346 \350E\222b\244V-\3410\010\255X\275"
 426      E620E845 
 426      9262A456 
 426      2DE13008 
 426      AD58BD
 427 15b0 CA101669 		.ascii	"\312\020\026i\376\231\210\370(\257B\217\255\021I\322"
 427      FE9988F8 
 427      28AF428F 
 427      AD1149D2 
 428 15c0 69575AC2 		.ascii	"iWZ\302\304`\015\251L\303\032^\240\244\004\326\204Z"
 428      C4600DA9 
 428      4CC31A5E 
 428      A0A404D6 
 428      845A
ARM GAS  /tmp/ccNkUFFH.s 			page 34


 429 15d2 C5D5C161 		.ascii	"\305\325\301aAd\\\260\342\250`\253\257\323\225 \361"
 429      41645CB0 
 429      E2A860AB 
 429      AFD39520 
 429      F1
 430 15e3 17AE422C 		.ascii	"\027\256B,\211\365|,\371S\225{\2205V\362\355\015M\211"
 430      89F57C2C 
 430      F953957B 
 430      903556F2 
 430      ED0D4D89 
 431 15f7 13EB590B 		.ascii	"\023\353Y\013\363j+$\246h\222/\301\220\344\360\302H"
 431      F36A2B24 
 431      A668922F 
 431      C190E4F0 
 431      C248
 432 1609 0630D66D 		.ascii	"\0060\326m^\262k\342<s\310o-\253\276\267\210,\036\277"
 432      5EB26BE2 
 432      3C73C86F 
 432      2DABBEB7 
 432      882C1EBF 
 433 161d 81BC7BC3 		.ascii	"\201\274{\303\340\005i\007j\255\353!\204\377\007\177"
 433      E0056907 
 433      6AADEB21 
 433      84FF077F 
 434 162d 370900   		.ascii	"7\011\000"
 435              		.text
 436              		.section	.gnu.lto_.symtab.5da2e66e2280daab,"",%progbits
 437 0000 6D61696E 		.ascii	"main\000"
 437      00
 438 0005 00       		.ascii	"\000"
 439 0006 00       		.ascii	"\000"
 440 0007 00       		.ascii	"\000"
 441 0008 00000000 		.ascii	"\000\000\000\000\000\000\000\000"
 441      00000000 
 442 0010 C5000000 		.ascii	"\305\000\000\000"
 443 0014 636800   		.ascii	"ch\000"
 444 0017 00       		.ascii	"\000"
 445 0018 02       		.ascii	"\002"
 446 0019 00       		.ascii	"\000"
 447 001a 00000000 		.ascii	"\000\000\000\000\000\000\000\000"
 447      00000000 
 448 0022 F5010000 		.ascii	"\365\001\000\000"
 449 0026 63685468 		.ascii	"chThdSleep\000"
 449      64536C65 
 449      657000
 450 0031 00       		.ascii	"\000"
 451 0032 02       		.ascii	"\002"
 452 0033 00       		.ascii	"\000"
 453 0034 00000000 		.ascii	"\000\000\000\000\000\000\000\000"
 453      00000000 
 454 003c D4000000 		.ascii	"\324\000\000\000"
 455 0040 63685468 		.ascii	"chThdCreateStatic\000"
 455      64437265 
 455      61746553 
 455      74617469 
 455      6300
 456 0052 00       		.ascii	"\000"
ARM GAS  /tmp/ccNkUFFH.s 			page 35


 457 0053 02       		.ascii	"\002"
 458 0054 00       		.ascii	"\000"
 459 0055 00000000 		.ascii	"\000\000\000\000\000\000\000\000"
 459      00000000 
 460 005d A0010000 		.ascii	"\240\001\000\000"
 461 0061 63685379 		.ascii	"chSysInit\000"
 461      73496E69 
 461      7400
 462 006b 00       		.ascii	"\000"
 463 006c 02       		.ascii	"\002"
 464 006d 00       		.ascii	"\000"
 465 006e 00000000 		.ascii	"\000\000\000\000\000\000\000\000"
 465      00000000 
 466 0076 A3010000 		.ascii	"\243\001\000\000"
 467 007a 68616C49 		.ascii	"halInit\000"
 467      6E697400 
 468 0082 00       		.ascii	"\000"
 469 0083 02       		.ascii	"\002"
 470 0084 00       		.ascii	"\000"
 471 0085 00000000 		.ascii	"\000\000\000\000\000\000\000\000"
 471      00000000 
 472 008d A5010000 		.ascii	"\245\001\000\000"
 473              		.text
 474              		.section	.gnu.lto_.opts,"",%progbits
 475 0000 272D666D 		.ascii	"'-fmath-errno' '-fsigned-zeros' '-ftrapping-math' '"
 475      6174682D 
 475      6572726E 
 475      6F272027 
 475      2D667369 
 476 0033 2D666E6F 		.ascii	"-fno-trapv' '-fno-openmp' '-fno-openacc' '-mcpu=cor"
 476      2D747261 
 476      70762720 
 476      272D666E 
 476      6F2D6F70 
 477 0066 7465782D 		.ascii	"tex-m0' '-mno-thumb-interwork' '-mthumb' '-ggdb' '-"
 477      6D302720 
 477      272D6D6E 
 477      6F2D7468 
 477      756D622D 
 478 0099 4F322720 		.ascii	"O2' '-Werror' '-fomit-frame-pointer' '-falign-funct"
 478      272D5765 
 478      72726F72 
 478      2720272D 
 478      666F6D69 
 479 00cc 696F6E73 		.ascii	"ions=16' '-ffunction-sections' '-fdata-sections' '-"
 479      3D313627 
 479      20272D66 
 479      66756E63 
 479      74696F6E 
 480 00ff 666E6F2D 		.ascii	"fno-common' '-flto'\000"
 480      636F6D6D 
 480      6F6E2720 
 480      272D666C 
 480      746F2700 
 481              		.text
 482              		.comm	__gnu_lto_v1,1,1
 483              		.comm	__gnu_lto_slim,1,1
ARM GAS  /tmp/ccNkUFFH.s 			page 36


 484              		.ident	"GCC: (GNU Tools for ARM Embedded Processors) 5.4.1 20160609 (release) [ARM/embedded-5-bran
ARM GAS  /tmp/ccNkUFFH.s 			page 37


DEFINED SYMBOLS
                            *ABS*:0000000000000000 main.c
                            *COM*:0000000000000001 __gnu_lto_v1
                            *COM*:0000000000000001 __gnu_lto_slim

NO UNDEFINED SYMBOLS
