ARM GAS  /tmp/ccEXSZNr.s 			page 1


   1              		.syntax unified
   2              		.cpu cortex-m0
   3              		.fpu softvfp
   4              		.eabi_attribute 20, 1
   5              		.eabi_attribute 21, 1
   6              		.eabi_attribute 23, 3
   7              		.eabi_attribute 24, 1
   8              		.eabi_attribute 25, 1
   9              		.eabi_attribute 26, 1
  10              		.eabi_attribute 30, 2
  11              		.eabi_attribute 34, 0
  12              		.eabi_attribute 18, 4
  13              		.thumb
  14              		.syntax unified
  15              		.file	"nvic.c"
  16              		.text
  17              	.Ltext0:
  18              		.section	.gnu.lto_.profile.da42a2e7478e4a57,"",%progbits
  19 0000 789C6361 		.ascii	"x\234ca`d`a`\000\222N\246\000\001#\000\202"
  19      60646061 
  19      6000924E 
  19      A6000123 
  19      0082
  20              		.text
  21              		.section	.gnu.lto_.icf.da42a2e7478e4a57,"",%progbits
  22 0000 789C6361 		.ascii	"x\234ca`d\000\0019\006\004`e\270\335v\354;#\343\363"
  22      60640001 
  22      39060460 
  22      65B8DD76 
  22      EC3B23E3 
  23 0015 236D364C 		.ascii	"#m6L\255\307\333\213\231g\036\331\331\317\305\262\355"
  23      ADC7DB8B 
  23      99671ED9 
  23      D9CFC5B2 
  23      ED
  24 0026 FBC267EC 		.ascii	"\373\302g\354\014\000\332i\015\357"
  24      0C00DA69 
  24      0DEF
  25              		.text
  26              		.section	.gnu.lto_.jmpfuncs.da42a2e7478e4a57,"",%progbits
  27 0000 789C6361 		.ascii	"x\234ca`d\000\001k\006\004`a`bdd\256\257g\004\202z&"
  27      60640001 
  27      6B060460 
  27      61606264 
  27      64AEAF67 
  28 0018 089B89F1 		.ascii	"\010\233\211\361/\023c\363\257\375\237\371\352\3776"
  28      2F1363F3 
  28      AFFD9FF9 
  28      EAFF36
  29 0027 CC686810 		.ascii	"\314hh\020hef\350d\006*f\\\316X\317\300\310\302\300"
  29      686566E8 
  29      64062A66 
  29      5CCE58CF 
  29      C0C8C2C0 
  30 003b 0252CC00 		.ascii	"\002R\314\000\000\236\356\015\177"
  30      009EEE0D 
  30      7F
ARM GAS  /tmp/ccEXSZNr.s 			page 2


  31              		.text
  32              		.section	.gnu.lto_.inline.da42a2e7478e4a57,"",%progbits
  33 0000 789C6361 		.ascii	"x\234ca`d\000\201\375\014\010\300\302\300 ,\304\310"
  33      60640081 
  33      FD0C08C0 
  33      C2C0202C 
  33      C4C8
  34 0012 C4A00094 		.ascii	"\304\240\000\224b\004\021\254<\017b\031\330\026\310"
  34      620411AC 
  34      3C0F6219 
  34      D816C8
  35 0021 33310834 		.ascii	"31\0104\324\26200]\340\347\000\021<`\265\214\014\374"
  35      D4B23030 
  35      5DE0E700 
  35      113C60B5 
  35      8C0CFC
  36 0034 7C8C8C60 		.ascii	"|\214\214`\305\314\034\007\354\220\324\201d\231\030"
  36      C5CC1C07 
  36      EC90D481 
  36      649918
  37 0043 44441959 		.ascii	"DD\031Y\030\0242\37621\376\376qn/\373\027\246VfFFn\306"
  37      181432FE 
  37      3231FEFE 
  37      716E2FFB 
  37      17A65666 
  38 005b E58C320C 		.ascii	"\345\2142\014\014\012\351P\032n\023\334\004\241\013"
  38      0C0AE950 
  38      1A6E13DC 
  38      04A10B
  39 006a 3D8C0220 		.ascii	"=\214\002 [\024@\204\001\3200 \217\033l\037\013\003"
  39      5B144084 
  39      01D03020 
  39      8F1B6C1F 
  39      0B03
  40 007c 3B1BCC46 		.ascii	";\033\314F\240\034D=\333\007=\210\215\014\000\203h\033"
  40      A01C443D 
  40      DB073D88 
  40      8D0C0083 
  40      681B
  41 008e 06       		.ascii	"\006"
  42              		.text
  43              		.section	.gnu.lto_.pureconst.da42a2e7478e4a57,"",%progbits
  44 0000 789C6361 		.ascii	"x\234ca`d\340d```a\220b\224b\222b\221\002\000\002\263"
  44      6064E064 
  44      60606061 
  44      90629462 
  44      92629102 
  45 0017 0082     		.ascii	"\000\202"
  46              		.text
  47              		.section	.gnu.lto_nvicEnableVector.da42a2e7478e4a57,"",%progbits
  48 0000 789C9D54 		.ascii	"x\234\235T]KTQ\024=\373\234;_:\037\012A\017\015$D\210"
  48      5D4B5451 
  48      143DFB9C 
  48      3B5F3A1F 
  48      0A410F0D 
  49 0017 105E8688 		.ascii	"\020^\206\210\036z\012\2417)\354\027\224\004\016\244"
  49      1E7A0AA1 
ARM GAS  /tmp/ccEXSZNr.s 			page 3


  49      3729EC17 
  49      94040EA4 
  50 0027 231AD19B 		.ascii	"#\032\321\233\307\2713\023\321\213}\250%\225H\212_\351"
  50      C7B93313 
  50      D18B7DA8 
  50      2595488A 
  50      5FE9
  51 0039 A8593A5A 		.ascii	"\250Y:Z6M\212\030h\010F\017Ad\312\004\221\242b$\244"
  51      364D8A18 
  51      6808460F 
  51      4164CA04 
  51      91A26224 
  52 004e 4E7BDF73 		.ascii	"N{\337sK\250\014\352\302\354{\317\231\265\327Z{\235"
  52      4BA80CEA 
  52      C2EC7BCF 
  52      99B5D75A 
  52      7B9D
  53 0060 3BA33160 		.ascii	";\2431`t\335\327\030;\202\367}\370\001\301\200\327\315"
  53      74DDD718 
  53      3B82F77D 
  53      F801C180 
  53      D7CD
  54 0072 3056EBE4 		.ascii	"0V\353\344\000\364 \235\300j8\324\300\027\276\305!u"
  54      00F4209D 
  54      C06A38D4 
  54      C017BEC5 
  54      2175
  55 0084 399DE005 		.ascii	"9\235\340\005\355\022\257\367m\367\204\354HBT0\226\341"
  55      ED12AFF7 
  55      6DF784EC 
  55      48425430 
  55      96E1
  56 0096 26138376 		.ascii	"&\023\203v(@\324l\244\357\216X\347Q\001\240\341ru\272"
  56      2840D46C 
  56      A4EF8E58 
  56      E75101A0 
  56      E17275BA 
  57 00aa 69C14B4B 		.ascii	"i\301KK\016y\270\334\2227\033\274B\007\206\317\267S"
  57      0E79B8DC 
  57      92371BBC 
  57      420786CF 
  57      B753
  58 00bc F56F3DF9 		.ascii	"\365o=\371mR\206\245\274vN\272\242B@\027\010\344\203"
  58      6D5286A5 
  58      BC764EBA 
  58      A2424017 
  58      08E483
  59 00cf 4EF04307 		.ascii	"N\360C\007\370\031n1\350\206|Dw\207?.\011\0210;\257"
  59      F8196E31 
  59      E8867C44 
  59      77873F2E 
  59      0911303B 
  60 00e4 4C6D2D38 		.ascii	"Lm-8\254\316\204\325\371\340\017\235=\220O\360\017\375"
  60      ACCE84D5 
  60      F9E00F9D 
  60      3D904FF0 
  60      0FFD
ARM GAS  /tmp/ccEXSZNr.s 			page 4


  61 00f6 DBF51E7B 		.ascii	"\333\365\036{\204\214\347)\273\320\013v\012 ^\222\224"
  61      848CE729 
  61      BBD00B76 
  61      0A205E92 
  61      94
  62 0107 998C21E5 		.ascii	"\231\214!\345\353\300\325\003{\000H\213c\257\246Q\261"
  62      EBC0D503 
  62      7B00488B 
  62      63AFA651 
  62      B1
  63 0118 51B15371 		.ascii	"Q\261Sq`\2619\251\270h\231\005D\235M\217n*\036*>*9T"
  63      60B139A9 
  63      B8689905 
  63      449D4D8F 
  63      6E2A1E2A 
  64 0130 7209C8D8 		.ascii	"r\011\310\330\012*Q\212\253\234\323]\244\301X\213\245"
  64      0A2A518A 
  64      AB9CD35D 
  64      A4C1588B 
  64      A5
  65 0141 275D246E 		.ascii	"']$n\010n\010@o\023\231\257I\037\345\243\001\2078\032"
  65      086E0840 
  65      6F1399AF 
  65      491FE5A3 
  65      0187381A 
  66 0155 4F436A6C 		.ascii	"OCjl\376\240\302P\200\015\321\324+\007\001\354\346\350"
  66      FEA0C250 
  66      800DD1D4 
  66      2B0701EC 
  66      E6E8
  67 0167 832DCB1B 		.ascii	"\203-\313\033n\265\224)Czq\353\372\322\332\260\267\031"
  67      6EB59429 
  67      437A71EB 
  67      FAD2DAB0 
  67      B719
  68 0179 EED6D280 		.ascii	"\356\326\322\2005\250\355\200~L\241\017\311\250c\372"
  68      35A8ED80 
  68      7E4CA10F 
  68      C9A863FA 
  69 0189 DD409D4F 		.ascii	"\335@\235O\357\221\021<-'\014@3l\233'Fd]\353\035\"\020"
  69      EF91113C 
  69      2D270C40 
  69      336C9B27 
  69      46645DEB 
  70 01a0 97116C6D 		.ascii	"\227\021lm\304\257]\360\020t\264f\036\347 \004\320\214"
  70      C4AF5DF0 
  70      1074B466 
  70      1EE72004 
  70      D08C
  71 01b2 B119FBEC 		.ascii	"\261\031\373\354Pnl\312qj\255\257\335\255\034\013xd"
  71      506E6CCA 
  71      716AADAF 
  71      DDAD1C0B 
  71      7864
  72 01c4 3A369AEC 		.ascii	":6\232\354\012B(\2044\215\256\277\264)\210\023\036+"
  72      0A422884 
  72      348DAEBF 
ARM GAS  /tmp/ccEXSZNr.s 			page 5


  72      B4298813 
  72      1E2B
  73 01d6 C84A6CCE 		.ascii	"\310Jl\316\342q \"\036]\354t\022\302\006\031\200!\360"
  73      E2712022 
  73      1E5DEC74 
  73      12C20619 
  73      8021F0
  74 01e9 632FA2C2 		.ascii	"c/\242\302\333\2619\213\312\211@\245?n\355\2700\020"
  74      DBB1398B 
  74      CA8940A5 
  74      3F6EEDB8 
  74      3010
  75 01fb DC5764CB 		.ascii	"\334Wd\313C\026[\266!\262\220p\361[\317\210W\021\332"
  75      43165BB6 
  75      21B29070 
  75      F15BCF88 
  75      5711DA
  76 020e 61F887E4 		.ascii	"a\370\207\344\242\325\3526q\244`l\304\322o\016\253]"
  76      A2D5EA36 
  76      71A4606C 
  76      C4D26F0E 
  76      AB5D
  77 0220 8FC9E9A6 		.ascii	"\217\311\351\246\310\033Z\374\264\367k\232\276\277\207"
  77      C81B5AFC 
  77      B4F76B9A 
  77      BEBF87
  78 022f 99D82DCC 		.ascii	"\231\330-\314\243\224\345\310N\226\243\020@9f\276\001"
  78      A394E5C8 
  78      4E96A310 
  78      403966BE 
  78      01
  79 0240 33B74E29 		.ascii	"3\267N)y\237\312s\252ud\323\255\234\333\340\211r\276"
  79      799FCA73 
  79      AA7564D3 
  79      AD9CDBE0 
  79      8972BE
  80 0253 199BD314 		.ascii	"\031\233\323\024(G\201n\264\366&<*\321\375\360\364\347"
  80      2847816E 
  80      B4F6263C 
  80      2AD1FDF0 
  80      F4E7
  81 0265 78428172 		.ascii	"xB\201rI~|2f%\0120F\201\346\230\203\315\357\375\347"
  81      497E7C32 
  81      66250A30 
  81      4681E698 
  81      83CDEFFD 
  82 027a C1B2E099 		.ascii	"\301\262\340\2319\030\374>\3301\032,I\203\371\314\301"
  82      3918FC3E 
  82      D8311A2C 
  82      4983F9CC 
  82      C1
  83 028b 9ED360B9 		.ascii	"\236\323`\271\246P\377\304\252\355?\244R\246\024\337"
  83      A650FFC4 
  83      AAED3FA4 
  83      52A614DF 
  84 029b 45EAC58E 		.ascii	"E\352\305\216\324\270\222\372\004\341d\343\011\0222"
  84      D4B892FA 
ARM GAS  /tmp/ccEXSZNr.s 			page 6


  84      04E164E3 
  84      091232
  85 02aa FF7556D0 		.ascii	"\377uV\320%\376\270\260\377P\241^T\026<\033<yZ\017U"
  85      25FEB8B0 
  85      FF50A15E 
  85      54163C1B 
  85      3C795A0F 
  86 02bf EB6567CE 		.ascii	"\353eg\316\353\225\241\252\013\325zi\250\274<T\241\037"
  86      EB95A1AA 
  86      0BD57A69 
  86      A8BC3C54 
  86      A11F
  87 02d1 2F292E2A 		.ascii	"/).*\276\244W\\\014\226\026\2262\250\320*\253\202\241"
  87      BEA4575C 
  87      0C961696 
  87      32A8D02A 
  87      AB82A1
  88 02e4 EF9EAF8B 		.ascii	"\357\236\257\213\312"
  88      CA
  89              		.text
  90              		.section	.gnu.lto_nvicDisableVector.da42a2e7478e4a57,"",%progbits
  91 0000 789C8D53 		.ascii	"x\234\215S[KTQ\024\336\337\336s93\316\345\261\207\006"
  91      5B4B5451 
  91      14DEDFDE 
  91      733933CE 
  91      E5B18706 
  92 0014 12224408 		.ascii	"\022\"D\010\217\363\324CO!\364&\205\375\202\222@!\235"
  92      8FF3D443 
  92      4F21F426 
  92      85FD8292 
  92      40219D
  93 0027 C8885EC2 		.ascii	"\310\210^\302\2553gz\225l\006F\012\021\014/\245\243"
  93      AD33677A 
  93      956C0646 
  93      0A110C2F 
  93      A5A3
  94 0039 66E5A564 		.ascii	"f\345\245d8$Qh\021\324S\020]d\036\202D\305.\017\352"
  94      38245168 
  94      11D45310 
  94      5D641E82 
  94      44C52E0F 
  95 004e B4D6D913 		.ascii	"\264\326\331\023AQt`\326\331k\317\267\326\372\276\365"
  95      41517460 
  95      D6D96BCF 
  95      B7D6FABE 
  95      F5
  96 005f CDF80404 		.ascii	"\315\370\004\004?\005%D#\275\367\323\007J@\366=\027"
  96      3F052544 
  96      23BDF7D3 
  96      074A40F6 
  96      3D17
  97 0071 A2C79200 		.ascii	"\242\307\222\000\037\264\005\321-\321\215/rW\302\275"
  97      1FB405D1 
  97      2DD18D2F 
  97      7257C2BD 
  98 0081 5A9E97F5 		.ascii	"Z\236\227\365#\232\236w\313\345F=Z\202C\345\025\351"
  98      239A9E77 
ARM GAS  /tmp/ccEXSZNr.s 			page 7


  98      CBE5463D 
  98      5A8243E5 
  98      15E9
  99 0093 75121841 		.ascii	"u\022\030A=\241^f\246n\250m\351(\300G\351\346\352\300"
  99      3DA15E66 
  99      A66EA86D 
  99      E928C047 
  99      E9E6EAC0 
 100 00a7 C718A712 		.ascii	"\307\030\247\022\265\224\356\352\353\371\230\262!\350"
 100      B594EEEA 
 100      EBF998B2 
 100      21E8
 101 00b5 5C70736F 		.ascii	"\\pso\242u\267\264\356\325\272\377\254\0169Ja\034\212"
 101      A275B7B4 
 101      EED5BAFF 
 101      AC0E394A 
 101      611C8A
 102 00c8 FA610C09 		.ascii	"\372a\014\011\214\"!\350J\3406\352\030\376az/\027\015"
 102      8C2221E8 
 102      4AE036EA 
 102      18FE617A 
 102      2F170D
 103 00db 64787CAD 		.ascii	"dx|\255\031\212;\010\260\214bKIW*i\255\013\311\361\203"
 103      198A3B08 
 103      B08C624B 
 103      49572A69 
 103      AD0BC9F1 
 104 00f0 71802B24 		.ascii	"q\200+$\325\372\024\007\037\005\177\220O\026\207\020"
 104      D5FA1407 
 104      1F057F90 
 104      4F168710 
 105 0100 8730871A 		.ascii	"\2070\207\032\376\"\302!\312\251\020\033\324\224eoJ"
 105      FE22C221 
 105      CAA9101B 
 105      D494656F 
 105      4A
 106 0111 C96F5546 		.ascii	"\311oUFz+[.\234\3449i%\323\012D\343\351\360\302N\204"
 106      7A2B5B2E 
 106      9CE43969 
 106      25D30A44 
 106      E3E9F0C2 
 107 0127 05F9E1C7 		.ascii	"\005\371\341\307\004q$\324N\366\225\317\200\224\001"
 107      047124D4 
 107      4EF695CF 
 107      809401
 108 0136 F50F4FCE 		.ascii	"\365\017O\316G\031\344\303\001L\032\320FvM\031\020\357"
 108      4719E4C3 
 108      014C1AD0 
 108      46764D19 
 108      10EF
 109 0148 65F6F193 		.ascii	"e\366\361\223\254e\332\000E$\250\224@n\376\375>\306"
 109      AC65DA00 
 109      4524A894 
 109      406EFEFD 
 109      3EC6
 110 015a 1020EFB8 		.ascii	"\020 \357\270/\202\014\010x\313\232\035Z\377\0361\251"
 110      2F820C08 
ARM GAS  /tmp/ccEXSZNr.s 			page 8


 110      78CB9A1D 
 110      5AFF1E31 
 110      A9
 111 016b 76D33A46 		.ascii	"v\323:FW\327>o\315\305\006q\263\207W\022wT\020\323\264"
 111      57D73E6F 
 111      CDC50671 
 111      B3875712 
 111      775410D3 
 112 0180 B6299AC6 		.ascii	"\266)\232\306\005\253og\372\342\366\204\316\220I\026"
 112      05AB6F67 
 112      FAE2F684 
 112      CE904916 
 113 0190 6630883D 		.ascii	"f0\210=\317(\3565\276=\252\222E\235\241\312\243\216"
 113      CF28EE35 
 113      BE3DAA92 
 113      459DA1CA 
 113      A38E
 114 01a2 0AE12E6C 		.ascii	"\012\341.l\322\347\2318\213$\021\024\236\364\257\205"
 114      D2E79938 
 114      8B241114 
 114      9EF4AF85 
 115 01b2 3C0CE3A0 		.ascii	"<\014\343\240\221\265\\\371V\212\033Y\022\367<Y\356"
 115      91B55CF9 
 115      568A1B59 
 115      12F73C59 
 115      EE
 116 01c3 D2D02183 		.ascii	"\322\320!\203\261~\247tE\374\213S\030\367=N\370\223"
 116      B17EA774 
 116      45FC8B53 
 116      18F73D4E 
 116      F893
 117 01d5 530E4CEA 		.ascii	"S\016L\352\001\223\012z\244\346\2204k^\013\232Y!\303"
 117      01930A7A 
 117      A4E69034 
 117      6B5E0B9A 
 117      5921C3
 118 01e8 C7DD9A1A 		.ascii	"\307\335\232\032\211\030>\012\363f\315\003\001\003\011"
 118      89183E0A 
 118      F366CD03 
 118      010309
 119 01f7 138A2003 		.ascii	"\023\212 \003\213\333\317\374\006ba\341\247\023+\325"
 119      8BDBCFFC 
 119      066261E1 
 119      A7132BD5 
 120 0207 3E358428 		.ascii	">5\204(:kcU'*\300\"[\021&T\357^v\245\332*B@3\177\307"
 120      3A6B6355 
 120      272AC022 
 120      5B112654 
 120      EF5E76A5 
 121 0222 6F6EA224 		.ascii	"on\242$\227\356=\307\206\022U\307\376\337\2170\036\376"
 121      97EE3DC7 
 121      861255C7 
 121      FEDF8F30 
 121      1EFE
 122 0234 4DFB1196 		.ascii	"M\373\021\226\376\350\227\364%\366#*>\241\267\364\372"
 122      FEE897F4 
 122      25F6232A 
ARM GAS  /tmp/ccEXSZNr.s 			page 9


 122      3EA1B7F4 
 122      FA
 123 0245 380FF2FE 		.ascii	"8\017\362\376k\033TJ\277P\262\354p\203\335\324\326~"
 123      6B1B544A 
 123      BF50B2EC 
 123      7083DDD4 
 123      D67E
 124 0257 A6FDC429 		.ascii	"\246\375\304);\325e\267\235>g\237O]\270\330e\267\246"
 124      3BD565B7 
 124      9D3E679F 
 124      4F5DB8D8 
 124      65B7A6
 125 026a 3A3A529D 		.ascii	"::R\235\366\261\226\346\246\346\313v\347\245\366\326"
 125      F6B196E6 
 125      A6E6CB76 
 125      E7A5F6D6 
 126 027a 865681CE 		.ascii	"\206V\201\316\037Y[7B"
 126      1F595B37 
 126      42
 127              		.text
 128              		.section	.gnu.lto_nvicSetSystemHandlerPriority.da42a2e7478e4a57,"",%progbits
 129 0000 789C7D92 		.ascii	"x\234}\222\335K\024Q\024\300\357\231;;3\273\356\207"
 129      DD4B1451 
 129      14C0EF99 
 129      3B3B33BB 
 129      EE87
 130 0012 D28B8158 		.ascii	"\322\213\201Xo\022T\223\020\030\364\024>\364$\201\375"
 130      6F125493 
 130      1018F414 
 130      3EF42481 
 130      FD
 131 0023 05668292 		.ascii	"\005f\202\222\272\241\021\275\355ug\327\362\241\020"
 131      BAA111BD 
 131      ED7567D7 
 131      F2A110
 132 0032 53294D22 		.ascii	"S)M\"*\254\314\257\276WM\267\355\203\014*\202\210(\211"
 132      2AACCCAF 
 132      BE574DB7 
 132      ED830C2A 
 132      82882889 
 133 0046 2CB1100D 		.ascii	",\261\020\015\277\"\311t:\347\336\225\"\252\013s\346"
 133      BF22C974 
 133      3AE7DE95 
 133      22AA0B73 
 133      E6
 134 0057 DE737FE7 		.ascii	"\336s\177\347\363\036\235\001\243U\2453\266\023\377"
 134      F31E9D01 
 134      A355A533 
 134      B613FF
 135 0066 DBF1030F 		.ascii	"\333\361\003\017\003\255\361\031cu\226\246\361\201\\"
 135      03ADF119 
 135      637596A6 
 135      F1815C
 136 0075 267CFA2B 		.ascii	"&|\372+\233\011?\007]\251u\000\332\010\013XD\343:D\340"
 136      9B093F07 
 136      5DA97500 
 136      DA080B58 
ARM GAS  /tmp/ccEXSZNr.s 			page 10


 136      44E33A44 
 137 008a ABB6A241 		.ascii	"\253\266\242A\352\350dB\333\324)p\275\177\370e\233\270"
 137      EAE86442 
 137      DBD42970 
 137      BD7FF865 
 137      9BB8
 138 009c 94843867 		.ascii	"\224\2048g\314\325d\010\006\235\260\011\251\027\261"
 138      CCD56408 
 138      069DB009 
 138      A917B1
 139 00ab BE337C51 		.ascii	"\2763|Q\213s\000\035\217sO\333>\006\351\250\301F<:'"
 139      8B73001D 
 139      8F734FDB 
 139      3E06E9A8 
 139      C1463C3A 
 140 00c0 87872C6E 		.ascii	"\207\207,n\003\303\375\214\030\2553\362.\012\021\025"
 140      03C3FD8C 
 140      18AD33F2 
 140      2E0A1115 
 141 00d0 225126BC 		.ascii	"\"Q&\274q\316\341\012p\364\007\227!\007.A\016C\025\203"
 141      71CEE10A 
 141      70F40797 
 141      21072E41 
 141      0E431583 
 142 00e4 2EC843BA 		.ascii	".\310C\272+\372i\206\363\002i\3310\272\362\321L[\256"
 142      2BFA6986 
 142      F30269D9 
 142      30BAF2D1 
 142      4C5BAE
 143 00f7 A42DAFFE 		.ascii	"\244-\257\376\305\262\033\362\010\377\320\277\332\022"
 143      C5B21BF2 
 143      08FFD0BF 
 143      DA12
 144 0105 306294F8 		.ascii	"0b\224\370\306\206\265\214\241\007\014l\016\240\242"
 144      C686B58C 
 144      A1070C6C 
 144      0EA0A2
 145 0114 B738295C 		.ascii	"\2678)\\\327\021\342\2641x\002\326i@!=\350B7H\230$,"
 145      D711E2B4 
 145      317802D6 
 145      6940213D 
 145      E8423748 
 146 012b 125E123E 		.ascii	"\022^\022>\022\031(<~\022\001:\006\201b\205h\233I\""
 146      1219283C 
 146      7E12013A 
 146      06816285 
 146      689B4922 
 147 013f 8B0463B3 		.ascii	"\213\004c\263\030\210:9\247i\364\347\343\020{\355,\034"
 147      18883A39 
 147      A769F4E7 
 147      E3107BED 
 147      2C1C
 148 0151 E714DBE1 		.ascii	"\347\024\333\341\324\323\345\245gwMj\017\207\014\350"
 148      D4D3E5A5 
 148      67774D6A 
 148      0F870CE8 
 149 0161 C5BC69CD 		.ascii	"\305\274i\315i\234\015\344\362\317\240\023H\025$\022"
ARM GAS  /tmp/ccEXSZNr.s 			page 11


 149      699C0DE4 
 149      F2CFA013 
 149      48152412 
 150 0171 D36FCDC8 		.ascii	"\323o\315\310\2128&Df\234\033\256F\231\367A\204\356"
 150      8A382644 
 150      669C1BAE 
 150      4699F741 
 150      84EE
 151 0183 5AE3A9E7 		.ascii	"Z\343\251\347\322\205){\343|\037Y\010\"zJ\242&\325K"
 151      D285297B 
 151      E37C1F59 
 151      08227A4A 
 151      A226D54B 
 152 0197 EAD1B6AE 		.ascii	"\352\321\266\256\003g\241\243\256Q\252-\270\206\257"
 152      0367A1A3 
 152      AE51AA2D 
 152      B886AF
 153 01a6 DA4FF1F0 		.ascii	"\332O\361\360\316\235\272\326\343E\223l\362q\035\316"
 153      CE9DBAD6 
 153      E345936C 
 153      F2711DCE 
 154 01b6 820C0B37 		.ascii	"\202\014\0137 \022\347^\231\217.\323\237\004\347G\375"
 154      2012E75E 
 154      998F2ED3 
 154      9F04E747 
 154      FD
 155 01c7 6AFB0E95 		.ascii	"j\373\016\225\276GU\3203\277\330cPx\035Bp\023=\"\325"
 155      BE4755D0 
 155      33BFD863 
 155      50781D42 
 155      70133D22 
 156 01dc 6A288428 		.ascii	"j(\204(D^\306.\274\363*d\311u\335\020\334R\330|\375"
 156      445EC62E 
 156      BCF32A64 
 156      C975DD10 
 156      DC52D87C 
 157 01f1 98478126 		.ascii	"\230G\201&\262\010>t\277%C\012\324\340\266\204R\303"
 157      B2083E74 
 157      BF25430A 
 157      D4E0B684 
 157      52C3
 158 0203 E7B628C6 		.ascii	"\347\266(\306\372\275V\237\254\265.1\324\354QG\361\306"
 158      FABD569F 
 158      ACB52E31 
 158      D4EC5147 
 158      F1C6
 159 0215 11411ABF 		.ascii	"\021A\032\277S\321q\213\012\245\327n\007|\207\014H\340"
 159      53D1718B 
 159      0AA5D76E 
 159      077C870C 
 159      48E0
 160 0227 4CDC49D7 		.ascii	"L\334I\327:\335\362\370\212\317\356\0261\234]?\014`"
 160      3ADDF2F8 
 160      8ACFEE16 
 160      319C5D3F 
 160      0C60
 161 0239 B1AB727E 		.ascii	"\261\253r~\361\352|SGa~\257\210\241\351M\274\015\300"
ARM GAS  /tmp/ccEXSZNr.s 			page 12


 161      F1EA7C53 
 161      47617EAF 
 161      88A1E94D 
 161      BC0DC0
 162 024c 20D8989A 		.ascii	" \330\230\232\234\355!\310g\262\374\261\365*\033\257"
 162      9CED21C8 
 162      67B2FCB1 
 162      F52A1BAF 
 163 025c AA3E35DF 		.ascii	"\252>5\337\327\351W\031s\270\253\312jKW\357C\012\221"
 163      D7E95719 
 163      73B8ABCA 
 163      6A4B57EF 
 163      430A91
 164 026f B6C1C527 		.ascii	"\266\301\305'\036\205X0\254\220\331\372\007i?\031H\364"
 164      1E855830 
 164      AC90D9FA 
 164      07693F19 
 164      48F4
 165 0281 C6272E5B 		.ascii	"\306'.[Dx\300\005\030\201\034\264E*\272Z\377 [Q~\004"
 165      4478C005 
 165      18811CB4 
 165      452ABA5A 
 165      FF205B51 
 166 0297 55FC4553 		.ascii	"U\374ESi\002\330\020\324+g\217\3164\203R\207\034N]\230"
 166      6902D810 
 166      D42B678F 
 166      CE348352 
 166      871C4E5D 
 167 02ac 58EE1E08 		.ascii	"X\356\036\010*\217\006$\327b\216\245m3%G!\234%|\317"
 167      2A8F0624 
 167      D7628EA5 
 167      6D332547 
 167      219C257C 
 168 02c1 A6B43A4B 		.ascii	"\246\264:Kz\315\244\246\267\216o \335\237\375\014\374"
 168      7ACDA4A6 
 168      B78E6F20 
 168      DD9FFD0C 
 168      FC
 169 02d2 BF9BF7FE 		.ascii	"\277\233\367\376\321\315\002jf\352W3\357C>FcS\020Mv"
 169      D1CD026A 
 169      66EA5733 
 169      EF433E46 
 169      6353104D 
 170 02e7 EC96B346 		.ascii	"\354\226\263Fk\026\207\032\247\014\3557o\265\013\313"
 170      6B16871A 
 170      A70CED37 
 170      6FB50BCB 
 171 02f7 2BF655EC 		.ascii	"+\366U\354\331k\207k\355\362\222J\373`\270\346P\255"
 171      D96B876B 
 171      EDF2924A 
 171      FB60B8E6 
 171      50AD
 172 0309 5D1AAEAA 		.ascii	"]\032\256\252\012W\333\273\212\213\012\213\216\330\325"
 172      0A57DBBB 
 172      8A8B0A8B 
 172      8ED8D5
 173 0318 872B4AB7 		.ascii	"\207+J\267\2262\263\274\244z\177eY\215~\260\246\"\374"
ARM GAS  /tmp/ccEXSZNr.s 			page 13


 173      9632B3BC 
 173      A47A7F65 
 173      598D7EB0 
 173      A622FC
 174 032b 1395FA82 		.ascii	"\023\225\372\202\274"
 174      BC
 175              		.text
 176              		.section	.gnu.lto_nvicClearPending.da42a2e7478e4a57,"",%progbits
 177 0000 789C2551 		.ascii	"x\234%Q\317KTQ\024\276\337=\357\215#8\343\037\320@B"
 177      CF4B5451 
 177      14BEDF3D 
 177      EF8D2338 
 177      E31FD040 
 178 0015 0B11C3EB 		.ascii	"\013\021\303\353\254[\205\213Vb\330_P\203\340\200\316"
 178      AC5B858B 
 178      5662D85F 
 178      5083E080 
 178      CE
 179 0026 8446B4F3 		.ascii	"\204F\264\363:o\336\2705\313\221\"\221@q\264t\374\265"
 179      3A6FDEB8 
 179      35CB9122 
 179      914071B4 
 179      74FCB5
 180 0039 5057C3C3 		.ascii	"PW\303\303M\013\013\241]\020Q \021\025\3430Q\013\235"
 180      4D0B0BA1 
 180      5D105120 
 180      1115E330 
 180      510B9D
 181 004c E99CF72E 		.ascii	"\351\234\367.\334{\316\371\370\316w\316\271\307QPr~"
 181      DC7BCEF9 
 181      F8CE77CE 
 181      B9C75150 
 181      727E
 182 005e B219647B 		.ascii	"\262\031d{\215/HA\317\277Wj6\256\001ql\034jFc\006\177"
 182      8D2F4841 
 182      CFBF576A 
 182      36AE0171 
 182      6C1C6A46 
 183 0075 F4954630 		.ascii	"\364\225F0w~\244\373\326-\237/k\177\007m\245\006\237"
 183      777EA4FB 
 183      D62D9F2F 
 183      6B7F076D 
 183      A5069F
 184 0088 946AEB50 		.ascii	"\224j\353PIa\035}\314:+\356\274\242\246\366\011p8\274"
 184      49611D7D 
 184      CC3A2BEE 
 184      BCA2A6F6 
 184      097038BC 
 185 009c 387DF92D 		.ascii	"8}\371-)\241F\017\207W\366y9I\006\212\375\027\301\342"
 185      29A1460F 
 185      8757F679 
 185      3949068A 
 185      FD17C1E2 
 186 00b0 A744EF9A 		.ascii	"\247D\357\232\265\005k\237\216\331N\237\010\233 \326"
 186      B5056B9F 
 186      8ED94E9F 
 186      089B20D6 
ARM GAS  /tmp/ccEXSZNr.s 			page 14


 187 00c0 C30652A8 		.ascii	"\303\006R\250 \245\030Rx\203^\241\177\335m-&bE)\337"
 187      20A51852 
 187      78835EA1 
 187      7FDD6D2D 
 187      26624529 
 188 00d5 1315C55B 		.ascii	"\023\025\305[\304d\214\352h\315\266\333\236\265K\351"
 188      C4648CEA 
 188      68CDB6DB 
 188      9EB54BE9 
 189 00e5 EF37E280 		.ascii	"\3577\342\200dh\316uH\036\207\037\327\025O\251:\247"
 189      6468CE75 
 189      481E871F 
 189      D7154FA9 
 189      3AA7
 190 00f7 C960175A 		.ascii	"\311`\027Z\213\245sx\215Rk\371\256(y\244=\002\027z\267"
 190      8BA57378 
 190      8D526BF9 
 190      AE2879A4 
 190      3D02177A 
 191 010c 7A7CD925 		.ascii	"z|\331%-\273p\261\305]0\353\262t\342D$\212H\317V\267"
 191      2DBB70B1 
 191      C55D30EB 
 191      B274E244 
 191      248A48CF 
 192 0122 8F124272 		.ascii	"\217\022Brp\035\333\021\251^\372H\021\311A\177\212\251"
 192      701DDB11 
 192      A95EFA48 
 192      11C9417F 
 192      8AA9
 193 0134 0C161A73 		.ascii	"\014\026\032sM\035\201.\343\214\004eH\314\032e?\370"
 193      4D1D812E 
 193      E38C0465 
 193      48CC1A65 
 193      3FF8
 194 0146 D0211AB1 		.ascii	"\320!\032\261\360?\016^\377\376\327\025\2056\360l\222"
 194      F03F0E5E 
 194      FFFED715 
 194      8536F06C 
 194      92
 195 0157 A1855F8D 		.ascii	"\241\205_\215\303\344\012\226ge\352n\237:\260\303?S"
 195      C3E40A96 
 195      6765EA6E 
 195      9F3AB0C3 
 195      3F53
 196 0169 E5729270 		.ascii	"\345r\222p\372yo\276\333l\331\"\357!\216]\254\240\025"
 196      FA796FBE 
 196      DB6CD922 
 196      EF218E5D 
 196      ACA015
 197 017c EE42B436 		.ascii	"\356B\2646\233\025JWm\2213o\371\324\211=\030\0360\334"
 197      9B154A57 
 197      6D91336F 
 197      F9D4893D 
 197      181E30DC 
 198 0190 D33ED2DC 		.ascii	"\323>\322\334\214\372\201B\355\354\216\264\022\256\257"
 198      8CFA8142 
 198      EDEC8EB4 
ARM GAS  /tmp/ccEXSZNr.s 			page 15


 198      12AEAF
 199 019f AE215FC2 		.ascii	"\256!_\302\224\233\003fh<\373 ;r\317\344\247\315\370"
 199      949B0366 
 199      683CFB20 
 199      3B72CFE4 
 199      A7CDF8
 200 01b2 FD09F330 		.ascii	"\375\011\3630?\365h\332d\362\223\223\371\234\271=:<"
 200      3FF568DA 
 200      64F29393 
 200      F99CB93D 
 200      3A3C
 201 01c4 34FCC4E4 		.ascii	"4\374\304\344\036g3\003\031\205\334\177\220h\261\231"
 201      1E673303 
 201      1985DC7F 
 201      9068B199 
 202              		.text
 203              		.section	.gnu.lto_.symbol_nodes.da42a2e7478e4a57,"",%progbits
 204 0000 789C55CA 		.ascii	"x\234U\312\271\021\2000\020C\321/\037\015P\001\364@"
 204      B9118030 
 204      1043D12F 
 204      1F0D5001 
 204      F440
 205 0012 5714B15B 		.ascii	"W\024\261[\002\225`\256\210\230\230\2320dV\242\231'"
 205      029560AE 
 205      8898989A 
 205      306456A2 
 205      9927
 206 0024 25C4444D 		.ascii	"%\304DMXd0?P\353\362\241J\221\251\225U\026\032\311\207"
 206      5864303F 
 206      50EBF2A1 
 206      4A91A995 
 206      55161AC9 
 207 0039 F00E62D8 		.ascii	"\360\016b\330d\261\231\264\313\322/\340\336\177\237"
 207      64B199B4 
 207      CBD22FE0 
 207      DE7F9F
 208 0048 CC7D8EBC 		.ascii	"\314}\216\274|_\030\326"
 208      7C5F18D6 
 209              		.text
 210              		.section	.gnu.lto_.refs.da42a2e7478e4a57,"",%progbits
 211 0000 789C6361 		.ascii	"x\234ca`d`c```dbbfb\000\000\000\263\000\026"
 211      60646063 
 211      60606064 
 211      62626662 
 211      000000B3 
 212              		.text
 213              		.section	.gnu.lto_.decls.da42a2e7478e4a57,"",%progbits
 214 0000 789C9D57 		.ascii	"x\234\235WkPTG\026\276\347\366 0\014\240\220lY)\262"
 214      6B505447 
 214      16BEE7F6 
 214      20300CA0 
 214      906C5929 
 215 0015 4552A424 		.ascii	"ER\244$\273\033F\324\332\332\255\332*\315\216\354\312"
 215      BB1B46D4 
 215      DADAADDA 
 215      2ACD8EEC 
 215      CA
ARM GAS  /tmp/ccEXSZNr.s 			page 16


 216 0026 8F24D490 		.ascii	"\217$\324\220\270U\373c)\304\311\302\026\217\024\014"
 216      B855FB63 
 216      29C4C9C2 
 216      168F140C 
 217 0036 5BF1D75E 		.ascii	"[\361\327^\036A\300\027\340\003\025Q\344!(\250\240\250"
 217      1E41C017 
 217      E0031551 
 217      E42128A8 
 217      A0A8
 218 0048 08A26344 		.ascii	"\010\242cD\004\024\203FP@\344\241(\012\262\030@\004"
 218      04148346 
 218      5040E4A1 
 218      280AB218 
 218      4004
 219 005a 5F7BBAFB 		.ascii	"_{\272\373\336\2713\023a\255\334\342\314\275\247\373"
 219      DEB93313 
 219      61ADDCE2 
 219      CCBDA7FB 
 220 006a EBEF7C7D 		.ascii	"\353\357|}\272\373\334\213F\000\201^\313\027\010\302"
 220      BAFBDC8B 
 220      4600815E 
 220      CB1708C2 
 221 007a 7BA22054 		.ascii	"{\242 T\242\373\032/'l[\215\206M\302\011\264\263\002"
 221      A2FB1A2F 
 221      276C5B8D 
 221      864DC209 
 221      B4B302
 222 008d BF687B03 		.ascii	"\277h{\003Z\023Z\013\332\025\264kh\224\245]\260\277"
 222      5A135A0B 
 222      DA15B46B 
 222      6894A55D 
 222      B0BF
 223 009f 28CE4DE6 		.ascii	"(\316M\346\361B{G\346Y\204\366\005\232+\016rA\233\306"
 223      F1427B47 
 223      E65984F6 
 223      059A2B0E 
 223      72419BC6 
 224 00b3 E74768C3 		.ascii	"\347Gh\303h\004\355\205\300\011gd\336\006\341\347W\323"
 224      6804ED85 
 224      C0096764 
 224      DE06E1E7 
 224      57D3
 225 00c5 5B720FCB 		.ascii	"[r\017\313\334\323\362\\4\300\371A\346p\274\350\234"
 225      DCD3F25C 
 225      34C0F941 
 225      E670BCE8 
 225      9C
 226 00d6 3CE6E0D5 		.ascii	"<\346\340\325\002\317G5Z\033\332o\321\377\030m\001\360"
 226      02CF4735 
 226      5A1BDA6F 
 226      D1FF186D 
 226      01F0
 227 00e8 3894D717 		.ascii	"8\224\327\027x\254\2269rC\363\246\235%N\310\033\364"
 227      78AC9639 
 227      7243F3A6 
 227      9D254EC8 
 227      1BF4
ARM GAS  /tmp/ccEXSZNr.s 			page 17


 228 00fa 839C1390 		.ascii	"\203\234\023\220\307:^/E\270\226Z\271\207L\210\340\245"
 228      C73A5E2F 
 228      45B8965A 
 228      B9874C88 
 228      E0A5
 229 010c 050DBA4F 		.ascii	"\005\015\272OZw\337\365@\367\035-\370\242[S\377x\011"
 229      5A77DFF5 
 229      40F71D2D 
 229      F8A25B53 
 229      FF7809
 230 011f EFF441EF 		.ascii	"\357\364A\357\360p\366\"m\272\204WV\212\344\325\344"
 230      F070F622 
 230      6DBA8457 
 230      568AE4D5 
 230      E4
 231 0130 41DBCBC0 		.ascii	"A\333\313\300\007J\301\007c\034\002\224\006z\0378\210"
 231      074AC107 
 231      631C0294 
 231      067A1F38 
 231      88
 232 0141 2EA20B87 		.ascii	".\242\013\207Z\233\235\370\340\367\321m\337:\262\031"
 232      5A9B9DF8 
 232      E0F7D16D 
 232      DF3AB219 
 233 0151 38F31050 		.ascii	"8\363\020P\377Y\375\214\216\210\200P\315\361\344\336"
 233      FF59FD8C 
 233      8E888050 
 233      CDF1E4DE 
 234 0161 FD1EE0EF 		.ascii	"\375\036\340\357\003H\006\332\003,\202$\211\002T\201"
 234      034806DA 
 234      032C8224 
 234      89025481 
 235 0171 160E0351 		.ascii	"\026\016\003Q\364\356\2260\372\330\177h3>\273\260;\266"
 235      F4EE9630 
 235      FAD87F68 
 235      333EBBB0 
 235      3BB6
 236 0183 244B6385 		.ascii	"$Kc\205\322\274\205\002,\365\201\305>\002\034\001\177"
 236      D2BC8502 
 236      2CF581C5 
 236      3E021C01 
 236      7F
 237 0194 D6254025 		.ascii	"\326%@%\022\036\345r\262\232\277\257'^Y2\367\012`\334"
 237      121EE572 
 237      B29ABFAF 
 237      275E5932 
 237      F70A60DC 
 238 01a8 15D85FCE 		.ascii	"\025\330_\316\324\037\003/e\016\024\335u\351J\352<\255"
 238      D41F032F 
 238      650E14DD 
 238      75E94AEA 
 238      3CAD
 239 01ba CC9DF5FF 		.ascii	"\314\235\365\377\2707\027\254\317u\265\345>>\027\367"
 239      B83717AC 
 239      CF75B5E5 
 239      3E3E17F7 
 240 01ca 83ACA62C 		.ascii	"\203\254\246,']&\345\226\363X\015^6\211<\001:\266nx"
ARM GAS  /tmp/ccEXSZNr.s 			page 18


 240      275D26E5 
 240      96F3580D 
 240      5E36893C 
 240      013AB66E 
 241 01df 47744FD3 		.ascii	"GtO\323\301r\272@\213\264@\217\230'6\035\0359=\355\316"
 241      C172BA40 
 241      8BB4408F 
 241      9827361D 
 241      1D393DED 
 242 01f4 9B285FEF 		.ascii	"\233(_\357t\331_\002*\224\2449\253k{}\313O\305\316d"
 242      74D95F02 
 242      2A94A439 
 242      AB6B7B7D 
 242      CB4FC5CE 
 243 0209 3E05898D 		.ascii	">\005\211\215\233\216\037s\003\177\236\334\276\251b"
 243      9B8E1F73 
 243      037F9EDC 
 243      BEA962
 244 0218 DD69499A 		.ascii	"\335iI\232\017u\250\3634\020\250\201\000\032q\021U\230"
 244      0F75A8F3 
 244      3410A881 
 244      001A7111 
 244      5598
 245 022a AE0A13AC 		.ascii	"\256\012\023\254\252\240\026\347\215\361(\020Na\343"
 245      AAA016E7 
 245      8DF12810 
 245      4E61E3
 246 0239 493EF383 		.ascii	"I>\363\203\305\331\205\363H\010\013\261\253\372\320"
 246      C5D985F3 
 246      48080BB1 
 246      ABFAD0
 247 0248 94D61A62 		.ascii	"\224\326\032b<mY\005\015q\026C\234QC\324\301\3541\352"
 247      3C6D5905 
 247      0D711643 
 247      9C5143D4 
 247      C1EC31EA 
 248 025c DF10838E 		.ascii	"\337\020\203\216\3078\207\262\333kI7t\002\036\021\230"
 248      C73887B2 
 248      DB6B4937 
 248      74021E11 
 248      98
 249 026d CF26087C 		.ascii	"\317&\010|w\343\215\232\300\215\271\370 *\333^i\002"
 249      77E38D9A 
 249      C08DB9F8 
 249      202ADB5E 
 249      6902
 250 027f 05487FF1 		.ascii	"\005H\177\361G\004\271M\260\222\261?y<+g\354b$*;\310"
 250      4704B94D 
 250      B092B13F 
 250      793C2B67 
 250      EC62242A 
 251 0295 83C0AA80 		.ascii	"\203\300\252\200u\013\274\337\312\312o\242:\300\206"
 251      750BBCDF 
 251      CACA6FA2 
 251      3AC086
 252 02a4 8FCB95E9 		.ascii	"\217\313\225\351T\315\3269\201\262~y7\006\212D\222\002"
 252      54CDD639 
ARM GAS  /tmp/ccEXSZNr.s 			page 19


 252      81B27E79 
 252      37068A44 
 252      9202
 253 02b6 6C95D78F 		.ascii	"l\225\327\217\024w\210\032:}\232\3215\032\332v\357\366"
 253      1477881A 
 253      3A7D9AD1 
 253      351ADA76 
 253      EFF6
 254 02c8 F94E4F6B 		.ascii	"\371NOk\333y`\215\271;\266O:/\334!\037S_\015\254\376"
 254      DB79608D 
 254      B93BB64F 
 254      3A2FDC21 
 254      1F535F0D 
 255 02de 95CDE6BA 		.ascii	"\225\315\346\272\000\013\361\367{\204\262\020\027\326"
 255      000BF1F7 
 255      7B84B210 
 255      17D6
 256 02ec 8FA68B1F 		.ascii	"\217\246\213\037\026H\005\225R_g\313\237v\244HM8\316"
 256      16480595 
 256      525F67CB 
 256      9F76A448 
 256      4D38CE
 257 02ff 97C2C0A2 		.ascii	"\227\302\300\242\256\232\205\235A8\007\335(\265\001"
 257      AE9A859D 
 257      413807DD 
 257      28B501
 258 030e 3EA4E7F7 		.ascii	">\244\347\367N\375\030!\347g\027\327\331Q\270tV\031"
 258      4EFD1821 
 258      E76717D7 
 258      D951B874 
 258      5619
 259 0320 97988C46 		.ascii	"\227\230\214FE\306\353\221\364\227n\\\206\245\272Q'"
 259      45C6EB91 
 259      F4976E5C 
 259      86A5BA51 
 259      27
 260 0331 6525D163 		.ascii	"e%\321c\204 \270\250\212\270h+\242\211\211\250z6\234"
 260      8420B8A8 
 260      8AB8682B 
 260      A28989A8 
 260      7A369C
 261 0344 42C88F5C 		.ascii	"B\310\217\\D\321\326\3553 \223LXI\350L\232U\222f[\222"
 261      44D1D6ED 
 261      3320934C 
 261      5849E84C 
 261      9A559266 
 262 035a 1646525F 		.ascii	"\026FR_\232\033L\3068\307\321\255\345\375\032\231\243"
 262      9A1B4CC6 
 262      38C7D1AD 
 262      E5FD1A99 
 262      A3
 263 036b F692AD90 		.ascii	"\366\222\255\220\313*\307e[\216+\214\3032V\274\223\220"
 263      CB2AC765 
 263      5B8E2B8C 
 263      C33256BC 
 263      9390
 264 037d 2456CE60 		.ascii	"$V\316`\270\374~\207\207\335\001\247\365@\235\374U~"
ARM GAS  /tmp/ccEXSZNr.s 			page 20


 264      B8FC7E87 
 264      87DD01A7 
 264      F5409DFC 
 264      557E
 265 038f C011D97C 		.ascii	"\300\021\331|\341r2ay\30369oi\365\371w4\263&\256\215"
 265      E1723261 
 265      79C33639 
 265      6F69F5F9 
 265      7734B326 
 266 03a5 25EE0725 		.ascii	"%\356\007%qw\253\366\214iQo\037\236\270S9\211\251Ei"
 266      7177ABF6 
 266      8C69516F 
 266      1F9EB853 
 266      3989A945 
 267 03ba 962C6028 		.ascii	"\226,`(hU\005\267\312%\024\2561\261\247\0072R\265\037"
 267      685505B7 
 267      CA2514AE 
 267      31B1A707 
 267      3252B51F 
 268 03ce 5488FBB0 		.ascii	"T\210\373\260\204b\351\241<#\355}\225\204\264p\375\373"
 268      8462E9A1 
 268      3C23ED7D 
 268      9584B470 
 268      FDFB
 269 03e0 5BC77768 		.ascii	"[\307wh\311-\356\\h\220\272<?*\222\3320Hg\346?\252\222"
 269      C92DEE5C 
 269      6890BA3C 
 269      3F2A92DA 
 269      304867E6 
 270 03f7 2D52C60A 		.ascii	"-R\306\012V\261n`\000\314\240M\241\373\021[\256\303"
 270      56B16E60 
 270      00CCA04D 
 270      A1FB115B 
 270      AEC3
 271 0409 0702B4C3 		.ascii	"\007\002\264\303Gt{\226\334+p\345o\000i\236\315\313"
 271      47747B96 
 271      DC2B70E5 
 271      6F00699E 
 271      CDCB
 272 041b C58BBF5C 		.ascii	"\305\213\277\\\216\014\235\333\243\345o\004I\244\033"
 272      8E0C9DDB 
 272      A3E56F04 
 272      49A41B
 273 042a F7F1F47B 		.ascii	"\367\361\364{2Zc\323\355%w?\2762X\250\221\341\363\251"
 273      325A63D3 
 273      ED25773F 
 273      BE3258A8 
 273      91E1F3A9 
 274 043e B0F13D4F 		.ascii	"\260\361=Ot\244\237\253\034H\311\221t\034\274\234\256"
 274      74A49FAB 
 274      1C48C991 
 274      741CBC9C 
 274      AE
 275 044f C04CB745 		.ascii	"\300L\267E3\373\253\352\216\362\252\352\341U\254\265"
 275      33FBABEA 
 275      8EF2AAEA 
 275      E155ACB5 
ARM GAS  /tmp/ccEXSZNr.s 			page 21


 276 045f A8AFCC53 		.ascii	"\250\257\314S\255\337f\266\213\273\021\336\305\340\275"
 276      ADDF66B6 
 276      8BBB11DE 
 276      C5E0BD
 277 046e AC7EDF51 		.ascii	"\254~\337Q\352wu\375\223\022eZ\004\375\354\244\3612"
 277      EA7775FD 
 277      9312655A 
 277      04FDECA4 
 277      F132
 278 0480 D97F41FB 		.ascii	"\331\177A\373O=\272\327'r\241}\316\350'\015U\256'd\230"
 278      4F3DBAD7 
 278      2772A17D 
 278      CEE8270D 
 278      55AE2764 
 279 0495 0BAD4D29 		.ascii	"\013\255M)\257t\347\340_\243\373\352\342\311c\272\331"
 279      AF74E7E0 
 279      5FA3FBEA 
 279      E2C963BA 
 279      D9
 280 04a6 850E2A42 		.ascii	"\205\016*B\357q\241\235/s\322\335\034\205\016 \274\237"
 280      EF71A19D 
 280      2F73D2DD 
 280      1C850E20 
 280      BC9F
 281 04b8 C1EF33A1 		.ascii	"\301\3573\241\203\212\320\301\362\201\"-\231\344\201"
 281      838AD0C1 
 281      F281222D 
 281      99E481
 282 04c7 4FE477EC 		.ascii	"O\344w\354u\233=\322\220\022I\317\002\335\357y\\\241"
 282      759B3DD2 
 282      901249CF 
 282      02DDEF79 
 282      5CA1
 283 04d9 9303A528 		.ascii	"\223\003\245(\201T\364C\026hH\011\324V\232\336F(w\312"
 283      8154F443 
 283      16684809 
 283      D4569ADE 
 283      462877CA 
 284 04ed DB15751C 		.ascii	"\333\025u\034\222\337\366\274\310\3316\300\243\271\002"
 284      92DFF6BC 
 284      C8D936C0 
 284      A3B902
 285 04fc BCCE1BCB 		.ascii	"\274\316\033\313\327\221\031>\223\037\036\236\254\022"
 285      D791193E 
 285      931F1E9E 
 285      AC12
 286 050a 492A61CE 		.ascii	"I*a\316\311\373\315\215\312.\241\237\025\275\235\355"
 286      C9FBCD8D 
 286      CA2EA19F 
 286      15BD9DED 
 287 051a 553A92C1 		.ascii	"U:\222\301;3\216\016lp\"9\334\351\357y\220\351Ar\271"
 287      3B338E0E 
 287      6C702239 
 287      DCE9EF79 
 287      90E94172 
 288 052f 73A931F9 		.ascii	"s\2511\371_d?\177\236\256z2\341\302)\012\3506\255yz"
 288      5F643F7F 
ARM GAS  /tmp/ccEXSZNr.s 			page 22


 288      9EAE7A32 
 288      E1C2290A 
 288      E836AD79 
 289 0544 DA28EFB3 		.ascii	"\332(\357\263%\364\345~3{99\300\241\023\231\337M\311"
 289      25F4E57E 
 289      337B3939 
 289      C0A11399 
 289      DF4DC9
 290 0557 5F4B7465 		.ascii	"_Kte\353\006\332\222\347X\275)%\247OAN\352\3162w\307"
 290      EB06DA92 
 290      E758BD29 
 290      25A74F41 
 290      4EEACE32 
 291 056d D5BB85F0 		.ascii	"\325\273\205\360\233\014\376\214\315yJ\231s\373\236"
 291      9B0CFE8C 
 291      CD794A99 
 291      73FB9E
 292 057c 9251BB4D 		.ascii	"\222Q\273M\371h\016\264.\265t\262\301\023\374\350\345"
 292      F9680EB4 
 292      2EB574B2 
 292      C113FCE8 
 292      E5
 293 058d EDE7E78F 		.ascii	"\355\347\347\217\267B)5I\352;\236\027[R\222&e\205\303"
 293      B7422935 
 293      49EA3B9E 
 293      175B5292 
 293      266585C3 
 294 05a1 301ED99F 		.ascii	"0\036\331\237\360\200\276\006ouu\364\224*\020\177\204"
 294      F080BE06 
 294      6F7575F4 
 294      942A107F 
 294      84
 295 05b2 421AC8D2 		.ascii	"B\032\310\322\3617\012\305}\004we\250\262\273\240\217"
 295      F1370AC5 
 295      7D047765 
 295      A8B2BBA0 
 295      8F
 296 05c3 852D030E 		.ascii	"\205-\003\016FnK\027\003O#xR\006+\362\240\003l\210)"
 296      466E4B17 
 296      034F2378 
 296      52062BF2 
 296      A0036C88 
 297 05d8 B6EDA64E 		.ascii	"\266\355\246N\021\361\330QD\0278\250\270\305\210\361"
 297      11F1D851 
 297      441738A8 
 297      B8C588F1 
 298 05e8 D8C16D19 		.ascii	"\330\301m\031\253\034F\374\002\260b\263\345\324H`\026"
 298      AB1C46FC 
 298      02B062B3 
 298      E5D44860 
 298      16
 299 05f9 600201E3 		.ascii	"`\002\001\343\254\217\302q\267A\262\350\0173\340\007"
 299      AC8FC271 
 299      B741B2E8 
 299      0F33E007 
 300 0609 49A21FA4 		.ascii	"I\242\037\244\242\245\240\275D\377;\274Kh\317\361\371"
 300      A2A5A0BD 
ARM GAS  /tmp/ccEXSZNr.s 			page 23


 300      44FF3BBC 
 300      4B68CFF1 
 300      F9
 301 061a 15DA0BF0 		.ascii	"\025\332\013\360c\305\221\353\274\241\352|\340\250\263"
 301      63C591EB 
 301      BCA1EA7C 
 301      E0A8B3
 302 0629 CF5167AD 		.ascii	"\317Qg\2555[O\034\263\245W\223\305\276\207,'\220\030"
 302      355B4F1C 
 302      B3A55793 
 302      C5BE872C 
 302      279018
 303 063c EB2D8204 		.ascii	"\353-\202\004\271,\013V\236s\271\357bh\334\321\224\352"
 303      B92C0B56 
 303      9E73B9EF 
 303      6268DCD1 
 303      94EA
 304 064e BF8E54A3 		.ascii	"\277\216T\243?K\374\031U\344\230\243\310QG\221\327\255"
 304      3F4BFC19 
 304      55E498A3 
 304      C8514791 
 304      D7AD
 305 0660 22471C99 		.ascii	"\"G\034\231\273l\230i1\352\350m\000\322\315\266\272"
 305      BB6C9869 
 305      31EAE86D 
 305      00D2CDB6 
 305      BA
 306 0671 D8949A9F 		.ascii	"\330\224\232\237\207_s\336\\}O\256H\325\247\213\336"
 306      875F73DE 
 306      5C7D4FAE 
 306      48D5A78B 
 306      DE
 307 0682 90265ADF 		.ascii	"\220&Z\337+t2\263\254\003\254\307\364\377\322\245@-"
 307      2B7432B3 
 307      AC03ACC7 
 307      F4FFD2A5 
 307      402D
 308 0694 A505B737 		.ascii	"\245\005\2677\352\354\336\2414\266z\2662D\376\221\214"
 308      EAECDEA1 
 308      34B67AB6 
 308      3244FE91 
 308      8C
 309 06a5 77FAB95E 		.ascii	"w\372\271^W\323\357i\207\246o@\025\235)\2433\031z4u"
 309      57D3EF69 
 309      87A66F40 
 309      159D29A3 
 309      33197A34 
 310 06ba B0CF8D9F 		.ascii	"\260\317\215\237\342\205\350\356\256\233h\221\377Qq"
 310      E285E8EE 
 310      AE9B6891 
 310      FF5171
 311 06c9 A1E57BB4 		.ascii	"\241\345{\264\374\224;?\377\026\252\344\310\323\315"
 311      FC943B3F 
 311      FF16AAE4 
 311      C8D3CD
 312 06d8 B96E6490 		.ascii	"\271nd\220\274M\025\335\"\312'~1;\360y\235\257*\225"
 312      BC4D15DD 
ARM GAS  /tmp/ccEXSZNr.s 			page 24


 312      22CA277E 
 312      313BF079 
 312      9DAF2A95 
 313 06ec 236C510E 		.ascii	"#lQ\016\374&\321\0076\212\024\235%z)c(\372\330\326\222"
 313      FC26D107 
 313      368A149D 
 313      257A2963 
 313      28FAD8D6 
 314 0701 46175BF4 		.ascii	"F\027[\364\243\271\320gZ\247+<\310C.\353\372\330\225"
 314      A3B9D067 
 314      5AA72B3C 
 314      C8432EEB 
 314      FAD895
 315 0714 7C7946F4 		.ascii	"|yF\364\325X\177\375\366\0122\316\273&\257\336\356\007"
 315      D5587FFD 
 315      F60A32CE 
 315      BB26AFDE 
 315      EE07
 316 0726 32C59DD4 		.ascii	"2\305\235\324\313\315\245\316\3449w\356\335\237\251"
 316      CBCDA5CE 
 316      E43977EE 
 316      DD9FA9
 317 0735 C16F160D 		.ascii	"\301o\026\015s\016\214\024nr%i\3349|K\312pU\352y\326"
 317      730E8C14 
 317      6E722569 
 317      DC397C4B 
 317      CA7055EA 
 318 074b 5BD5F3BC 		.ascii	"[\325\363\274\361\236\207\362K\320\037\335-m\373\272"
 318      F19E87F2 
 318      4BD01FDD 
 318      2D6DFBBA 
 319 075b 5DE424D2 		.ascii	"]\344$\322\227\367\266\253\333\212\334\310FF\357V\273"
 319      97F7B6AB 
 319      DB8ADCC8 
 319      4646EF56 
 319      BB
 320 076c 6FD76FC0 		.ascii	"o\327o\300\333\217_X\252\3546P\036Nx7\233p\276\310w"
 320      DB8F5F58 
 320      AAEC3650 
 320      1E4E7837 
 320      9B70BEC8 
 321 0781 4F09EE9E 		.ascii	"O\011\356\236B\334%\245h\373\320\366\243\355E+F;\200"
 321      42DC25A5 
 321      68FBD0F6 
 321      A3ED452B 
 321      463B80
 322 0794 56805624 		.ascii	"V\200V$Z\017q\212d9\265\373\335]\354<\321\014n\307\375"
 322      5A0F718A 
 322      6439B5FB 
 322      DD5DEC3C 
 322      D10C6EC7 
 323 07a9 9A6FB377 		.ascii	"\232o\263w`\253h{B\222%\313\261.v\234\350\342\320sl"
 323      60AB687B 
 323      429225CB 
 323      B12E769C 
 323      E8E2D073 
 324 07be 07DE283A 		.ascii	"\007\336(:\024\2623\177\247\330l\321\0136\313\304\312"
ARM GAS  /tmp/ccEXSZNr.s 			page 25


 324      14B2337F 
 324      A7D86CD1 
 324      0B36CBC4 
 324      CA
 325 07cf 12       		.ascii	"\022"
 326 07d0 C106D1EE 		.ascii	"\301\006\321\356\240\242\220j\316Le\354p\224\261\321"
 326      A0A2906A 
 326      CE4C65EC 
 326      7094B1D1 
 327 07e0 0EBD0DD1 		.ascii	"\016\275\015\321{9z\227\250\205\235\216h\333BM\231\317"
 327      7B397A97 
 327      A8859D8E 
 327      68DB424D 
 327      99CF
 328 07f2 AACC7B1C 		.ascii	"\252\314{\034\2617\301QG\215\212\336\366\346t\330\226"
 328      B137C151 
 328      478D8ADE 
 328      F6E674D8 
 328      96
 329 0803 AABC2E56 		.ascii	"\252\274.V\252\020\345P\2520WuJji\266r\034\2716\210"
 329      AA10E550 
 329      AA305775 
 329      4A6A69B6 
 329      721CB936 
 330 0818 0E322BD5 		.ascii	"\0162+\325\300\271o\234\222\265\370\\\355\335~UCr\330"
 330      C0B96F9C 
 330      92B5F85C 
 330      EDDD7E55 
 330      4372D8
 331 082b 0E11F78E 		.ascii	"\016\021\367\216O\266z\200\267\377\033w\006\034\302"
 331      4FB67A80 
 331      B7FF1B77 
 331      061CC2
 332 083a 0DF14B36 		.ascii	"\015\361K6\007\237\335\265.\240\263;H\245\250\245\214"
 332      079FDDB5 
 332      2EA0B33B 
 332      48A5A8A5 
 332      8C
 333 084b 4E96FF77 		.ascii	"N\226\377w>v\255\306\335\256\224\034\264+<\345r)\241"
 333      3E76ADC6 
 333      DDAE941C 
 333      B42B3CE5 
 333      7229A1
 334 085e 774D4464 		.ascii	"wMDdx\274\313_?\377\312\327\020\030(h\303\302\022\243"
 334      78BCCB5F 
 334      3FFFCAD7 
 334      10182868 
 334      C3C212A3 
 335 0872 62CD4B97 		.ascii	"b\315K\227\204\231\227\351\023\023\342\365\341\3611"
 335      849997E9 
 335      1313E2F5 
 335      E1F131
 336 0881 9FC4C6C5 		.ascii	"\237\304\306\305\232>1\205\257\211\322G\305FD'\2565"
 336      9A3E3185 
 336      AF89D247 
 336      C5464427 
 336      AE35
ARM GAS  /tmp/ccEXSZNr.s 			page 26


 337 0893 E963C223 		.ascii	"\351c\302#\"\243bM\372\260\265\246\257\303\023\243\315"
 337      22A3624D 
 337      FAB0B5A6 
 337      AFC313A3 
 337      CD
 338 08a4 61E675DF 		.ascii	"a\346u\337\230\022\002\"\005\027e\364\307s\214NX\227"
 338      98120222 
 338      051765F4 
 338      C7738C4E 
 338      5897
 339 08b6 A00F4B30 		.ascii	"\240\017K0\257E(\016\231\037\373\357\250\210\240\330"
 339      AF45280E 
 339      991FFBEF 
 339      A888A0D8 
 340 08c6 F035D1A6 		.ascii	"\3605\321\246\325\246\010s\\\374\357\002\364\206\310"
 340      D5A60873 
 340      5CFCEF02 
 340      F486C8
 341 08d5 A835515F 		.ascii	"\2505Q_\204\352\343\022\364\221\341\321\372o\342\342"
 341      84EAE312 
 341      F491E1D1 
 341      FA6FE2E2 
 342 08e5 CD09FA88 		.ascii	"\315\011\372\210\270\230\230\270X\375\247\306\317\014"
 342      B89898B8 
 342      58FDA7C6 
 342      CF0C
 343 08f3 9F7DABA7 		.ascii	"\237}\253\247\243\002\"\204\005\364\2762*A\035\356C"
 343      A3022284 
 343      05F4BE32 
 343      2A411DEE 
 343      43
 344 0904 5B424DE6 		.ascii	"[BM\346\320u\011fS\314\252\360\330\265\321\246\370\220"
 344      D0750966 
 344      53CCAAF0 
 344      D8B5D1A6 
 344      F890
 345 0916 F8A8B8F8 		.ascii	"\370\250\270\370(\363:\026\314\020m\012\217\0171\305"
 345      28F33A16 
 345      CC106D0A 
 345      8F0F31C5 
 346 0926 A2807FBA 		.ascii	"\242\200\177\272FD\"pUx\264\331\327.l\274\331*7\"\022"
 346      46442270 
 346      5578B4D9 
 346      D72E6CBC 
 346      D92A3722 
 347 093b 05A3D0F7 		.ascii	"\005\243\320\367\347\"\026\334\303\302\276N\214\215"
 347      E72216DC 
 347      C3C2BE4E 
 347      8C8D
 348 0949 080B0BF8 		.ascii	"\010\013\013\370\375\322?\374\321E\361\\\215A\241A\306"
 348      FDD23FFC 
 348      D145F15C 
 348      8D41A141 
 348      C6
 349 095a D5412B97 		.ascii	"\325A+\227Y\237\226j\202\015!F\253\273D\023\034\032"
 349      599F966A 
 349      820D2146 
ARM GAS  /tmp/ccEXSZNr.s 			page 27


 349      ABBB4413 
 349      1C1A
 350 096c 62743172 		.ascii	"bt1r/\020;\203\324\316\305\330\031d\024\203C\002\355"
 350      2F103B83 
 350      D4CEC5D8 
 350      19641483 
 350      4302ED
 351 097f D4C9A930 		.ascii	"\324\311\2510}k\326\033>\013\015\016U\265\306\305\233"
 351      7D6BD61B 
 351      3E0B0D0E 
 351      55B5C6C5 
 351      9B
 352 0990 C2226216 		.ascii	"\302\"b\026\243\\\327\317W\007\033\302\276\304\205!"
 352      A35CD7CF 
 352      57071BC2 
 352      BEC48521 
 353 09a0 A1AB42AC 		.ascii	"\241\253B\254\214\201\304`0\222P\203\321\351\323`\243"
 353      8C81C460 
 353      30925083 
 353      D1E9D360 
 353      A3
 354 09b1 C188E142 		.ascii	"\301\210\341B\215N\206\220\257\202W:\205\256\302g\227"
 354      8D4E8690 
 354      AF82573A 
 354      85AEC267 
 354      97
 355 09c2 50C39FD9 		.ascii	"P\303\237\331\250\377\001\250L\265\231"
 355      A8FF01A8 
 355      4CB599
 356              		.text
 357              		.section	.gnu.lto_.symtab.da42a2e7478e4a57,"",%progbits
 358 0000 6E766963 		.ascii	"nvicEnableVector\000"
 358      456E6162 
 358      6C655665 
 358      63746F72 
 358      00
 359 0011 00       		.ascii	"\000"
 360 0012 00       		.ascii	"\000"
 361 0013 00       		.ascii	"\000"
 362 0014 00000000 		.ascii	"\000\000\000\000\000\000\000\000"
 362      00000000 
 363 001c C4000000 		.ascii	"\304\000\000\000"
 364 0020 6E766963 		.ascii	"nvicDisableVector\000"
 364      44697361 
 364      626C6556 
 364      6563746F 
 364      7200
 365 0032 00       		.ascii	"\000"
 366 0033 00       		.ascii	"\000"
 367 0034 00       		.ascii	"\000"
 368 0035 00000000 		.ascii	"\000\000\000\000\000\000\000\000"
 368      00000000 
 369 003d C8000000 		.ascii	"\310\000\000\000"
 370 0041 6E766963 		.ascii	"nvicSetSystemHandlerPriority\000"
 370      53657453 
 370      79737465 
 370      6D48616E 
ARM GAS  /tmp/ccEXSZNr.s 			page 28


 370      646C6572 
 371 005e 00       		.ascii	"\000"
 372 005f 00       		.ascii	"\000"
 373 0060 00       		.ascii	"\000"
 374 0061 00000000 		.ascii	"\000\000\000\000\000\000\000\000"
 374      00000000 
 375 0069 CA000000 		.ascii	"\312\000\000\000"
 376 006d 6E766963 		.ascii	"nvicClearPending\000"
 376      436C6561 
 376      7250656E 
 376      64696E67 
 376      00
 377 007e 00       		.ascii	"\000"
 378 007f 00       		.ascii	"\000"
 379 0080 00       		.ascii	"\000"
 380 0081 00000000 		.ascii	"\000\000\000\000\000\000\000\000"
 380      00000000 
 381 0089 CC000000 		.ascii	"\314\000\000\000"
 382 008d 63685379 		.ascii	"chSysHalt\000"
 382      7348616C 
 382      7400
 383 0097 00       		.ascii	"\000"
 384 0098 02       		.ascii	"\002"
 385 0099 00       		.ascii	"\000"
 386 009a 00000000 		.ascii	"\000\000\000\000\000\000\000\000"
 386      00000000 
 387 00a2 D1000000 		.ascii	"\321\000\000\000"
 388              		.text
 389              		.section	.gnu.lto_.opts,"",%progbits
 390 0000 272D666D 		.ascii	"'-fmath-errno' '-fsigned-zeros' '-ftrapping-math' '"
 390      6174682D 
 390      6572726E 
 390      6F272027 
 390      2D667369 
 391 0033 2D666E6F 		.ascii	"-fno-trapv' '-fno-openmp' '-fno-openacc' '-mcpu=cor"
 391      2D747261 
 391      70762720 
 391      272D666E 
 391      6F2D6F70 
 392 0066 7465782D 		.ascii	"tex-m0' '-mno-thumb-interwork' '-mthumb' '-ggdb' '-"
 392      6D302720 
 392      272D6D6E 
 392      6F2D7468 
 392      756D622D 
 393 0099 4F322720 		.ascii	"O2' '-Werror' '-fomit-frame-pointer' '-falign-funct"
 393      272D5765 
 393      72726F72 
 393      2720272D 
 393      666F6D69 
 394 00cc 696F6E73 		.ascii	"ions=16' '-ffunction-sections' '-fdata-sections' '-"
 394      3D313627 
 394      20272D66 
 394      66756E63 
 394      74696F6E 
 395 00ff 666E6F2D 		.ascii	"fno-common' '-flto'\000"
 395      636F6D6D 
 395      6F6E2720 
ARM GAS  /tmp/ccEXSZNr.s 			page 29


 395      272D666C 
 395      746F2700 
 396              		.text
 397              		.comm	__gnu_lto_v1,1,1
 398              		.comm	__gnu_lto_slim,1,1
 399              		.ident	"GCC: (GNU Tools for ARM Embedded Processors) 5.4.1 20160609 (release) [ARM/embedded-5-bran
ARM GAS  /tmp/ccEXSZNr.s 			page 30


DEFINED SYMBOLS
                            *ABS*:0000000000000000 nvic.c
                            *COM*:0000000000000001 __gnu_lto_v1
                            *COM*:0000000000000001 __gnu_lto_slim

NO UNDEFINED SYMBOLS
