ARM GAS  /tmp/cc4Pq6H3.s 			page 1


   1              		.syntax unified
   2              		.cpu cortex-m0
   3              		.fpu softvfp
   4              		.eabi_attribute 20, 1
   5              		.eabi_attribute 21, 1
   6              		.eabi_attribute 23, 3
   7              		.eabi_attribute 24, 1
   8              		.eabi_attribute 25, 1
   9              		.eabi_attribute 26, 1
  10              		.eabi_attribute 30, 2
  11              		.eabi_attribute 34, 0
  12              		.eabi_attribute 18, 4
  13              		.thumb
  14              		.syntax unified
  15              		.file	"vectors.c"
  16              		.text
  17              	.Ltext0:
  18              		.section	.gnu.lto_.profile.8390f9ff498cbb4f,"",%progbits
  19 0000 789C6361 		.ascii	"x\234ca`d`a`\000\222\014\014\000\000j\000\013"
  19      60646061 
  19      6000920C 
  19      0C00006A 
  19      000B
  20              		.text
  21              		.section	.gnu.lto_.icf.8390f9ff498cbb4f,"",%progbits
  22 0000 789C6361 		.ascii	"x\234ca`d\000\001>\006\004`bh\274}\352'\277\376\202"
  22      60640001 
  22      3E060460 
  22      6268BC7D 
  22      EA27BFFE 
  23 0015 BB2F1FF1 		.ascii	"\273/\037\3610\000\0002\240\006\307"
  23      30000032 
  23      A006C7
  24              		.text
  25              		.section	.gnu.lto_.jmpfuncs.8390f9ff498cbb4f,"",%progbits
  26 0000 789C6361 		.ascii	"x\234ca`d\000\001V\006\004\000\213\000\000\000\356\000"
  26      60640001 
  26      56060400 
  26      8B000000 
  26      EE00
  27 0012 0C       		.ascii	"\014"
  28              		.text
  29              		.section	.gnu.lto_.inline.8390f9ff498cbb4f,"",%progbits
  30 0000 789C6361 		.ascii	"x\234ca`d\000\001a\006\004\000\2120\001\011& \223\005"
  30      60640001 
  30      61060400 
  30      8A300109 
  30      26209305 
  31 0014 4C323000 		.ascii	"L20\000\000\003\272\000%"
  31      0003BA00 
  31      25
  32              		.text
  33              		.section	.gnu.lto_.pureconst.8390f9ff498cbb4f,"",%progbits
  34 0000 789C05C1 		.ascii	"x\234\005\301\007\002\301\000\020\000\260+\265i\255"
  34      0702C100 
  34      1000B02B 
  34      B569AD
ARM GAS  /tmp/cc4Pq6H3.s 			page 2


  35 000f 129BDADB 		.ascii	"\022\233\332\333\217\372\377_H\322H\242\212\210o\374"
  35      8FFAFF5F 
  35      48D248A2 
  35      8A886FFC 
  36 001f 123575A9 		.ascii	"\0225u\251\206\246\226\266\216\256\236\276\201Lnhdl"
  36      86A696B6 
  36      8EAE9EBE 
  36      814C6E68 
  36      646C
  37 0031 62AA3033 		.ascii	"b\25203\307\302\322\312\332\306\326\316\336A\351\350"
  37      C7C2D2CA 
  37      DAC6D6CE 
  37      DE41E9E8 
  38 0041 E4ECE2EA 		.ascii	"\344\354\342\352\346\356\341\351\345\355\343\017\227"
  38      E6EEE1E9 
  38      E5EDE30F 
  38      97
  39 004e 95094D   		.ascii	"\225\011M"
  40              		.text
  41              		.section	.gnu.lto__unhandled_exception.8390f9ff498cbb4f,"",%progbits
  42 0000 789C6361 		.ascii	"x\234ca`d\000\201J \266\005bS fde`d\232p\216\201\241"
  42      60640081 
  42      4A20B605 
  42      62532066 
  42      64656064 
  43 0019 91838991 		.ascii	"\221\203\211\221\031\304`dfd\201\010\260@\004\034\031"
  43      19C46064 
  43      66648108 
  43      B040041C 
  43      19
  44 002a 19EA9998 		.ascii	"\031\352\231\230Y\030\201\004\003\004|e\372\313\304"
  44      59188104 
  44      03047C65 
  44      FACBC4
  45 0039 78A8FDD9 		.ascii	"x\250\375\331N&\315\345\015@\360\340\350t\346\206\025"
  45      4E26CDE5 
  45      0D40F0E0 
  45      E874E686 
  45      15
  46 004a 07185B81 		.ascii	"\007\030[\201\012\3763A\3240.g\324d\000*{\264\361\337"
  46      0AFE3341 
  46      D4302E67 
  46      D464002A 
  46      7BB4F1DF 
  47 005e 545EB616 		.ascii	"T^\266\026\2202\005\210$\343\012F6\220C\326\007\035"
  47      90320588 
  47      24E30A46 
  47      369043D6 
  47      071D
  48 0070 68F8FFBF 		.ascii	"h\370\377\277\271\241a\262\341k&\240\300\007\240$#\220"
  48      B9A161B2 
  48      E16B26A0 
  48      C007A024 
  48      2390
  49 0082 64023AE1 		.ascii	"d\002:\341\003\320.\240\335\214\037\230X\2404\304\351"
  49      03D02EA0 
  49      DD8C1F98 
ARM GAS  /tmp/cc4Pq6H3.s 			page 3


  49      58A034C4 
  49      E9
  50 0093 D67AFACE 		.ascii	"\326z\372\316\031\231I\231\376\301\372\371\305\372\311"
  50      19994999 
  50      FEC1FAF9 
  50      C5FAC9
  51 00a2 F9B9B9F9 		.ascii	"\371\271\271\371y\372\305%\211E%\245\005\372\216A\276"
  51      79FAC525 
  51      894525A5 
  51      05FA8E41 
  51      BE
  52 00b3 CEBE1520 		.ascii	"\316\276\025 \321\202\314\234\324\242b}wgg\375\262\324"
  52      D182CC9C 
  52      D4A2627D 
  52      776767FD 
  52      B2D4
  53 00c5 E492FCA2 		.ascii	"\344\222\374\242b\275d\006\0003`C\242"
  53      62BD6406 
  53      00336043 
  53      A2
  54              		.text
  55              		.section	.gnu.lto__vectors.8390f9ff498cbb4f,"",%progbits
  56 0000 789C7595 		.ascii	"x\234u\225YO\023Q\030@\347\233i)\245\245E\334@\253\270"
  56      594F1351 
  56      1840E79B 
  56      6929A5A5 
  56      45DC40AB 
  57 0015 EFD2A82F 		.ascii	"\357\322\250/$\306\030S\023\037\2141\321\037`\224\220"
  57      24C61853 
  57      131F8C31 
  57      D11F6094 
  57      90
  58 0026 48A29650 		.ascii	"H\242\226P4\276Q#5\350\223F\014\017J\342\202\001Ejq"
  58      34BE5123 
  58      35E89346 
  58      0C0F4AE2 
  58      8201456A 
  59 003b A1B68856 		.ascii	"\241\266\210V\020\021\005\\Q+\212UPP\001\021k\210B\321"
  59      1011055C 
  59      512B8A55 
  59      50500111 
  59      6B8842D1 
  60 004f EF2E7D60 		.ascii	"\357.}`z;\017=\351\235\223\371\316\314\334\246\032\011"
  60      7A3B0F3D 
  60      E99D93F9 
  60      CECCDCA6 
  60      1A09
  61 0061 24724474 		.ascii	"$rDt\222\264NbGD\006\237\257\277SW\030q\026;\235!\327"
  61      92B44E62 
  61      4744069F 
  61      AFBF5357 
  61      1871163B 
  62 0078 F7CD692E 		.ascii	"\367\315i.E\372'\263S'\313\335\276\344\260\354R\000"
  62      45FA27B3 
  62      5327CBDD 
  62      BEE4B0EC 
  62      5200
ARM GAS  /tmp/cc4Pq6H3.s 			page 4


  63 008a 32269ACE 		.ascii	"2&\232\316:\240\036P\317\177\270\312\303\275\331*\317"
  63      3AA01E50 
  63      CF7FB8CA 
  63      C3BDD92A 
  63      CF
  64 009b 4135996A 		.ascii	"A5\231j\347\373\332Z\264L\233\245\322\014TS\250v\253"
  64      E7FBDA5A 
  64      B44C9BA5 
  64      D20C5453 
  64      A876AB
  65 00ae 7E6035B3 		.ascii	"~`5\263,\023\255\300\213\256\215l\254\206\212\225M\015"
  65      2C13ADC0 
  65      8BAE8D6C 
  65      AC868A95 
  65      4D0D
  66 00c0 5E60E64C 		.ascii	"^`\346Lq\236\226z\275\275\347J\214\314\233!\314K\240"
  66      719E967A 
  66      BDBDE74A 
  66      8CCC9B21 
  66      CC4BA0
  67 00d3 5AB8B435 		.ascii	"Z\270\2645hfZ\2720OG\265\301\242\317!\003\323\322T}"
  67      68665ABA 
  67      304F47B5 
  67      C1A2CF21 
  67      03D3D254 
  68 00e8 F5D1BE44 		.ascii	"\365\321\276Dj\376*u\035Md\346tq\237\236z\277\377\034"
  68      6AFE2A75 
  68      1D4D64E6 
  68      74719F9E 
  68      7ABFFF1C 
  69 00fc 1BD4336F 		.ascii	"\033\3243o\232\260/\211j\335\025\343\245\011L\233*\354"
  69      9AB02F89 
  69      6ADD15E3 
  69      A5094C9B 
  69      2AEC
  70 010e 3350EDE7 		.ascii	"3P\355\347X\231\227_m\212\252\317\033\3553\262\033\366"
  70      5899975F 
  70      6D8AAACF 
  70      1BED33B2 
  70      1BF6
  71 0120 1DF96B62 		.ascii	"\035\371kb\346dq_2\365jBc\2675\314K\025\366\231\250"
  71      E664715F 
  71      32F56A42 
  71      63B735CC 
  71      4B15F699 
  72 0135 56DCDCD5 		.ascii	"V\334\334\325\301_\307$a\237\231j\317\207Z\313\370\363"
  72      C15FC724 
  72      619F996A 
  72      CF875ACB 
  72      F8F3
  73 0147 4B51F5D5 		.ascii	"KQ\365\325D\373R\250\351\036\016\273\371\015\233\305"
  73      44FB52A8 
  73      E91E0EBB 
  73      F90D9BC5 
  74 0157 7D93A817 		.ascii	"}\223\250\027ywh\\f\236I\330\227J\265\013\337|\215|"
  74      7977685C 
  74      669E49D8 
ARM GAS  /tmp/cc4Pq6H3.s 			page 5


  74      974AB50B 
  74      DF7C8D7C 
  75 016b FB250BFB 		.ascii	"\373%\013\373&Sm\264\257$\310o\303\250\352;\035\355"
  75      26536DB4 
  75      AF24C86F 
  75      C3A8EA3B 
  75      1DED
  76 017d 9B42CDD7 		.ascii	"\233B\315\327\301\"\0377\015\342\276\251\254o\350i\204"
  76      C1221F37 
  76      0DE2BEA9 
  76      AC6FE869 
  76      84
  77 018e EFBF2461 		.ascii	"\357\277$a\3374\252U\325^\364\363\313\351\205}\323\325"
  77      DF34AA55 
  77      D55EF4F3 
  77      CBE9857D 
  77      D3D5
  78 01a0 BFD7C0A9 		.ascii	"\277\327\300\251hP\032{\241\307\\#\012\273\202N\034"
  78      68501A7B 
  78      A1C75C23 
  78      0ABB824E 
  78      1C
  79 01b1 944EBD9E 		.ascii	"\224N\275\236\321j?\177\361\011\302\240\031Tk)\367\217"
  79      D16A3F7F 
  79      F109C2A0 
  79      19546B29 
  79      F78F
  80 01c3 F16EAD30 		.ascii	"\361n\2550h&\325\236\025y\316\360\251\032U\337\211h"
  80      6826D59E 
  80      1579CEF0 
  80      A91A55DF 
  80      8968
  81 01d5 9F859A0D 		.ascii	"\237\205\232\015\303\236\012~AE\3347\213zM\377F\002"
  81      C39E0A7E 
  81      4145DC37 
  81      8B7A4DFF 
  81      4602
  82 01e7 FC97280B 		.ascii	"\374\227(\013\373f\253\237\004\017\312\240\353w\272"
  82      FB66AB9F 
  82      040FCAA0 
  82      EB77BA
  83 01f6 DB53B36A 		.ascii	"\333S\263j\235\305g\235N\275K\221a\225\005\272\241\020"
  83      9DC5679D 
  83      4EBD4B91 
  83      619505BA 
  83      A110
  84 0208 565BE013 		.ascii	"V[\340\023\342#X \204\374\200\354B\276G\276Cv\"\337"
  84      E2235820 
  84      84FC80EC 
  84      42BE47BE 
  84      437622DF 
  85 021c 2283C837 		.ascii	"\"\203\3107\310\327\310W\3105\026\350@\274\304\257/"
  85      C8D7C857 
  85      C83516E8 
  85      40BCC4AF 
  85      2F
  86 022d 90CF91CF 		.ascii	"\220\317\221\317\220O\221O\220\355\3106d+\3621\362\021"
ARM GAS  /tmp/cc4Pq6H3.s 			page 6


  86      904F914F 
  86      90EDC836 
  86      642BF231 
  86      F211
  87 023f B205F910 		.ascii	"\262\005\371\020\331\214|\200lB\336G6\"\033\220\367"
  87      D98C7C80 
  87      6C42DE47 
  87      36221B90 
  87      F7
  88 0250 9001E45D 		.ascii	"\220\001\344]\344\035d=\3626\262\016\351G\372\220\267"
  88      E41D643D 
  88      F236B20E 
  88      E947FA90 
  88      B7
  89 0261 905E642D 		.ascii	"\220^d-\362&\362\006\362:\362\032\262\006\351A^E\272"
  89      F226F206 
  89      F23AF21A 
  89      B206E941 
  89      5E45BA
  90 0274 91D5C82B 		.ascii	"\221\325\310+\310*\344e\344%d%\262\002\012\325;&\322"
  90      C82AE465 
  90      E4256425 
  90      B2020AD5 
  90      3B26D2
  91 0287 B99E3EA9 		.ascii	"\271\236>\25191O\320\313\336\300\334\230\023;\350\372"
  91      39314FD0 
  91      CBDEC0DC 
  91      98133BE8 
  91      FA
  92 0298 BC98751D 		.ascii	"\274\230u\035]\237\037\263)G\371\210\005\361F,\2143"
  92      5D9F1FB3 
  92      2947F988 
  92      05F1462C 
  92      8C33
  93 02aa 62519C11 		.ascii	"bQ\234\021\213cF\374\341#\226\304\033\2614\316\210e"
  93      8B6346FC 
  93      E12396C4 
  93      1BB134CE 
  93      8865
  94 02bc 71462C8F 		.ascii	"qF,\217\0311\302G\254\2107be\234\021\231\242\021\312"
  94      1931C247 
  94      AC883762 
  94      659C1199 
  94      A211CA
  95 02cf 5185FDA5 		.ascii	"Q\205\375\245\272{J*\265ls\036\327\272\024\315\270,"
  95      BA7B4A2A 
  95      B56C731E 
  95      D7BA14CD 
  95      B82C
  96 02e1 41180AC7 		.ascii	"A\030\012\307e\200_\0042\014\023(\360\223@\003C\004"
  96      65805F04 
  96      320C1328 
  96      F0934003 
  96      4304
  97 02f3 5AF84190 		.ascii	"Z\370A\220\000\203\004:\030 H\204~\002=|'H\202o\004"
  97      0083043A 
  97      18204884 
ARM GAS  /tmp/cc4Pq6H3.s 			page 7


  97      7E023D7C 
  97      2748826F 
  98 0308 06F84A60 		.ascii	"\006\370J`\204>\202d\350%0\301\027\0023|&H\201\036\310"
  98      843E8264 
  98      E82530C1 
  98      1702337C 
  98      2648811E 
  99 031d 92E0377E 		.ascii	"\222\3407~\254\315\264\332v\347\356\312\335\272\335"
  99      ACCDB4DA 
  99      76E7EECA 
  99      DDBADD
 100 032c 6A7758B3 		.ascii	"jwX\263\355{\367\332\367Y\035\005;\363\013\366\347Y"
 100      ED7BF7DA 
 100      F7591D05 
 100      3BF30BF6 
 100      E759
 101 033e 376CDB62 		.ascii	"7l\333b\333r\220\254\346\345\356\311\311wX7\331l\326"
 101      DB7290AC 
 101      E6E5EEC9 
 101      C9775837 
 101      D96CD6
 102 0351 0339D905 		.ascii	"\0039\331\005\366|Gf\266\364\037\217\214;\004"
 102      F67C4766 
 102      B6F41F8F 
 102      8C3B04
 103              		.text
 104              		.section	.gnu.lto_.symbol_nodes.8390f9ff498cbb4f,"",%progbits
 105 0000 789C55D3 		.ascii	"x\234U\3237NC\001\000\004\321u\"'\233\234\215\263q\""
 105      374E4301 
 105      0004D175 
 105      22279B9C 
 105      8DB37122 
 106 0014 E770113A 		.ascii	"\347p\021:D\215\004\210vhh\2508\202\317AE\316\030\004"
 106      448D0488 
 106      766868A8 
 106      3882CF41 
 106      45CE1804 
 107 0028 1C880F12 		.ascii	"\034\210\017\022\305V+=m;Q\205\264\023\221\024N!\235"
 107      C5562B3D 
 107      6D3B5185 
 107      B4139114 
 107      4E219D
 108 003b 37A4602E 		.ascii	"7\244`.\352\361\000\322\204\376\341\254\236\011 C\330"
 108      EAF100D2 
 108      84FEE1AC 
 108      9E092043 
 108      D8
 109 004c 214BC421 		.ascii	"!K\304!G\324!O\314\241@\223C\221f\207iZ\034J\264:\224"
 109      47D4214F 
 109      CCA14093 
 109      43916687 
 109      695A1C4A 
 110 0063 6973A8D0 		.ascii	"is\250\320\356P\245\303\241F\247\303\014]\016\263t;"
 110      EE50A5C3 
 110      A146A7C3 
 110      0C5D0EB3 
 110      743B
ARM GAS  /tmp/cc4Pq6H3.s 			page 8


 111 0075 CCD1E330 		.ascii	"\314\321\3430O\334a\201\204\303\"\275\016K\3649,\323"
 111      4FDC6181 
 111      84C322BD 
 111      0E4BF439 
 111      2CD3
 112 0087 EFB0C280 		.ascii	"\357\260\302\200\303*\203\016k\0149\2543\354\260\301"
 112      C32A830E 
 112      6B0C39AC 
 112      33ECB0C1 
 113 0097 88C326A3 		.ascii	"\210\303&\243\016[\2149l3\356p)&\\\256\304\244\313\265"
 113      0E5B8C39 
 113      6C33EE70 
 113      29265CAE 
 113      C4A4CBB5 
 114 00ab 48BADC88 		.ascii	"H\272\334\210)\227[\221r\271\023i\227{\221qy\020Y\227"
 114      29975B91 
 114      72B91369 
 114      977B9171 
 114      79105997 
 115 00bf 47917379 		.ascii	"G\221sy\022y\227gQpy\021E\227W1\355\362&J.\015Qvy\027"
 115      12799767 
 115      51707911 
 115      45975731 
 115      EDF2264A 
 116 00d9 15970F51 		.ascii	"\025\227\017Q5\211}J\247\011U\217\367v\217\366\017\016"
 116      35897D4A 
 116      A709558F 
 116      F7768FF6 
 116      0F0E
 117 00eb 03F85228 		.ascii	"\003\370R(\031\204\024\372\026\265\277\253tR\377\225"
 117      198414FA 
 117      16B5BFAB 
 117      7452FF95 
 118 00fb 1F575CCE 		.ascii	"\037W\\\316\002"
 118      02
 119              		.text
 120              		.section	.gnu.lto_.refs.8390f9ff498cbb4f,"",%progbits
 121 0000 789C15C4 		.ascii	"x\234\025\304\305\001\302@\000\000\301\273M\220\340"
 121      C501C240 
 121      0000C1BB 
 121      4D90E0
 122 000f 16DC3558 		.ascii	"\026\3345X\2002\350\277!\330yL\032b\370\306\020bL\376"
 122      8032E8BF 
 122      21D8794C 
 122      1A62F8C6 
 122      10624CFE 
 123 0023 6189A556 		.ascii	"a\211\245V\261\252\325\254n\2315\254i-k[\307\272\326"
 123      B1AAD5AC 
 123      6E9935AC 
 123      692D6B5B 
 123      C7BAD6
 124 0036 B3BE0D6C 		.ascii	"\263\276\015lh#\313ml\023\233\332\314\346\266\260\245"
 124      6823CB6D 
 124      6C139BDA 
 124      CCE6B6B0 
 124      A5
 125 0047 AD6C6D1B 		.ascii	"\255lm\033\333\332\316\366v\260\243\235\354l\027+\354"
ARM GAS  /tmp/cc4Pq6H3.s 			page 9


 125      DBDACEF6 
 125      76B0A39D 
 125      EC6C172B 
 125      EC
 126 0058 6A37BBDB 		.ascii	"j7\273\333\303\236V\376{\277x\363!\002\011)\025\252"
 126      C39E56FE 
 126      7BBF78F3 
 126      21020929 
 126      15AA
 127 006a D4A893D1 		.ascii	"\324\250\223\321\240I\2136\035\272\364\3503`\310\210"
 127      A0498B36 
 127      1DBAF4E8 
 127      3360C888 
 128 007a 9C3113A6 		.ascii	"\2341\023\246\314\230\263`\311\2125\033\266\354\330"
 128      CC98B360 
 128      C98A351B 
 128      B6ECD8
 129 0089 73E0C889 		.ascii	"s\340\310\2113\027\012\256\334\270\363\340I\031~\324"
 129      33170AAE 
 129      DCB8F3E0 
 129      49197ED4 
 130 0099 F70A9A   		.ascii	"\367\012\232"
 131              		.text
 132              		.section	.gnu.lto_.decls.8390f9ff498cbb4f,"",%progbits
 133 0000 789CB59A 		.ascii	"x\234\265\232{PUG\236\307o\337>\010\\\270`\320\314f"
 133      7B505547 
 133      9EC76FDF 
 133      3E085CB8 
 133      60D0CC66 
 134 0014 6AD98DA6 		.ascii	"j\331\215\246\314\216[S#jL4\265\265U\253\354f2U\353"
 134      CC8E5B53 
 134      236A4C34 
 134      B5B555AB 
 134      EC663255 
 135 0029 243599F8 		.ascii	"$5\231\370\317l\025\213pW\251\010\272\\\310N\252\266"
 135      CF6C158B 
 135      7057A908 
 135      BA5CC84E 
 135      AAB6
 136 003b 2A474054 		.ascii	"*G@TT\020\037\274_\362P\020\024\270(\242\274Q\336\250"
 136      54101FBC 
 136      5FF25010 
 136      14B828A2 
 136      BC51DEA8 
 137 004f BC419187 		.ascii	"\274A\221\207\242\240\202\200\200\310\233\375\235~\234"
 137      A2A08280 
 137      80C89BFD 
 137      9D7E9C
 138 005e 83CC71FE 		.ascii	"\203\314q\3768U{+\337{Ow\177\273\177\237\356_\237\007"
 138      38557B2B 
 138      DF7B4F77 
 138      7FBB7F9F 
 138      EE5F9F07 
 139 0072 9E083AA4 		.ascii	"\236\010:\244\223>~\377\240\323}#\350t\377\256\327\351"
 139      933E7EFF 
 139      A0D37D23 
 139      E874FFAE 
ARM GAS  /tmp/cc4Pq6H3.s 			page 10


 139      D7E9
 140 0084 96E083A1 		.ascii	"\226\340\203\241n\217N\371l\006]\001\225\202*A\365\240"
 140      6E8F4EF9 
 140      6C065D01 
 140      95822A41 
 140      F5A0
 141 0096 265007A8 		.ascii	"&P\007\250\033\324\017z\001\032\005\275\001\315\201"
 141      1BD40F7A 
 141      011A05BD 
 141      01CD81
 142 00a5 100C6D0D 		.ascii	"\020\014m\0152\202\326\200~\011\372\030\364)\350\327"
 142      3282D680 
 142      7E09FA18 
 142      F429E8D7 
 143 00b5 A02DA0ED 		.ascii	"\240-\240\355\240\177\006\271\202~\007\372\006\364="
 143      A07F06B9 
 143      827E07FA 
 143      06F43D
 144 00c4 E84F2077 		.ascii	"\350O w\320>\2207\310\014\372\011\3643\350\010\350\004"
 144      D03E9037 
 144      C80CFA09 
 144      F433E808 
 144      E804
 145 00d6 281C1409 		.ascii	"(\034\024\011\212\007\245\2002@\331\240\353\240BP9\250"
 145      8A07A580 
 145      3240D9A0 
 145      EBA04250 
 145      39A8
 146 00e8 1A741774 		.ascii	"\032t\027t\037\004S\323}\002_\033\364\272w>\322\274"
 146      1F0453D3 
 146      7D025F1B 
 146      F4BA773E 
 146      D2BC
 147 00fa D0B2F922 		.ascii	"\320\262\371\"V\267\362#\365\265\202\337A0\254\205_"
 147      56B7F223 
 147      F5B582DF 
 147      4130AC85 
 147      5F
 148 010b 3B285B83 		.ascii	";([\203\326\203>\200\262=\374\376\002\364!\310\011d"
 148      D6833E80 
 148      B23DFCFE 
 148      02F421C8 
 148      0964
 149 011d 04FD0DE8 		.ascii	"\004\375\015\350\357@k@\216\240\265\240_\202V\203\034"
 149      EF406B40 
 149      8EA0B5A0 
 149      5F825683 
 149      1C
 150 012e 40CEA0BF 		.ascii	"@\316\240\277\007\375\2554\006\310EGy\253\031\177!\233"
 150      07FDAD34 
 150      06C84547 
 150      79AB197F 
 150      219B
 151 0140 4F369B5F 		.ascii	"O6\233_\012\233o$\233\377\011\266\036?\263\3651\263"
 151      0A9B6F24 
 151      9BFF09B6 
 151      1E3FB3F5 
ARM GAS  /tmp/cc4Pq6H3.s 			page 11


 151      31B3
 152 0152 F5DAC7D6 		.ascii	"\365\332\307\326\357Ol=\277a\353\353\312\326{;[\377"
 152      EF4F6C3D 
 152      BF61EBEB 
 152      CAD67B3B 
 152      5BFF
 153 0164 5FB37C7C 		.ascii	"_\263||\314\362\263\206\345K\312\233\224\2779\226\317"
 153      CCF2B386 
 153      E54BCA9B 
 153      94BF3996 
 153      CF
 154 0175 5196DF7E 		.ascii	"Q\226\337~\226\357\016\226\377z\266\037\244}!\255\261"
 154      96EF0E96 
 154      FF7AB61F 
 154      A47D21AD 
 154      B1
 155 0186 B4762BD7 		.ascii	"\264v+\327wA\217.\207\267\335\302]\350\001\202&\264"
 155      77418F2E 
 155      87B7DDC2 
 155      5DE80182 
 155      26B4
 156 0198 9AAE32A2 		.ascii	"\232\2562\242\337\210HGE\212p\240\327\261\261x\025\342"
 156      DF884847 
 156      458A70A0 
 156      D7B1B178 
 156      15E2
 157 01aa 46E91BBE 		.ascii	"F\351\033\276\364\210\325\351\344\301\310\177\254?\331"
 157      F488D5E9 
 157      E4C1C87F 
 157      AC3FD9
 158 01b9 C3E44306 		.ascii	"\303\344C\006QFG\254\023\222\011H\263\216\266\313\243"
 158      514647AC 
 158      13920948 
 158      B38EB6CB 
 158      A3
 159 01ca D21FBDD2 		.ascii	"\322\037\275\322a\331x\024\227\015\2470\313sB|\322\243"
 159      61D97814 
 159      970DA730 
 159      CB73427C 
 159      D2A3
 160 01dc 79578FDA 		.ascii	"yW\217\332a=\222\216{g\322\277\332\224%\302\347\264"
 160      613D928E 
 160      7B67D2BF 
 160      DA9425C2 
 160      E7B4
 161 01ee 28EA5D94 		.ascii	"(\352]\224\225i\012\312\211\303\223z\344d@\002\024_"
 161      95690ACA 
 161      89C3937A 
 161      E4644002 
 161      145F
 162 0200 DF8DE977 		.ascii	"\337\215\351w\200\342Z\003Z\007\305\205\332\330\030"
 162      80E25A03 
 162      5A07C585 
 162      DAD818
 163 020f FD4711A4 		.ascii	"\375G\021\244_\240\270N@{~\2012\2213\272\214\234!P\026"
 163      5FA0B84E 
 163      407B7E81 
ARM GAS  /tmp/cc4Pq6H3.s 			page 12


 163      329133BA 
 163      8C9C2150 
 164 0224 FA08BEF7 		.ascii	"\372\010\276\367\012t\244\351\276\267\367\214\237$\211"
 164      0A74A4E9 
 164      BEB7F78C 
 164      9F2489
 165 0233 39B9625F 		.ascii	"9\271b_\370\314\326h\261,\010\272}\"\271P:\302(\003"
 165      F8CCD668 
 165      B12C08BA 
 165      7D22B950 
 165      3AC22803 
 166 0247 6D92E8E0 		.ascii	"m\222\350\340P\372\271\204\272\000\373\012\372D\002"
 166      50FAB984 
 166      BA00FB0A 
 166      FA4402
 167 0256 ADE84FD0 		.ascii	"\255\350O\320\343\377 \240w\037\275\312\262\302\373"
 167      E3FF20A0 
 167      771FBDCA 
 167      B2C2FB
 168 0265 C9714EDC 		.ascii	"\311qN\334|\223\215\000\271\310&}$\274\371\370\033\266"
 168      7C938D00 
 168      B9C8267D 
 168      24BCF9F8 
 168      1BB6
 169 0277 94762D14 		.ascii	"\224v-\024\213O\226<\023\014\307\030\236S\215\203\324"
 169      8B4F963C 
 169      130CC718 
 169      9E538D83 
 169      D4
 170 0288 A0F05990 		.ascii	"\240\360Y\220\001\276]\234Q.\024\301\336\177i1r\025"
 170      01BE5D9C 
 170      512E14C1 
 170      DE7F6931 
 170      7215
 171 029a EDFD2114 		.ascii	"\355\375!\024'\322-\0116t\256\351\010\312m\323\305\263"
 171      27D22D09 
 171      3674AEE9 
 171      08CA6DD3 
 171      C5B3
 172 02ac F6D85B0A 		.ascii	"\366\330[\012-\344\005\364^p@\033\235\021\014\206\014"
 172      2DE405F4 
 172      5E70401B 
 172      9D110C86 
 172      0C
 173 02bd 17F9C2E9 		.ascii	"\027\371\302\351\320Md@\327\011\016\371\304\210\020"
 173      D04D6440 
 173      D7090EF9 
 173      C48810
 174 02cc 7DEC67A9 		.ascii	"}\354g\251\032\216m\310/\324\004\210c\311\342\252\217"
 174      1A8E6DC8 
 174      2FD40488 
 174      63C9E2AA 
 174      8F
 175 02dd 74E83367 		.ascii	"t\3503g\264\331Y\207\362\321F\322\244C\0050\340\015"
 175      B4D95987 
 175      F2D146D2 
 175      A4430530 
ARM GAS  /tmp/cc4Pq6H3.s 			page 13


 175      E00D
 176 02ef 8A5336D1 		.ascii	"\212S6\3212h\343t\232\215\375/\210\214}\015\332\363"
 176      3268E374 
 176      9A8DFD2F 
 176      888C7D0D 
 176      DAF3
 177 0301 08FD2DE4 		.ascii	"\010\375-\344\304\347 \271\003\0073;\205\365\276\211"
 177      C4E720B9 
 177      0307333B 
 177      85F5BE89 
 178 0311 62D43AD2 		.ascii	"b\324:\322\004UOg\272;\035\005iK\027\242\365\304\224"
 178      04554F67 
 178      BA3B1D05 
 178      694B17A2 
 178      F5C494
 179 0324 51DA1265 		.ascii	"Q\332\022e\205\217!\262|3\226\336\327\266\322\362\025"
 179      858F21B2 
 179      7C3396DE 
 179      D7B6D2F2 
 179      15
 180 0335 C3EA1721 		.ascii	"\303\352\027!\001\345 A\252O|\0307h\005\211\352K\022"
 180      01E52041 
 180      AA4F7C18 
 180      37680589 
 180      EA4B12
 181 0348 CBC64CE2 		.ascii	"\313\306L\342q=I\321U\236\"T\002\326\253l\212\250\224"
 181      713D49D1 
 181      559E2254 
 181      02D6AB6C 
 181      8AA894
 182 035b 64282825 		.ascii	"d((%\365\371*\034\212\336\223\226\277\312V\301\330\336"
 182      F5F92A1C 
 182      8ADE9396 
 182      BFCA56C1 
 182      D8DE
 183 036d C1B90D31 		.ascii	"\301\271\0151\312)N\310\320\371\255\214f\\\246)\223"
 183      CA294EC8 
 183      D0F9AD8C 
 183      665CA629 
 183      93
 184 037e 69EE80B3 		.ascii	"i\356\200\263\214\323T\022\232\344\007\205\017lq\222"
 184      8CD35412 
 184      9AE40785 
 184      0F6C7192 
 185 038e 269A1A35 		.ascii	"&\232\0325\232Z\210QMi\356]\312\315\265e8\2232N\225"
 185      9A5A8851 
 185      4D69EE5D 
 185      CACDB565 
 185      3893324E 
 186 03a3 8C5307D6 		.ascii	"\214S\007\326*\216SOpz\242sK\020\266h\302\271\247\206"
 186      2A8E534F 
 186      707AA273 
 186      4B10B668 
 186      C2B9A786 
 187 03b7 731F62DC 		.ascii	"s\037b\334\2458\245K\223Sv\014gJ\306i\220q\032\301\332"
 187      A538A54B 
 187      9353760C 
ARM GAS  /tmp/cc4Pq6H3.s 			page 14


 187      674AC669 
 187      90711AC1 
 188 03cc C0719A08 		.ascii	"\300q\232\010NX\303\375!#\276\255\011\247U\015\247\015"
 188      4E58C3FD 
 188      2123BEAD 
 188      09A7550D 
 188      A70D
 189 03de 62B4509C 		.ascii	"b\264P\234\224\340\211xG\2063-\3434\3138\355`m\3468"
 189      94E08978 
 189      4786332D 
 189      E334CB38 
 189      ED606DE6 
 190 03f3 1D04E7C5 		.ascii	"\035\004\347\305\323\204.;\334\256\011\347\241\032N"
 190      D3842E3B 
 190      DCAE09E7 
 190      A11A4E
 191 0402 17C47840 		.ascii	"\027\304x@q.\216\277i_\305pfe\234N\031\347\021X;9N7"
 191      712E8EBF 
 191      695FC570 
 191      66659C4E 
 191      19E71158 
 192 041a C17970B3 		.ascii	"\301yp\263\274\332\210{5\341\364\251\341<\206\030\275"
 192      BCDA887B 
 192      35E1F4A9 
 192      E13C8618 
 192      BD
 193 042b 1427A0E6 		.ascii	"\024'\240\346r\222\201\341\314\3138=2\316\023\260\366"
 193      729281E1 
 193      CCCB383D 
 193      32CE13B0 
 193      F6
 194 043c 709C7E82 		.ascii	"p\234~\202S\2330\027e\217\237k\302\031P\303\031\204"
 194      539B3017 
 194      658F9F6B 
 194      C21950C3 
 194      1984
 195 044e 18CF28CE 		.ascii	"\030\317(\316\334\302\035\013O\326\242\214\363T\306"
 195      DCC21D0B 
 195      4FD6A28C 
 195      F354C6
 196 045d 790ED6A7 		.ascii	"y\016\326\247\034\347\005\301\311\352<\032a\300\257"
 196      1CE705C1 
 196      C9EA3C1A 
 196      61C0AF
 197 046c 35E10CAB 		.ascii	"5\341\014\253\341\274\202\030C\024gIl\0249\316\351*"
 197      E1BC8218 
 197      43146749 
 197      6C1439CE 
 197      E92A
 198 047e 7BF1F47A 		.ascii	"{\361\364z\302\363R\346\031\001\357K\3163Jx\322+'\323"
 198      C2F352E6 
 198      1901EF4B 
 198      CE334A78 
 198      D22B27D3 
 199 0492 309ED5C4 		.ascii	"0\236\325\3043\256\3063\0011^S\236\266\201\332B\314"
 199      33AEC633 
 199      01315E53 
ARM GAS  /tmp/cc4Pq6H3.s 			page 15


 199      9EB681DA 
 199      42CC
 200 04a4 78CE283C 		.ascii	"x\316(<c2\317$x\3078\317\033\3023\034\262\330a\304\301"
 200      6332CF24 
 200      78C738CF 
 200      1BC2331C 
 200      B2D861C4 
 201 04b9 7A2D3CD3 		.ascii	"z-<\323j<3\020\343-\345i\010)\211\347W\236s\012\317"
 201      6A3C3310 
 201      E32DE569 
 201      082989E7 
 201      579E730A 
 202 04ce 94CC330B 		.ascii	"\224\3143\013\336)\3163Gx\036^\237\2527\342HM<\213j"
 202      DE29CE33 
 202      47781E5E 
 202      9FAA37E2 
 202      484D3C8B 
 203 04e3 3C4B1063 		.ascii	"<K\020c\201]\227\2033F\035\030O\204\3023/\363\210zA"
 203      815D9783 
 203      33461D18 
 203      4F84C233 
 203      2FF3887A 
 204 04f8 2A519EC3 		.ascii	"*Q\236\303z\211\247u:<I\217\2234\361\004\351Ux\216@"
 204      7A89A775 
 204      3A3C498F 
 204      9334F104 
 204      E955788E 
 205 050d 8C403DE1 		.ascii	"\214@=\341\031|\224\023l\303x\242\024\236\000=\347\011"
 205      197C9413 
 205      6CC378A2 
 205      149E003D 
 205      E709
 206 051f 062F9428 		.ascii	"\006/\224(\317Q\302Ss$\357\255\003\316\326\304\023\242"
 206      CF51C253 
 206      7324EFAD 
 206      03CED6C4 
 206      13A2
 207 0531 C6730262 		.ascii	"\306s\002b\034\247<\217\006\007\242\371\372\304(<\307"
 207      1CA73C8F 
 207      0607A2F9 
 207      FAC4283C 
 207      C7
 208 0542 649E93E0 		.ascii	"d\236\223\340=\306yN\021\236\266\264\2237lp\251&\236"
 208      3DC6794E 
 208      119EB6B4 
 208      93376C70 
 208      A9269E
 209 0555 D36A3CE1 		.ascii	"\323j<\341\020#\214\362deZ\006\215\214'N\341\011\225"
 209      10238CF2 
 209      64655A06 
 209      8D8C274E 
 209      E10995
 210 0568 79CE8037 		.ascii	"y\316\2007\224\363\234%<S\311\347\363mq\215&\236\010"
 210      94F39C25 
 210      3C53C9E7 
 210      F36D718D 
 210      269E08
ARM GAS  /tmp/cc4Pq6H3.s 			page 16


 211 057b 359E4888 		.ascii	"5\236H\210q\236\362\204\205\225\217\360[W\202\302sN"
 211      719EF284 
 211      85958FF0 
 211      5B5782C2 
 211      734E
 212 058d E68902EF 		.ascii	"\346\211\002\3579\316\023MxnF\205X\254q\223&\23685\236"
 212      39CE134D 
 212      786E4685 
 212      58AC7193 
 212      269E3835 
 213 05a2 7888114B 		.ascii	"x\210\021Ky\356\225T\344\013\214'G\341\211\221y\022"
 213      79EE9554 
 213      E40B8C27 
 213      47E18991 
 213      7912
 214 05b4 C01BC379 		.ascii	"\300\033\303y\022\011\317\322\365\330`+\374P\023O\262"
 214      1209CFD2 
 214      F5D8602B 
 214      FC50134F 
 214      B2
 215 05c5 1A4F0AC4 		.ascii	"\032O\012\304\270@y\272\273\363fx\276,\012O\222\314"
 215      B84079BA 
 215      BBF36678 
 215      BE2C0A4F 
 215      92CC
 216 05d7 930ADE24 		.ascii	"\223\012\336$\316\223Fx\352\273g\317 \334\257\211']"
 216      CE934678 
 216      EABB67CF 
 216      20DCAF89 
 216      275D
 217 05e9 8D270362 		.ascii	"\215'\003b\\\242<11\235e\210\361\344+<\027e\236\313"
 217      5CA23C31 
 217      319D6588 
 217      F1E42B3C 
 217      17659ECB 
 218 05fd E0BDC879 		.ascii	"\340\275\310y2\011OUN\212\305\016\017k\342\271\252\306"
 218      32094F55 
 218      4E8AC50E 
 218      0F6BE2B9 
 218      AAC6
 219 060f 930D31AE 		.ascii	"\223\0151\256P\236\271\370\343\275\3741\265@\341\311"
 219      509EB9F8 
 219      E3BDFC31 
 219      B540E1C9 
 220 061f 927972C0 		.ascii	"\222yr\300\233\305yr\351~\036\253\3554\3427\232x\256"
 220      9BC57972 
 220      E97E1EAB 
 220      ED34E237 
 220      9A78AE
 221 0632 A9F15C87 		.ascii	"\251\361\\\207\030y\224'v\264>\227\257\317-\205\307"
 221      18799427 
 221      76B43E97 
 221      AFCF2D85 
 221      C7
 222 0643 22F3E483 		.ascii	"\"\363\344\203\327\302yn\320|\245\224\3344\342EM<\267"
 222      D7C2796E 
 222      D07CA594 
ARM GAS  /tmp/cc4Pq6H3.s 			page 17


 222      DC34E245 
 222      4D3CB7
 223 0656 D4780A21 		.ascii	"\324x\012!\306M\3123\363\266\350%\277\237\026)<\005"
 223      C64DCA33 
 223      F3B6E825 
 223      BF9F1629 
 223      3C05
 224 0668 324F1178 		.ascii	"2O\021x\0138O1\341\311\277X[\203\360Q\254\205\247L\215"
 224      0B384F31 
 224      E1C9BF58 
 224      5B83F051 
 224      AC85A74C 
 225 067d A71C6294 		.ascii	"\247\034b\224R\2363%)Q\374~\332\254\360\224\310<\025"
 225      529E3325 
 225      2951FC7E 
 225      DAACF094 
 225      C83C15
 226 0690 E02DE13C 		.ascii	"\340-\341<\267\011\317\340\205\007\267\214\370\264&"
 226      B709CFE0 
 226      8507B78C 
 226      F8B426
 227 069f 9E2A359E 		.ascii	"\236*5\236j\210QIy\032\216\036m\342\371jUx\356\310<"
 227      6A885149 
 227      791A8E1E 
 227      6DE2F96A 
 227      5578EEC8 
 228 06b4 35E0BDC3 		.ascii	"5\340\275\303yj\011\317\221\210\260v{\034\255\211\247"
 228      796A09CF 
 228      9188B076 
 228      7B1CAD89 
 228      A7
 229 06c5 418DE72E 		.ascii	"A\215\347.\304\250\247<Q%\311y\326\214\247]\341\251"
 229      C4A8A73C 
 229      5125C979 
 229      D68CA75D 
 229      E1A9
 230 06d7 9379EE81 		.ascii	"\223y\356\201\267\216\363\334'<\035\2059\361v8Y\023"
 230      B78EF3DC 
 230      273C1D85 
 230      39F17638 
 230      5913
 231 06e9 4FB31A4F 		.ascii	"O\263\032O\013\304h\242<%\315\203\201\374y\243S\341"
 231      0BC468A2 
 231      3C25CD83 
 231      81FC79A3 
 231      53E1
 232 06fb 6994795A 		.ascii	"i\224yZ\301\333\310y\332\010OA@\313\264-\316\324\304"
 232      C1DBC879 
 232      DA084F41 
 232      40CBB42D 
 232      CED4C4
 233 070e D3A9C6F3 		.ascii	"\323\251\306\363\000btP\236\353\345EAz\306\323\243\360"
 233      00627450 
 233      9EEBE545 
 233      417AC6D3 
 233      A3F0
 234 0720 B4CB3C0F 		.ascii	"\264\313<\017\301\333\316y\272\350\3659\344\332C\007"
ARM GAS  /tmp/cc4Pq6H3.s 			page 18


 234      C1DBCE79 
 234      BAE8F539 
 234      E4DA4307 
 235 0730 7C4D134F 		.ascii	"|M\023O\217\032O/\304\350\246<ya\227\033\371\376\031"
 235      8F1A4F2F 
 235      C4E8A63C 
 235      7961971B 
 235      F9FE19
 236 0743 53781EC9 		.ascii	"Sx\036\311<}\340}\304y\036\023\236\256\222\272c\002"
 236      3C7DE07D 
 236      C4791E13 
 236      9EAE92BA 
 236      6302
 237 0755 2ED6C4F3 		.ascii	".\326\304\363T\215\347\031\304\350\247<\251a\243K\374"
 237      548DE719 
 237      C4E8A73C 
 237      A961A34B 
 237      FC
 238 0766 F9675CE1 		.ascii	"\371g\\\341y\"\363\014\200\367\011\347\031$<Ig\3232"
 238      7922F30C 
 238      80F709E7 
 238      19243C49 
 238      67D332
 239 0779 0CB84A13 		.ascii	"\014\270J\023\317K5\236!\210\361\202\362\234\034\355"
 239      CF4B359E 
 239      2188F182 
 239      F29C1CED 
 240 0789 92D76752 		.ascii	"\222\327gR\341y.\363\014\203\3679\347yEy\206\032Z\004"
 240      E1792EF3 
 240      0C83F739 
 240      E7794579 
 240      861A5A04 
 241 079d 7C5F13CF 		.ascii	"|_\023\317\230\032\317k\2101Jy\232\307,O\371__\263\012"
 241      981ACF6B 
 241      88314A79 
 241      9AC72C4F 
 241      F95F5FB3 
 242 07b2 CF88CC33 		.ascii	"\317\210\3143\016\336\021\3163Ax\232&,\363\016\270S"
 242      0EDE11CE 
 242      3341789A 
 242      262CF30E 
 242      B853
 243 07c4 13CF941A 		.ascii	"\023\317\224\032\317[\210\361\206\362\004\226"
 243      CF5B88F1 
 243      86F20496 
 244 07d0 25A4F0FB 		.ascii	"%\244\360\373\327\274\3023)\363L\203w\222\363\314\020"
 244      D7BCC233 
 244      29F34C83 
 244      7792F3CC 
 244      10
 245 07e1 9E888EE9 		.ascii	"\236\210\216\351\362U\370\261&\236y5\236\005\2101Gy"
 245      F255F8B1 
 245      269E7935 
 245      9E058831 
 245      4779
 246 07f3 0A4A9F57 		.ascii	"\012J\237W\362|-*<\2632\317\"xg9\317\022\341Y\210,x"
 246      F27C2D2A 
ARM GAS  /tmp/cc4Pq6H3.s 			page 19


 246      3CB332CF 
 246      22786739 
 246      CF12E159 
 247 080a E1885F6A 		.ascii	"\341\210_j\342\011\300*<\201X@\2071}\376i\350\011\265"
 247      E209C02A 
 247      3C815840 
 247      87317DFE 
 247      69E809B5 
 248 081e E77F0F56 		.ascii	"\347\177\017V\313<\"\346<A\340\205\022\3459\202%\236"
 248      CB3C22E6 
 248      3C41E085 
 248      12E53982 
 248      259E
 249 0830 C28AF409 		.ascii	"\302\212\364\011{<\241\211\347\230\032\317q\210q\224"
 249      7B3CA189 
 249      E7981ACF 
 249      71887194 
 250 0840 F2F43FCB 		.ascii	"\362\364?\313}\302\237\017#\024\236`\231'\004\274\301"
 250      7DC29F0F 
 250      23149E60 
 250      992704BC 
 250      C1
 251 0851 9CE704E1 		.ascii	"\234\347\004\341):<\033\353\210\3475\361\204\252\361"
 251      293A3C1B 
 251      EB88E735 
 251      F184AAF1 
 252 0861 84418C53 		.ascii	"\204A\214S\224g\352\372\335\307\374z\030\245\360\234"
 252      9467EAFA 
 252      DDC7FC7A 
 252      18A5F09C 
 253 0871 94794E83 		.ascii	"\224yN\203\367$\347\011'<\227\243\242\255\360\021A\013"
 253      F724E709 
 253      273C97A3 
 253      A2ADF011 
 253      410B
 254 0883 CE39359C 		.ascii	"\31695\234\363\020\342,\305i\250\211\014\227\377\334"
 254      F310E22C 
 254      C569A889 
 254      0C97FFDC 
 255 0893 5170CEC8 		.ascii	"Qp\316\3108\021\340=\303q\"\011\316\341\256\3211\033"
 255      3811E03D 
 255      C3712209 
 255      CEE1AED1 
 255      311B
 256 08a5 1CAA8927 		.ascii	"\034\252\211'F\215'\026bDS\236\342\342\326`\276<q\012"
 256      468D2716 
 256      6244539E 
 256      E2E2D660 
 256      BE3C710A 
 257 08b9 4F94CC13 		.ascii	"O\224\314\023\007\336(\316\023OxB{BJmq\244&\236$5\236"
 257      07DE28CE 
 257      134F7842 
 257      7B424A6D 
 257      71A4269E 
 258 08d0 0B102391 		.ascii	"\013\020#\221m\3470q\200\377\271cQx\022d\236d\360&p"
 258      6DE73071 
 258      80FFB963 
ARM GAS  /tmp/cc4Pq6H3.s 			page 20


 258      51781264 
 258      9E64F026 
 259 08e5 9E14C253 		.ascii	"\236\024\302Sy\261\315\031'i\302\271\250\206s\011B\244"
 259      79B1CD19 
 259      2769C2B9 
 259      A8867309 
 259      42A4
 260 08f7 519CB48B 		.ascii	"Q\234\264\213\263\221\374\356~M\301I\225q\322\301\233"
 260      B391FCEE 
 260      7E4DC149 
 260      9571D2C1 
 260      9B
 261 0908 CA713208 		.ascii	"\312q2\010\316\354\253\271(G\234\241\211'K\215\347\012"
 261      CEECABB9 
 261      28479CA1 
 261      89274B8D 
 261      E70A
 262 091a C4C8A43C 		.ascii	"\304\310\244<\321\241C\267\370\3259_\341\271,\363\\"
 262      D1A143B7 
 262      F8D5395F 
 262      E1B92CF3 
 262      5C
 263 092b 05EF65CE 		.ascii	"\005\357e\316\223Mx\322\272+\357 l\321\304cQ\343\311"
 263      934D78D2 
 263      BA2BEF20 
 263      6CD1C463 
 263      51E3C9
 264 093e 8318B994 		.ascii	"\203\030\271\224\347\20484\314\237V\013\024\236\034"
 264      E7843834 
 264      CC9F560B 
 264      149E1C
 265 094d 99E71A78 		.ascii	"\231\347\032xs8\317u\302\363jt\370\222\003.\324\304"
 265      7338CF75 
 265      C2F36A74 
 265      F892032E 
 265      D4C4
 266 095f 53A0C673 		.ascii	"S\240\306s\023b\334\240<\221ob\032\370\335\275D\341"
 266      1362DCA0 
 266      3C916F62 
 266      1AF8DDBD 
 266      44E1
 267 0971 C997796E 		.ascii	"\311\227yn\2017\237\363\024\022\236\322\013\001I\216"
 267      81379FF3 
 267      14129ED2 
 267      0B01498E 
 268 0981 F88E269E 		.ascii	"\370\216&\236\0225\236R\210Q\314\256\206\227^\246\362"
 268      12359E52 
 268      8851CCAE 
 268      86975EA6 
 268      F2
 269 0992 7C352A3C 		.ascii	"|5*<E2O\031x\2138O9\341\231\277Wx\330\036\337\325\304"
 269      45324F19 
 269      788B384F 
 269      39E199BF 
 269      5778D81E 
 270 09a9 73478DA7 		.ascii	"sG\215\247\022b\334\246</\306c\236\360\323\253Y\341"
 270      1262DCA6 
ARM GAS  /tmp/cc4Pq6H3.s 			page 21


 270      3C2FC663 
 270      9EF0D3AB 
 270      59E1
 271 09bb A99079AA 		.ascii	"\251\220y\252\300[\301y\252\011O]~\177\271#n\327\304"
 271      C05BC179 
 271      AA094F5D 
 271      7E7FB923 
 271      6ED7C4
 272 09ce 53A7C653 		.ascii	"S\247\306S\0171j)\317\205\227\301\231\374\356\325\252"
 272      0F316A29 
 272      CF8597C1 
 272      99FCEED5 
 272      AA
 273 09df F0D4C83C 		.ascii	"\360\324\310<\015\340\255\341<w\011\317\220\345X\257"
 273      0DE0ADE1 
 273      3C7709CF 
 273      90E558AF 
 274 09ef 1EF7529E 		.ascii	"\036\367R\236\361\351\226$\362x \302\343\256)\310\226"
 274      F1E99624 
 274      F27820C2 
 274      E3AE29C8 
 274      96
 275 0a00 74BFC7BB 		.ascii	"t\277\307\273\353\244C\366\227\000\351;\321P0\342\210"
 275      EBA443F6 
 275      9700E93B 
 275      D15030E2 
 275      88
 276 0a11 5FD1BE59 		.ascii	"_\321\276Y\025\321uvx\212\026\342\237\264\375\233\004"
 276      15D17576 
 276      788A16E2 
 276      9FB4FD9B 
 276      04
 277 0a22 D884D9BC 		.ascii	"\330\204\331\274\362\007j\253\014\223z\364\255\001\211"
 277      F2076AAB 
 277      0C937AF4 
 277      AD0189
 278 0a31 D27BADF6 		.ascii	"\322{\255\366\245\306svdR-\330\2318z\002\263\207\214"
 278      A5C67376 
 278      64522DD8 
 278      99387A02 
 278      B3878C
 279 0a44 788EF64F 		.ascii	"x\216\366O\251\0369/\315\031\265A\360V\240n\2463\214"
 279      A91E392F 
 279      CD19B541 
 279      F056A06E 
 279      A6338C
 280 0a57 299CACB3 		.ascii	")\234\254\263\242o\313l\240X;\376\340\236\361\375\357"
 280      A26FCB6C 
 280      A0583BFE 
 280      E09EF1FD 
 280      EF
 281 0a68 DA3A317B 		.ascii	"\332:1{\327\326\201\311\313\255\314\374\264[\210\366"
 281      D7D681C9 
 281      CBADCCFC 
 281      B45B88F6 
 282 0a78 B6954EB7 		.ascii	"\266\225N\267\312\353U\230\276k\253!\315Yu}\326+\337"
 282      CAEB5598 
ARM GAS  /tmp/cc4Pq6H3.s 			page 22


 282      BE6BAB21 
 282      CD59757D 
 282      D62BDF
 283 0a8b 7D3DC4CE 		.ascii	"}=\304\316\350\201\204\210\272\260\023\037\223\\<\""
 283      E8818488 
 283      BAB0131F 
 283      935C3C22 
 284 0a9b F32D76EB 		.ascii	"\363-v\353\003\255H\252\2446\250\013/_\250\240\263z"
 284      03AD48AA 
 284      A436A80B 
 284      2F5FA8A0 
 284      B37A
 285 0aad C452F5EC 		.ascii	"\304R\365\354pU\244\021\237\262\"\263*\036\257\333#"
 285      7055A411 
 285      9FB222B3 
 285      2A1EAFDB 
 285      23
 286 0abe 4DAA0726 		.ascii	"M\252\007&\325\015\223j\247\223\312)\012z\345@\261\312"
 286      D50D936A 
 286      A793CA29 
 286      0A7AE540 
 286      B1CA
 287 0ad0 A4B5A91E 		.ascii	"\244\265\251\036n\257\265\246\\\242=\224o\214d\3360"
 287      6EAFB5A6 
 287      5CA23D94 
 287      6F8C64DE 
 287      30
 288 0ae1 B2F6E56B 		.ascii	"\262\366\345k\351\304\326r\241}\350\016b~iU\322\007"
 288      E9C4D672 
 288      A17DE80E 
 288      627E6955 
 288      D207
 289 0af3 E242ED69 		.ascii	"\342B\355i\373\016(\016\204\326,\352\361y\2120\367,"
 289      FB0E280E 
 289      84D62CEA 
 289      F1798A30 
 289      F72C
 290 0b05 7BD0DE3E 		.ascii	"{\320\336>Dz\033\310VLJ\261\262d\203\330\236%\033\314"
 290      447A1BC8 
 290      564C4AB1 
 290      B26483D8 
 290      9E251BCC 
 291 0b19 D389675A 		.ascii	"\323\211gZ\3648\215\364\324\237\312\036?g\207\3547\276"
 291      F4388DF4 
 291      D49FCA1E 
 291      3F6787EC 
 291      37BE
 292 0b2b AF2F7A89 		.ascii	"\257/z\2117.\353N^O\366\265\015\375g\344\021Q\204S\005"
 292      372EEB4E 
 292      5E4FF6B5 
 292      0DFD67E4 
 292      11518453 
 293 0b40 1A9E2B1B 		.ascii	"\032\236+\033\011|4\304p_}\260\200G(\\\341\215\242*"
 293      097C34C4 
 293      705F7DB0 
 293      8047285C 
 293      E18DA22A 
ARM GAS  /tmp/cc4Pq6H3.s 			page 23


 294 0b54 96DDCDD2 		.ascii	"\226\335\315\322\216\212\215i\027\360\002m\213\233\251"
 294      8E8A8D69 
 294      17F0026D 
 294      8B9BA9
 295 0b63 9AD3E3E0 		.ascii	"\232\323\343\340U\244\020;\321\375\202\275r\335\010"
 295      55A4103B 
 295      D1FD82BD 
 295      72DD08
 296 0b72 C5C6F694 		.ascii	"\305\306\366\224,k\034K\333&\006\002\216X\341K\264\300"
 296      2C6B1C4B 
 296      DB260602 
 296      8E58E14B 
 296      B4C0
 297 0b84 5F1D3BD1 		.ascii	"_\035;\321W\307\265\315\267C\254p\016m\253LZ\010\267"
 297      57C7B5CD 
 297      B743AC70 
 297      0E6DAB4C 
 297      5A08B7
 298 0b97 C6376961 		.ascii	"\3067ia$\350Y\237\0355~$a\345v\004Y\343\012\332V8\024"
 298      24E8599F 
 298      1D357E24 
 298      61E57604 
 298      59E30ADA 
 299 0bae B015D7D3 		.ascii	"\260\025\327\323\343\346\261\206x\346[-E\356\010\253"
 299      E3E6B186 
 299      78E65B2D 
 299      45EE08AB 
 300 0bbe 36E01EDA 		.ascii	"6\340\036\3326\333\221\036\205\360(-<\317\357\2167\342"
 300      36DB911E 
 300      85F0282D 
 300      3CCFEF8E 
 300      37E2
 301 0bd0 C3D6A470 		.ascii	"\303\326\244p\262\351\034\334\326\316\322B\363R\366"
 301      B2E91CDC 
 301      D6CED242 
 301      F352F6
 302 0bdf 9C2D4EA4 		.ascii	"\234-N\244\205\222\220\234 \003\276B\013\3355\031\231"
 302      8592909C 
 302      2003BE42 
 302      0BDD3519 
 302      99
 303 0bf0 D286FC95 		.ascii	"\322\206\374\225\001I\257\325\035\241*{\370\346\214"
 303      0149AFD5 
 303      1DA12A7B 
 303      F8E68C
 304 0bff 915691BE 		.ascii	"\221V\221\276a\343\251\326\270\200\330\365U\247\362"
 304      61E3A9D6 
 304      B880D8F5 
 304      55A7F2
 305 0c0e 2C766823 		.ascii	",vh#}\023\334\027\271\370u\324\270(\256C\201\202\001"
 305      7D13DC17 
 305      B9F875D4 
 305      B828AE43 
 305      818201
 306 0c21 1D16E4A5 		.ascii	"\035\026\344\245\376\225\264_\217)I\323)\031\013\020"
 306      FE95B45F 
 306      8F2949D3 
ARM GAS  /tmp/cc4Pq6H3.s 			page 24


 306      29190B10 
 307 0c31 364A034B 		.ascii	"6J\003KF$\012\316h\211\236&\031\251\341\311\253\360"
 307      46240ACE 
 307      68899E26 
 307      19A9E1C9 
 307      ABF0
 308 0c43 340D127D 		.ascii	"4\015\022}\355\362[\203\034\344l\362\316*\222\317`\010"
 308      EDF25B83 
 308      1CE46CF2 
 308      CE2A92CF 
 308      6008
 309 0c55 12A40481 		.ascii	"\022\244\004\201\230\357\215rD=\212\330\226\260\366"
 309      98EF8D72 
 309      443D8AD8 
 309      96B0F6
 310 0c64 9D8D280D 		.ascii	"\235\215(\015\251l\304\243\202\264C$\343\361\362\220"
 310      A96CC4A3 
 310      82B44324 
 310      E3F1F290 
 311 0c74 697B9C69 		.ascii	"i{\234iC\026\340l\352\325\233\354\\\370\030\212\025"
 311      4316E06C 
 311      EAD59BEC 
 311      5CF8188A 
 311      15
 312 0c85 65E33BDF 		.ascii	"e\343;\337\177\376\207\010\354\374?.\220\220\211\261"
 312      7FFE8708 
 312      ECFC3F2E 
 312      909089B1 
 313 0c95 62ABAD72 		.ascii	"b\253\255r\202\373\221]\371\024N\360~r\202\237\020\234"
 313      82FB915D 
 313      F9144EF0 
 313      7E72829F 
 313      109C
 314 0ca7 782770AF 		.ascii	"x'p\257\011O\276\037\342\2106,\373\254\331\260Q\372"
 314      094FBE1F 
 314      E288362C 
 314      FBACD9B0 
 314      51FA
 315 0cb9 4996A061 		.ascii	"I\226\240ak\177\033\325\372T\024\317\330K\254h\0216"
 315      6B7F1BD5 
 315      FA5414CF 
 315      D84BAC68 
 315      1136
 316 0ccb 7794B046 		.ascii	"w\224\260F\231\266\2134\344\026\370\322\021\177Y|\325"
 316      99B68B34 
 316      E416F8D2 
 316      117F597C 
 316      D5
 317 0cdc 5AE97F3F 		.ascii	"Z\351\177?\300$\350\354J\3674^a'\377z\346N\314#+\315"
 317      C024E8EC 
 317      4AF7345E 
 317      6127FF7A 
 317      E64ECC23 
 318 0cf2 C32BCDD7 		.ascii	"\303+\315\327\024\363\344J\363\370J\363-\305<\266\322"
 318      14F3E44A 
 318      F3F84AF3 
 318      2DC53CB6 
ARM GAS  /tmp/cc4Pq6H3.s 			page 25


 318      D2
 319 0d03 3C4ACC99 		.ascii	"<J\314\231\210\271\3416\320\372\225d\206\245A\307\004"
 319      88B9E136 
 319      D0FA9564 
 319      86A541C7 
 319      04
 320 0d14 6AE60B86 		.ascii	"j\346\013\206\236\254\0349F\031yn\345\310\035\357\216"
 320      9EAC1C39 
 320      4619796E 
 320      E5C81DEF 
 320      8E
 321 0d25 1CC0FE7D 		.ascii	"\034\300\376}\231\272\247V\272\337\374\205;_qO\250O"
 321      99BAA756 
 321      BADFFC85 
 321      3B5F714F 
 321      A84F
 322 0d37 71B93B4A 		.ascii	"q\271;Jq\317\253\223,\303\216P\314\013\252Y\\>r\202"
 322      71CFAB93 
 322      2CC38E50 
 322      CC0BAA59 
 322      5C3E7282 
 323 0d4b 629E514F 		.ascii	"b\236QO\"u\207\263]&\"?\035z\014K\326G\032%?\234\011"
 323      227587B3 
 323      5D26223F 
 323      1D7A0C4B 
 323      D6471A25 
 324 0d62 28064E8A 		.ascii	"(\006N\212\223\302\006\024\001:\017:\003:\005\212\004"
 324      93C20614 
 324      013A0F3A 
 324      033A058A 
 324      04
 325 0d73 C583CE82 		.ascii	"\305\203\316\202\302@\347@\321\240\323\240PP\034(\001"
 325      C240E740 
 325      D1A0D3A0 
 325      50501C28 
 325      01
 326 0d84 140B0A17 		.ascii	"\024\013\012\0276\220\2731\005+P\300^\253\247\225L\231"
 326      3690BB31 
 326      052B50C0 
 326      5EABA795 
 326      4C99
 327 0d96 9CC76567 		.ascii	"\234\307eg\301,\332H&\035;\205\225\201Z\226o\324\201"
 327      C12CDA48 
 327      261D3B85 
 327      95815A96 
 327      6FD481
 328 0da9 95433DFB 		.ascii	"\225C=\373\213\265.Q\002\277R\337\251\313\3359\212\373"
 328      8BB52E51 
 328      02BF52DF 
 328      A9CBDD39 
 328      8AFB
 329 0dbb AD7AD697 		.ascii	"\255z\326\227e\246Q1\017\251\203\020\263tjO\277,\260"
 329      65A65131 
 329      0FA98310 
 329      B3746A4F 
 329      BF2CB0
 330 0dce C379E422 		.ascii	"\303y\344\"\241O\030\251\370_\264q\015\235jG\025\222"
ARM GAS  /tmp/cc4Pq6H3.s 			page 26


 330      A14F18A9 
 330      F85FB471 
 330      0D9D6A47 
 330      1592
 331 0de0 A67A01FA 		.ascii	"\246z\001\372&*\027,i\346\357I\022J\202\334\374\177"
 331      262A172C 
 331      69E6EF49 
 331      124A82DC 
 331      FC7F
 332 0df2 E449BA95 		.ascii	"\344I\272\225\217'f\352?M\021\223\340\031+\374\331\366"
 332      8F2766EA 
 332      3F4D1193 
 332      E0192BFC 
 332      D9F6
 333 0e04 D8003130 		.ascii	"\330\00010\334@\330\032\351\315\221S\240^x6 \225\177"
 333      DC40D81A 
 333      E9CD9153 
 333      A05E7836 
 333      20957F
 334 0e17 84078664 		.ascii	"\204\007\206d\341S\350l\351Jm\267\301\305\364Bx2\321"
 334      E153E86C 
 334      E94A6DB7 
 334      C1C5F442 
 334      7832D1
 335 0e2a F276158C 		.ascii	"\362v\025\214\324\007\313\324\235\206\242\305\012\201"
 335      D407CBD4 
 335      9D86A2C5 
 335      0A81
 336 0e38 5C4153E8 		.ascii	"\\AS\350\034\227]\005\241Fzq#|\252[\353\346\357\263"
 336      1C975D05 
 336      A1467A71 
 336      237CAA5B 
 336      EBE6EFB3 
 337 0e4c DFDDC7F3 		.ascii	"\337\335\307\363\200\311\323\315\364g\017\323!?\257"
 337      80C9D3CD 
 337      F4670FD3 
 337      213FAF
 338 0e5b 833E36BF 		.ascii	"\203>6\277\375\375\367\353\\\267l\321\375\323&\027\327"
 338      FDFDF7EB 
 338      5CB76CD1 
 338      FDD32617 
 338      D7
 339 0e6c FD5E7BBD 		.ascii	"\375^{\275\276\371\316\345\240\331\305\343\240\267\367"
 339      BEF9CEE5 
 339      A0D9C5E3 
 339      A0B7F7
 340 0e7b 411F17B3 		.ascii	"A\037\027\263\237\273\257\237\377!\227\235\177\330\355"
 340      9FBBAF9F 
 340      FF21979D 
 340      7FD8ED
 341 0e8a BAFBCF52 		.ascii	"\272\373\317R\355!\257\003&_\263\313o]]]~4y\370\035"
 341      ED21AF03 
 341      265FB3CB 
 341      6F5D5D5D 
 341      7E3479F8 
 342 0e9f F4356FF2 		.ascii	"\3645o\362\320\331\375~\367\357\334\276&C\373\012\377"
 342      D0D9FD7E 
ARM GAS  /tmp/cc4Pq6H3.s 			page 27


 342      F7EFDCBE 
 342      2643FB0A 
 342      FF
 343 0eb0 6372FF41 		.ascii	"cr\377A\360\330\357\356\373\241Z<\235\225\373\001/w"
 343      F0D8EFEE 
 343      FBA15A3C 
 343      9D95FB01 
 343      2F77
 344 0ec2 F3075FBB 		.ascii	"\363\007_\273\373z~\345\356\177\300\217\367\373`\267"
 344      FB7A7EE5 
 344      EE7FC08F 
 344      F7FB60B7 
 345 0ed2 C97BB7BB 		.ascii	"\311{\267\273\217\373>\023\257Y\275\313\337\374\216"
 345      8FFB3E13 
 345      AF59BDCB 
 345      DFFC8E
 346 0ee1 C5E97B33 		.ascii	"\305\351{34\277Se\263\207@lqe\007[7\363\203m\374`\207"
 346      34BF5365 
 346      B387406C 
 346      7165075B 
 346      37F3836D 
 347 0ef8 DD777B5C 		.ascii	"\335w{\\\3451\377\325\264\327\177\337\356\203>+\006"
 347      E531FFD5 
 347      B4D77FDF 
 347      EE833E2B 
 347      06
 348 0f09 F86C9BC3 		.ascii	"\370l\233\303\267&\037\317\357\366\360z\307\357~2\377"
 348      B7261FCF 
 348      EFF6F07A 
 348      C7EF7E32 
 348      FF
 349 0f1a D1CBE387 		.ascii	"\321\313\343\207\025\276m|\374m|\374m;\370\001g\370"
 349      15BE6D7C 
 349      FC6D7CFC 
 349      6D3BF801 
 349      67F8
 350 0f2c 9C7B3EE7 		.ascii	"\234{>\347\236\317\271\347s\356\371\202{\276\340\236"
 350      9ECFB9E7 
 350      73EEF982 
 350      7BBEE09E 
 351 0f3c 2FB8E70B 		.ascii	"/\270\347\013\356\331\316=\333\271g;\367l\347\236\035"
 351      EED9CE3D 
 351      DBB9673B 
 351      F76CE79E 
 351      1D
 352 0f4d DCB3837B 		.ascii	"\334\263\203{vp\317\016\356\371\222{\276\344\236/\271"
 352      7670CF0E 
 352      EEF9927B 
 352      BEE49E2F 
 352      B9
 353 0f5e E74BEED9 		.ascii	"\347K\356\331\311=;\271g'\367\354\344\236]\334\263\213"
 353      C93D3BB9 
 353      6727F7EC 
 353      E49E5DDC 
 353      B38B
 354 0f70 7B7671CF 		.ascii	"{vq\317.W\343\037Lf\223\222\0267\2669\004\177\263\311"
 354      2E57E31F 
ARM GAS  /tmp/cc4Pq6H3.s 			page 28


 354      4C669392 
 354      1637B639 
 354      047FB3C9 
 355 0f84 D31A52BE 		.ascii	"\323\032R\276\317\307\344i\273\211\325\352\254\315p"
 355      CFC7E469 
 355      BB89D5EA 
 355      ACCD70
 356 0f93 00BBC1D1 		.ascii	"\000\273\301\321\374\223\331OZe\272O|"
 356      FC93D94F 
 356      5A65BA4F 
 356      7C
 357 0fa0 EDBD7CFF 		.ascii	"\355\275|\377\233uu\363\323\276#\367\353\034\016A6\315"
 357      9B7575F3 
 357      D3BE23F7 
 357      EB1C0E41 
 357      36CD
 358 0fb2 3FF2716D 		.ascii	"?\362qm~dY^\353)\345\037\006\362\222B\260V;\363\217"
 358      7E64595E 
 358      EB29E51F 
 358      06F29242 
 358      B0563BF3 
 359 0fc7 1E2B9C5B 		.ascii	"\036+\234[w\360\203m\374`3;\330\342\341\344/\355\303"
 359      77F0836D 
 359      FC60333B 
 359      D8E2E1E4 
 359      2FEDC3
 360 0fda FF22FB90 		.ascii	"\377\"\373\220u[\275\327\337\374N\305\007\336&oo\272"
 360      755BBDD7 
 360      DFFC4EC5 
 360      07DE266F 
 360      6FBA
 361 0fec 9D790D9C 		.ascii	"\235y\015\234\022\236\357x\354|\274\275\370\261\321"
 361      129EEF78 
 361      EC7CBCBD 
 361      F8B1D1
 362 0ffb 97AC1F2B 		.ascii	"\227\254\037+\031"
 362      19
 363 1000 BC00D00D 		.ascii	"\274\000\320\015\346\352\361\203\301\315\315\337\313"
 363      E6EAF183 
 363      C1CDCDDF 
 363      CB
 364 100d C7EFB3AD 		.ascii	"\307\357\263\255n~\333\\\374\315\276.\356\276\336\277"
 364      6E7EDB5C 
 364      FCCDBE2E 
 364      EEBEDEBF 
 365 101d F139E863 		.ascii	"\3619\350c\372\215\311}\257\227\213\227\217\307\001"
 365      FA8DC97D 
 365      AF978B97 
 365      8FC701
 366 102c 7F4F938B 		.ascii	"\177O\223\213\267\273\307~/\037\223\213\233'\003\363"
 366      B7BBC77E 
 366      2F1F938B 
 366      9B2703F3 
 367 103c FBE99049 		.ascii	"\373\351\220IZ\011\033\336\373\037\377JoH\203\013\204"
 367      5A091BDE 
 367      FB1FFF4A 
 367      6F48830B 
ARM GAS  /tmp/cc4Pq6H3.s 			page 29


 367      84
 368 104d F3042B74 		.ascii	"\363\004+t\261f\353h\313~\335\374\234\334\334\274\335"
 368      B166EB68 
 368      CB7EDDFC 
 368      9CDCDCBC 
 368      DD
 369 105e BD7C2891 		.ascii	"\275|(\221\033,\255\233\333\377\001\006\221T\024"
 369      1B2CAD9B 
 369      DBFF0106 
 369      915414
 370              		.text
 371              		.section	.gnu.lto_.symtab.8390f9ff498cbb4f,"",%progbits
 372 0000 5F756E68 		.ascii	"_unhandled_exception\000"
 372      616E646C 
 372      65645F65 
 372      78636570 
 372      74696F6E 
 373 0015 00       		.ascii	"\000"
 374 0016 00       		.ascii	"\000"
 375 0017 00       		.ascii	"\000"
 376 0018 00000000 		.ascii	"\000\000\000\000\000\000\000\000"
 376      00000000 
 377 0020 AD000000 		.ascii	"\255\000\000\000"
 378 0024 4E4D495F 		.ascii	"NMI_Handler\000"
 378      48616E64 
 378      6C657200 
 379 0030 00       		.ascii	"\000"
 380 0031 01       		.ascii	"\001"
 381 0032 00       		.ascii	"\000"
 382 0033 00000000 		.ascii	"\000\000\000\000\000\000\000\000"
 382      00000000 
 383 003b BF000000 		.ascii	"\277\000\000\000"
 384 003f 48617264 		.ascii	"HardFault_Handler\000"
 384      4661756C 
 384      745F4861 
 384      6E646C65 
 384      7200
 385 0051 00       		.ascii	"\000"
 386 0052 01       		.ascii	"\001"
 387 0053 00       		.ascii	"\000"
 388 0054 00000000 		.ascii	"\000\000\000\000\000\000\000\000"
 388      00000000 
 389 005c C5000000 		.ascii	"\305\000\000\000"
 390 0060 4D656D4D 		.ascii	"MemManage_Handler\000"
 390      616E6167 
 390      655F4861 
 390      6E646C65 
 390      7200
 391 0072 00       		.ascii	"\000"
 392 0073 01       		.ascii	"\001"
 393 0074 00       		.ascii	"\000"
 394 0075 00000000 		.ascii	"\000\000\000\000\000\000\000\000"
 394      00000000 
 395 007d CB000000 		.ascii	"\313\000\000\000"
 396 0081 42757346 		.ascii	"BusFault_Handler\000"
 396      61756C74 
 396      5F48616E 
ARM GAS  /tmp/cc4Pq6H3.s 			page 30


 396      646C6572 
 396      00
 397 0092 00       		.ascii	"\000"
 398 0093 01       		.ascii	"\001"
 399 0094 00       		.ascii	"\000"
 400 0095 00000000 		.ascii	"\000\000\000\000\000\000\000\000"
 400      00000000 
 401 009d D1000000 		.ascii	"\321\000\000\000"
 402 00a1 55736167 		.ascii	"UsageFault_Handler\000"
 402      65466175 
 402      6C745F48 
 402      616E646C 
 402      657200
 403 00b4 00       		.ascii	"\000"
 404 00b5 01       		.ascii	"\001"
 405 00b6 00       		.ascii	"\000"
 406 00b7 00000000 		.ascii	"\000\000\000\000\000\000\000\000"
 406      00000000 
 407 00bf D7000000 		.ascii	"\327\000\000\000"
 408 00c3 56656374 		.ascii	"Vector1C\000"
 408      6F723143 
 408      00
 409 00cc 00       		.ascii	"\000"
 410 00cd 01       		.ascii	"\001"
 411 00ce 00       		.ascii	"\000"
 412 00cf 00000000 		.ascii	"\000\000\000\000\000\000\000\000"
 412      00000000 
 413 00d7 DD000000 		.ascii	"\335\000\000\000"
 414 00db 56656374 		.ascii	"Vector20\000"
 414      6F723230 
 414      00
 415 00e4 00       		.ascii	"\000"
 416 00e5 01       		.ascii	"\001"
 417 00e6 00       		.ascii	"\000"
 418 00e7 00000000 		.ascii	"\000\000\000\000\000\000\000\000"
 418      00000000 
 419 00ef E3000000 		.ascii	"\343\000\000\000"
 420 00f3 56656374 		.ascii	"Vector24\000"
 420      6F723234 
 420      00
 421 00fc 00       		.ascii	"\000"
 422 00fd 01       		.ascii	"\001"
 423 00fe 00       		.ascii	"\000"
 424 00ff 00000000 		.ascii	"\000\000\000\000\000\000\000\000"
 424      00000000 
 425 0107 E9000000 		.ascii	"\351\000\000\000"
 426 010b 56656374 		.ascii	"Vector28\000"
 426      6F723238 
 426      00
 427 0114 00       		.ascii	"\000"
 428 0115 01       		.ascii	"\001"
 429 0116 00       		.ascii	"\000"
 430 0117 00000000 		.ascii	"\000\000\000\000\000\000\000\000"
 430      00000000 
 431 011f EF000000 		.ascii	"\357\000\000\000"
 432 0123 5356435F 		.ascii	"SVC_Handler\000"
 432      48616E64 
ARM GAS  /tmp/cc4Pq6H3.s 			page 31


 432      6C657200 
 433 012f 00       		.ascii	"\000"
 434 0130 01       		.ascii	"\001"
 435 0131 00       		.ascii	"\000"
 436 0132 00000000 		.ascii	"\000\000\000\000\000\000\000\000"
 436      00000000 
 437 013a F5000000 		.ascii	"\365\000\000\000"
 438 013e 44656275 		.ascii	"DebugMon_Handler\000"
 438      674D6F6E 
 438      5F48616E 
 438      646C6572 
 438      00
 439 014f 00       		.ascii	"\000"
 440 0150 01       		.ascii	"\001"
 441 0151 00       		.ascii	"\000"
 442 0152 00000000 		.ascii	"\000\000\000\000\000\000\000\000"
 442      00000000 
 443 015a FB000000 		.ascii	"\373\000\000\000"
 444 015e 56656374 		.ascii	"Vector34\000"
 444      6F723334 
 444      00
 445 0167 00       		.ascii	"\000"
 446 0168 01       		.ascii	"\001"
 447 0169 00       		.ascii	"\000"
 448 016a 00000000 		.ascii	"\000\000\000\000\000\000\000\000"
 448      00000000 
 449 0172 01010000 		.ascii	"\001\001\000\000"
 450 0176 50656E64 		.ascii	"PendSV_Handler\000"
 450      53565F48 
 450      616E646C 
 450      657200
 451 0185 00       		.ascii	"\000"
 452 0186 01       		.ascii	"\001"
 453 0187 00       		.ascii	"\000"
 454 0188 00000000 		.ascii	"\000\000\000\000\000\000\000\000"
 454      00000000 
 455 0190 07010000 		.ascii	"\007\001\000\000"
 456 0194 53797354 		.ascii	"SysTick_Handler\000"
 456      69636B5F 
 456      48616E64 
 456      6C657200 
 457 01a4 00       		.ascii	"\000"
 458 01a5 01       		.ascii	"\001"
 459 01a6 00       		.ascii	"\000"
 460 01a7 00000000 		.ascii	"\000\000\000\000\000\000\000\000"
 460      00000000 
 461 01af 0D010000 		.ascii	"\015\001\000\000"
 462 01b3 56656374 		.ascii	"Vector40\000"
 462      6F723430 
 462      00
 463 01bc 00       		.ascii	"\000"
 464 01bd 01       		.ascii	"\001"
 465 01be 00       		.ascii	"\000"
 466 01bf 00000000 		.ascii	"\000\000\000\000\000\000\000\000"
 466      00000000 
 467 01c7 13010000 		.ascii	"\023\001\000\000"
 468 01cb 56656374 		.ascii	"Vector44\000"
ARM GAS  /tmp/cc4Pq6H3.s 			page 32


 468      6F723434 
 468      00
 469 01d4 00       		.ascii	"\000"
 470 01d5 01       		.ascii	"\001"
 471 01d6 00       		.ascii	"\000"
 472 01d7 00000000 		.ascii	"\000\000\000\000\000\000\000\000"
 472      00000000 
 473 01df 19010000 		.ascii	"\031\001\000\000"
 474 01e3 56656374 		.ascii	"Vector48\000"
 474      6F723438 
 474      00
 475 01ec 00       		.ascii	"\000"
 476 01ed 01       		.ascii	"\001"
 477 01ee 00       		.ascii	"\000"
 478 01ef 00000000 		.ascii	"\000\000\000\000\000\000\000\000"
 478      00000000 
 479 01f7 1F010000 		.ascii	"\037\001\000\000"
 480 01fb 56656374 		.ascii	"Vector4C\000"
 480      6F723443 
 480      00
 481 0204 00       		.ascii	"\000"
 482 0205 01       		.ascii	"\001"
 483 0206 00       		.ascii	"\000"
 484 0207 00000000 		.ascii	"\000\000\000\000\000\000\000\000"
 484      00000000 
 485 020f 25010000 		.ascii	"%\001\000\000"
 486 0213 56656374 		.ascii	"Vector50\000"
 486      6F723530 
 486      00
 487 021c 00       		.ascii	"\000"
 488 021d 01       		.ascii	"\001"
 489 021e 00       		.ascii	"\000"
 490 021f 00000000 		.ascii	"\000\000\000\000\000\000\000\000"
 490      00000000 
 491 0227 2B010000 		.ascii	"+\001\000\000"
 492 022b 56656374 		.ascii	"Vector54\000"
 492      6F723534 
 492      00
 493 0234 00       		.ascii	"\000"
 494 0235 01       		.ascii	"\001"
 495 0236 00       		.ascii	"\000"
 496 0237 00000000 		.ascii	"\000\000\000\000\000\000\000\000"
 496      00000000 
 497 023f 31010000 		.ascii	"1\001\000\000"
 498 0243 56656374 		.ascii	"Vector58\000"
 498      6F723538 
 498      00
 499 024c 00       		.ascii	"\000"
 500 024d 01       		.ascii	"\001"
 501 024e 00       		.ascii	"\000"
 502 024f 00000000 		.ascii	"\000\000\000\000\000\000\000\000"
 502      00000000 
 503 0257 37010000 		.ascii	"7\001\000\000"
 504 025b 56656374 		.ascii	"Vector5C\000"
 504      6F723543 
 504      00
 505 0264 00       		.ascii	"\000"
ARM GAS  /tmp/cc4Pq6H3.s 			page 33


 506 0265 01       		.ascii	"\001"
 507 0266 00       		.ascii	"\000"
 508 0267 00000000 		.ascii	"\000\000\000\000\000\000\000\000"
 508      00000000 
 509 026f 3D010000 		.ascii	"=\001\000\000"
 510 0273 56656374 		.ascii	"Vector60\000"
 510      6F723630 
 510      00
 511 027c 00       		.ascii	"\000"
 512 027d 01       		.ascii	"\001"
 513 027e 00       		.ascii	"\000"
 514 027f 00000000 		.ascii	"\000\000\000\000\000\000\000\000"
 514      00000000 
 515 0287 43010000 		.ascii	"C\001\000\000"
 516 028b 56656374 		.ascii	"Vector64\000"
 516      6F723634 
 516      00
 517 0294 00       		.ascii	"\000"
 518 0295 01       		.ascii	"\001"
 519 0296 00       		.ascii	"\000"
 520 0297 00000000 		.ascii	"\000\000\000\000\000\000\000\000"
 520      00000000 
 521 029f 49010000 		.ascii	"I\001\000\000"
 522 02a3 56656374 		.ascii	"Vector68\000"
 522      6F723638 
 522      00
 523 02ac 00       		.ascii	"\000"
 524 02ad 01       		.ascii	"\001"
 525 02ae 00       		.ascii	"\000"
 526 02af 00000000 		.ascii	"\000\000\000\000\000\000\000\000"
 526      00000000 
 527 02b7 4F010000 		.ascii	"O\001\000\000"
 528 02bb 56656374 		.ascii	"Vector6C\000"
 528      6F723643 
 528      00
 529 02c4 00       		.ascii	"\000"
 530 02c5 01       		.ascii	"\001"
 531 02c6 00       		.ascii	"\000"
 532 02c7 00000000 		.ascii	"\000\000\000\000\000\000\000\000"
 532      00000000 
 533 02cf 55010000 		.ascii	"U\001\000\000"
 534 02d3 56656374 		.ascii	"Vector70\000"
 534      6F723730 
 534      00
 535 02dc 00       		.ascii	"\000"
 536 02dd 01       		.ascii	"\001"
 537 02de 00       		.ascii	"\000"
 538 02df 00000000 		.ascii	"\000\000\000\000\000\000\000\000"
 538      00000000 
 539 02e7 5B010000 		.ascii	"[\001\000\000"
 540 02eb 56656374 		.ascii	"Vector74\000"
 540      6F723734 
 540      00
 541 02f4 00       		.ascii	"\000"
 542 02f5 01       		.ascii	"\001"
 543 02f6 00       		.ascii	"\000"
 544 02f7 00000000 		.ascii	"\000\000\000\000\000\000\000\000"
ARM GAS  /tmp/cc4Pq6H3.s 			page 34


 544      00000000 
 545 02ff 61010000 		.ascii	"a\001\000\000"
 546 0303 56656374 		.ascii	"Vector78\000"
 546      6F723738 
 546      00
 547 030c 00       		.ascii	"\000"
 548 030d 01       		.ascii	"\001"
 549 030e 00       		.ascii	"\000"
 550 030f 00000000 		.ascii	"\000\000\000\000\000\000\000\000"
 550      00000000 
 551 0317 67010000 		.ascii	"g\001\000\000"
 552 031b 56656374 		.ascii	"Vector7C\000"
 552      6F723743 
 552      00
 553 0324 00       		.ascii	"\000"
 554 0325 01       		.ascii	"\001"
 555 0326 00       		.ascii	"\000"
 556 0327 00000000 		.ascii	"\000\000\000\000\000\000\000\000"
 556      00000000 
 557 032f 6D010000 		.ascii	"m\001\000\000"
 558 0333 56656374 		.ascii	"Vector80\000"
 558      6F723830 
 558      00
 559 033c 00       		.ascii	"\000"
 560 033d 01       		.ascii	"\001"
 561 033e 00       		.ascii	"\000"
 562 033f 00000000 		.ascii	"\000\000\000\000\000\000\000\000"
 562      00000000 
 563 0347 73010000 		.ascii	"s\001\000\000"
 564 034b 56656374 		.ascii	"Vector84\000"
 564      6F723834 
 564      00
 565 0354 00       		.ascii	"\000"
 566 0355 01       		.ascii	"\001"
 567 0356 00       		.ascii	"\000"
 568 0357 00000000 		.ascii	"\000\000\000\000\000\000\000\000"
 568      00000000 
 569 035f 79010000 		.ascii	"y\001\000\000"
 570 0363 56656374 		.ascii	"Vector88\000"
 570      6F723838 
 570      00
 571 036c 00       		.ascii	"\000"
 572 036d 01       		.ascii	"\001"
 573 036e 00       		.ascii	"\000"
 574 036f 00000000 		.ascii	"\000\000\000\000\000\000\000\000"
 574      00000000 
 575 0377 7F010000 		.ascii	"\177\001\000\000"
 576 037b 56656374 		.ascii	"Vector8C\000"
 576      6F723843 
 576      00
 577 0384 00       		.ascii	"\000"
 578 0385 01       		.ascii	"\001"
 579 0386 00       		.ascii	"\000"
 580 0387 00000000 		.ascii	"\000\000\000\000\000\000\000\000"
 580      00000000 
 581 038f 85010000 		.ascii	"\205\001\000\000"
 582 0393 56656374 		.ascii	"Vector90\000"
ARM GAS  /tmp/cc4Pq6H3.s 			page 35


 582      6F723930 
 582      00
 583 039c 00       		.ascii	"\000"
 584 039d 01       		.ascii	"\001"
 585 039e 00       		.ascii	"\000"
 586 039f 00000000 		.ascii	"\000\000\000\000\000\000\000\000"
 586      00000000 
 587 03a7 8B010000 		.ascii	"\213\001\000\000"
 588 03ab 56656374 		.ascii	"Vector94\000"
 588      6F723934 
 588      00
 589 03b4 00       		.ascii	"\000"
 590 03b5 01       		.ascii	"\001"
 591 03b6 00       		.ascii	"\000"
 592 03b7 00000000 		.ascii	"\000\000\000\000\000\000\000\000"
 592      00000000 
 593 03bf 91010000 		.ascii	"\221\001\000\000"
 594 03c3 56656374 		.ascii	"Vector98\000"
 594      6F723938 
 594      00
 595 03cc 00       		.ascii	"\000"
 596 03cd 01       		.ascii	"\001"
 597 03ce 00       		.ascii	"\000"
 598 03cf 00000000 		.ascii	"\000\000\000\000\000\000\000\000"
 598      00000000 
 599 03d7 97010000 		.ascii	"\227\001\000\000"
 600 03db 56656374 		.ascii	"Vector9C\000"
 600      6F723943 
 600      00
 601 03e4 00       		.ascii	"\000"
 602 03e5 01       		.ascii	"\001"
 603 03e6 00       		.ascii	"\000"
 604 03e7 00000000 		.ascii	"\000\000\000\000\000\000\000\000"
 604      00000000 
 605 03ef 9D010000 		.ascii	"\235\001\000\000"
 606 03f3 56656374 		.ascii	"VectorA0\000"
 606      6F724130 
 606      00
 607 03fc 00       		.ascii	"\000"
 608 03fd 01       		.ascii	"\001"
 609 03fe 00       		.ascii	"\000"
 610 03ff 00000000 		.ascii	"\000\000\000\000\000\000\000\000"
 610      00000000 
 611 0407 A3010000 		.ascii	"\243\001\000\000"
 612 040b 56656374 		.ascii	"VectorA4\000"
 612      6F724134 
 612      00
 613 0414 00       		.ascii	"\000"
 614 0415 01       		.ascii	"\001"
 615 0416 00       		.ascii	"\000"
 616 0417 00000000 		.ascii	"\000\000\000\000\000\000\000\000"
 616      00000000 
 617 041f A9010000 		.ascii	"\251\001\000\000"
 618 0423 56656374 		.ascii	"VectorA8\000"
 618      6F724138 
 618      00
 619 042c 00       		.ascii	"\000"
ARM GAS  /tmp/cc4Pq6H3.s 			page 36


 620 042d 01       		.ascii	"\001"
 621 042e 00       		.ascii	"\000"
 622 042f 00000000 		.ascii	"\000\000\000\000\000\000\000\000"
 622      00000000 
 623 0437 AF010000 		.ascii	"\257\001\000\000"
 624 043b 56656374 		.ascii	"VectorAC\000"
 624      6F724143 
 624      00
 625 0444 00       		.ascii	"\000"
 626 0445 01       		.ascii	"\001"
 627 0446 00       		.ascii	"\000"
 628 0447 00000000 		.ascii	"\000\000\000\000\000\000\000\000"
 628      00000000 
 629 044f B5010000 		.ascii	"\265\001\000\000"
 630 0453 56656374 		.ascii	"VectorB0\000"
 630      6F724230 
 630      00
 631 045c 00       		.ascii	"\000"
 632 045d 01       		.ascii	"\001"
 633 045e 00       		.ascii	"\000"
 634 045f 00000000 		.ascii	"\000\000\000\000\000\000\000\000"
 634      00000000 
 635 0467 BB010000 		.ascii	"\273\001\000\000"
 636 046b 56656374 		.ascii	"VectorB4\000"
 636      6F724234 
 636      00
 637 0474 00       		.ascii	"\000"
 638 0475 01       		.ascii	"\001"
 639 0476 00       		.ascii	"\000"
 640 0477 00000000 		.ascii	"\000\000\000\000\000\000\000\000"
 640      00000000 
 641 047f C1010000 		.ascii	"\301\001\000\000"
 642 0483 56656374 		.ascii	"VectorB8\000"
 642      6F724238 
 642      00
 643 048c 00       		.ascii	"\000"
 644 048d 01       		.ascii	"\001"
 645 048e 00       		.ascii	"\000"
 646 048f 00000000 		.ascii	"\000\000\000\000\000\000\000\000"
 646      00000000 
 647 0497 C7010000 		.ascii	"\307\001\000\000"
 648 049b 56656374 		.ascii	"VectorBC\000"
 648      6F724243 
 648      00
 649 04a4 00       		.ascii	"\000"
 650 04a5 01       		.ascii	"\001"
 651 04a6 00       		.ascii	"\000"
 652 04a7 00000000 		.ascii	"\000\000\000\000\000\000\000\000"
 652      00000000 
 653 04af CD010000 		.ascii	"\315\001\000\000"
 654 04b3 5F766563 		.ascii	"_vectors\000"
 654      746F7273 
 654      00
 655 04bc 00       		.ascii	"\000"
 656 04bd 00       		.ascii	"\000"
 657 04be 00       		.ascii	"\000"
 658 04bf 00000000 		.ascii	"\000\000\000\000\000\000\000\000"
ARM GAS  /tmp/cc4Pq6H3.s 			page 37


 658      00000000 
 659 04c7 22020000 		.ascii	"\"\002\000\000"
 660 04cb 5F5F6D61 		.ascii	"__main_stack_end__\000"
 660      696E5F73 
 660      7461636B 
 660      5F656E64 
 660      5F5F00
 661 04de 00       		.ascii	"\000"
 662 04df 02       		.ascii	"\002"
 663 04e0 00       		.ascii	"\000"
 664 04e1 00000000 		.ascii	"\000\000\000\000\000\000\000\000"
 664      00000000 
 665 04e9 24020000 		.ascii	"$\002\000\000"
 666 04ed 52657365 		.ascii	"Reset_Handler\000"
 666      745F4861 
 666      6E646C65 
 666      7200
 667 04fb 00       		.ascii	"\000"
 668 04fc 02       		.ascii	"\002"
 669 04fd 00       		.ascii	"\000"
 670 04fe 00000000 		.ascii	"\000\000\000\000\000\000\000\000"
 670      00000000 
 671 0506 CF010000 		.ascii	"\317\001\000\000"
 672              		.text
 673              		.section	.gnu.lto_.opts,"",%progbits
 674 0000 272D666D 		.ascii	"'-fmath-errno' '-fsigned-zeros' '-ftrapping-math' '"
 674      6174682D 
 674      6572726E 
 674      6F272027 
 674      2D667369 
 675 0033 2D666E6F 		.ascii	"-fno-trapv' '-fno-openmp' '-fno-openacc' '-mcpu=cor"
 675      2D747261 
 675      70762720 
 675      272D666E 
 675      6F2D6F70 
 676 0066 7465782D 		.ascii	"tex-m0' '-mno-thumb-interwork' '-mthumb' '-ggdb' '-"
 676      6D302720 
 676      272D6D6E 
 676      6F2D7468 
 676      756D622D 
 677 0099 4F322720 		.ascii	"O2' '-Werror' '-fomit-frame-pointer' '-falign-funct"
 677      272D5765 
 677      72726F72 
 677      2720272D 
 677      666F6D69 
 678 00cc 696F6E73 		.ascii	"ions=16' '-ffunction-sections' '-fdata-sections' '-"
 678      3D313627 
 678      20272D66 
 678      66756E63 
 678      74696F6E 
 679 00ff 666E6F2D 		.ascii	"fno-common' '-flto'\000"
 679      636F6D6D 
 679      6F6E2720 
 679      272D666C 
 679      746F2700 
 680              		.text
 681              		.comm	__gnu_lto_v1,1,1
ARM GAS  /tmp/cc4Pq6H3.s 			page 38


 682              		.comm	__gnu_lto_slim,1,1
 683              		.ident	"GCC: (GNU Tools for ARM Embedded Processors) 5.4.1 20160609 (release) [ARM/embedded-5-bran
ARM GAS  /tmp/cc4Pq6H3.s 			page 39


DEFINED SYMBOLS
                            *ABS*:0000000000000000 vectors.c
                            *COM*:0000000000000001 __gnu_lto_v1
                            *COM*:0000000000000001 __gnu_lto_slim

NO UNDEFINED SYMBOLS
